mode: set
github.com/divyo-argha/git-user/internal/bundle/bundle.go:41.72,43.16 2 1
github.com/divyo-argha/git-user/internal/bundle/bundle.go:43.16,45.3 1 0
github.com/divyo-argha/git-user/internal/bundle/bundle.go:47.2,48.58 2 1
github.com/divyo-argha/git-user/internal/bundle/bundle.go:48.58,50.3 1 0
github.com/divyo-argha/git-user/internal/bundle/bundle.go:52.2,53.16 2 1
github.com/divyo-argha/git-user/internal/bundle/bundle.go:53.16,55.3 1 0
github.com/divyo-argha/git-user/internal/bundle/bundle.go:57.2,58.16 2 1
github.com/divyo-argha/git-user/internal/bundle/bundle.go:58.16,60.3 1 0
github.com/divyo-argha/git-user/internal/bundle/bundle.go:61.2,62.16 2 1
github.com/divyo-argha/git-user/internal/bundle/bundle.go:62.16,64.3 1 0
github.com/divyo-argha/git-user/internal/bundle/bundle.go:66.2,67.59 2 1
github.com/divyo-argha/git-user/internal/bundle/bundle.go:67.59,69.3 1 0
github.com/divyo-argha/git-user/internal/bundle/bundle.go:71.2,77.17 6 1
github.com/divyo-argha/git-user/internal/bundle/bundle.go:81.66,82.30 1 1
github.com/divyo-argha/git-user/internal/bundle/bundle.go:82.30,84.3 1 1
github.com/divyo-argha/git-user/internal/bundle/bundle.go:86.2,90.16 4 1
github.com/divyo-argha/git-user/internal/bundle/bundle.go:90.16,92.3 1 0
github.com/divyo-argha/git-user/internal/bundle/bundle.go:94.2,95.16 2 1
github.com/divyo-argha/git-user/internal/bundle/bundle.go:95.16,97.3 1 0
github.com/divyo-argha/git-user/internal/bundle/bundle.go:98.2,99.16 2 1
github.com/divyo-argha/git-user/internal/bundle/bundle.go:99.16,101.3 1 0
github.com/divyo-argha/git-user/internal/bundle/bundle.go:103.2,103.33 1 1
github.com/divyo-argha/git-user/internal/bundle/bundle.go:103.33,105.3 1 0
github.com/divyo-argha/git-user/internal/bundle/bundle.go:106.2,110.16 4 1
github.com/divyo-argha/git-user/internal/bundle/bundle.go:110.16,112.3 1 1
github.com/divyo-argha/git-user/internal/bundle/bundle.go:114.2,115.50 2 1
github.com/divyo-argha/git-user/internal/bundle/bundle.go:115.50,117.3 1 0
github.com/divyo-argha/git-user/internal/bundle/bundle.go:118.2,118.26 1 1
github.com/divyo-argha/git-user/internal/keyring/keyring.go:18.43,19.16 1 1
github.com/divyo-argha/git-user/internal/keyring/keyring.go:19.16,21.3 1 1
github.com/divyo-argha/git-user/internal/keyring/keyring.go:23.2,24.119 2 1
github.com/divyo-argha/git-user/internal/keyring/keyring.go:24.119,26.3 1 1
github.com/divyo-argha/git-user/internal/keyring/keyring.go:27.2,27.12 1 1
github.com/divyo-argha/git-user/internal/keyring/keyring.go:30.66,33.2 2 1
github.com/divyo-argha/git-user/internal/keyring/keyring.go:35.64,37.32 2 1
github.com/divyo-argha/git-user/internal/keyring/keyring.go:37.32,39.3 1 1
github.com/divyo-argha/git-user/internal/keyring/keyring.go:40.2,40.38 1 1
github.com/divyo-argha/git-user/internal/keyring/keyring.go:43.57,45.32 2 1
github.com/divyo-argha/git-user/internal/keyring/keyring.go:45.32,47.3 1 1
github.com/divyo-argha/git-user/internal/keyring/keyring.go:48.2,48.33 1 1
github.com/divyo-argha/git-user/internal/tui/components/action_menu.go:27.81,31.2 3 1
github.com/divyo-argha/git-user/internal/tui/components/action_menu.go:37.67,43.19 2 1
github.com/divyo-argha/git-user/internal/tui/components/action_menu.go:43.19,45.3 1 1
github.com/divyo-argha/git-user/internal/tui/components/action_menu.go:47.2,58.53 2 1
github.com/divyo-argha/git-user/internal/tui/components/action_menu.go:61.36,61.77 1 1
github.com/divyo-argha/git-user/internal/tui/components/action_menu.go:62.36,62.77 1 1
github.com/divyo-argha/git-user/internal/tui/components/action_menu.go:63.36,63.55 1 1
github.com/divyo-argha/git-user/internal/tui/components/action_menu.go:64.36,64.71 1 0
github.com/divyo-argha/git-user/internal/tui/components/action_menu.go:65.43,65.61 1 0
github.com/divyo-argha/git-user/internal/tui/components/action_menu.go:67.56,68.31 1 0
github.com/divyo-argha/git-user/internal/tui/components/action_menu.go:68.31,69.41 1 0
github.com/divyo-argha/git-user/internal/tui/components/action_menu.go:69.41,72.4 2 0
github.com/divyo-argha/git-user/internal/tui/components/action_menu.go:76.45,77.46 1 1
github.com/divyo-argha/git-user/internal/tui/components/action_menu.go:77.46,79.3 1 0
github.com/divyo-argha/git-user/internal/tui/components/action_menu.go:80.2,80.27 1 1
github.com/divyo-argha/git-user/internal/tui/components/action_menu.go:83.51,84.43 1 1
github.com/divyo-argha/git-user/internal/tui/components/action_menu.go:84.43,85.76 1 1
github.com/divyo-argha/git-user/internal/tui/components/action_menu.go:85.76,87.4 1 1
github.com/divyo-argha/git-user/internal/tui/components/action_menu.go:89.2,89.15 1 0
github.com/divyo-argha/git-user/internal/tui/components/action_menu.go:89.15,91.3 1 0
github.com/divyo-argha/git-user/internal/tui/components/action_menu.go:92.2,92.10 1 0
github.com/divyo-argha/git-user/internal/tui/components/action_menu.go:95.51,96.33 1 1
github.com/divyo-argha/git-user/internal/tui/components/action_menu.go:96.33,97.76 1 1
github.com/divyo-argha/git-user/internal/tui/components/action_menu.go:97.76,99.4 1 1
github.com/divyo-argha/git-user/internal/tui/components/action_menu.go:101.2,101.13 1 0
github.com/divyo-argha/git-user/internal/tui/components/action_menu.go:109.65,114.17 3 0
github.com/divyo-argha/git-user/internal/tui/components/action_menu.go:114.17,116.3 1 0
github.com/divyo-argha/git-user/internal/tui/components/action_menu.go:117.2,118.31 2 0
github.com/divyo-argha/git-user/internal/tui/components/action_menu.go:118.31,120.21 2 0
github.com/divyo-argha/git-user/internal/tui/components/action_menu.go:120.21,123.4 1 0
github.com/divyo-argha/git-user/internal/tui/components/action_menu.go:123.9,126.4 1 0
github.com/divyo-argha/git-user/internal/tui/components/action_menu.go:127.3,127.23 1 0
github.com/divyo-argha/git-user/internal/tui/components/action_menu.go:127.23,129.4 1 0
github.com/divyo-argha/git-user/internal/tui/components/action_menu.go:132.2,133.18 2 0
github.com/divyo-argha/git-user/internal/tui/components/action_menu.go:133.18,135.3 1 0
github.com/divyo-argha/git-user/internal/tui/components/action_menu.go:136.2,136.18 1 0
github.com/divyo-argha/git-user/internal/tui/components/action_menu.go:136.18,138.3 1 0
github.com/divyo-argha/git-user/internal/tui/components/action_menu.go:139.2,139.10 1 0
github.com/divyo-argha/git-user/internal/tui/components/action_menu.go:143.67,147.17 3 0
github.com/divyo-argha/git-user/internal/tui/components/action_menu.go:147.17,149.3 1 0
github.com/divyo-argha/git-user/internal/tui/components/action_menu.go:150.2,153.31 3 0
github.com/divyo-argha/git-user/internal/tui/components/action_menu.go:153.31,154.21 1 0
github.com/divyo-argha/git-user/internal/tui/components/action_menu.go:154.21,155.13 1 0
github.com/divyo-argha/git-user/internal/tui/components/action_menu.go:155.13,157.5 1 0
github.com/divyo-argha/git-user/internal/tui/components/action_menu.go:158.4,159.12 2 0
github.com/divyo-argha/git-user/internal/tui/components/action_menu.go:162.3,165.42 3 0
github.com/divyo-argha/git-user/internal/tui/components/action_menu.go:165.42,167.4 1 0
github.com/divyo-argha/git-user/internal/tui/components/action_menu.go:169.3,169.27 1 0
github.com/divyo-argha/git-user/internal/tui/components/action_menu.go:169.27,171.21 2 0
github.com/divyo-argha/git-user/internal/tui/components/action_menu.go:171.21,173.5 1 0
github.com/divyo-argha/git-user/internal/tui/components/action_menu.go:173.10,175.5 1 0
github.com/divyo-argha/git-user/internal/tui/components/action_menu.go:176.9,176.35 1 0
github.com/divyo-argha/git-user/internal/tui/components/action_menu.go:176.35,178.4 1 0
github.com/divyo-argha/git-user/internal/tui/components/action_menu.go:178.9,180.4 1 0
github.com/divyo-argha/git-user/internal/tui/components/action_menu.go:183.2,183.34 1 0
github.com/divyo-argha/git-user/internal/tui/components/help_bar.go:16.41,18.2 1 1
github.com/divyo-argha/git-user/internal/tui/components/help_bar.go:21.40,21.57 1 1
github.com/divyo-argha/git-user/internal/tui/components/help_bar.go:24.41,25.18 1 1
github.com/divyo-argha/git-user/internal/tui/components/help_bar.go:25.18,27.3 1 1
github.com/divyo-argha/git-user/internal/tui/components/help_bar.go:28.2,30.26 3 1
github.com/divyo-argha/git-user/internal/tui/components/help_bar.go:30.26,31.33 1 1
github.com/divyo-argha/git-user/internal/tui/components/help_bar.go:31.33,36.4 4 1
github.com/divyo-argha/git-user/internal/tui/components/help_bar.go:36.9,38.4 1 1
github.com/divyo-argha/git-user/internal/tui/components/help_bar.go:41.2,41.39 1 1
github.com/divyo-argha/git-user/internal/tui/components/identity_list.go:35.72,38.23 3 1
github.com/divyo-argha/git-user/internal/tui/components/identity_list.go:38.23,40.3 1 1
github.com/divyo-argha/git-user/internal/tui/components/identity_list.go:41.2,41.66 1 1
github.com/divyo-argha/git-user/internal/tui/components/identity_list.go:45.61,47.32 2 1
github.com/divyo-argha/git-user/internal/tui/components/identity_list.go:47.32,57.3 1 1
github.com/divyo-argha/git-user/internal/tui/components/identity_list.go:58.2,59.14 2 1
github.com/divyo-argha/git-user/internal/tui/components/identity_list.go:63.53,66.33 3 1
github.com/divyo-argha/git-user/internal/tui/components/identity_list.go:66.33,68.3 1 1
github.com/divyo-argha/git-user/internal/tui/components/identity_list.go:74.41,75.17 1 0
github.com/divyo-argha/git-user/internal/tui/components/identity_list.go:75.17,77.3 1 0
github.com/divyo-argha/git-user/internal/tui/components/identity_list.go:78.2,79.36 2 0
github.com/divyo-argha/git-user/internal/tui/components/identity_list.go:79.36,81.3 1 0
github.com/divyo-argha/git-user/internal/tui/components/identity_list.go:82.2,82.21 1 0
github.com/divyo-argha/git-user/internal/tui/components/identity_list.go:86.45,86.67 1 0
github.com/divyo-argha/git-user/internal/tui/components/identity_list.go:88.35,89.18 1 0
github.com/divyo-argha/git-user/internal/tui/components/identity_list.go:89.18,91.3 1 0
github.com/divyo-argha/git-user/internal/tui/components/identity_list.go:94.37,95.34 1 1
github.com/divyo-argha/git-user/internal/tui/components/identity_list.go:95.34,97.3 1 1
github.com/divyo-argha/git-user/internal/tui/components/identity_list.go:100.49,101.57 1 0
github.com/divyo-argha/git-user/internal/tui/components/identity_list.go:101.57,103.3 1 0
github.com/divyo-argha/git-user/internal/tui/components/identity_list.go:104.2,105.22 2 0
github.com/divyo-argha/git-user/internal/tui/components/identity_list.go:108.43,108.62 1 1
github.com/divyo-argha/git-user/internal/tui/components/identity_list.go:110.38,112.25 2 1
github.com/divyo-argha/git-user/internal/tui/components/identity_list.go:112.25,114.3 1 1
github.com/divyo-argha/git-user/internal/tui/components/identity_list.go:118.69,127.23 5 0
github.com/divyo-argha/git-user/internal/tui/components/identity_list.go:127.23,133.3 5 0
github.com/divyo-argha/git-user/internal/tui/components/identity_list.go:135.2,136.16 2 0
github.com/divyo-argha/git-user/internal/tui/components/identity_list.go:136.16,138.3 1 0
github.com/divyo-argha/git-user/internal/tui/components/identity_list.go:142.2,143.19 2 0
github.com/divyo-argha/git-user/internal/tui/components/identity_list.go:143.19,146.3 1 0
github.com/divyo-argha/git-user/internal/tui/components/identity_list.go:149.2,150.26 2 0
github.com/divyo-argha/git-user/internal/tui/components/identity_list.go:150.26,152.3 1 0
github.com/divyo-argha/git-user/internal/tui/components/identity_list.go:155.2,156.21 2 0
github.com/divyo-argha/git-user/internal/tui/components/identity_list.go:156.21,158.3 1 0
github.com/divyo-argha/git-user/internal/tui/components/identity_list.go:159.2,159.28 1 0
github.com/divyo-argha/git-user/internal/tui/components/identity_list.go:159.28,161.3 1 0
github.com/divyo-argha/git-user/internal/tui/components/identity_list.go:162.2,163.23 2 0
github.com/divyo-argha/git-user/internal/tui/components/identity_list.go:163.23,166.22 3 0
github.com/divyo-argha/git-user/internal/tui/components/identity_list.go:166.22,168.4 1 0
github.com/divyo-argha/git-user/internal/tui/components/identity_list.go:171.2,175.21 3 0
github.com/divyo-argha/git-user/internal/tui/components/identity_list.go:175.21,177.3 1 0
github.com/divyo-argha/git-user/internal/tui/components/identity_list.go:177.8,179.3 1 0
github.com/divyo-argha/git-user/internal/tui/components/identity_list.go:182.2,182.46 1 0
github.com/divyo-argha/git-user/internal/tui/components/identity_list.go:182.46,190.40 4 0
github.com/divyo-argha/git-user/internal/tui/components/identity_list.go:190.40,193.21 3 0
github.com/divyo-argha/git-user/internal/tui/components/identity_list.go:193.21,195.5 1 0
github.com/divyo-argha/git-user/internal/tui/components/identity_list.go:196.4,197.12 2 0
github.com/divyo-argha/git-user/internal/tui/components/identity_list.go:200.3,200.20 1 0
github.com/divyo-argha/git-user/internal/tui/components/identity_list.go:200.20,202.28 2 0
github.com/divyo-argha/git-user/internal/tui/components/identity_list.go:202.28,204.5 1 0
github.com/divyo-argha/git-user/internal/tui/components/identity_list.go:204.10,204.36 1 0
github.com/divyo-argha/git-user/internal/tui/components/identity_list.go:204.36,206.5 1 0
github.com/divyo-argha/git-user/internal/tui/components/identity_list.go:206.10,208.5 1 0
github.com/divyo-argha/git-user/internal/tui/components/identity_list.go:209.4,209.12 1 0
github.com/divyo-argha/git-user/internal/tui/components/identity_list.go:212.3,213.30 2 0
github.com/divyo-argha/git-user/internal/tui/components/identity_list.go:217.2,217.21 1 0
github.com/divyo-argha/git-user/internal/tui/components/identity_list.go:217.21,219.3 1 0
github.com/divyo-argha/git-user/internal/tui/components/identity_list.go:221.2,221.34 1 0
github.com/divyo-argha/git-user/internal/tui/components/identity_list.go:224.93,226.19 2 0
github.com/divyo-argha/git-user/internal/tui/components/identity_list.go:226.19,228.3 1 0
github.com/divyo-argha/git-user/internal/tui/components/identity_list.go:228.8,230.3 1 0
github.com/divyo-argha/git-user/internal/tui/components/identity_list.go:232.2,233.20 2 0
github.com/divyo-argha/git-user/internal/tui/components/identity_list.go:233.20,235.3 1 0
github.com/divyo-argha/git-user/internal/tui/components/identity_list.go:236.2,236.21 1 0
github.com/divyo-argha/git-user/internal/tui/components/identity_list.go:236.21,238.3 1 0
github.com/divyo-argha/git-user/internal/tui/components/identity_list.go:239.2,239.24 1 0
github.com/divyo-argha/git-user/internal/tui/components/identity_list.go:239.24,241.3 1 0
github.com/divyo-argha/git-user/internal/tui/components/identity_list.go:243.2,244.21 2 0
github.com/divyo-argha/git-user/internal/tui/components/identity_list.go:244.21,246.3 1 0
github.com/divyo-argha/git-user/internal/tui/components/identity_list.go:248.2,249.19 2 0
github.com/divyo-argha/git-user/internal/tui/components/identity_list.go:249.19,251.3 1 0
github.com/divyo-argha/git-user/internal/tui/components/identity_list.go:251.8,253.3 1 0
github.com/divyo-argha/git-user/internal/tui/components/identity_list.go:255.2,255.22 1 0
github.com/divyo-argha/git-user/internal/tui/components/identity_list.go:255.22,257.3 1 0
github.com/divyo-argha/git-user/internal/tui/components/identity_list.go:259.2,261.26 2 0
github.com/divyo-argha/git-user/internal/tui/components/identity_list.go:261.26,263.3 1 0
github.com/divyo-argha/git-user/internal/tui/components/identity_list.go:263.8,263.34 1 0
github.com/divyo-argha/git-user/internal/tui/components/identity_list.go:263.34,265.3 1 0
github.com/divyo-argha/git-user/internal/tui/components/identity_list.go:266.2,266.24 1 0
github.com/divyo-argha/git-user/internal/tui/components/identity_list.go:269.33,272.22 3 0
github.com/divyo-argha/git-user/internal/tui/components/identity_list.go:272.22,273.18 1 0
github.com/divyo-argha/git-user/internal/tui/components/identity_list.go:273.18,275.12 2 0
github.com/divyo-argha/git-user/internal/tui/components/identity_list.go:277.3,277.12 1 0
github.com/divyo-argha/git-user/internal/tui/components/identity_list.go:277.12,278.16 1 0
github.com/divyo-argha/git-user/internal/tui/components/identity_list.go:278.16,280.5 1 0
github.com/divyo-argha/git-user/internal/tui/components/identity_list.go:281.4,281.12 1 0
github.com/divyo-argha/git-user/internal/tui/components/identity_list.go:283.3,283.22 1 0
github.com/divyo-argha/git-user/internal/tui/components/identity_list.go:285.2,285.24 1 0
github.com/divyo-argha/git-user/internal/tui/components/spinner.go:15.41,20.2 4 1
github.com/divyo-argha/git-user/internal/tui/components/spinner.go:23.33,25.2 1 1
github.com/divyo-argha/git-user/internal/tui/components/spinner.go:28.58,32.2 3 0
github.com/divyo-argha/git-user/internal/tui/components/spinner.go:35.32,37.2 1 1
github.com/divyo-argha/git-user/internal/tui/components/status_bar.go:25.66,27.2 1 1
github.com/divyo-argha/git-user/internal/tui/components/status_bar.go:30.51,30.70 1 1
github.com/divyo-argha/git-user/internal/tui/components/status_bar.go:33.66,37.2 3 1
github.com/divyo-argha/git-user/internal/tui/components/status_bar.go:40.55,41.39 1 1
github.com/divyo-argha/git-user/internal/tui/components/status_bar.go:41.39,43.3 1 0
github.com/divyo-argha/git-user/internal/tui/components/status_bar.go:44.2,44.21 1 1
github.com/divyo-argha/git-user/internal/tui/components/status_bar.go:47.38,59.45 8 1
github.com/divyo-argha/git-user/internal/tui/components/status_bar.go:59.45,60.43 1 1
github.com/divyo-argha/git-user/internal/tui/components/status_bar.go:60.43,66.4 1 1
github.com/divyo-argha/git-user/internal/tui/components/status_bar.go:66.9,71.4 1 1
github.com/divyo-argha/git-user/internal/tui/components/status_bar.go:72.8,77.3 1 0
github.com/divyo-argha/git-user/internal/tui/components/status_bar.go:79.2,79.20 1 1
github.com/divyo-argha/git-user/internal/tui/components/status_bar.go:79.20,80.23 1 1
github.com/divyo-argha/git-user/internal/tui/components/status_bar.go:80.23,88.4 3 1
github.com/divyo-argha/git-user/internal/tui/components/status_bar.go:88.9,94.4 2 0
github.com/divyo-argha/git-user/internal/tui/components/status_bar.go:95.8,100.3 1 1
github.com/divyo-argha/git-user/internal/tui/components/status_bar.go:102.2,104.20 3 1
github.com/divyo-argha/git-user/internal/tui/components/status_bar.go:104.20,106.19 2 1
github.com/divyo-argha/git-user/internal/tui/components/status_bar.go:106.19,108.4 1 1
github.com/divyo-argha/git-user/internal/tui/components/status_bar.go:109.3,112.5 1 1
github.com/divyo-argha/git-user/internal/tui/components/status_bar.go:115.2,122.20 7 1
github.com/divyo-argha/git-user/internal/tui/components/status_bar.go:125.41,127.45 2 0
github.com/divyo-argha/git-user/internal/tui/components/status_bar.go:127.45,128.43 1 0
github.com/divyo-argha/git-user/internal/tui/components/status_bar.go:128.43,130.4 1 0
github.com/divyo-argha/git-user/internal/tui/components/status_bar.go:132.2,132.15 1 0
github.com/divyo-argha/git-user/internal/tui/components/text_input.go:11.31,13.2 1 0
github.com/divyo-argha/git-user/internal/tui/components/text_input.go:22.82,31.16 8 1
github.com/divyo-argha/git-user/internal/tui/components/text_input.go:31.16,34.3 2 0
github.com/divyo-argha/git-user/internal/tui/components/text_input.go:36.2,39.3 1 1
github.com/divyo-argha/git-user/internal/tui/components/text_input.go:43.37,45.2 1 1
github.com/divyo-argha/git-user/internal/tui/components/text_input.go:48.28,50.2 1 0
github.com/divyo-argha/git-user/internal/tui/components/text_input.go:53.36,55.2 1 1
github.com/divyo-argha/git-user/internal/tui/components/text_input.go:58.40,60.2 1 1
github.com/divyo-argha/git-user/internal/tui/components/text_input.go:63.62,67.2 3 1
github.com/divyo-argha/git-user/internal/tui/components/text_input.go:70.44,73.2 2 0
github.com/divyo-argha/git-user/internal/tui/components/toast.go:16.37,18.2 1 1
github.com/divyo-argha/git-user/internal/tui/components/toast.go:21.63,25.2 3 1
github.com/divyo-argha/git-user/internal/tui/components/toast.go:28.24,30.2 1 1
github.com/divyo-argha/git-user/internal/tui/components/toast.go:33.33,33.53 1 1
github.com/divyo-argha/git-user/internal/tui/components/toast.go:36.39,37.32 1 1
github.com/divyo-argha/git-user/internal/tui/components/toast.go:37.32,39.3 1 1
github.com/divyo-argha/git-user/internal/tui/components/toast.go:41.2,42.16 2 1
github.com/divyo-argha/git-user/internal/tui/components/toast.go:42.16,44.3 1 1
github.com/divyo-argha/git-user/internal/tui/components/toast.go:45.2,45.21 1 1
github.com/divyo-argha/git-user/internal/tui/components/toast.go:45.21,47.3 1 1
github.com/divyo-argha/git-user/internal/tui/components/toast.go:49.2,52.17 3 1
github.com/divyo-argha/git-user/internal/tui/components/toast.go:53.31,55.61 2 1
github.com/divyo-argha/git-user/internal/tui/components/toast.go:56.29,58.59 2 1
github.com/divyo-argha/git-user/internal/tui/components/toast.go:59.10,61.58 2 1
github.com/divyo-argha/git-user/internal/tui/components/toast.go:64.2,64.10 1 1
github.com/divyo-argha/git-user/internal/config/config.go:28.43,29.28 1 0
github.com/divyo-argha/git-user/internal/config/config.go:29.28,31.3 1 0
github.com/divyo-argha/git-user/internal/config/config.go:32.2,32.25 1 0
github.com/divyo-argha/git-user/internal/config/config.go:60.13,62.16 2 1
github.com/divyo-argha/git-user/internal/config/config.go:62.16,63.59 1 0
github.com/divyo-argha/git-user/internal/config/config.go:65.2,65.63 1 1
github.com/divyo-argha/git-user/internal/config/config.go:68.26,69.52 1 1
github.com/divyo-argha/git-user/internal/config/config.go:69.52,71.3 1 0
github.com/divyo-argha/git-user/internal/config/config.go:72.2,72.19 1 1
github.com/divyo-argha/git-user/internal/config/config.go:75.33,75.54 1 1
github.com/divyo-argha/git-user/internal/config/config.go:77.30,79.2 1 1
github.com/divyo-argha/git-user/internal/config/config.go:81.25,83.2 1 1
github.com/divyo-argha/git-user/internal/config/config.go:85.29,89.16 4 1
github.com/divyo-argha/git-user/internal/config/config.go:89.16,90.38 1 1
github.com/divyo-argha/git-user/internal/config/config.go:90.38,92.4 1 0
github.com/divyo-argha/git-user/internal/config/config.go:93.8,94.50 1 1
github.com/divyo-argha/git-user/internal/config/config.go:94.50,96.4 1 0
github.com/divyo-argha/git-user/internal/config/config.go:99.2,100.16 2 1
github.com/divyo-argha/git-user/internal/config/config.go:100.16,102.62 2 1
github.com/divyo-argha/git-user/internal/config/config.go:102.62,103.29 1 1
github.com/divyo-argha/git-user/internal/config/config.go:103.29,105.5 1 1
github.com/divyo-argha/git-user/internal/config/config.go:106.4,106.43 1 1
github.com/divyo-argha/git-user/internal/config/config.go:110.2,110.16 1 1
github.com/divyo-argha/git-user/internal/config/config.go:113.27,117.28 4 1
github.com/divyo-argha/git-user/internal/config/config.go:117.28,118.20 1 1
github.com/divyo-argha/git-user/internal/config/config.go:118.20,120.4 1 1
github.com/divyo-argha/git-user/internal/config/config.go:120.9,122.4 1 1
github.com/divyo-argha/git-user/internal/config/config.go:125.2,126.47 2 1
github.com/divyo-argha/git-user/internal/config/config.go:126.47,128.3 1 0
github.com/divyo-argha/git-user/internal/config/config.go:130.2,130.24 1 1
github.com/divyo-argha/git-user/internal/config/config.go:130.24,133.3 2 1
github.com/divyo-argha/git-user/internal/config/config.go:133.8,135.3 1 1
github.com/divyo-argha/git-user/internal/config/config.go:137.2,141.16 4 1
github.com/divyo-argha/git-user/internal/config/config.go:141.16,143.3 1 0
github.com/divyo-argha/git-user/internal/config/config.go:145.2,146.16 2 1
github.com/divyo-argha/git-user/internal/config/config.go:146.16,148.3 1 0
github.com/divyo-argha/git-user/internal/config/config.go:149.2,151.43 2 1
github.com/divyo-argha/git-user/internal/config/config.go:151.43,155.3 3 0
github.com/divyo-argha/git-user/internal/config/config.go:156.2,156.36 1 1
github.com/divyo-argha/git-user/internal/config/config.go:156.36,159.3 2 0
github.com/divyo-argha/git-user/internal/config/config.go:160.2,160.48 1 1
github.com/divyo-argha/git-user/internal/config/config.go:160.48,163.3 2 0
github.com/divyo-argha/git-user/internal/config/config.go:164.2,164.50 1 1
github.com/divyo-argha/git-user/internal/config/config.go:164.50,167.3 2 0
github.com/divyo-argha/git-user/internal/config/config.go:168.2,168.26 1 1
github.com/divyo-argha/git-user/internal/config/config.go:171.45,172.25 1 1
github.com/divyo-argha/git-user/internal/config/config.go:172.25,173.30 1 1
github.com/divyo-argha/git-user/internal/config/config.go:173.30,175.4 1 1
github.com/divyo-argha/git-user/internal/config/config.go:177.2,177.12 1 1
github.com/divyo-argha/git-user/internal/config/config.go:181.47,183.2 1 1
github.com/divyo-argha/git-user/internal/config/config.go:186.49,187.28 1 1
github.com/divyo-argha/git-user/internal/config/config.go:187.28,188.23 1 1
github.com/divyo-argha/git-user/internal/config/config.go:188.23,190.4 1 0
github.com/divyo-argha/git-user/internal/config/config.go:192.2,192.14 1 1
github.com/divyo-argha/git-user/internal/config/config.go:195.51,196.31 1 1
github.com/divyo-argha/git-user/internal/config/config.go:196.31,198.3 1 0
github.com/divyo-argha/git-user/internal/config/config.go:199.2,199.25 1 1
github.com/divyo-argha/git-user/internal/config/config.go:199.25,201.3 1 1
github.com/divyo-argha/git-user/internal/config/config.go:202.2,202.27 1 1
github.com/divyo-argha/git-user/internal/config/config.go:202.27,204.3 1 0
github.com/divyo-argha/git-user/internal/config/config.go:205.2,206.12 2 1
github.com/divyo-argha/git-user/internal/config/config.go:209.59,210.29 1 1
github.com/divyo-argha/git-user/internal/config/config.go:210.29,212.3 1 0
github.com/divyo-argha/git-user/internal/config/config.go:213.2,213.33 1 1
github.com/divyo-argha/git-user/internal/config/config.go:213.33,215.3 1 1
github.com/divyo-argha/git-user/internal/config/config.go:216.2,217.28 2 1
github.com/divyo-argha/git-user/internal/config/config.go:217.28,218.21 1 1
github.com/divyo-argha/git-user/internal/config/config.go:218.21,220.4 1 0
github.com/divyo-argha/git-user/internal/config/config.go:222.2,223.23 2 1
github.com/divyo-argha/git-user/internal/config/config.go:223.23,225.3 1 1
github.com/divyo-argha/git-user/internal/config/config.go:226.2,226.12 1 1
github.com/divyo-argha/git-user/internal/config/config.go:229.57,231.14 2 1
github.com/divyo-argha/git-user/internal/config/config.go:231.14,233.3 1 0
github.com/divyo-argha/git-user/internal/config/config.go:234.2,234.20 1 1
github.com/divyo-argha/git-user/internal/config/config.go:234.20,236.3 1 0
github.com/divyo-argha/git-user/internal/config/config.go:237.2,238.12 2 1
github.com/divyo-argha/git-user/internal/config/config.go:241.56,243.14 2 1
github.com/divyo-argha/git-user/internal/config/config.go:243.14,245.3 1 0
github.com/divyo-argha/git-user/internal/config/config.go:246.2,250.12 3 1
github.com/divyo-argha/git-user/internal/config/config.go:253.63,255.14 2 1
github.com/divyo-argha/git-user/internal/config/config.go:255.14,257.3 1 0
github.com/divyo-argha/git-user/internal/config/config.go:258.2,261.12 4 1
github.com/divyo-argha/git-user/internal/config/config.go:264.65,266.14 2 1
github.com/divyo-argha/git-user/internal/config/config.go:266.14,268.3 1 0
github.com/divyo-argha/git-user/internal/config/config.go:269.2,270.12 2 1
github.com/divyo-argha/git-user/internal/config/config.go:273.47,274.29 1 1
github.com/divyo-argha/git-user/internal/config/config.go:274.29,276.3 1 0
github.com/divyo-argha/git-user/internal/config/config.go:277.2,278.12 2 1
github.com/divyo-argha/git-user/internal/config/config.go:281.37,282.21 1 0
github.com/divyo-argha/git-user/internal/config/config.go:282.21,284.3 1 0
github.com/divyo-argha/git-user/internal/config/config.go:285.2,285.30 1 0
github.com/divyo-argha/git-user/internal/config/config.go:290.102,291.23 1 0
github.com/divyo-argha/git-user/internal/config/config.go:291.23,293.3 1 0
github.com/divyo-argha/git-user/internal/config/config.go:294.2,301.3 1 0
github.com/divyo-argha/git-user/internal/config/config.go:304.57,306.14 2 0
github.com/divyo-argha/git-user/internal/config/config.go:306.14,308.3 1 0
github.com/divyo-argha/git-user/internal/config/config.go:309.2,309.32 1 0
github.com/divyo-argha/git-user/internal/config/config.go:309.32,310.16 1 0
github.com/divyo-argha/git-user/internal/config/config.go:310.16,312.4 1 0
github.com/divyo-argha/git-user/internal/config/config.go:314.2,314.32 1 0
github.com/divyo-argha/git-user/internal/config/config.go:314.32,315.25 1 0
github.com/divyo-argha/git-user/internal/config/config.go:315.25,316.38 1 0
github.com/divyo-argha/git-user/internal/config/config.go:316.38,317.18 1 0
github.com/divyo-argha/git-user/internal/config/config.go:317.18,319.6 1 0
github.com/divyo-argha/git-user/internal/config/config.go:323.2,324.12 2 0
github.com/divyo-argha/git-user/internal/config/config.go:327.61,329.14 2 0
github.com/divyo-argha/git-user/internal/config/config.go:329.14,331.3 1 0
github.com/divyo-argha/git-user/internal/config/config.go:332.2,334.32 3 0
github.com/divyo-argha/git-user/internal/config/config.go:334.32,335.16 1 0
github.com/divyo-argha/git-user/internal/config/config.go:335.16,337.4 1 0
github.com/divyo-argha/git-user/internal/config/config.go:337.9,339.4 1 0
github.com/divyo-argha/git-user/internal/config/config.go:341.2,341.12 1 0
github.com/divyo-argha/git-user/internal/config/config.go:341.12,343.3 1 0
github.com/divyo-argha/git-user/internal/config/config.go:344.2,345.12 2 0
github.com/divyo-argha/git-user/internal/config/config.go:348.37,350.16 2 1
github.com/divyo-argha/git-user/internal/config/config.go:350.16,352.3 1 0
github.com/divyo-argha/git-user/internal/config/config.go:354.2,358.16 3 1
github.com/divyo-argha/git-user/internal/config/config.go:358.16,359.27 1 1
github.com/divyo-argha/git-user/internal/config/config.go:359.27,360.106 1 1
github.com/divyo-argha/git-user/internal/config/config.go:360.106,363.48 3 0
github.com/divyo-argha/git-user/internal/config/config.go:363.48,365.6 1 0
github.com/divyo-argha/git-user/internal/config/config.go:371.2,371.28 1 1
github.com/divyo-argha/git-user/internal/config/config.go:371.28,372.28 1 1
github.com/divyo-argha/git-user/internal/config/config.go:372.28,373.12 1 1
github.com/divyo-argha/git-user/internal/config/config.go:375.3,381.21 7 0
github.com/divyo-argha/git-user/internal/config/config.go:381.21,384.4 2 0
github.com/divyo-argha/git-user/internal/config/config.go:385.3,385.41 1 0
github.com/divyo-argha/git-user/internal/config/config.go:385.41,386.29 1 0
github.com/divyo-argha/git-user/internal/config/config.go:386.29,389.5 2 0
github.com/divyo-argha/git-user/internal/config/config.go:390.4,393.40 4 0
github.com/divyo-argha/git-user/internal/config/config.go:396.3,397.17 2 0
github.com/divyo-argha/git-user/internal/config/config.go:397.17,399.4 1 0
github.com/divyo-argha/git-user/internal/config/config.go:401.3,401.30 1 0
github.com/divyo-argha/git-user/internal/config/config.go:401.30,402.37 1 0
github.com/divyo-argha/git-user/internal/config/config.go:402.37,404.5 1 0
github.com/divyo-argha/git-user/internal/config/config.go:409.2,412.16 4 1
github.com/divyo-argha/git-user/internal/config/config.go:412.16,414.30 2 0
github.com/divyo-argha/git-user/internal/config/config.go:414.30,415.18 1 0
github.com/divyo-argha/git-user/internal/config/config.go:415.18,416.13 1 0
github.com/divyo-argha/git-user/internal/config/config.go:418.4,419.23 2 0
github.com/divyo-argha/git-user/internal/config/config.go:419.23,422.78 3 0
github.com/divyo-argha/git-user/internal/config/config.go:422.78,424.6 1 0
github.com/divyo-argha/git-user/internal/config/config.go:430.2,431.28 2 1
github.com/divyo-argha/git-user/internal/config/config.go:431.28,432.28 1 1
github.com/divyo-argha/git-user/internal/config/config.go:432.28,433.12 1 1
github.com/divyo-argha/git-user/internal/config/config.go:435.3,437.33 2 0
github.com/divyo-argha/git-user/internal/config/config.go:437.33,441.4 3 0
github.com/divyo-argha/git-user/internal/config/config.go:445.2,445.33 1 1
github.com/divyo-argha/git-user/internal/config/config.go:445.33,447.32 2 0
github.com/divyo-argha/git-user/internal/config/config.go:447.32,449.4 1 0
github.com/divyo-argha/git-user/internal/config/config.go:453.2,453.32 1 1
github.com/divyo-argha/git-user/internal/config/config.go:453.32,455.33 2 0
github.com/divyo-argha/git-user/internal/config/config.go:455.33,457.4 1 0
github.com/divyo-argha/git-user/internal/config/config.go:460.2,460.12 1 1
github.com/divyo-argha/git-user/internal/config/config.go:463.44,464.35 1 0
github.com/divyo-argha/git-user/internal/config/config.go:464.35,467.3 2 0
github.com/divyo-argha/git-user/internal/config/config.go:468.2,468.48 1 0
github.com/divyo-argha/git-user/internal/config/config.go:468.48,470.3 1 0
github.com/divyo-argha/git-user/internal/config/config.go:471.2,471.35 1 0
github.com/divyo-argha/git-user/internal/config/config.go:471.35,473.3 1 0
github.com/divyo-argha/git-user/internal/config/config.go:474.2,474.13 1 0
github.com/divyo-argha/git-user/internal/tui/theme/theme.go:50.27,64.2 3 1
github.com/divyo-argha/git-user/internal/tui/theme/theme.go:66.42,85.2 1 1
github.com/divyo-argha/git-user/internal/tui/theme/theme.go:89.47,89.71 1 1
github.com/divyo-argha/git-user/internal/tui/theme/theme.go:90.47,90.70 1 1
github.com/divyo-argha/git-user/internal/tui/theme/theme.go:91.47,91.73 1 1
github.com/divyo-argha/git-user/internal/tui/theme/theme.go:92.47,92.74 1 1
github.com/divyo-argha/git-user/internal/tui/theme/theme.go:93.47,93.72 1 1
github.com/divyo-argha/git-user/internal/tui/theme/theme.go:94.47,94.74 1 1
github.com/divyo-argha/git-user/internal/tui/theme/theme.go:95.47,95.71 1 1
github.com/divyo-argha/git-user/internal/tui/theme/theme.go:96.47,96.77 1 1
github.com/divyo-argha/git-user/internal/tui/theme/theme.go:97.47,97.75 1 1
github.com/divyo-argha/git-user/internal/tui/theme/theme.go:98.47,98.73 1 1
github.com/divyo-argha/git-user/internal/tui/theme/theme.go:99.47,99.76 1 1
github.com/divyo-argha/git-user/internal/tui/theme/theme.go:100.47,100.80 1 1
github.com/divyo-argha/git-user/internal/tui/theme/theme.go:101.47,101.76 1 1
github.com/divyo-argha/git-user/internal/tui/theme/theme.go:108.82,116.2 2 1
github.com/divyo-argha/git-user/internal/tui/theme/theme.go:118.61,125.2 1 1
github.com/divyo-argha/git-user/internal/tui/theme/theme.go:127.63,134.2 1 1
github.com/divyo-argha/git-user/internal/tui/theme/theme.go:136.67,143.2 1 1
github.com/divyo-argha/git-user/internal/tui/theme/theme.go:145.69,152.2 1 1
github.com/divyo-argha/git-user/internal/tui/theme/theme.go:154.61,161.2 1 1
github.com/divyo-argha/git-user/internal/tui/theme/theme.go:165.44,171.2 1 1
github.com/divyo-argha/git-user/internal/tui/theme/theme.go:173.43,178.2 1 1
github.com/divyo-argha/git-user/internal/tui/theme/theme.go:180.45,186.2 1 1
github.com/divyo-argha/git-user/internal/tui/theme/theme.go:188.44,194.2 1 1
github.com/divyo-argha/git-user/internal/tui/theme/theme.go:196.43,201.2 1 1
github.com/divyo-argha/git-user/internal/tui/theme/theme.go:203.49,209.2 1 1
github.com/divyo-argha/git-user/internal/tui/theme/theme.go:211.40,217.2 1 1
github.com/divyo-argha/git-user/internal/tui/theme/theme.go:232.55,238.2 1 1
github.com/divyo-argha/git-user/internal/tui/theme/theme.go:240.53,246.2 1 1
github.com/divyo-argha/git-user/internal/tui/theme/theme.go:248.52,254.2 1 1
github.com/divyo-argha/git-user/internal/tui/theme/theme.go:278.35,282.17 2 1
github.com/divyo-argha/git-user/internal/tui/theme/theme.go:282.17,284.3 1 1
github.com/divyo-argha/git-user/internal/tui/theme/theme.go:285.2,285.19 1 1
github.com/divyo-argha/git-user/internal/tui/theme/theme.go:289.40,291.11 2 1
github.com/divyo-argha/git-user/internal/tui/theme/theme.go:291.11,293.3 1 1
github.com/divyo-argha/git-user/internal/tui/theme/theme.go:294.2,294.10 1 1
github.com/divyo-argha/git-user/internal/tui/theme/theme.go:298.41,300.2 1 1
github.com/divyo-argha/git-user/internal/tui/theme/theme.go:303.48,304.16 1 1
github.com/divyo-argha/git-user/internal/tui/theme/theme.go:304.16,306.3 1 1
github.com/divyo-argha/git-user/internal/tui/theme/theme.go:307.2,308.29 2 1
github.com/divyo-argha/git-user/internal/tui/theme/theme.go:308.29,310.3 1 1
github.com/divyo-argha/git-user/internal/tui/theme/theme.go:311.2,311.40 1 1
github.com/divyo-argha/git-user/internal/ui/ui.go:90.19,91.20 1 1
github.com/divyo-argha/git-user/internal/ui/ui.go:91.20,93.3 1 0
github.com/divyo-argha/git-user/internal/ui/ui.go:94.2,95.16 2 1
github.com/divyo-argha/git-user/internal/ui/ui.go:95.16,97.3 1 0
github.com/divyo-argha/git-user/internal/ui/ui.go:98.2,98.45 1 1
github.com/divyo-argha/git-user/internal/ui/ui.go:104.18,107.2 2 0
github.com/divyo-argha/git-user/internal/ui/ui.go:112.26,114.2 1 1
github.com/divyo-argha/git-user/internal/ui/ui.go:117.43,119.2 1 1
github.com/divyo-argha/git-user/internal/ui/ui.go:122.23,124.2 1 1
github.com/divyo-argha/git-user/internal/ui/ui.go:127.23,129.2 1 1
github.com/divyo-argha/git-user/internal/ui/ui.go:132.24,134.2 1 1
github.com/divyo-argha/git-user/internal/ui/ui.go:137.41,139.2 1 1
github.com/divyo-argha/git-user/internal/ui/ui.go:142.32,142.51 1 1
github.com/divyo-argha/git-user/internal/ui/ui.go:145.36,145.59 1 1
github.com/divyo-argha/git-user/internal/ui/ui.go:150.25,152.2 1 1
github.com/divyo-argha/git-user/internal/ui/ui.go:155.25,157.2 1 1
github.com/divyo-argha/git-user/internal/ui/ui.go:160.16,162.2 1 1
github.com/divyo-argha/git-user/internal/ui/ui.go:167.55,172.12 4 1
github.com/divyo-argha/git-user/internal/ui/ui.go:172.12,176.3 3 1
github.com/divyo-argha/git-user/internal/ui/ui.go:178.2,184.18 2 1
github.com/divyo-argha/git-user/internal/ui/ui.go:184.18,186.3 1 1
github.com/divyo-argha/git-user/internal/ui/ui.go:188.2,188.40 1 1
github.com/divyo-argha/git-user/internal/ui/ui.go:192.46,196.18 4 1
github.com/divyo-argha/git-user/internal/ui/ui.go:196.18,198.3 1 1
github.com/divyo-argha/git-user/internal/ui/ui.go:204.29,204.43 1 1
github.com/divyo-argha/git-user/internal/ui/ui.go:207.43,208.21 1 0
github.com/divyo-argha/git-user/internal/ui/ui.go:208.21,210.3 1 0
github.com/divyo-argha/git-user/internal/ui/ui.go:211.2,214.16 4 0
github.com/divyo-argha/git-user/internal/ui/ui.go:214.16,216.3 1 0
github.com/divyo-argha/git-user/internal/ui/ui.go:217.2,217.37 1 0
github.com/divyo-argha/git-user/internal/ui/ui.go:231.37,231.51 1 1
github.com/divyo-argha/git-user/internal/ui/ui.go:233.63,234.27 1 0
github.com/divyo-argha/git-user/internal/ui/ui.go:235.18,236.23 1 0
github.com/divyo-argha/git-user/internal/ui/ui.go:237.29,239.22 2 0
github.com/divyo-argha/git-user/internal/ui/ui.go:240.18,241.20 1 0
github.com/divyo-argha/git-user/internal/ui/ui.go:241.20,243.5 1 0
github.com/divyo-argha/git-user/internal/ui/ui.go:244.20,245.35 1 0
github.com/divyo-argha/git-user/internal/ui/ui.go:245.35,247.5 1 0
github.com/divyo-argha/git-user/internal/ui/ui.go:248.16,250.22 2 0
github.com/divyo-argha/git-user/internal/ui/ui.go:253.2,253.15 1 0
github.com/divyo-argha/git-user/internal/ui/ui.go:256.36,264.32 7 1
github.com/divyo-argha/git-user/internal/ui/ui.go:264.32,265.20 1 1
github.com/divyo-argha/git-user/internal/ui/ui.go:265.20,267.4 1 1
github.com/divyo-argha/git-user/internal/ui/ui.go:267.9,269.4 1 1
github.com/divyo-argha/git-user/internal/ui/ui.go:271.2,272.19 2 1
github.com/divyo-argha/git-user/internal/ui/ui.go:276.58,277.21 1 0
github.com/divyo-argha/git-user/internal/ui/ui.go:277.21,279.3 1 0
github.com/divyo-argha/git-user/internal/ui/ui.go:280.2,288.16 4 0
github.com/divyo-argha/git-user/internal/ui/ui.go:288.16,290.3 1 0
github.com/divyo-argha/git-user/internal/ui/ui.go:292.2,293.16 2 0
github.com/divyo-argha/git-user/internal/ui/ui.go:293.16,295.3 1 0
github.com/divyo-argha/git-user/internal/ui/ui.go:297.2,297.22 1 0
github.com/divyo-argha/git-user/internal/ui/ui.go:301.53,302.22 1 0
github.com/divyo-argha/git-user/internal/ui/ui.go:302.22,304.3 1 0
github.com/divyo-argha/git-user/internal/ui/ui.go:305.2,307.17 3 0
github.com/divyo-argha/git-user/internal/ui/ui.go:307.17,309.3 1 0
github.com/divyo-argha/git-user/internal/ui/ui.go:311.2,320.16 4 0
github.com/divyo-argha/git-user/internal/ui/ui.go:320.16,322.3 1 0
github.com/divyo-argha/git-user/internal/ui/ui.go:324.2,325.16 2 0
github.com/divyo-argha/git-user/internal/ui/ui.go:325.16,327.3 1 0
github.com/divyo-argha/git-user/internal/ui/ui.go:328.2,328.22 1 0
github.com/divyo-argha/git-user/internal/ui/ui.go:343.23,344.65 1 0
github.com/divyo-argha/git-user/internal/ui/ui.go:344.65,346.3 1 0
github.com/divyo-argha/git-user/internal/ui/ui.go:349.41,349.60 1 0
github.com/divyo-argha/git-user/internal/ui/ui.go:351.67,352.20 1 0
github.com/divyo-argha/git-user/internal/ui/ui.go:353.17,354.25 1 0
github.com/divyo-argha/git-user/internal/ui/ui.go:354.25,356.27 2 0
github.com/divyo-argha/git-user/internal/ui/ui.go:356.27,359.5 2 0
github.com/divyo-argha/git-user/internal/ui/ui.go:360.4,360.22 1 0
github.com/divyo-argha/git-user/internal/ui/ui.go:362.3,363.21 2 0
github.com/divyo-argha/git-user/internal/ui/ui.go:365.2,365.15 1 0
github.com/divyo-argha/git-user/internal/ui/ui.go:368.40,369.35 1 0
github.com/divyo-argha/git-user/internal/ui/ui.go:369.35,371.3 1 0
github.com/divyo-argha/git-user/internal/ui/ui.go:373.2,375.60 3 0
github.com/divyo-argha/git-user/internal/ui/ui.go:380.34,381.14 1 0
github.com/divyo-argha/git-user/internal/ui/ui.go:381.14,384.3 2 0
github.com/divyo-argha/git-user/internal/ui/ui.go:386.2,393.35 3 0
github.com/divyo-argha/git-user/internal/ui/ui.go:393.35,396.3 1 0
github.com/divyo-argha/git-user/internal/ui/ui.go:412.25,413.65 1 0
github.com/divyo-argha/git-user/internal/ui/ui.go:413.65,415.3 1 0
github.com/divyo-argha/git-user/internal/ui/ui.go:420.38,420.59 1 0
github.com/divyo-argha/git-user/internal/ui/ui.go:422.64,423.20 1 0
github.com/divyo-argha/git-user/internal/ui/ui.go:424.19,425.10 1 0
github.com/divyo-argha/git-user/internal/ui/ui.go:426.17,427.22 1 0
github.com/divyo-argha/git-user/internal/ui/ui.go:428.11,428.11 0 0
github.com/divyo-argha/git-user/internal/ui/ui.go:430.3,431.23 2 0
github.com/divyo-argha/git-user/internal/ui/ui.go:432.19,433.21 1 0
github.com/divyo-argha/git-user/internal/ui/ui.go:435.2,435.15 1 0
github.com/divyo-argha/git-user/internal/ui/ui.go:438.37,442.2 3 0
github.com/divyo-argha/git-user/internal/ui/ui.go:447.35,448.14 1 0
github.com/divyo-argha/git-user/internal/ui/ui.go:448.14,450.17 2 0
github.com/divyo-argha/git-user/internal/ui/ui.go:450.18,450.19 0 0
github.com/divyo-argha/git-user/internal/ui/ui.go:453.2,465.12 5 0
github.com/divyo-argha/git-user/internal/ui/ui.go:465.12,470.3 3 0
github.com/divyo-argha/git-user/internal/ui/ui.go:472.2,472.16 1 0
github.com/divyo-argha/git-user/internal/ui/ui.go:472.16,475.3 2 0
github.com/divyo-argha/git-user/internal/tui/core/commands.go:20.32,21.24 1 1
github.com/divyo-argha/git-user/internal/tui/core/commands.go:21.24,24.3 2 1
github.com/divyo-argha/git-user/internal/tui/core/commands.go:30.30,31.24 1 0
github.com/divyo-argha/git-user/internal/tui/core/commands.go:31.24,33.19 2 0
github.com/divyo-argha/git-user/internal/tui/core/commands.go:33.19,35.4 1 0
github.com/divyo-argha/git-user/internal/tui/core/commands.go:37.3,38.17 2 0
github.com/divyo-argha/git-user/internal/tui/core/commands.go:38.17,40.4 1 0
github.com/divyo-argha/git-user/internal/tui/core/commands.go:41.3,45.17 4 0
github.com/divyo-argha/git-user/internal/tui/core/commands.go:45.17,47.4 1 0
github.com/divyo-argha/git-user/internal/tui/core/commands.go:49.3,49.62 1 0
github.com/divyo-argha/git-user/internal/tui/core/commands.go:56.45,57.45 1 1
github.com/divyo-argha/git-user/internal/tui/core/commands.go:57.45,59.3 1 1
github.com/divyo-argha/git-user/internal/tui/core/commands.go:63.92,64.24 1 1
github.com/divyo-argha/git-user/internal/tui/core/commands.go:64.24,66.3 1 1
github.com/divyo-argha/git-user/internal/tui/core/commands.go:72.48,73.24 1 0
github.com/divyo-argha/git-user/internal/tui/core/commands.go:73.24,76.3 2 0
github.com/divyo-argha/git-user/internal/tui/core/commands.go:86.39,89.16 3 0
github.com/divyo-argha/git-user/internal/tui/core/commands.go:89.16,91.3 1 0
github.com/divyo-argha/git-user/internal/tui/core/commands.go:93.2,94.16 2 0
github.com/divyo-argha/git-user/internal/tui/core/commands.go:94.16,96.3 1 0
github.com/divyo-argha/git-user/internal/tui/core/commands.go:98.2,101.18 3 0
github.com/divyo-argha/git-user/internal/tui/core/commands.go:101.18,103.3 1 0
github.com/divyo-argha/git-user/internal/tui/core/commands.go:105.2,106.16 2 0
github.com/divyo-argha/git-user/internal/tui/core/commands.go:106.16,108.3 1 0
github.com/divyo-argha/git-user/internal/tui/core/commands.go:109.2,113.16 4 0
github.com/divyo-argha/git-user/internal/tui/core/commands.go:113.16,115.3 1 0
github.com/divyo-argha/git-user/internal/tui/core/commands.go:117.2,117.27 1 0
github.com/divyo-argha/git-user/internal/tui/core/commands.go:117.27,118.45 1 0
github.com/divyo-argha/git-user/internal/tui/core/commands.go:118.45,120.4 1 0
github.com/divyo-argha/git-user/internal/tui/core/commands.go:122.2,122.14 1 0
github.com/divyo-argha/git-user/internal/tui/core/commands.go:126.52,127.24 1 0
github.com/divyo-argha/git-user/internal/tui/core/commands.go:127.24,129.17 2 0
github.com/divyo-argha/git-user/internal/tui/core/commands.go:129.17,131.4 1 0
github.com/divyo-argha/git-user/internal/tui/core/commands.go:133.3,134.17 2 0
github.com/divyo-argha/git-user/internal/tui/core/commands.go:134.17,136.4 1 0
github.com/divyo-argha/git-user/internal/tui/core/commands.go:138.3,138.53 1 0
github.com/divyo-argha/git-user/internal/tui/core/commands.go:138.53,140.4 1 0
github.com/divyo-argha/git-user/internal/tui/core/commands.go:142.3,142.51 1 0
github.com/divyo-argha/git-user/internal/tui/core/commands.go:154.112,155.24 1 0
github.com/divyo-argha/git-user/internal/tui/core/commands.go:155.24,157.20 2 0
github.com/divyo-argha/git-user/internal/tui/core/commands.go:157.20,159.4 1 0
github.com/divyo-argha/git-user/internal/tui/core/commands.go:160.3,163.20 3 0
github.com/divyo-argha/git-user/internal/tui/core/commands.go:163.20,165.4 1 0
github.com/divyo-argha/git-user/internal/tui/core/commands.go:167.3,173.170 3 0
github.com/divyo-argha/git-user/internal/tui/core/commands.go:173.170,179.4 1 0
github.com/divyo-argha/git-user/internal/tui/core/commands.go:181.3,181.42 1 0
github.com/divyo-argha/git-user/internal/tui/core/commands.go:181.42,182.37 1 0
github.com/divyo-argha/git-user/internal/tui/core/commands.go:182.37,191.5 2 0
github.com/divyo-argha/git-user/internal/tui/core/commands.go:194.3,198.4 1 0
github.com/divyo-argha/git-user/internal/tui/core/commands.go:203.54,204.18 1 0
github.com/divyo-argha/git-user/internal/tui/core/commands.go:205.16,208.16 2 0
github.com/divyo-argha/git-user/internal/tui/core/commands.go:208.16,210.17 2 0
github.com/divyo-argha/git-user/internal/tui/core/commands.go:210.17,212.5 1 0
github.com/divyo-argha/git-user/internal/tui/core/commands.go:214.16,217.16 2 0
github.com/divyo-argha/git-user/internal/tui/core/commands.go:217.16,219.17 2 0
github.com/divyo-argha/git-user/internal/tui/core/commands.go:219.17,221.5 1 0
github.com/divyo-argha/git-user/internal/tui/core/commands.go:223.19,226.16 2 0
github.com/divyo-argha/git-user/internal/tui/core/commands.go:226.16,228.17 2 0
github.com/divyo-argha/git-user/internal/tui/core/commands.go:228.17,230.5 1 0
github.com/divyo-argha/git-user/internal/tui/core/commands.go:233.2,233.11 1 0
github.com/divyo-argha/git-user/internal/tui/core/keymap.go:29.36,31.2 1 1
github.com/divyo-argha/git-user/internal/tui/core/keymap.go:36.29,38.2 1 1
github.com/divyo-argha/git-user/internal/tui/core/keymap.go:41.26,43.2 1 1
github.com/divyo-argha/git-user/internal/tui/core/keymap.go:46.24,48.2 1 1
github.com/divyo-argha/git-user/internal/tui/core/keymap.go:51.27,53.2 1 1
github.com/divyo-argha/git-user/internal/tui/core/keymap.go:56.26,58.2 1 1
github.com/divyo-argha/git-user/internal/tui/core/keymap.go:61.32,63.2 1 1
github.com/divyo-argha/git-user/internal/tui/core/keymap.go:66.27,68.2 1 0
github.com/divyo-argha/git-user/internal/identity/identity.go:18.31,19.11 1 1
github.com/divyo-argha/git-user/internal/identity/identity.go:20.21,21.21 1 1
github.com/divyo-argha/git-user/internal/identity/identity.go:22.21,23.21 1 1
github.com/divyo-argha/git-user/internal/identity/identity.go:24.10,25.19 1 1
github.com/divyo-argha/git-user/internal/identity/identity.go:44.37,46.16 2 1
github.com/divyo-argha/git-user/internal/identity/identity.go:46.16,48.3 1 0
github.com/divyo-argha/git-user/internal/identity/identity.go:50.2,51.16 2 1
github.com/divyo-argha/git-user/internal/identity/identity.go:51.16,53.3 1 0
github.com/divyo-argha/git-user/internal/identity/identity.go:55.2,60.25 2 1
github.com/divyo-argha/git-user/internal/identity/identity.go:60.25,62.18 2 1
github.com/divyo-argha/git-user/internal/identity/identity.go:62.18,70.4 1 1
github.com/divyo-argha/git-user/internal/identity/identity.go:73.2,73.21 1 1
github.com/divyo-argha/git-user/internal/identity/identity.go:76.74,77.31 1 1
github.com/divyo-argha/git-user/internal/identity/identity.go:77.31,79.3 1 1
github.com/divyo-argha/git-user/internal/identity/identity.go:81.2,88.22 2 1
github.com/divyo-argha/git-user/internal/identity/identity.go:91.74,92.31 1 0
github.com/divyo-argha/git-user/internal/identity/identity.go:92.31,94.3 1 0
github.com/divyo-argha/git-user/internal/identity/identity.go:96.2,96.59 1 0
github.com/divyo-argha/git-user/internal/identity/identity.go:96.59,98.3 1 0
github.com/divyo-argha/git-user/internal/identity/identity.go:100.2,100.51 1 0
github.com/divyo-argha/git-user/internal/identity/identity.go:100.51,102.3 1 0
github.com/divyo-argha/git-user/internal/identity/identity.go:104.2,111.22 2 0
github.com/divyo-argha/git-user/internal/identity/identity.go:114.42,116.2 1 1
github.com/divyo-argha/git-user/internal/identity/identity.go:118.50,120.2 1 0
github.com/divyo-argha/git-user/internal/identity/identity.go:122.43,133.22 6 1
github.com/divyo-argha/git-user/internal/identity/identity.go:133.22,135.3 1 1
github.com/divyo-argha/git-user/internal/identity/identity.go:137.2,138.12 2 1
github.com/divyo-argha/git-user/internal/identity/identity.go:141.43,142.28 1 0
github.com/divyo-argha/git-user/internal/identity/identity.go:142.28,146.3 3 0
github.com/divyo-argha/git-user/internal/identity/identity.go:148.2,150.49 2 0
github.com/divyo-argha/git-user/internal/identity/identity.go:150.49,151.66 1 0
github.com/divyo-argha/git-user/internal/identity/identity.go:151.66,153.4 1 0
github.com/divyo-argha/git-user/internal/identity/identity.go:156.2,156.31 1 0
github.com/divyo-argha/git-user/internal/identity/identity.go:156.31,157.64 1 0
github.com/divyo-argha/git-user/internal/identity/identity.go:157.64,159.4 1 0
github.com/divyo-argha/git-user/internal/identity/identity.go:160.8,161.47 1 0
github.com/divyo-argha/git-user/internal/identity/identity.go:161.48,162.4 0 0
github.com/divyo-argha/git-user/internal/identity/identity.go:165.2,165.51 1 0
github.com/divyo-argha/git-user/internal/identity/identity.go:165.51,167.18 2 0
github.com/divyo-argha/git-user/internal/identity/identity.go:167.18,175.4 1 0
github.com/divyo-argha/git-user/internal/identity/identity.go:176.8,178.3 1 0
github.com/divyo-argha/git-user/internal/identity/identity.go:180.2,182.12 2 0
github.com/divyo-argha/git-user/internal/identity/identity.go:185.54,186.21 1 0
github.com/divyo-argha/git-user/internal/identity/identity.go:186.21,188.3 1 0
github.com/divyo-argha/git-user/internal/identity/identity.go:190.2,190.65 1 0
github.com/divyo-argha/git-user/internal/identity/identity.go:190.65,192.3 1 0
github.com/divyo-argha/git-user/internal/identity/identity.go:194.2,194.27 1 0
github.com/divyo-argha/git-user/internal/identity/identity.go:194.27,195.59 1 0
github.com/divyo-argha/git-user/internal/identity/identity.go:195.59,197.4 1 0
github.com/divyo-argha/git-user/internal/identity/identity.go:200.2,202.36 2 0
github.com/divyo-argha/git-user/internal/identity/identity.go:202.36,203.65 1 0
github.com/divyo-argha/git-user/internal/identity/identity.go:203.65,205.4 1 0
github.com/divyo-argha/git-user/internal/identity/identity.go:206.3,206.52 1 0
github.com/divyo-argha/git-user/internal/identity/identity.go:206.52,208.4 1 0
github.com/divyo-argha/git-user/internal/identity/identity.go:211.2,211.12 1 0
github.com/divyo-argha/git-user/internal/identity/identity.go:214.49,216.2 1 0
github.com/divyo-argha/git-user/internal/identity/identity.go:218.40,220.16 2 0
github.com/divyo-argha/git-user/internal/identity/identity.go:220.16,222.3 1 0
github.com/divyo-argha/git-user/internal/identity/identity.go:223.2,224.12 2 0
github.com/divyo-argha/git-user/internal/identity/orphan.go:25.58,29.2 1 1
github.com/divyo-argha/git-user/internal/identity/orphan.go:32.57,35.16 2 1
github.com/divyo-argha/git-user/internal/identity/orphan.go:35.16,37.3 1 0
github.com/divyo-argha/git-user/internal/identity/orphan.go:39.2,42.40 3 1
github.com/divyo-argha/git-user/internal/identity/orphan.go:42.40,44.58 1 1
github.com/divyo-argha/git-user/internal/identity/orphan.go:44.58,47.12 1 1
github.com/divyo-argha/git-user/internal/identity/orphan.go:51.3,57.39 3 1
github.com/divyo-argha/git-user/internal/identity/orphan.go:57.39,65.4 1 1
github.com/divyo-argha/git-user/internal/identity/orphan.go:68.2,68.21 1 1
github.com/divyo-argha/git-user/internal/identity/orphan.go:72.71,75.33 2 1
github.com/divyo-argha/git-user/internal/identity/orphan.go:75.33,77.61 1 1
github.com/divyo-argha/git-user/internal/identity/orphan.go:77.61,79.12 2 0
github.com/divyo-argha/git-user/internal/identity/orphan.go:83.3,83.74 1 1
github.com/divyo-argha/git-user/internal/identity/orphan.go:83.74,85.4 1 0
github.com/divyo-argha/git-user/internal/identity/orphan.go:88.2,88.21 1 1
github.com/divyo-argha/git-user/internal/identity/orphan.go:88.21,90.3 1 0
github.com/divyo-argha/git-user/internal/identity/orphan.go:92.2,92.12 1 1
github.com/divyo-argha/git-user/internal/identity/orphan.go:96.37,97.14 1 1
github.com/divyo-argha/git-user/internal/identity/orphan.go:97.14,99.3 1 1
github.com/divyo-argha/git-user/internal/identity/orphan.go:102.2,103.16 2 1
github.com/divyo-argha/git-user/internal/identity/orphan.go:103.16,105.3 1 0
github.com/divyo-argha/git-user/internal/identity/orphan.go:108.2,109.16 2 1
github.com/divyo-argha/git-user/internal/identity/orphan.go:109.16,112.3 1 1
github.com/divyo-argha/git-user/internal/identity/orphan.go:114.2,114.13 1 1
github.com/divyo-argha/git-user/internal/identity/orphan.go:118.63,120.16 2 1
github.com/divyo-argha/git-user/internal/identity/orphan.go:120.16,122.3 1 0
github.com/divyo-argha/git-user/internal/identity/orphan.go:125.2,126.40 2 1
github.com/divyo-argha/git-user/internal/identity/orphan.go:126.40,127.50 1 1
github.com/divyo-argha/git-user/internal/identity/orphan.go:127.50,130.4 1 1
github.com/divyo-argha/git-user/internal/identity/orphan.go:134.2,134.44 1 1
github.com/divyo-argha/git-user/internal/identity/orphan.go:134.44,136.60 2 1
github.com/divyo-argha/git-user/internal/identity/orphan.go:136.60,138.4 1 0
github.com/divyo-argha/git-user/internal/identity/orphan.go:141.2,141.12 1 1
github.com/divyo-argha/git-user/internal/identity/secure.go:10.38,13.16 2 1
github.com/divyo-argha/git-user/internal/identity/secure.go:13.16,14.25 1 1
github.com/divyo-argha/git-user/internal/identity/secure.go:14.25,17.4 1 1
github.com/divyo-argha/git-user/internal/identity/secure.go:18.3,18.42 1 0
github.com/divyo-argha/git-user/internal/identity/secure.go:22.2,22.18 1 1
github.com/divyo-argha/git-user/internal/identity/secure.go:22.18,24.3 1 1
github.com/divyo-argha/git-user/internal/identity/secure.go:27.2,28.16 2 1
github.com/divyo-argha/git-user/internal/identity/secure.go:28.16,30.3 1 0
github.com/divyo-argha/git-user/internal/identity/secure.go:31.2,38.34 4 1
github.com/divyo-argha/git-user/internal/identity/secure.go:38.34,40.41 1 1
github.com/divyo-argha/git-user/internal/identity/secure.go:40.41,42.4 1 0
github.com/divyo-argha/git-user/internal/identity/secure.go:45.3,46.21 2 1
github.com/divyo-argha/git-user/internal/identity/secure.go:46.21,48.27 2 1
github.com/divyo-argha/git-user/internal/identity/secure.go:48.27,50.5 1 1
github.com/divyo-argha/git-user/internal/identity/secure.go:52.4,53.18 2 1
github.com/divyo-argha/git-user/internal/identity/secure.go:53.18,55.5 1 0
github.com/divyo-argha/git-user/internal/identity/secure.go:56.4,56.25 1 1
github.com/divyo-argha/git-user/internal/identity/secure.go:60.3,60.34 1 1
github.com/divyo-argha/git-user/internal/identity/secure.go:60.34,62.4 1 0
github.com/divyo-argha/git-user/internal/identity/secure.go:66.2,66.34 1 1
github.com/divyo-argha/git-user/internal/identity/secure.go:66.34,68.3 1 0
github.com/divyo-argha/git-user/internal/identity/secure.go:71.2,71.40 1 1
github.com/divyo-argha/git-user/internal/identity/secure.go:71.40,73.3 1 0
github.com/divyo-argha/git-user/internal/identity/secure.go:75.2,75.12 1 1
github.com/divyo-argha/git-user/internal/identity/secure.go:79.55,83.53 2 1
github.com/divyo-argha/git-user/internal/identity/secure.go:83.53,85.3 1 0
github.com/divyo-argha/git-user/internal/identity/secure.go:88.2,88.52 1 1
github.com/divyo-argha/git-user/internal/identity/secure.go:88.52,90.26 1 0
github.com/divyo-argha/git-user/internal/identity/secure.go:90.26,92.4 1 0
github.com/divyo-argha/git-user/internal/identity/secure.go:95.2,95.12 1 1
github.com/divyo-argha/git-user/internal/identity/snapshot.go:15.43,17.2 1 1
github.com/divyo-argha/git-user/internal/identity/state.go:26.62,28.16 2 1
github.com/divyo-argha/git-user/internal/identity/state.go:28.16,29.25 1 1
github.com/divyo-argha/git-user/internal/identity/state.go:29.25,35.4 1 1
github.com/divyo-argha/git-user/internal/identity/state.go:36.3,36.56 1 0
github.com/divyo-argha/git-user/internal/identity/state.go:39.2,40.53 2 1
github.com/divyo-argha/git-user/internal/identity/state.go:40.53,47.3 1 1
github.com/divyo-argha/git-user/internal/identity/state.go:49.2,49.20 1 1
github.com/divyo-argha/git-user/internal/identity/state.go:53.66,59.16 3 1
github.com/divyo-argha/git-user/internal/identity/state.go:59.16,61.3 1 0
github.com/divyo-argha/git-user/internal/identity/state.go:64.2,65.58 2 1
github.com/divyo-argha/git-user/internal/identity/state.go:65.58,67.3 1 0
github.com/divyo-argha/git-user/internal/identity/state.go:70.2,70.54 1 1
github.com/divyo-argha/git-user/internal/identity/state.go:70.54,73.3 2 0
github.com/divyo-argha/git-user/internal/identity/state.go:75.2,75.12 1 1
github.com/divyo-argha/git-user/internal/identity/state.go:79.66,81.16 2 1
github.com/divyo-argha/git-user/internal/identity/state.go:81.16,83.3 1 0
github.com/divyo-argha/git-user/internal/identity/state.go:86.2,87.44 2 1
github.com/divyo-argha/git-user/internal/identity/state.go:87.44,88.39 1 1
github.com/divyo-argha/git-user/internal/identity/state.go:88.39,91.9 3 1
github.com/divyo-argha/git-user/internal/identity/state.go:96.2,96.12 1 1
github.com/divyo-argha/git-user/internal/identity/state.go:96.12,98.3 1 1
github.com/divyo-argha/git-user/internal/identity/state.go:100.2,100.40 1 1
github.com/divyo-argha/git-user/internal/identity/state.go:104.58,106.16 2 1
github.com/divyo-argha/git-user/internal/identity/state.go:106.16,108.3 1 0
github.com/divyo-argha/git-user/internal/identity/state.go:111.2,112.40 2 1
github.com/divyo-argha/git-user/internal/identity/state.go:112.40,113.30 1 1
github.com/divyo-argha/git-user/internal/identity/state.go:113.30,115.4 1 1
github.com/divyo-argha/git-user/internal/identity/state.go:118.2,119.40 2 1
github.com/divyo-argha/git-user/internal/identity/temp.go:25.45,27.16 2 1
github.com/divyo-argha/git-user/internal/identity/temp.go:27.16,29.3 1 0
github.com/divyo-argha/git-user/internal/identity/temp.go:31.2,35.55 4 1
github.com/divyo-argha/git-user/internal/identity/temp.go:35.55,37.3 1 0
github.com/divyo-argha/git-user/internal/identity/temp.go:39.2,47.44 3 1
github.com/divyo-argha/git-user/internal/identity/temp.go:47.45,48.3 0 0
github.com/divyo-argha/git-user/internal/identity/temp.go:50.2,50.21 1 1
github.com/divyo-argha/git-user/internal/identity/temp.go:53.54,55.16 2 1
github.com/divyo-argha/git-user/internal/identity/temp.go:55.16,57.3 1 1
github.com/divyo-argha/git-user/internal/identity/temp.go:59.2,59.19 1 1
github.com/divyo-argha/git-user/internal/identity/temp.go:59.19,61.3 1 0
github.com/divyo-argha/git-user/internal/identity/temp.go:63.2,64.20 2 1
github.com/divyo-argha/git-user/internal/identity/temp.go:64.20,66.3 1 1
github.com/divyo-argha/git-user/internal/identity/temp.go:68.2,68.12 1 1
github.com/divyo-argha/git-user/internal/identity/temp.go:71.44,73.2 1 1
github.com/divyo-argha/git-user/internal/identity/temp.go:75.64,77.2 1 1
github.com/divyo-argha/git-user/internal/identity/temp.go:79.60,81.2 1 1
github.com/divyo-argha/git-user/internal/identity/temp.go:83.80,86.2 2 1
github.com/divyo-argha/git-user/internal/identity/temp.go:88.61,91.2 2 1
github.com/divyo-argha/git-user/internal/identity/temp.go:93.73,96.2 2 1
github.com/divyo-argha/git-user/internal/identity/temp.go:98.42,100.16 2 1
github.com/divyo-argha/git-user/internal/identity/temp.go:100.16,102.3 1 0
github.com/divyo-argha/git-user/internal/identity/temp.go:104.2,104.40 1 1
github.com/divyo-argha/git-user/internal/identity/temp.go:104.40,113.3 2 0
github.com/divyo-argha/git-user/internal/identity/temp.go:115.2,115.12 1 1
github.com/divyo-argha/git-user/internal/identity/temp.go:118.42,124.40 2 1
github.com/divyo-argha/git-user/internal/identity/temp.go:124.40,133.3 2 1
github.com/divyo-argha/git-user/internal/identity/temp.go:135.2,135.43 1 1
github.com/divyo-argha/git-user/internal/git/git.go:9.38,11.2 1 1
github.com/divyo-argha/git-user/internal/git/git.go:13.55,14.60 1 1
github.com/divyo-argha/git-user/internal/git/git.go:14.60,16.3 1 0
github.com/divyo-argha/git-user/internal/git/git.go:17.2,17.62 1 1
github.com/divyo-argha/git-user/internal/git/git.go:17.62,19.3 1 0
github.com/divyo-argha/git-user/internal/git/git.go:20.2,20.12 1 1
github.com/divyo-argha/git-user/internal/git/git.go:24.22,26.2 1 0
github.com/divyo-argha/git-user/internal/git/git.go:28.37,30.11 2 0
github.com/divyo-argha/git-user/internal/git/git.go:30.11,32.3 1 0
github.com/divyo-argha/git-user/internal/git/git.go:33.2,36.33 4 0
github.com/divyo-argha/git-user/internal/git/git.go:39.27,42.2 2 1
github.com/divyo-argha/git-user/internal/git/git.go:44.33,47.2 2 0
github.com/divyo-argha/git-user/internal/git/git.go:49.28,52.2 2 1
github.com/divyo-argha/git-user/internal/git/git.go:54.34,57.2 2 0
github.com/divyo-argha/git-user/internal/git/git.go:59.33,62.2 2 0
github.com/divyo-argha/git-user/internal/git/git.go:64.39,67.2 2 0
github.com/divyo-argha/git-user/internal/git/git.go:69.33,72.2 2 1
github.com/divyo-argha/git-user/internal/git/git.go:74.39,77.2 2 0
github.com/divyo-argha/git-user/internal/git/git.go:79.33,82.2 2 1
github.com/divyo-argha/git-user/internal/git/git.go:84.39,87.2 2 0
github.com/divyo-argha/git-user/internal/git/git.go:89.36,92.2 2 1
github.com/divyo-argha/git-user/internal/git/git.go:94.42,97.2 2 0
github.com/divyo-argha/git-user/internal/git/git.go:99.41,101.2 1 1
github.com/divyo-argha/git-user/internal/git/git.go:103.58,106.2 2 1
github.com/divyo-argha/git-user/internal/git/git.go:108.38,110.2 1 0
github.com/divyo-argha/git-user/internal/git/git.go:112.55,114.2 1 0
github.com/divyo-argha/git-user/internal/git/git.go:116.30,118.2 1 1
github.com/divyo-argha/git-user/internal/git/git.go:120.45,122.11 2 1
github.com/divyo-argha/git-user/internal/git/git.go:122.11,124.3 1 0
github.com/divyo-argha/git-user/internal/git/git.go:125.2,127.12 3 1
github.com/divyo-argha/git-user/internal/git/git.go:130.49,132.2 1 1
github.com/divyo-argha/git-user/internal/git/git.go:134.66,136.11 2 1
github.com/divyo-argha/git-user/internal/git/git.go:136.11,138.3 1 0
github.com/divyo-argha/git-user/internal/git/git.go:139.2,139.21 1 1
github.com/divyo-argha/git-user/internal/git/git.go:139.21,140.63 1 1
github.com/divyo-argha/git-user/internal/git/git.go:140.63,142.4 1 0
github.com/divyo-argha/git-user/internal/git/git.go:143.8,143.28 1 0
github.com/divyo-argha/git-user/internal/git/git.go:143.28,145.3 1 0
github.com/divyo-argha/git-user/internal/git/git.go:147.2,147.65 1 1
github.com/divyo-argha/git-user/internal/git/git.go:147.65,149.3 1 0
github.com/divyo-argha/git-user/internal/git/git.go:150.2,150.67 1 1
github.com/divyo-argha/git-user/internal/git/git.go:150.67,152.3 1 0
github.com/divyo-argha/git-user/internal/git/git.go:153.2,153.12 1 1
github.com/divyo-argha/git-user/internal/git/git.go:156.28,158.2 1 1
github.com/divyo-argha/git-user/internal/git/git.go:160.43,162.11 2 1
github.com/divyo-argha/git-user/internal/git/git.go:162.11,164.3 1 0
github.com/divyo-argha/git-user/internal/git/git.go:165.2,167.72 3 1
github.com/divyo-argha/git-user/internal/git/git.go:170.25,173.2 2 1
github.com/divyo-argha/git-user/internal/git/git.go:175.53,177.11 2 1
github.com/divyo-argha/git-user/internal/git/git.go:177.11,179.3 1 0
github.com/divyo-argha/git-user/internal/git/git.go:180.2,182.16 3 1
github.com/divyo-argha/git-user/internal/git/git.go:182.16,184.3 1 0
github.com/divyo-argha/git-user/internal/git/git.go:185.2,185.12 1 1
github.com/divyo-argha/git-user/internal/git/git.go:188.56,190.11 2 0
github.com/divyo-argha/git-user/internal/git/git.go:190.11,192.3 1 0
github.com/divyo-argha/git-user/internal/git/git.go:193.2,195.16 3 0
github.com/divyo-argha/git-user/internal/git/git.go:195.16,197.3 1 0
github.com/divyo-argha/git-user/internal/git/git.go:198.2,198.44 1 0
github.com/divyo-argha/git-user/internal/git/git.go:201.52,204.16 3 1
github.com/divyo-argha/git-user/internal/git/git.go:204.16,206.3 1 1
github.com/divyo-argha/git-user/internal/git/git.go:207.2,207.44 1 1
github.com/divyo-argha/git-user/internal/git/git.go:210.30,213.2 2 0
github.com/divyo-argha/git-user/internal/git/git.go:215.22,218.2 2 1
github.com/divyo-argha/git-user/internal/git/git.go:220.50,223.16 3 0
github.com/divyo-argha/git-user/internal/git/git.go:223.16,225.3 1 0
github.com/divyo-argha/git-user/internal/git/git.go:226.2,226.44 1 0
github.com/divyo-argha/git-user/internal/git/git.go:229.45,232.2 2 0
github.com/divyo-argha/git-user/internal/git/git.go:234.38,237.16 3 0
github.com/divyo-argha/git-user/internal/git/git.go:237.16,239.3 1 0
github.com/divyo-argha/git-user/internal/git/git.go:240.2,242.29 3 0
github.com/divyo-argha/git-user/internal/git/git.go:242.29,243.17 1 0
github.com/divyo-argha/git-user/internal/git/git.go:243.17,245.4 1 0
github.com/divyo-argha/git-user/internal/git/git.go:247.2,247.21 1 0
github.com/divyo-argha/git-user/internal/git/git.go:253.29,255.37 2 0
github.com/divyo-argha/git-user/internal/git/git.go:255.37,257.3 1 0
github.com/divyo-argha/git-user/internal/git/git.go:258.2,258.33 1 0
github.com/divyo-argha/git-user/internal/git/git.go:258.33,260.17 2 0
github.com/divyo-argha/git-user/internal/git/git.go:260.17,261.12 1 0
github.com/divyo-argha/git-user/internal/git/git.go:263.3,263.41 1 0
github.com/divyo-argha/git-user/internal/git/git.go:263.41,265.4 1 0
github.com/divyo-argha/git-user/internal/git/git.go:267.2,267.14 1 0
github.com/divyo-argha/git-user/internal/git/git.go:270.56,271.46 1 1
github.com/divyo-argha/git-user/internal/git/git.go:271.46,273.3 1 1
github.com/divyo-argha/git-user/internal/git/git.go:275.2,279.21 4 1
github.com/divyo-argha/git-user/internal/git/git.go:279.21,281.3 1 0
github.com/divyo-argha/git-user/internal/git/git.go:283.2,287.55 3 1
github.com/divyo-argha/git-user/internal/git/git.go:287.55,289.3 1 1
github.com/divyo-argha/git-user/internal/git/git.go:291.2,291.55 1 1
github.com/divyo-argha/git-user/internal/git/git.go:295.29,297.16 2 1
github.com/divyo-argha/git-user/internal/git/git.go:297.16,299.3 1 0
github.com/divyo-argha/git-user/internal/git/git.go:300.2,300.39 1 1
github.com/divyo-argha/git-user/internal/git/git.go:304.31,306.16 2 1
github.com/divyo-argha/git-user/internal/git/git.go:306.16,308.3 1 0
github.com/divyo-argha/git-user/internal/git/git.go:309.2,310.15 2 1
github.com/divyo-argha/git-user/internal/git/git.go:310.15,312.3 1 0
github.com/divyo-argha/git-user/internal/git/git.go:313.2,313.44 1 1
github.com/divyo-argha/git-user/logo/logo_small.go:17.39,19.2 1 1
github.com/divyo-argha/git-user/logo/logo_small.go:22.32,24.42 2 1
github.com/divyo-argha/git-user/logo/logo_small.go:24.42,25.36 1 1
github.com/divyo-argha/git-user/logo/logo_small.go:25.36,27.4 1 1
github.com/divyo-argha/git-user/logo/logo_small.go:29.2,29.12 1 1
github.com/divyo-argha/git-user/test/runner/main.go:20.13,36.16 9 0
github.com/divyo-argha/git-user/test/runner/main.go:36.16,39.3 2 0
github.com/divyo-argha/git-user/test/runner/main.go:40.2,42.36 2 0
github.com/divyo-argha/git-user/test/runner/main.go:42.36,45.3 2 0
github.com/divyo-argha/git-user/test/runner/main.go:47.2,63.21 8 0
github.com/divyo-argha/git-user/test/runner/main.go:63.21,67.108 2 0
github.com/divyo-argha/git-user/test/runner/main.go:67.108,68.38 1 0
github.com/divyo-argha/git-user/test/runner/main.go:68.38,70.5 1 0
github.com/divyo-argha/git-user/test/runner/main.go:73.3,73.74 1 0
github.com/divyo-argha/git-user/test/runner/main.go:73.74,75.4 1 0
github.com/divyo-argha/git-user/test/runner/main.go:78.3,78.68 1 0
github.com/divyo-argha/git-user/test/runner/main.go:78.68,82.44 4 0
github.com/divyo-argha/git-user/test/runner/main.go:82.44,84.5 1 0
github.com/divyo-argha/git-user/test/runner/main.go:84.10,86.5 1 0
github.com/divyo-argha/git-user/test/runner/main.go:87.4,92.6 1 0
github.com/divyo-argha/git-user/test/runner/main.go:93.9,93.77 1 0
github.com/divyo-argha/git-user/test/runner/main.go:93.77,102.4 3 0
github.com/divyo-argha/git-user/test/runner/main.go:102.9,102.77 1 0
github.com/divyo-argha/git-user/test/runner/main.go:102.77,110.4 2 0
github.com/divyo-argha/git-user/test/runner/main.go:113.2,118.51 4 0
github.com/divyo-argha/git-user/test/runner/main.go:118.51,121.17 3 0
github.com/divyo-argha/git-user/test/runner/main.go:121.17,123.34 2 0
github.com/divyo-argha/git-user/test/runner/main.go:123.34,125.42 2 0
github.com/divyo-argha/git-user/test/runner/main.go:125.42,127.25 2 0
github.com/divyo-argha/git-user/test/runner/main.go:127.25,129.7 1 0
github.com/divyo-argha/git-user/test/runner/main.go:136.2,140.29 4 0
github.com/divyo-argha/git-user/test/runner/main.go:140.29,146.22 3 0
github.com/divyo-argha/git-user/test/runner/main.go:147.15,149.60 2 0
github.com/divyo-argha/git-user/test/runner/main.go:150.15,152.34 2 0
github.com/divyo-argha/git-user/test/runner/main.go:153.15,155.46 2 0
github.com/divyo-argha/git-user/test/runner/main.go:158.3,160.68 2 0
github.com/divyo-argha/git-user/test/runner/main.go:163.2,165.26 2 0
github.com/divyo-argha/git-user/test/runner/main.go:165.26,168.34 3 0
github.com/divyo-argha/git-user/test/runner/main.go:168.34,170.4 1 0
github.com/divyo-argha/git-user/test/runner/main.go:173.2,178.45 5 0
github.com/divyo-argha/git-user/test/runner/main.go:178.45,182.3 3 0
github.com/divyo-argha/git-user/test/runner/main.go:182.8,186.3 3 0
github.com/divyo-argha/git-user/test/runner/main.go:189.46,191.20 2 1
github.com/divyo-argha/git-user/test/runner/main.go:191.20,193.3 1 1
github.com/divyo-argha/git-user/test/runner/main.go:194.2,194.45 1 1
github.com/divyo-argha/git-user/internal/tui/screens/confirm.go:20.68,27.2 1 1
github.com/divyo-argha/git-user/internal/tui/screens/confirm.go:29.34,29.48 1 0
github.com/divyo-argha/git-user/internal/tui/screens/confirm.go:31.34,31.54 1 0
github.com/divyo-argha/git-user/internal/tui/screens/confirm.go:33.38,33.67 1 0
github.com/divyo-argha/git-user/internal/tui/screens/confirm.go:35.62,36.27 1 1
github.com/divyo-argha/git-user/internal/tui/screens/confirm.go:37.18,38.71 1 1
github.com/divyo-argha/git-user/internal/tui/screens/confirm.go:38.71,39.29 1 0
github.com/divyo-argha/git-user/internal/tui/screens/confirm.go:39.29,41.5 1 0
github.com/divyo-argha/git-user/internal/tui/screens/confirm.go:43.3,43.23 1 1
github.com/divyo-argha/git-user/internal/tui/screens/confirm.go:45.32,46.16 1 1
github.com/divyo-argha/git-user/internal/tui/screens/confirm.go:48.33,49.16 1 1
github.com/divyo-argha/git-user/internal/tui/screens/confirm.go:51.17,52.29 1 1
github.com/divyo-argha/git-user/internal/tui/screens/confirm.go:52.29,54.5 1 1
github.com/divyo-argha/git-user/internal/tui/screens/confirm.go:56.17,57.29 1 0
github.com/divyo-argha/git-user/internal/tui/screens/confirm.go:57.29,59.5 1 0
github.com/divyo-argha/git-user/internal/tui/screens/confirm.go:61.22,62.29 1 1
github.com/divyo-argha/git-user/internal/tui/screens/confirm.go:62.29,64.5 1 1
github.com/divyo-argha/git-user/internal/tui/screens/confirm.go:66.22,67.22 1 0
github.com/divyo-argha/git-user/internal/tui/screens/confirm.go:70.2,70.15 1 1
github.com/divyo-argha/git-user/internal/tui/screens/confirm.go:73.50,77.16 3 0
github.com/divyo-argha/git-user/internal/tui/screens/confirm.go:77.16,79.3 1 0
github.com/divyo-argha/git-user/internal/tui/screens/confirm.go:80.2,80.19 1 0
github.com/divyo-argha/git-user/internal/tui/screens/confirm.go:80.19,82.3 1 0
github.com/divyo-argha/git-user/internal/tui/screens/confirm.go:84.2,85.16 2 0
github.com/divyo-argha/git-user/internal/tui/screens/confirm.go:85.16,87.3 1 0
github.com/divyo-argha/git-user/internal/tui/screens/confirm.go:88.2,88.30 1 0
github.com/divyo-argha/git-user/internal/tui/screens/confirm.go:88.30,90.3 1 0
github.com/divyo-argha/git-user/internal/tui/screens/confirm.go:92.2,100.19 7 0
github.com/divyo-argha/git-user/internal/tui/screens/confirm.go:100.19,103.3 2 0
github.com/divyo-argha/git-user/internal/tui/screens/confirm.go:103.8,106.3 2 0
github.com/divyo-argha/git-user/internal/tui/screens/confirm.go:108.2,115.17 6 0
github.com/divyo-argha/git-user/internal/tui/screens/confirm.go:115.17,117.3 1 0
github.com/divyo-argha/git-user/internal/tui/screens/confirm.go:118.2,119.48 2 0
github.com/divyo-argha/git-user/internal/tui/screens/confirm.go:119.48,123.3 3 0
github.com/divyo-argha/git-user/internal/tui/screens/confirm.go:125.2,125.20 1 0
github.com/divyo-argha/git-user/internal/tui/screens/dashboard.go:31.67,39.2 1 1
github.com/divyo-argha/git-user/internal/tui/screens/dashboard.go:41.36,41.50 1 0
github.com/divyo-argha/git-user/internal/tui/screens/dashboard.go:42.36,42.58 1 0
github.com/divyo-argha/git-user/internal/tui/screens/dashboard.go:43.40,45.2 1 0
github.com/divyo-argha/git-user/internal/tui/screens/dashboard.go:47.64,48.27 1 1
github.com/divyo-argha/git-user/internal/tui/screens/dashboard.go:49.24,52.16 3 0
github.com/divyo-argha/git-user/internal/tui/screens/dashboard.go:53.30,54.41 1 0
github.com/divyo-argha/git-user/internal/tui/screens/dashboard.go:54.41,57.4 2 0
github.com/divyo-argha/git-user/internal/tui/screens/dashboard.go:58.20,59.28 1 0
github.com/divyo-argha/git-user/internal/tui/screens/dashboard.go:60.18,61.26 1 1
github.com/divyo-argha/git-user/internal/tui/screens/dashboard.go:63.2,63.15 1 0
github.com/divyo-argha/git-user/internal/tui/screens/dashboard.go:66.74,67.20 1 0
github.com/divyo-argha/git-user/internal/tui/screens/dashboard.go:68.27,69.41 1 0
github.com/divyo-argha/git-user/internal/tui/screens/dashboard.go:69.41,70.18 1 0
github.com/divyo-argha/git-user/internal/tui/screens/dashboard.go:70.18,72.5 1 0
github.com/divyo-argha/git-user/internal/tui/screens/dashboard.go:72.10,74.5 1 0
github.com/divyo-argha/git-user/internal/tui/screens/dashboard.go:76.30,77.37 1 0
github.com/divyo-argha/git-user/internal/tui/screens/dashboard.go:77.37,79.4 1 0
github.com/divyo-argha/git-user/internal/tui/screens/dashboard.go:79.9,81.4 1 0
github.com/divyo-argha/git-user/internal/tui/screens/dashboard.go:82.32,83.37 1 0
github.com/divyo-argha/git-user/internal/tui/screens/dashboard.go:83.37,85.4 1 0
github.com/divyo-argha/git-user/internal/tui/screens/dashboard.go:85.9,87.4 1 0
github.com/divyo-argha/git-user/internal/tui/screens/dashboard.go:89.2,89.15 1 0
github.com/divyo-argha/git-user/internal/tui/screens/dashboard.go:92.70,93.22 1 1
github.com/divyo-argha/git-user/internal/tui/screens/dashboard.go:94.35,95.21 1 1
github.com/divyo-argha/git-user/internal/tui/screens/dashboard.go:96.19,99.122 1 0
github.com/divyo-argha/git-user/internal/tui/screens/dashboard.go:100.19,101.37 1 1
github.com/divyo-argha/git-user/internal/tui/screens/dashboard.go:101.37,103.4 1 1
github.com/divyo-argha/git-user/internal/tui/screens/dashboard.go:103.9,105.4 1 0
github.com/divyo-argha/git-user/internal/tui/screens/dashboard.go:106.16,107.37 1 0
github.com/divyo-argha/git-user/internal/tui/screens/dashboard.go:107.37,109.55 2 0
github.com/divyo-argha/git-user/internal/tui/screens/dashboard.go:109.55,110.30 1 0
github.com/divyo-argha/git-user/internal/tui/screens/dashboard.go:110.30,112.6 1 0
github.com/divyo-argha/git-user/internal/tui/screens/dashboard.go:115.31,116.32 1 1
github.com/divyo-argha/git-user/internal/tui/screens/dashboard.go:117.32,118.29 1 0
github.com/divyo-argha/git-user/internal/tui/screens/dashboard.go:119.29,120.37 1 0
github.com/divyo-argha/git-user/internal/tui/screens/dashboard.go:120.37,122.4 1 0
github.com/divyo-argha/git-user/internal/tui/screens/dashboard.go:122.9,124.4 1 0
github.com/divyo-argha/git-user/internal/tui/screens/dashboard.go:125.31,126.37 1 0
github.com/divyo-argha/git-user/internal/tui/screens/dashboard.go:126.37,128.4 1 0
github.com/divyo-argha/git-user/internal/tui/screens/dashboard.go:128.9,130.4 1 0
github.com/divyo-argha/git-user/internal/tui/screens/dashboard.go:131.21,132.25 1 1
github.com/divyo-argha/git-user/internal/tui/screens/dashboard.go:134.2,134.15 1 1
github.com/divyo-argha/git-user/internal/tui/screens/dashboard.go:138.58,139.36 1 1
github.com/divyo-argha/git-user/internal/tui/screens/dashboard.go:139.36,141.18 2 1
github.com/divyo-argha/git-user/internal/tui/screens/dashboard.go:141.18,143.4 1 0
github.com/divyo-argha/git-user/internal/tui/screens/dashboard.go:144.3,144.20 1 1
github.com/divyo-argha/git-user/internal/tui/screens/dashboard.go:144.20,145.29 1 0
github.com/divyo-argha/git-user/internal/tui/screens/dashboard.go:145.29,147.5 1 0
github.com/divyo-argha/git-user/internal/tui/screens/dashboard.go:149.3,150.18 2 1
github.com/divyo-argha/git-user/internal/tui/screens/dashboard.go:150.18,151.29 1 1
github.com/divyo-argha/git-user/internal/tui/screens/dashboard.go:151.29,155.5 1 1
github.com/divyo-argha/git-user/internal/tui/screens/dashboard.go:157.8,159.18 2 0
github.com/divyo-argha/git-user/internal/tui/screens/dashboard.go:159.18,161.4 1 0
github.com/divyo-argha/git-user/internal/tui/screens/dashboard.go:162.3,162.25 1 0
github.com/divyo-argha/git-user/internal/tui/screens/dashboard.go:162.25,164.4 1 0
github.com/divyo-argha/git-user/internal/tui/screens/dashboard.go:165.3,165.28 1 0
github.com/divyo-argha/git-user/internal/tui/screens/dashboard.go:165.28,167.4 1 0
github.com/divyo-argha/git-user/internal/tui/screens/dashboard.go:169.2,169.15 1 0
github.com/divyo-argha/git-user/internal/tui/screens/dashboard.go:172.52,175.33 2 0
github.com/divyo-argha/git-user/internal/tui/screens/dashboard.go:175.33,178.3 2 0
github.com/divyo-argha/git-user/internal/tui/screens/dashboard.go:181.2,185.20 3 0
github.com/divyo-argha/git-user/internal/tui/screens/dashboard.go:185.20,187.3 1 0
github.com/divyo-argha/git-user/internal/tui/screens/dashboard.go:189.2,193.36 4 0
github.com/divyo-argha/git-user/internal/tui/screens/dashboard.go:193.36,196.3 2 0
github.com/divyo-argha/git-user/internal/tui/screens/dashboard.go:196.8,199.3 2 0
github.com/divyo-argha/git-user/internal/tui/screens/dashboard.go:201.2,201.72 1 0
github.com/divyo-argha/git-user/internal/tui/screens/dashboard.go:204.64,205.36 1 0
github.com/divyo-argha/git-user/internal/tui/screens/dashboard.go:205.36,208.3 2 0
[...]
github.com/divyo-argha/git-user/internal/cli/switch.go:368.22,369.60 1 1
github.com/divyo-argha/git-user/internal/cli/switch.go:369.60,371.4 1 0
github.com/divyo-argha/git-user/internal/cli/switch.go:372.3,373.111 2 1
github.com/divyo-argha/git-user/internal/cli/switch.go:373.111,374.71 1 1
github.com/divyo-argha/git-user/internal/cli/switch.go:374.71,376.5 1 0
github.com/divyo-argha/git-user/internal/cli/switch.go:376.10,378.5 1 1
github.com/divyo-argha/git-user/internal/cli/switch.go:379.9,381.4 1 0
github.com/divyo-argha/git-user/internal/cli/switch.go:384.2,384.43 1 1
github.com/divyo-argha/git-user/internal/cli/switch.go:384.43,386.3 1 0
github.com/divyo-argha/git-user/internal/cli/switch.go:388.2,390.22 3 1
github.com/divyo-argha/git-user/internal/cli/switch.go:390.22,392.3 1 1
github.com/divyo-argha/git-user/internal/cli/switch.go:393.2,395.12 2 1
github.com/divyo-argha/git-user/internal/cli/switch.go:398.32,400.16 2 1
github.com/divyo-argha/git-user/internal/cli/switch.go:400.16,403.3 2 0
github.com/divyo-argha/git-user/internal/cli/switch.go:405.2,405.27 1 1
github.com/divyo-argha/git-user/internal/cli/switch.go:405.27,409.3 3 0
github.com/divyo-argha/git-user/internal/cli/switch.go:411.2,412.35 2 1
github.com/divyo-argha/git-user/internal/cli/switch.go:412.35,414.3 1 1
github.com/divyo-argha/git-user/internal/cli/switch.go:416.2,416.51 1 1
github.com/divyo-argha/git-user/internal/cli/switch.go:416.51,419.3 2 0
github.com/divyo-argha/git-user/internal/cli/switch.go:421.2,421.24 1 1
github.com/divyo-argha/git-user/internal/cli/switch.go:421.24,422.57 1 0
github.com/divyo-argha/git-user/internal/cli/switch.go:422.57,424.4 1 0
github.com/divyo-argha/git-user/internal/cli/switch.go:425.8,427.3 1 1
github.com/divyo-argha/git-user/internal/cli/switch.go:429.2,429.46 1 1
github.com/divyo-argha/git-user/internal/cli/switch.go:429.46,430.28 1 0
github.com/divyo-argha/git-user/internal/cli/switch.go:430.28,432.4 1 0
github.com/divyo-argha/git-user/internal/cli/switch.go:432.9,434.4 1 0
github.com/divyo-argha/git-user/internal/cli/switch.go:435.8,437.3 1 1
github.com/divyo-argha/git-user/internal/cli/switch.go:439.2,439.25 1 1
github.com/divyo-argha/git-user/internal/cli/switch.go:439.25,440.47 1 1
github.com/divyo-argha/git-user/internal/cli/switch.go:440.47,441.37 1 1
github.com/divyo-argha/git-user/internal/cli/switch.go:441.37,443.5 1 0
github.com/divyo-argha/git-user/internal/cli/switch.go:447.2,448.43 2 1
github.com/divyo-argha/git-user/internal/cli/switch.go:448.43,451.3 2 0
github.com/divyo-argha/git-user/internal/cli/switch.go:453.2,454.35 2 1
github.com/divyo-argha/git-user/internal/cli/switch.go:454.35,457.3 2 0
github.com/divyo-argha/git-user/internal/cli/switch.go:458.2,458.24 1 1
github.com/divyo-argha/git-user/internal/cli/switch.go:458.24,460.3 1 0
github.com/divyo-argha/git-user/internal/cli/switch.go:461.2,464.12 3 1
github.com/divyo-argha/git-user/internal/cli/switch.go:472.62,473.27 1 1
github.com/divyo-argha/git-user/internal/cli/switch.go:473.27,475.3 1 1
github.com/divyo-argha/git-user/internal/cli/switch.go:476.2,476.23 1 1
github.com/divyo-argha/git-user/internal/cli/switch.go:476.23,478.3 1 1
github.com/divyo-argha/git-user/internal/cli/switch.go:479.2,479.40 1 1
github.com/divyo-argha/git-user/internal/cli/sync.go:17.35,19.16 2 1
github.com/divyo-argha/git-user/internal/cli/sync.go:19.16,22.3 2 0
github.com/divyo-argha/git-user/internal/cli/sync.go:24.2,28.51 3 1
github.com/divyo-argha/git-user/internal/cli/sync.go:28.51,33.47 4 1
github.com/divyo-argha/git-user/internal/cli/sync.go:33.47,36.4 2 0
github.com/divyo-argha/git-user/internal/cli/sync.go:38.3,39.34 2 1
github.com/divyo-argha/git-user/internal/cli/sync.go:39.34,42.4 2 0
github.com/divyo-argha/git-user/internal/cli/sync.go:44.3,45.37 2 1
github.com/divyo-argha/git-user/internal/cli/sync.go:45.37,48.4 2 0
github.com/divyo-argha/git-user/internal/cli/sync.go:50.3,51.42 2 1
github.com/divyo-argha/git-user/internal/cli/sync.go:51.42,54.4 2 0
github.com/divyo-argha/git-user/internal/cli/sync.go:56.3,57.23 2 1
github.com/divyo-argha/git-user/internal/cli/sync.go:57.23,59.4 1 0
github.com/divyo-argha/git-user/internal/cli/sync.go:61.3,62.28 2 1
github.com/divyo-argha/git-user/internal/cli/sync.go:62.28,64.4 1 0
github.com/divyo-argha/git-user/internal/cli/sync.go:67.3,67.81 1 1
github.com/divyo-argha/git-user/internal/cli/sync.go:67.81,69.4 1 0
github.com/divyo-argha/git-user/internal/cli/sync.go:71.3,75.44 2 1
github.com/divyo-argha/git-user/internal/cli/sync.go:75.44,78.4 2 0
github.com/divyo-argha/git-user/internal/cli/sync.go:81.3,82.52 2 1
github.com/divyo-argha/git-user/internal/cli/sync.go:82.52,85.4 2 0
github.com/divyo-argha/git-user/internal/cli/sync.go:88.3,92.17 1 1
github.com/divyo-argha/git-user/internal/cli/sync.go:92.17,95.4 2 0
github.com/divyo-argha/git-user/internal/cli/sync.go:97.3,97.46 1 1
github.com/divyo-argha/git-user/internal/cli/sync.go:100.2,105.36 4 1
github.com/divyo-argha/git-user/internal/cli/sync.go:105.36,108.37 2 0
github.com/divyo-argha/git-user/internal/cli/sync.go:108.37,111.4 2 0
github.com/divyo-argha/git-user/internal/cli/sync.go:115.2,116.60 2 1
github.com/divyo-argha/git-user/internal/cli/sync.go:116.60,118.66 2 0
github.com/divyo-argha/git-user/internal/cli/sync.go:118.66,121.4 2 0
github.com/divyo-argha/git-user/internal/cli/sync.go:122.3,125.40 4 0
github.com/divyo-argha/git-user/internal/cli/sync.go:125.40,128.4 2 0
github.com/divyo-argha/git-user/internal/cli/sync.go:129.3,129.41 1 0
github.com/divyo-argha/git-user/internal/cli/sync.go:130.8,133.3 1 1
github.com/divyo-argha/git-user/internal/cli/sync.go:135.2,138.47 3 1
github.com/divyo-argha/git-user/internal/cli/sync.go:138.47,141.17 2 1
github.com/divyo-argha/git-user/internal/cli/sync.go:141.17,143.18 2 1
github.com/divyo-argha/git-user/internal/cli/sync.go:143.18,146.5 2 0
github.com/divyo-argha/git-user/internal/cli/sync.go:151.2,152.39 2 1
github.com/divyo-argha/git-user/internal/cli/sync.go:152.39,154.22 2 1
github.com/divyo-argha/git-user/internal/cli/sync.go:154.22,157.31 2 1
github.com/divyo-argha/git-user/internal/cli/sync.go:157.31,160.31 3 0
github.com/divyo-argha/git-user/internal/cli/sync.go:160.31,162.6 1 0
github.com/divyo-argha/git-user/internal/cli/sync.go:165.4,166.21 2 1
github.com/divyo-argha/git-user/internal/cli/sync.go:166.21,168.5 1 0
github.com/divyo-argha/git-user/internal/cli/sync.go:169.4,170.70 2 1
github.com/divyo-argha/git-user/internal/cli/sync.go:171.9,173.56 1 0
github.com/divyo-argha/git-user/internal/cli/sync.go:173.56,176.31 3 0
github.com/divyo-argha/git-user/internal/cli/sync.go:176.31,178.6 1 0
github.com/divyo-argha/git-user/internal/cli/sync.go:179.5,181.72 3 0
github.com/divyo-argha/git-user/internal/cli/sync.go:186.2,186.21 1 1
github.com/divyo-argha/git-user/internal/cli/sync.go:186.21,187.44 1 1
github.com/divyo-argha/git-user/internal/cli/sync.go:187.44,190.4 2 0
github.com/divyo-argha/git-user/internal/cli/sync.go:194.2,195.32 2 1
github.com/divyo-argha/git-user/internal/cli/sync.go:195.32,196.21 1 1
github.com/divyo-argha/git-user/internal/cli/sync.go:196.21,198.22 2 1
github.com/divyo-argha/git-user/internal/cli/sync.go:198.22,200.19 2 0
github.com/divyo-argha/git-user/internal/cli/sync.go:200.19,203.6 2 0
github.com/divyo-argha/git-user/internal/cli/sync.go:205.4,205.49 1 1
github.com/divyo-argha/git-user/internal/cli/sync.go:209.2,210.16 2 1
github.com/divyo-argha/git-user/internal/cli/sync.go:210.16,213.3 2 0
github.com/divyo-argha/git-user/internal/cli/sync.go:215.2,215.70 1 1
github.com/divyo-argha/git-user/internal/cli/sync.go:215.70,218.3 2 0
github.com/divyo-argha/git-user/internal/cli/sync.go:221.2,226.71 5 1
github.com/divyo-argha/git-user/internal/cli/sync.go:226.71,228.3 1 0
github.com/divyo-argha/git-user/internal/cli/sync.go:228.8,230.3 1 1
github.com/divyo-argha/git-user/internal/cli/sync.go:232.2,232.12 1 1
github.com/divyo-argha/git-user/internal/cli/sync.go:235.55,236.25 1 1
github.com/divyo-argha/git-user/internal/cli/sync.go:236.25,239.35 3 1
github.com/divyo-argha/git-user/internal/cli/sync.go:239.35,241.4 1 0
github.com/divyo-argha/git-user/internal/cli/sync.go:243.2,243.12 1 1
github.com/divyo-argha/git-user/internal/cli/sync.go:246.52,250.2 3 1
github.com/divyo-argha/git-user/internal/cli/tui.go:12.21,14.2 1 0
github.com/divyo-argha/git-user/internal/cli/tui.go:17.43,19.2 1 0
github.com/divyo-argha/git-user/internal/cli/tui.go:24.42,26.16 2 0
github.com/divyo-argha/git-user/internal/cli/tui.go:26.16,28.3 1 0
github.com/divyo-argha/git-user/internal/cli/tui.go:30.2,30.61 1 0
github.com/divyo-argha/git-user/internal/cli/tui.go:30.61,32.3 1 0
github.com/divyo-argha/git-user/internal/cli/tui.go:33.2,33.12 1 0
github.com/divyo-argha/git-user/internal/cli/tui.go:38.41,40.16 2 0
github.com/divyo-argha/git-user/internal/cli/tui.go:40.16,42.3 1 0
github.com/divyo-argha/git-user/internal/cli/tui.go:44.2,44.33 1 0
github.com/divyo-argha/git-user/internal/cli/tui.go:44.33,45.49 1 0
github.com/divyo-argha/git-user/internal/cli/tui.go:45.49,47.4 1 0
github.com/divyo-argha/git-user/internal/cli/tui.go:48.3,48.14 1 0
github.com/divyo-argha/git-user/internal/cli/tui.go:51.2,53.32 3 0
github.com/divyo-argha/git-user/internal/cli/tui.go:53.32,54.55 1 0
github.com/divyo-argha/git-user/internal/cli/tui.go:54.55,56.4 1 0
github.com/divyo-argha/git-user/internal/cli/tui.go:58.2,58.22 1 0
github.com/divyo-argha/git-user/internal/cli/tui.go:58.22,61.3 2 0
github.com/divyo-argha/git-user/internal/cli/tui.go:62.2,62.14 1 0
github.com/divyo-argha/git-user/internal/cli/update.go:20.24,22.16 2 0
github.com/divyo-argha/git-user/internal/cli/update.go:22.16,24.3 1 0
github.com/divyo-argha/git-user/internal/cli/update.go:26.2,26.66 1 0
github.com/divyo-argha/git-user/internal/cli/update.go:26.66,28.3 1 0
github.com/divyo-argha/git-user/internal/cli/update.go:31.2,31.28 1 0
github.com/divyo-argha/git-user/internal/cli/update.go:31.28,33.3 1 0
github.com/divyo-argha/git-user/internal/cli/update.go:35.2,42.16 6 0
github.com/divyo-argha/git-user/internal/cli/update.go:42.16,44.3 1 0
github.com/divyo-argha/git-user/internal/cli/update.go:45.2,54.68 3 0
github.com/divyo-argha/git-user/internal/cli/update.go:54.68,56.3 1 0
github.com/divyo-argha/git-user/internal/cli/update.go:59.2,59.55 1 0
github.com/divyo-argha/git-user/internal/cli/update.go:59.55,62.3 2 0
github.com/divyo-argha/git-user/internal/cli/update.go:65.2,70.25 5 0
github.com/divyo-argha/git-user/internal/cli/update.go:70.25,72.3 1 0
github.com/divyo-argha/git-user/internal/cli/update.go:74.2,75.23 2 0
github.com/divyo-argha/git-user/internal/cli/update.go:75.23,77.3 1 0
github.com/divyo-argha/git-user/internal/cli/update.go:80.2,81.39 2 0
github.com/divyo-argha/git-user/internal/cli/update.go:81.39,83.90 2 0
github.com/divyo-argha/git-user/internal/cli/update.go:83.90,85.9 2 0
github.com/divyo-argha/git-user/internal/cli/update.go:88.2,88.23 1 0
github.com/divyo-argha/git-user/internal/cli/update.go:88.23,90.3 1 0
github.com/divyo-argha/git-user/internal/cli/update.go:93.2,94.16 2 0
github.com/divyo-argha/git-user/internal/cli/update.go:94.16,96.3 1 0
github.com/divyo-argha/git-user/internal/cli/update.go:97.2,102.59 5 0
github.com/divyo-argha/git-user/internal/cli/update.go:102.59,104.3 1 0
github.com/divyo-argha/git-user/internal/cli/update.go:107.2,108.16 2 0
github.com/divyo-argha/git-user/internal/cli/update.go:108.16,110.3 1 0
github.com/divyo-argha/git-user/internal/cli/update.go:111.2,114.50 2 0
github.com/divyo-argha/git-user/internal/cli/update.go:114.50,116.3 1 0
github.com/divyo-argha/git-user/internal/cli/update.go:119.2,120.56 2 0
github.com/divyo-argha/git-user/internal/cli/update.go:120.56,122.3 1 0
github.com/divyo-argha/git-user/internal/cli/update.go:124.2,124.55 1 0
github.com/divyo-argha/git-user/internal/cli/update.go:124.55,128.3 2 0
github.com/divyo-argha/git-user/internal/cli/update.go:131.2,134.12 3 0
github.com/divyo-argha/git-user/internal/cli/update.go:137.43,142.16 4 0
github.com/divyo-argha/git-user/internal/cli/update.go:142.16,144.3 1 0
github.com/divyo-argha/git-user/internal/cli/update.go:145.2,148.28 2 0
github.com/divyo-argha/git-user/internal/cli/update.go:148.28,150.3 1 0
github.com/divyo-argha/git-user/internal/cli/update.go:152.2,153.16 2 0
github.com/divyo-argha/git-user/internal/cli/update.go:153.16,155.3 1 0
github.com/divyo-argha/git-user/internal/cli/update.go:156.2,159.12 3 0
github.com/divyo-argha/git-user/internal/cli/update.go:164.68,166.16 2 0
github.com/divyo-argha/git-user/internal/cli/update.go:166.16,168.3 1 0
github.com/divyo-argha/git-user/internal/cli/update.go:169.2,172.16 3 0
github.com/divyo-argha/git-user/internal/cli/update.go:172.16,174.3 1 0
github.com/divyo-argha/git-user/internal/cli/update.go:175.2,178.6 3 0
github.com/divyo-argha/git-user/internal/cli/update.go:178.6,180.20 2 0
github.com/divyo-argha/git-user/internal/cli/update.go:180.20,181.9 1 0
github.com/divyo-argha/git-user/internal/cli/update.go:183.3,183.17 1 0
github.com/divyo-argha/git-user/internal/cli/update.go:183.17,185.4 1 0
github.com/divyo-argha/git-user/internal/cli/update.go:188.3,188.44 1 0
github.com/divyo-argha/git-user/internal/cli/update.go:188.44,190.18 2 0
github.com/divyo-argha/git-user/internal/cli/update.go:190.18,192.5 1 0
github.com/divyo-argha/git-user/internal/cli/update.go:193.4,193.46 1 0
github.com/divyo-argha/git-user/internal/cli/update.go:193.46,197.5 3 0
github.com/divyo-argha/git-user/internal/cli/update.go:198.4,199.26 2 0
github.com/divyo-argha/git-user/internal/cli/update.go:203.2,203.69 1 0
github.com/divyo-argha/git-user/internal/cli/update.go:206.30,212.52 5 0
github.com/divyo-argha/git-user/internal/cli/update.go:212.52,217.92 3 0
github.com/divyo-argha/git-user/internal/cli/update.go:217.92,218.56 1 0
github.com/divyo-argha/git-user/internal/cli/update.go:218.56,221.5 2 0
github.com/divyo-argha/git-user/internal/cli/update.go:225.2,227.51 3 0
github.com/divyo-argha/git-user/internal/cli/update.go:227.51,231.3 3 0
github.com/divyo-argha/git-user/internal/cli/update.go:233.2,234.12 2 0
github.com/divyo-argha/git-user/internal/cli/update.go:237.41,243.2 2 1
github.com/divyo-argha/git-user/internal/cli/update.go:245.45,250.20 5 1
github.com/divyo-argha/git-user/internal/cli/update.go:250.20,252.3 1 1
github.com/divyo-argha/git-user/internal/cli/update.go:253.2,253.20 1 1
github.com/divyo-argha/git-user/internal/cli/update.go:253.20,255.3 1 1
github.com/divyo-argha/git-user/internal/cli/update.go:256.2,256.20 1 1
github.com/divyo-argha/git-user/internal/cli/update.go:256.20,258.57 2 1
github.com/divyo-argha/git-user/internal/cli/update.go:258.57,260.4 1 1
github.com/divyo-argha/git-user/internal/cli/update.go:261.3,261.37 1 1
github.com/divyo-argha/git-user/internal/cli/update.go:263.2,263.28 1 1
github.com/divyo-argha/git-user/internal/cli/update.go:266.60,270.18 3 1
github.com/divyo-argha/git-user/internal/cli/update.go:270.18,272.3 1 1
github.com/divyo-argha/git-user/internal/cli/update.go:273.2,273.18 1 1
github.com/divyo-argha/git-user/internal/cli/update.go:273.18,275.3 1 1
github.com/divyo-argha/git-user/internal/cli/update.go:276.2,276.20 1 1
github.com/divyo-argha/git-user/internal/cli/utils.go:16.34,18.2 1 1
github.com/divyo-argha/git-user/internal/cli/utils.go:20.55,30.30 2 1
github.com/divyo-argha/git-user/internal/cli/utils.go:30.30,32.20 2 1
github.com/divyo-argha/git-user/internal/cli/utils.go:32.20,34.4 1 1
github.com/divyo-argha/git-user/internal/cli/utils.go:35.3,38.20 3 1
github.com/divyo-argha/git-user/internal/cli/utils.go:38.20,40.4 1 1
github.com/divyo-argha/git-user/internal/cli/utils.go:41.3,43.36 3 1
github.com/divyo-argha/git-user/internal/cli/utils.go:43.36,44.37 1 1
github.com/divyo-argha/git-user/internal/cli/utils.go:44.37,46.5 1 1
github.com/divyo-argha/git-user/internal/cli/utils.go:50.2,50.57 1 0
github.com/divyo-argha/git-user/internal/cli/utils.go:53.37,54.35 1 1
github.com/divyo-argha/git-user/internal/cli/utils.go:54.35,57.3 2 1
github.com/divyo-argha/git-user/internal/cli/utils.go:58.2,58.13 1 1
github.com/divyo-argha/git-user/internal/cli/utils.go:64.76,68.65 3 1
github.com/divyo-argha/git-user/internal/cli/utils.go:68.65,70.3 1 0
github.com/divyo-argha/git-user/internal/cli/utils.go:72.2,72.44 1 1
github.com/divyo-argha/git-user/internal/cli/utils.go:72.44,74.45 2 0
github.com/divyo-argha/git-user/internal/cli/utils.go:74.45,76.4 1 0
github.com/divyo-argha/git-user/internal/cli/utils.go:77.3,77.22 1 0
github.com/divyo-argha/git-user/internal/cli/utils.go:80.2,82.22 3 1
github.com/divyo-argha/git-user/internal/cli/utils.go:82.22,84.3 1 1
github.com/divyo-argha/git-user/internal/cli/utils.go:84.8,90.3 5 1
github.com/divyo-argha/git-user/internal/cli/utils.go:92.2,92.34 1 1
github.com/divyo-argha/git-user/internal/cli/utils.go:92.34,94.3 1 0
github.com/divyo-argha/git-user/internal/cli/utils.go:95.2,97.22 2 1
github.com/divyo-argha/git-user/internal/cli/utils.go:97.22,98.73 1 1
github.com/divyo-argha/git-user/internal/cli/utils.go:98.73,100.4 1 0
github.com/divyo-argha/git-user/internal/cli/utils.go:100.9,103.4 2 1
github.com/divyo-argha/git-user/internal/cli/utils.go:104.8,106.3 1 1
github.com/divyo-argha/git-user/internal/cli/utils.go:108.2,109.16 2 1
github.com/divyo-argha/git-user/internal/cli/utils.go:109.16,111.3 1 0
github.com/divyo-argha/git-user/internal/cli/utils.go:113.2,120.29 7 1
github.com/divyo-argha/git-user/internal/cli/utils.go:120.29,122.3 1 1
github.com/divyo-argha/git-user/internal/cli/utils.go:123.2,137.60 13 1
github.com/divyo-argha/git-user/internal/cli/utils.go:137.60,141.3 3 0
github.com/divyo-argha/git-user/internal/cli/utils.go:141.8,143.3 1 1
github.com/divyo-argha/git-user/internal/cli/utils.go:145.2,145.21 1 1
github.com/divyo-argha/git-user/internal/cli/utils.go:150.52,151.29 1 1
github.com/divyo-argha/git-user/internal/cli/utils.go:151.29,153.3 1 1
github.com/divyo-argha/git-user/internal/cli/utils.go:154.2,157.16 4 0
github.com/divyo-argha/git-user/internal/cli/utils.go:157.16,160.18 3 0
github.com/divyo-argha/git-user/internal/cli/utils.go:160.18,162.4 1 0
github.com/divyo-argha/git-user/internal/cli/utils.go:163.3,163.16 1 0
github.com/divyo-argha/git-user/internal/cli/utils.go:165.2,165.23 1 0
github.com/divyo-argha/git-user/internal/cli/utils.go:168.27,169.12 1 1
github.com/divyo-argha/git-user/internal/cli/utils.go:169.12,171.3 1 1
github.com/divyo-argha/git-user/internal/cli/utils.go:172.2,172.14 1 0
github.com/divyo-argha/git-user/internal/cli/utils.go:175.60,177.16 2 1
github.com/divyo-argha/git-user/internal/cli/utils.go:177.16,179.3 1 1
github.com/divyo-argha/git-user/internal/cli/utils.go:180.2,180.16 1 1
github.com/divyo-argha/git-user/internal/cli/utils.go:180.16,183.91 3 1
github.com/divyo-argha/git-user/internal/cli/utils.go:183.91,185.41 2 1
github.com/divyo-argha/git-user/internal/cli/utils.go:185.41,186.78 1 0
github.com/divyo-argha/git-user/internal/cli/utils.go:186.78,188.6 1 0
github.com/divyo-argha/git-user/internal/cli/utils.go:188.11,191.6 2 0
github.com/divyo-argha/git-user/internal/cli/utils.go:194.8,196.3 1 1
github.com/divyo-argha/git-user/internal/cli/utils.go:199.63,201.30 2 1
github.com/divyo-argha/git-user/internal/cli/utils.go:201.30,203.3 1 0
github.com/divyo-argha/git-user/internal/cli/utils.go:205.2,205.99 1 1
github.com/divyo-argha/git-user/internal/cli/utils.go:205.99,207.3 1 0
github.com/divyo-argha/git-user/internal/cli/utils.go:209.2,209.22 1 1
github.com/divyo-argha/git-user/internal/cli/utils.go:209.22,212.17 3 1
github.com/divyo-argha/git-user/internal/cli/utils.go:212.17,215.4 2 0
github.com/divyo-argha/git-user/internal/cli/utils.go:216.3,216.49 1 1
github.com/divyo-argha/git-user/internal/cli/utils.go:216.49,219.4 2 0
github.com/divyo-argha/git-user/internal/cli/utils.go:222.2,222.72 1 1
github.com/divyo-argha/git-user/internal/cli/utils.go:222.72,224.3 1 0
github.com/divyo-argha/git-user/internal/cli/utils.go:224.8,226.3 1 1
