mode: set
github.com/divyo-argha/git-user/internal/bundle/bundle.go:41.72,43.16 2 1
github.com/divyo-argha/git-user/internal/bundle/bundle.go:43.16,45.3 1 0
github.com/divyo-argha/git-user/internal/bundle/bundle.go:47.2,48.58 2 1
github.com/divyo-argha/git-user/internal/bundle/bundle.go:48.58,50.3 1 0
github.com/divyo-argha/git-user/internal/bundle/bundle.go:52.2,53.16 2 1
github.com/divyo-argha/git-user/internal/bundle/bundle.go:53.16,55.3 1 0
github.com/divyo-argha/git-user/internal/bundle/bundle.go:57.2,58.16 2 1
github.com/divyo-argha/git-user/internal/bundle/bundle.go:58.16,60.3 1 0
github.com/divyo-argha/git-user/internal/bundle/bundle.go:61.2,62.16 2 1
github.com/divyo-argha/git-user/internal/bundle/bundle.go:62.16,64.3 1 0
github.com/divyo-argha/git-user/internal/bundle/bundle.go:66.2,67.59 2 1
github.com/divyo-argha/git-user/internal/bundle/bundle.go:67.59,69.3 1 0
github.com/divyo-argha/git-user/internal/bundle/bundle.go:71.2,77.17 6 1
github.com/divyo-argha/git-user/internal/bundle/bundle.go:81.66,82.30 1 1
github.com/divyo-argha/git-user/internal/bundle/bundle.go:82.30,84.3 1 1
github.com/divyo-argha/git-user/internal/bundle/bundle.go:86.2,90.16 4 1
github.com/divyo-argha/git-user/internal/bundle/bundle.go:90.16,92.3 1 0
github.com/divyo-argha/git-user/internal/bundle/bundle.go:94.2,95.16 2 1
github.com/divyo-argha/git-user/internal/bundle/bundle.go:95.16,97.3 1 0
github.com/divyo-argha/git-user/internal/bundle/bundle.go:98.2,99.16 2 1
github.com/divyo-argha/git-user/internal/bundle/bundle.go:99.16,101.3 1 0
github.com/divyo-argha/git-user/internal/bundle/bundle.go:103.2,103.33 1 1
github.com/divyo-argha/git-user/internal/bundle/bundle.go:103.33,105.3 1 0
github.com/divyo-argha/git-user/internal/bundle/bundle.go:106.2,110.16 4 1
github.com/divyo-argha/git-user/internal/bundle/bundle.go:110.16,112.3 1 1
github.com/divyo-argha/git-user/internal/bundle/bundle.go:114.2,115.50 2 1
github.com/divyo-argha/git-user/internal/bundle/bundle.go:115.50,117.3 1 0
github.com/divyo-argha/git-user/internal/bundle/bundle.go:118.2,118.26 1 1
github.com/divyo-argha/git-user/internal/ui/ui.go:83.19,85.16 2 1
github.com/divyo-argha/git-user/internal/ui/ui.go:85.16,87.3 1 0
github.com/divyo-argha/git-user/internal/ui/ui.go:88.2,88.45 1 1
github.com/divyo-argha/git-user/internal/ui/ui.go:92.18,106.2 3 0
github.com/divyo-argha/git-user/internal/ui/ui.go:109.26,111.2 1 1
github.com/divyo-argha/git-user/internal/ui/ui.go:114.43,116.2 1 1
github.com/divyo-argha/git-user/internal/ui/ui.go:119.23,121.2 1 1
github.com/divyo-argha/git-user/internal/ui/ui.go:124.23,126.2 1 1
github.com/divyo-argha/git-user/internal/ui/ui.go:129.24,131.2 1 1
github.com/divyo-argha/git-user/internal/ui/ui.go:134.41,136.2 1 1
github.com/divyo-argha/git-user/internal/ui/ui.go:139.32,141.2 1 1
github.com/divyo-argha/git-user/internal/ui/ui.go:144.36,146.2 1 1
github.com/divyo-argha/git-user/internal/ui/ui.go:149.72,154.12 4 1
github.com/divyo-argha/git-user/internal/ui/ui.go:154.12,158.3 3 1
github.com/divyo-argha/git-user/internal/ui/ui.go:160.2,161.16 2 1
github.com/divyo-argha/git-user/internal/ui/ui.go:161.16,165.3 1 1
github.com/divyo-argha/git-user/internal/ui/ui.go:167.2,174.18 2 1
github.com/divyo-argha/git-user/internal/ui/ui.go:174.18,176.3 1 1
github.com/divyo-argha/git-user/internal/ui/ui.go:178.2,178.40 1 1
github.com/divyo-argha/git-user/internal/ui/ui.go:182.46,185.18 3 1
github.com/divyo-argha/git-user/internal/ui/ui.go:185.18,187.3 1 1
github.com/divyo-argha/git-user/internal/ui/ui.go:191.25,193.2 1 1
github.com/divyo-argha/git-user/internal/ui/ui.go:196.25,198.2 1 1
github.com/divyo-argha/git-user/internal/ui/ui.go:201.16,203.2 1 1
github.com/divyo-argha/git-user/internal/ui/ui.go:206.29,208.2 1 1
github.com/divyo-argha/git-user/internal/ui/ui.go:211.43,212.21 1 0
github.com/divyo-argha/git-user/internal/ui/ui.go:212.21,214.3 1 0
github.com/divyo-argha/git-user/internal/ui/ui.go:215.2,218.16 4 0
github.com/divyo-argha/git-user/internal/ui/ui.go:218.16,220.3 1 0
github.com/divyo-argha/git-user/internal/ui/ui.go:221.2,221.37 1 0
github.com/divyo-argha/git-user/internal/ui/ui.go:233.37,235.2 1 1
github.com/divyo-argha/git-user/internal/ui/ui.go:237.63,238.27 1 0
github.com/divyo-argha/git-user/internal/ui/ui.go:239.18,240.23 1 0
github.com/divyo-argha/git-user/internal/ui/ui.go:241.29,243.22 2 0
github.com/divyo-argha/git-user/internal/ui/ui.go:244.18,245.20 1 0
github.com/divyo-argha/git-user/internal/ui/ui.go:245.20,247.5 1 0
github.com/divyo-argha/git-user/internal/ui/ui.go:248.20,249.35 1 0
github.com/divyo-argha/git-user/internal/ui/ui.go:249.35,251.5 1 0
github.com/divyo-argha/git-user/internal/ui/ui.go:252.16,254.22 2 0
github.com/divyo-argha/git-user/internal/ui/ui.go:257.2,257.15 1 0
github.com/divyo-argha/git-user/internal/ui/ui.go:260.36,268.32 7 1
github.com/divyo-argha/git-user/internal/ui/ui.go:268.32,269.20 1 1
github.com/divyo-argha/git-user/internal/ui/ui.go:269.20,271.4 1 1
github.com/divyo-argha/git-user/internal/ui/ui.go:271.9,273.4 1 1
github.com/divyo-argha/git-user/internal/ui/ui.go:275.2,276.19 2 1
github.com/divyo-argha/git-user/internal/ui/ui.go:280.58,281.21 1 0
github.com/divyo-argha/git-user/internal/ui/ui.go:281.21,283.3 1 0
github.com/divyo-argha/git-user/internal/ui/ui.go:284.2,292.16 4 0
github.com/divyo-argha/git-user/internal/ui/ui.go:292.16,294.3 1 0
github.com/divyo-argha/git-user/internal/ui/ui.go:296.2,297.16 2 0
github.com/divyo-argha/git-user/internal/ui/ui.go:297.16,299.3 1 0
github.com/divyo-argha/git-user/internal/ui/ui.go:301.2,301.22 1 0
github.com/divyo-argha/git-user/internal/ui/ui.go:305.53,306.22 1 0
github.com/divyo-argha/git-user/internal/ui/ui.go:306.22,308.3 1 0
github.com/divyo-argha/git-user/internal/ui/ui.go:309.2,311.17 3 0
github.com/divyo-argha/git-user/internal/ui/ui.go:311.17,313.3 1 0
github.com/divyo-argha/git-user/internal/ui/ui.go:315.2,324.16 4 0
github.com/divyo-argha/git-user/internal/ui/ui.go:324.16,326.3 1 0
github.com/divyo-argha/git-user/internal/ui/ui.go:328.2,329.16 2 0
github.com/divyo-argha/git-user/internal/ui/ui.go:329.16,331.3 1 0
github.com/divyo-argha/git-user/internal/ui/ui.go:332.2,332.22 1 0
github.com/divyo-argha/git-user/internal/config/config.go:33.13,35.16 2 1
github.com/divyo-argha/git-user/internal/config/config.go:35.16,36.59 1 0
github.com/divyo-argha/git-user/internal/config/config.go:38.2,38.63 1 1
github.com/divyo-argha/git-user/internal/config/config.go:41.26,41.47 1 1
github.com/divyo-argha/git-user/internal/config/config.go:43.33,43.54 1 1
github.com/divyo-argha/git-user/internal/config/config.go:45.29,47.16 2 1
github.com/divyo-argha/git-user/internal/config/config.go:47.16,48.37 1 1
github.com/divyo-argha/git-user/internal/config/config.go:48.37,50.4 1 1
github.com/divyo-argha/git-user/internal/config/config.go:51.3,51.52 1 0
github.com/divyo-argha/git-user/internal/config/config.go:54.2,55.49 2 1
github.com/divyo-argha/git-user/internal/config/config.go:55.49,57.3 1 0
github.com/divyo-argha/git-user/internal/config/config.go:58.2,58.16 1 1
github.com/divyo-argha/git-user/internal/config/config.go:61.27,63.47 2 1
github.com/divyo-argha/git-user/internal/config/config.go:63.47,65.3 1 0
github.com/divyo-argha/git-user/internal/config/config.go:67.2,68.16 2 1
github.com/divyo-argha/git-user/internal/config/config.go:68.16,70.3 1 0
github.com/divyo-argha/git-user/internal/config/config.go:72.2,73.16 2 1
github.com/divyo-argha/git-user/internal/config/config.go:73.16,75.3 1 0
github.com/divyo-argha/git-user/internal/config/config.go:76.2,78.43 2 1
github.com/divyo-argha/git-user/internal/config/config.go:78.43,82.3 3 0
github.com/divyo-argha/git-user/internal/config/config.go:83.2,83.36 1 1
github.com/divyo-argha/git-user/internal/config/config.go:83.36,86.3 2 0
github.com/divyo-argha/git-user/internal/config/config.go:87.2,87.48 1 1
github.com/divyo-argha/git-user/internal/config/config.go:87.48,90.3 2 0
github.com/divyo-argha/git-user/internal/config/config.go:91.2,91.55 1 1
github.com/divyo-argha/git-user/internal/config/config.go:91.55,94.3 2 0
github.com/divyo-argha/git-user/internal/config/config.go:95.2,95.12 1 1
github.com/divyo-argha/git-user/internal/config/config.go:98.45,99.25 1 1
github.com/divyo-argha/git-user/internal/config/config.go:99.25,100.30 1 1
github.com/divyo-argha/git-user/internal/config/config.go:100.30,102.4 1 1
github.com/divyo-argha/git-user/internal/config/config.go:104.2,104.12 1 1
github.com/divyo-argha/git-user/internal/config/config.go:108.47,110.2 1 1
github.com/divyo-argha/git-user/internal/config/config.go:113.49,114.28 1 1
github.com/divyo-argha/git-user/internal/config/config.go:114.28,115.23 1 0
github.com/divyo-argha/git-user/internal/config/config.go:115.23,117.4 1 0
github.com/divyo-argha/git-user/internal/config/config.go:119.2,119.14 1 1
github.com/divyo-argha/git-user/internal/config/config.go:122.51,123.31 1 1
github.com/divyo-argha/git-user/internal/config/config.go:123.31,125.3 1 0
github.com/divyo-argha/git-user/internal/config/config.go:126.2,126.25 1 1
github.com/divyo-argha/git-user/internal/config/config.go:126.25,128.3 1 1
github.com/divyo-argha/git-user/internal/config/config.go:129.2,129.27 1 1
github.com/divyo-argha/git-user/internal/config/config.go:129.27,131.3 1 0
github.com/divyo-argha/git-user/internal/config/config.go:132.2,133.12 2 1
github.com/divyo-argha/git-user/internal/config/config.go:136.59,137.29 1 1
github.com/divyo-argha/git-user/internal/config/config.go:137.29,139.3 1 0
github.com/divyo-argha/git-user/internal/config/config.go:140.2,140.33 1 1
github.com/divyo-argha/git-user/internal/config/config.go:140.33,142.3 1 1
github.com/divyo-argha/git-user/internal/config/config.go:143.2,144.28 2 1
github.com/divyo-argha/git-user/internal/config/config.go:144.28,145.21 1 1
github.com/divyo-argha/git-user/internal/config/config.go:145.21,147.4 1 0
github.com/divyo-argha/git-user/internal/config/config.go:149.2,150.23 2 1
github.com/divyo-argha/git-user/internal/config/config.go:150.23,152.3 1 1
github.com/divyo-argha/git-user/internal/config/config.go:153.2,153.12 1 1
github.com/divyo-argha/git-user/internal/config/config.go:156.57,158.14 2 1
github.com/divyo-argha/git-user/internal/config/config.go:158.14,160.3 1 0
github.com/divyo-argha/git-user/internal/config/config.go:161.2,161.20 1 1
github.com/divyo-argha/git-user/internal/config/config.go:161.20,163.3 1 0
github.com/divyo-argha/git-user/internal/config/config.go:164.2,165.12 2 1
github.com/divyo-argha/git-user/internal/config/config.go:168.56,170.14 2 1
github.com/divyo-argha/git-user/internal/config/config.go:170.14,172.3 1 0
github.com/divyo-argha/git-user/internal/config/config.go:173.2,174.12 2 1
github.com/divyo-argha/git-user/internal/config/config.go:177.47,178.29 1 1
github.com/divyo-argha/git-user/internal/config/config.go:178.29,180.3 1 0
github.com/divyo-argha/git-user/internal/config/config.go:181.2,182.12 2 1
github.com/divyo-argha/git-user/internal/config/config.go:185.37,186.21 1 0
github.com/divyo-argha/git-user/internal/config/config.go:186.21,188.3 1 0
github.com/divyo-argha/git-user/internal/config/config.go:189.2,189.30 1 0
github.com/divyo-argha/git-user/internal/config/config.go:194.66,195.23 1 0
github.com/divyo-argha/git-user/internal/config/config.go:195.23,197.3 1 0
github.com/divyo-argha/git-user/internal/config/config.go:198.2,202.3 1 0
github.com/divyo-argha/git-user/internal/git/git.go:9.38,10.53 1 1
github.com/divyo-argha/git-user/internal/git/git.go:10.53,12.3 1 0
github.com/divyo-argha/git-user/internal/git/git.go:13.2,13.55 1 1
github.com/divyo-argha/git-user/internal/git/git.go:13.55,15.3 1 0
github.com/divyo-argha/git-user/internal/git/git.go:16.2,16.12 1 1
github.com/divyo-argha/git-user/internal/git/git.go:20.22,24.2 3 0
github.com/divyo-argha/git-user/internal/git/git.go:26.27,29.2 2 1
github.com/divyo-argha/git-user/internal/git/git.go:31.28,34.2 2 1
github.com/divyo-argha/git-user/internal/git/git.go:36.33,39.2 2 0
github.com/divyo-argha/git-user/internal/git/git.go:41.41,44.2 2 1
github.com/divyo-argha/git-user/internal/git/git.go:46.38,48.2 1 0
github.com/divyo-argha/git-user/internal/git/git.go:50.30,54.2 3 1
github.com/divyo-argha/git-user/internal/git/git.go:56.25,59.2 2 1
github.com/divyo-argha/git-user/internal/git/git.go:61.41,64.16 3 1
github.com/divyo-argha/git-user/internal/git/git.go:64.16,66.3 1 0
github.com/divyo-argha/git-user/internal/git/git.go:67.2,67.12 1 1
github.com/divyo-argha/git-user/internal/git/git.go:70.44,73.16 3 1
github.com/divyo-argha/git-user/internal/git/git.go:73.16,75.3 1 0
github.com/divyo-argha/git-user/internal/git/git.go:76.2,76.44 1 1
github.com/divyo-argha/git-user/internal/git/git.go:79.22,82.2 2 1
github.com/divyo-argha/git-user/internal/git/git.go:84.50,87.16 3 0
github.com/divyo-argha/git-user/internal/git/git.go:87.16,89.3 1 0
github.com/divyo-argha/git-user/internal/git/git.go:90.2,90.44 1 0
github.com/divyo-argha/git-user/internal/git/git.go:93.45,96.2 2 0
github.com/divyo-argha/git-user/internal/git/git.go:98.38,101.16 3 0
github.com/divyo-argha/git-user/internal/git/git.go:101.16,103.3 1 0
github.com/divyo-argha/git-user/internal/git/git.go:104.2,106.29 3 0
github.com/divyo-argha/git-user/internal/git/git.go:106.29,107.17 1 0
github.com/divyo-argha/git-user/internal/git/git.go:107.17,109.4 1 0
github.com/divyo-argha/git-user/internal/git/git.go:111.2,111.21 1 0
github.com/divyo-argha/git-user/internal/git/git.go:114.56,115.46 1 1
github.com/divyo-argha/git-user/internal/git/git.go:115.46,117.3 1 1
github.com/divyo-argha/git-user/internal/git/git.go:119.2,123.21 4 1
github.com/divyo-argha/git-user/internal/git/git.go:123.21,125.3 1 0
github.com/divyo-argha/git-user/internal/git/git.go:127.2,130.55 3 1
github.com/divyo-argha/git-user/cmd/bind.go:14.35,17.33 2 1
github.com/divyo-argha/git-user/cmd/bind.go:17.33,18.18 1 1
github.com/divyo-argha/git-user/cmd/bind.go:19.20,20.23 1 1
github.com/divyo-argha/git-user/cmd/bind.go:20.23,23.5 2 1
github.com/divyo-argha/git-user/cmd/bind.go:24.11,25.18 1 1
github.com/divyo-argha/git-user/cmd/bind.go:29.2,29.16 1 1
github.com/divyo-argha/git-user/cmd/bind.go:29.16,32.3 2 1
github.com/divyo-argha/git-user/cmd/bind.go:34.2,35.16 2 1
github.com/divyo-argha/git-user/cmd/bind.go:35.16,38.3 2 0
github.com/divyo-argha/git-user/cmd/bind.go:40.2,41.17 2 1
github.com/divyo-argha/git-user/cmd/bind.go:41.17,44.3 2 1
github.com/divyo-argha/git-user/cmd/bind.go:46.2,46.22 1 1
github.com/divyo-argha/git-user/cmd/bind.go:46.22,48.3 1 1
github.com/divyo-argha/git-user/cmd/bind.go:50.2,51.53 2 1
github.com/divyo-argha/git-user/cmd/bind.go:51.53,54.3 2 1
github.com/divyo-argha/git-user/cmd/bind.go:56.2,58.57 2 1
github.com/divyo-argha/git-user/cmd/bind.go:58.57,61.3 2 0
github.com/divyo-argha/git-user/cmd/bind.go:63.2,63.43 1 1
github.com/divyo-argha/git-user/cmd/bind.go:63.43,66.3 2 0
github.com/divyo-argha/git-user/cmd/bind.go:68.2,70.27 2 1
github.com/divyo-argha/git-user/cmd/bind.go:70.27,72.52 2 1
github.com/divyo-argha/git-user/cmd/bind.go:72.52,74.4 1 0
github.com/divyo-argha/git-user/cmd/bind.go:74.9,76.4 1 1
github.com/divyo-argha/git-user/cmd/bind.go:79.2,79.12 1 1
github.com/divyo-argha/git-user/cmd/bind.go:82.73,91.28 4 1
github.com/divyo-argha/git-user/cmd/bind.go:91.28,94.3 2 1
github.com/divyo-argha/git-user/cmd/bind.go:96.2,98.13 2 1
github.com/divyo-argha/git-user/cmd/bind.go:99.9,104.51 4 0
github.com/divyo-argha/git-user/cmd/bind.go:104.51,107.4 2 0
github.com/divyo-argha/git-user/cmd/bind.go:109.3,109.45 1 0
github.com/divyo-argha/git-user/cmd/bind.go:109.45,112.4 2 0
github.com/divyo-argha/git-user/cmd/bind.go:112.9,119.36 7 0
github.com/divyo-argha/git-user/cmd/bind.go:119.36,122.5 2 0
github.com/divyo-argha/git-user/cmd/bind.go:124.4,128.18 4 0
github.com/divyo-argha/git-user/cmd/bind.go:128.18,139.5 10 0
github.com/divyo-argha/git-user/cmd/bind.go:142.9,144.17 2 1
github.com/divyo-argha/git-user/cmd/bind.go:144.17,146.4 1 0
github.com/divyo-argha/git-user/cmd/bind.go:147.3,147.20 1 1
github.com/divyo-argha/git-user/cmd/bind.go:147.20,150.4 2 0
github.com/divyo-argha/git-user/cmd/bind.go:151.3,152.46 2 1
github.com/divyo-argha/git-user/cmd/bind.go:152.46,155.4 2 0
github.com/divyo-argha/git-user/cmd/bind.go:156.3,157.35 2 1
github.com/divyo-argha/git-user/cmd/bind.go:160.2,160.22 1 1
github.com/divyo-argha/git-user/cmd/bind.go:160.22,163.3 2 0
github.com/divyo-argha/git-user/cmd/bind.go:165.2,167.59 2 1
github.com/divyo-argha/git-user/cmd/bind.go:167.59,170.3 2 0
github.com/divyo-argha/git-user/cmd/bind.go:172.2,172.43 1 1
github.com/divyo-argha/git-user/cmd/bind.go:172.43,175.3 2 0
github.com/divyo-argha/git-user/cmd/bind.go:177.2,183.63 6 1
github.com/divyo-argha/git-user/cmd/bind.go:183.63,187.3 3 0
github.com/divyo-argha/git-user/cmd/bind.go:187.8,189.3 1 1
github.com/divyo-argha/git-user/cmd/bind.go:191.2,191.12 1 1
github.com/divyo-argha/git-user/cmd/completion.go:9.41,10.19 1 1
github.com/divyo-argha/git-user/cmd/completion.go:10.19,28.3 17 1
github.com/divyo-argha/git-user/cmd/completion.go:30.2,32.15 2 1
github.com/divyo-argha/git-user/cmd/completion.go:33.14,34.28 1 1
github.com/divyo-argha/git-user/cmd/completion.go:35.13,36.27 1 1
github.com/divyo-argha/git-user/cmd/completion.go:37.14,38.28 1 1
github.com/divyo-argha/git-user/cmd/completion.go:39.10,42.41 3 1
github.com/divyo-argha/git-user/cmd/completion.go:45.2,45.12 1 1
github.com/divyo-argha/git-user/cmd/current.go:12.35,14.16 2 1
github.com/divyo-argha/git-user/cmd/current.go:14.16,17.3 2 0
github.com/divyo-argha/git-user/cmd/current.go:19.2,20.14 2 1
github.com/divyo-argha/git-user/cmd/current.go:20.14,24.3 3 1
github.com/divyo-argha/git-user/cmd/current.go:26.2,28.28 3 1
github.com/divyo-argha/git-user/cmd/current.go:28.28,30.3 1 0
github.com/divyo-argha/git-user/cmd/current.go:30.8,32.3 1 1
github.com/divyo-argha/git-user/cmd/current.go:33.2,35.20 2 1
github.com/divyo-argha/git-user/cmd/current.go:35.20,37.3 1 0
github.com/divyo-argha/git-user/cmd/current.go:39.2,42.46 3 1
github.com/divyo-argha/git-user/cmd/current.go:42.46,46.3 3 1
github.com/divyo-argha/git-user/cmd/current.go:48.2,48.12 1 1
github.com/divyo-argha/git-user/cmd/doctor.go:16.37,24.16 6 1
github.com/divyo-argha/git-user/cmd/doctor.go:24.16,27.3 2 0
github.com/divyo-argha/git-user/cmd/doctor.go:27.8,27.32 1 1
github.com/divyo-argha/git-user/cmd/doctor.go:27.32,31.3 3 1
github.com/divyo-argha/git-user/cmd/doctor.go:31.8,33.18 2 1
github.com/divyo-argha/git-user/cmd/doctor.go:33.18,36.4 2 0
github.com/divyo-argha/git-user/cmd/doctor.go:36.9,43.55 5 1
github.com/divyo-argha/git-user/cmd/doctor.go:43.55,47.5 3 1
github.com/divyo-argha/git-user/cmd/doctor.go:47.10,47.64 1 1
github.com/divyo-argha/git-user/cmd/doctor.go:47.64,51.5 3 0
github.com/divyo-argha/git-user/cmd/doctor.go:51.10,53.5 1 1
github.com/divyo-argha/git-user/cmd/doctor.go:55.4,55.25 1 1
github.com/divyo-argha/git-user/cmd/doctor.go:55.25,58.27 3 1
github.com/divyo-argha/git-user/cmd/doctor.go:58.27,62.6 3 1
github.com/divyo-argha/git-user/cmd/doctor.go:62.11,62.26 1 1
github.com/divyo-argha/git-user/cmd/doctor.go:62.26,65.6 2 0
github.com/divyo-argha/git-user/cmd/doctor.go:65.11,66.35 1 1
github.com/divyo-argha/git-user/cmd/doctor.go:66.35,68.23 2 1
github.com/divyo-argha/git-user/cmd/doctor.go:68.23,72.8 3 0
github.com/divyo-argha/git-user/cmd/doctor.go:72.13,74.8 1 1
github.com/divyo-argha/git-user/cmd/doctor.go:75.12,77.7 1 0
github.com/divyo-argha/git-user/cmd/doctor.go:79.6,80.68 2 1
github.com/divyo-argha/git-user/cmd/doctor.go:80.68,88.7 7 0
github.com/divyo-argha/git-user/cmd/doctor.go:88.12,90.7 1 1
github.com/divyo-argha/git-user/cmd/doctor.go:92.10,96.5 3 1
github.com/divyo-argha/git-user/cmd/doctor.go:100.2,101.24 2 1
github.com/divyo-argha/git-user/cmd/doctor.go:101.24,104.3 2 0
github.com/divyo-argha/git-user/cmd/doctor.go:104.8,107.3 2 1
github.com/divyo-argha/git-user/cmd/doctor.go:109.2,110.55 2 1
github.com/divyo-argha/git-user/cmd/doctor.go:110.55,114.3 3 0
github.com/divyo-argha/git-user/cmd/doctor.go:114.8,116.3 1 1
github.com/divyo-argha/git-user/cmd/doctor.go:118.2,121.52 4 1
github.com/divyo-argha/git-user/cmd/doctor.go:121.52,122.29 1 1
github.com/divyo-argha/git-user/cmd/doctor.go:122.29,123.46 1 1
github.com/divyo-argha/git-user/cmd/doctor.go:123.46,126.5 2 1
github.com/divyo-argha/git-user/cmd/doctor.go:130.2,130.20 1 1
github.com/divyo-argha/git-user/cmd/doctor.go:130.20,133.37 3 1
github.com/divyo-argha/git-user/cmd/doctor.go:133.37,135.35 2 1
github.com/divyo-argha/git-user/cmd/doctor.go:135.35,137.57 2 1
github.com/divyo-argha/git-user/cmd/doctor.go:137.57,138.19 1 0
github.com/divyo-argha/git-user/cmd/doctor.go:138.19,141.7 2 0
github.com/divyo-argha/git-user/cmd/doctor.go:142.6,142.51 1 0
github.com/divyo-argha/git-user/cmd/doctor.go:145.4,145.16 1 1
github.com/divyo-argha/git-user/cmd/doctor.go:145.16,148.5 2 0
github.com/divyo-argha/git-user/cmd/doctor.go:148.10,150.5 1 1
github.com/divyo-argha/git-user/cmd/doctor.go:154.2,156.17 3 1
github.com/divyo-argha/git-user/cmd/doctor.go:156.17,158.3 1 1
github.com/divyo-argha/git-user/cmd/doctor.go:158.8,160.3 1 1
github.com/divyo-argha/git-user/cmd/doctor.go:162.2,162.12 1 1
github.com/divyo-argha/git-user/cmd/edit.go:11.35,12.19 1 1
github.com/divyo-argha/git-user/cmd/edit.go:12.19,15.3 2 1
github.com/divyo-argha/git-user/cmd/edit.go:17.2,20.29 3 1
github.com/divyo-argha/git-user/cmd/edit.go:20.29,23.3 2 1
github.com/divyo-argha/git-user/cmd/edit.go:25.2,26.16 2 1
github.com/divyo-argha/git-user/cmd/edit.go:26.16,29.3 2 0
github.com/divyo-argha/git-user/cmd/edit.go:31.2,31.34 1 1
github.com/divyo-argha/git-user/cmd/edit.go:31.34,34.3 2 1
github.com/divyo-argha/git-user/cmd/edit.go:36.2,36.57 1 1
github.com/divyo-argha/git-user/cmd/edit.go:36.57,39.3 2 1
github.com/divyo-argha/git-user/cmd/edit.go:42.2,42.27 1 1
github.com/divyo-argha/git-user/cmd/edit.go:42.27,44.52 2 1
github.com/divyo-argha/git-user/cmd/edit.go:44.52,47.4 2 0
github.com/divyo-argha/git-user/cmd/edit.go:48.3,48.78 1 1
github.com/divyo-argha/git-user/cmd/edit.go:51.2,51.43 1 1
github.com/divyo-argha/git-user/cmd/edit.go:51.43,54.3 2 0
github.com/divyo-argha/git-user/cmd/edit.go:56.2,57.12 2 1
github.com/divyo-argha/git-user/cmd/export.go:14.37,15.20 1 1
github.com/divyo-argha/git-user/cmd/export.go:15.20,18.3 2 1
github.com/divyo-argha/git-user/cmd/export.go:20.2,21.16 2 1
github.com/divyo-argha/git-user/cmd/export.go:21.16,24.3 2 0
github.com/divyo-argha/git-user/cmd/export.go:25.2,25.27 1 1
github.com/divyo-argha/git-user/cmd/export.go:25.27,28.3 2 1
github.com/divyo-argha/git-user/cmd/export.go:31.2,32.24 2 1
github.com/divyo-argha/git-user/cmd/export.go:32.24,34.3 1 1
github.com/divyo-argha/git-user/cmd/export.go:34.8,35.29 1 1
github.com/divyo-argha/git-user/cmd/export.go:35.29,37.16 2 1
github.com/divyo-argha/git-user/cmd/export.go:37.16,40.5 2 1
github.com/divyo-argha/git-user/cmd/export.go:41.4,41.35 1 0
github.com/divyo-argha/git-user/cmd/export.go:45.2,51.16 6 1
github.com/divyo-argha/git-user/cmd/export.go:51.16,53.3 1 0
github.com/divyo-argha/git-user/cmd/export.go:54.2,55.16 2 1
github.com/divyo-argha/git-user/cmd/export.go:55.16,57.3 1 0
github.com/divyo-argha/git-user/cmd/export.go:58.2,58.27 1 1
github.com/divyo-argha/git-user/cmd/export.go:58.27,61.3 2 1
github.com/divyo-argha/git-user/cmd/export.go:62.2,62.22 1 1
github.com/divyo-argha/git-user/cmd/export.go:62.22,65.3 2 1
github.com/divyo-argha/git-user/cmd/export.go:67.2,68.29 2 1
github.com/divyo-argha/git-user/cmd/export.go:68.29,70.21 2 1
github.com/divyo-argha/git-user/cmd/export.go:70.21,73.4 2 1
github.com/divyo-argha/git-user/cmd/export.go:74.3,74.38 1 1
github.com/divyo-argha/git-user/cmd/export.go:77.2,79.16 3 1
github.com/divyo-argha/git-user/cmd/export.go:79.16,82.3 2 0
github.com/divyo-argha/git-user/cmd/export.go:84.2,86.63 3 1
github.com/divyo-argha/git-user/cmd/export.go:86.63,89.3 2 0
github.com/divyo-argha/git-user/cmd/export.go:91.2,94.32 4 1
github.com/divyo-argha/git-user/cmd/export.go:94.32,96.3 1 1
github.com/divyo-argha/git-user/cmd/export.go:97.2,100.12 4 1
github.com/divyo-argha/git-user/cmd/fixremote.go:11.40,12.24 1 1
github.com/divyo-argha/git-user/cmd/fixremote.go:12.24,15.3 2 0
github.com/divyo-argha/git-user/cmd/fixremote.go:17.2,17.21 1 1
github.com/divyo-argha/git-user/cmd/fixremote.go:17.21,20.3 2 1
github.com/divyo-argha/git-user/cmd/fixremote.go:22.2,23.37 2 1
github.com/divyo-argha/git-user/cmd/fixremote.go:23.37,26.3 2 0
github.com/divyo-argha/git-user/cmd/fixremote.go:28.2,29.33 2 1
github.com/divyo-argha/git-user/cmd/fixremote.go:29.33,31.17 2 1
github.com/divyo-argha/git-user/cmd/fixremote.go:31.17,32.12 1 0
github.com/divyo-argha/git-user/cmd/fixremote.go:35.3,35.42 1 1
github.com/divyo-argha/git-user/cmd/fixremote.go:35.42,36.12 1 0
github.com/divyo-argha/git-user/cmd/fixremote.go:39.3,40.10 2 1
github.com/divyo-argha/git-user/cmd/fixremote.go:40.10,42.12 2 0
github.com/divyo-argha/git-user/cmd/fixremote.go:45.3,45.58 1 1
github.com/divyo-argha/git-user/cmd/fixremote.go:45.58,47.12 2 0
github.com/divyo-argha/git-user/cmd/fixremote.go:50.3,51.14 2 1
github.com/divyo-argha/git-user/cmd/fixremote.go:54.2,54.20 1 1
github.com/divyo-argha/git-user/cmd/fixremote.go:54.20,56.3 1 0
github.com/divyo-argha/git-user/cmd/fixremote.go:56.8,60.3 3 1
github.com/divyo-argha/git-user/cmd/fixremote.go:62.2,62.12 1 1
github.com/divyo-argha/git-user/cmd/header.go:26.47,27.21 1 0
github.com/divyo-argha/git-user/cmd/header.go:28.14,29.33 1 0
github.com/divyo-argha/git-user/cmd/header.go:30.10,31.33 1 0
github.com/divyo-argha/git-user/cmd/header.go:37.51,39.16 2 0
github.com/divyo-argha/git-user/cmd/header.go:39.16,41.3 1 0
github.com/divyo-argha/git-user/cmd/header.go:41.8,43.3 1 0
github.com/divyo-argha/git-user/cmd/header.go:44.2,60.25 9 0
github.com/divyo-argha/git-user/cmd/header.go:60.25,61.41 1 0
github.com/divyo-argha/git-user/cmd/header.go:61.41,67.4 1 0
github.com/divyo-argha/git-user/cmd/header.go:67.9,72.4 1 0
github.com/divyo-argha/git-user/cmd/header.go:73.8,78.3 1 0
github.com/divyo-argha/git-user/cmd/header.go:81.2,82.16 2 0
github.com/divyo-argha/git-user/cmd/header.go:82.16,87.74 5 0
github.com/divyo-argha/git-user/cmd/header.go:87.74,89.4 1 0
github.com/divyo-argha/git-user/cmd/header.go:90.3,94.5 1 0
github.com/divyo-argha/git-user/cmd/header.go:95.8,101.3 2 0
github.com/divyo-argha/git-user/cmd/header.go:104.2,105.16 2 0
github.com/divyo-argha/git-user/cmd/header.go:105.16,107.3 1 0
github.com/divyo-argha/git-user/cmd/header.go:108.2,114.3 2 0
github.com/divyo-argha/git-user/cmd/header.go:119.51,121.25 2 0
github.com/divyo-argha/git-user/cmd/header.go:121.25,122.41 1 0
github.com/divyo-argha/git-user/cmd/header.go:122.41,124.4 1 0
github.com/divyo-argha/git-user/cmd/header.go:126.2,126.15 1 0
github.com/divyo-argha/git-user/cmd/hook.go:14.35,15.19 1 0
github.com/divyo-argha/git-user/cmd/hook.go:15.19,24.3 8 0
github.com/divyo-argha/git-user/cmd/hook.go:26.2,28.20 2 0
github.com/divyo-argha/git-user/cmd/hook.go:29.17,30.23 1 0
github.com/divyo-argha/git-user/cmd/hook.go:31.19,32.25 1 0
github.com/divyo-argha/git-user/cmd/hook.go:33.15,34.25 1 0
github.com/divyo-argha/git-user/cmd/hook.go:35.10,37.42 2 0
github.com/divyo-argha/git-user/cmd/hook.go:41.26,42.21 1 1
github.com/divyo-argha/git-user/cmd/hook.go:42.21,45.3 2 0
github.com/divyo-argha/git-user/cmd/hook.go:48.2,50.16 3 1
github.com/divyo-argha/git-user/cmd/hook.go:50.16,53.3 2 0
github.com/divyo-argha/git-user/cmd/hook.go:54.2,60.45 4 1
github.com/divyo-argha/git-user/cmd/hook.go:60.45,62.23 2 0
github.com/divyo-argha/git-user/cmd/hook.go:62.23,68.40 5 0
github.com/divyo-argha/git-user/cmd/hook.go:68.40,71.5 2 0
github.com/divyo-argha/git-user/cmd/hook.go:76.2,76.52 1 1
github.com/divyo-argha/git-user/cmd/hook.go:76.52,79.3 2 0
github.com/divyo-argha/git-user/cmd/hook.go:82.2,90.74 2 1
github.com/divyo-argha/git-user/cmd/hook.go:90.74,93.3 2 0
github.com/divyo-argha/git-user/cmd/hook.go:95.2,99.12 4 1
github.com/divyo-argha/git-user/cmd/hook.go:102.28,103.21 1 1
github.com/divyo-argha/git-user/cmd/hook.go:103.21,106.3 2 0
github.com/divyo-argha/git-user/cmd/hook.go:108.2,110.16 3 1
github.com/divyo-argha/git-user/cmd/hook.go:110.16,113.3 2 0
github.com/divyo-argha/git-user/cmd/hook.go:114.2,120.16 4 1
github.com/divyo-argha/git-user/cmd/hook.go:120.16,121.25 1 0
github.com/divyo-argha/git-user/cmd/hook.go:121.25,124.4 2 0
github.com/divyo-argha/git-user/cmd/hook.go:125.3,126.13 2 0
github.com/divyo-argha/git-user/cmd/hook.go:130.2,131.147 1 1
github.com/divyo-argha/git-user/cmd/hook.go:131.147,132.45 1 1
github.com/divyo-argha/git-user/cmd/hook.go:132.45,135.4 2 0
github.com/divyo-argha/git-user/cmd/hook.go:136.3,136.40 1 1
github.com/divyo-argha/git-user/cmd/hook.go:137.8,140.3 2 0
github.com/divyo-argha/git-user/cmd/hook.go:142.2,142.12 1 1
github.com/divyo-argha/git-user/cmd/hook.go:145.28,147.16 2 1
github.com/divyo-argha/git-user/cmd/hook.go:147.16,150.3 2 0
github.com/divyo-argha/git-user/cmd/hook.go:152.2,152.25 1 1
github.com/divyo-argha/git-user/cmd/hook.go:152.25,156.3 3 1
github.com/divyo-argha/git-user/cmd/hook.go:158.2,159.17 2 0
github.com/divyo-argha/git-user/cmd/hook.go:159.17,162.3 2 0
github.com/divyo-argha/git-user/cmd/hook.go:165.2,166.28 2 0
github.com/divyo-argha/git-user/cmd/hook.go:166.28,172.3 5 0
github.com/divyo-argha/git-user/cmd/hook.go:175.2,175.12 1 0
github.com/divyo-argha/git-user/cmd/import.go:13.37,14.19 1 1
github.com/divyo-argha/git-user/cmd/import.go:14.19,17.3 2 1
github.com/divyo-argha/git-user/cmd/import.go:18.2,21.16 3 1
github.com/divyo-argha/git-user/cmd/import.go:21.16,24.3 2 1
github.com/divyo-argha/git-user/cmd/import.go:26.2,27.16 2 1
github.com/divyo-argha/git-user/cmd/import.go:27.16,29.3 1 0
github.com/divyo-argha/git-user/cmd/import.go:31.2,33.16 3 1
github.com/divyo-argha/git-user/cmd/import.go:33.16,36.3 2 1
github.com/divyo-argha/git-user/cmd/import.go:38.2,39.16 2 1
github.com/divyo-argha/git-user/cmd/import.go:39.16,42.3 2 0
github.com/divyo-argha/git-user/cmd/import.go:44.2,46.50 3 1
github.com/divyo-argha/git-user/cmd/import.go:46.50,49.3 2 0
github.com/divyo-argha/git-user/cmd/import.go:51.2,53.32 3 1
github.com/divyo-argha/git-user/cmd/import.go:53.32,54.37 1 1
github.com/divyo-argha/git-user/cmd/import.go:54.37,57.12 3 1
github.com/divyo-argha/git-user/cmd/import.go:60.3,60.58 1 1
github.com/divyo-argha/git-user/cmd/import.go:60.58,62.12 2 0
github.com/divyo-argha/git-user/cmd/import.go:65.3,65.29 1 1
github.com/divyo-argha/git-user/cmd/import.go:65.29,67.69 2 1
github.com/divyo-argha/git-user/cmd/import.go:67.69,69.13 2 0
github.com/divyo-argha/git-user/cmd/import.go:71.4,71.29 1 1
github.com/divyo-argha/git-user/cmd/import.go:71.29,73.5 1 1
github.com/divyo-argha/git-user/cmd/import.go:74.4,75.83 2 1
github.com/divyo-argha/git-user/cmd/import.go:76.9,78.4 1 0
github.com/divyo-argha/git-user/cmd/import.go:79.3,79.13 1 1
github.com/divyo-argha/git-user/cmd/import.go:82.2,82.43 1 1
github.com/divyo-argha/git-user/cmd/import.go:82.43,85.3 2 0
github.com/divyo-argha/git-user/cmd/import.go:87.2,88.18 2 1
github.com/divyo-argha/git-user/cmd/import.go:88.18,90.3 1 1
github.com/divyo-argha/git-user/cmd/import.go:91.2,91.17 1 1
github.com/divyo-argha/git-user/cmd/import.go:91.17,93.3 1 1
github.com/divyo-argha/git-user/cmd/import.go:94.2,94.12 1 1
github.com/divyo-argha/git-user/cmd/import_original.go:12.45,14.16 2 0
github.com/divyo-argha/git-user/cmd/import_original.go:14.16,17.3 2 0
github.com/divyo-argha/git-user/cmd/import_original.go:20.2,20.32 1 0
github.com/divyo-argha/git-user/cmd/import_original.go:20.32,21.29 1 0
github.com/divyo-argha/git-user/cmd/import_original.go:21.29,25.4 3 0
github.com/divyo-argha/git-user/cmd/import_original.go:30.2,31.27 2 0
github.com/divyo-argha/git-user/cmd/import_original.go:31.27,35.3 3 0
github.com/divyo-argha/git-user/cmd/import_original.go:35.8,39.3 3 0
github.com/divyo-argha/git-user/cmd/import_original.go:41.2,41.31 1 0
github.com/divyo-argha/git-user/cmd/import_original.go:41.31,44.3 2 0
github.com/divyo-argha/git-user/cmd/import_original.go:47.2,48.19 2 0
github.com/divyo-argha/git-user/cmd/import_original.go:48.19,50.3 1 0
github.com/divyo-argha/git-user/cmd/import_original.go:50.8,50.29 1 0
github.com/divyo-argha/git-user/cmd/import_original.go:50.29,53.43 3 0
github.com/divyo-argha/git-user/cmd/import_original.go:53.43,56.4 2 0
github.com/divyo-argha/git-user/cmd/import_original.go:59.2,59.39 1 0
github.com/divyo-argha/git-user/cmd/import_original.go:59.39,62.3 2 0
github.com/divyo-argha/git-user/cmd/import_original.go:64.2,64.17 1 0
github.com/divyo-argha/git-user/cmd/import_original.go:64.17,66.44 2 0
github.com/divyo-argha/git-user/cmd/import_original.go:66.44,69.4 2 0
github.com/divyo-argha/git-user/cmd/import_original.go:70.3,70.22 1 0
github.com/divyo-argha/git-user/cmd/import_original.go:74.2,86.43 4 0
github.com/divyo-argha/git-user/cmd/import_original.go:86.43,89.3 2 0
github.com/divyo-argha/git-user/cmd/import_original.go:91.2,94.18 4 0
github.com/divyo-argha/git-user/cmd/import_original.go:94.18,96.3 1 0
github.com/divyo-argha/git-user/cmd/import_original.go:97.2,101.12 4 0
github.com/divyo-argha/git-user/cmd/import_original.go:105.50,107.26 2 0
github.com/divyo-argha/git-user/cmd/import_original.go:107.26,108.36 1 0
github.com/divyo-argha/git-user/cmd/import_original.go:108.36,110.4 1 0
github.com/divyo-argha/git-user/cmd/import_original.go:112.2,112.11 1 0
github.com/divyo-argha/git-user/cmd/list.go:8.32,10.16 2 1
github.com/divyo-argha/git-user/cmd/list.go:10.16,13.3 2 0
github.com/divyo-argha/git-user/cmd/list.go:15.2,15.27 1 1
github.com/divyo-argha/git-user/cmd/list.go:15.27,19.3 3 1
github.com/divyo-argha/git-user/cmd/list.go:21.2,22.32 2 1
github.com/divyo-argha/git-user/cmd/list.go:22.32,24.3 1 1
github.com/divyo-argha/git-user/cmd/list.go:26.2,26.25 1 1
github.com/divyo-argha/git-user/cmd/list.go:26.25,28.3 1 0
github.com/divyo-argha/git-user/cmd/list.go:29.2,29.12 1 1
github.com/divyo-argha/git-user/cmd/logout.go:11.37,13.16 2 1
github.com/divyo-argha/git-user/cmd/logout.go:13.16,16.3 2 0
github.com/divyo-argha/git-user/cmd/logout.go:18.2,19.17 2 1
github.com/divyo-argha/git-user/cmd/logout.go:19.17,22.3 2 1
github.com/divyo-argha/git-user/cmd/logout.go:25.2,25.54 1 1
github.com/divyo-argha/git-user/cmd/logout.go:25.54,27.3 1 0
github.com/divyo-argha/git-user/cmd/logout.go:30.2,34.43 3 1
github.com/divyo-argha/git-user/cmd/logout.go:34.43,37.3 2 0
github.com/divyo-argha/git-user/cmd/logout.go:39.2,41.12 3 1
github.com/divyo-argha/git-user/cmd/passphrase.go:13.41,15.19 2 0
github.com/divyo-argha/git-user/cmd/passphrase.go:15.19,18.3 2 0
github.com/divyo-argha/git-user/cmd/passphrase.go:18.8,18.27 1 0
github.com/divyo-argha/git-user/cmd/passphrase.go:18.27,20.3 1 0
github.com/divyo-argha/git-user/cmd/passphrase.go:22.2,23.16 2 0
github.com/divyo-argha/git-user/cmd/passphrase.go:23.16,26.3 2 0
github.com/divyo-argha/git-user/cmd/passphrase.go:28.2,29.16 2 0
github.com/divyo-argha/git-user/cmd/passphrase.go:29.16,31.18 2 0
github.com/divyo-argha/git-user/cmd/passphrase.go:31.18,34.4 2 0
github.com/divyo-argha/git-user/cmd/passphrase.go:35.8,37.18 2 0
github.com/divyo-argha/git-user/cmd/passphrase.go:37.18,42.4 4 0
github.com/divyo-argha/git-user/cmd/passphrase.go:45.2,45.23 1 0
github.com/divyo-argha/git-user/cmd/passphrase.go:45.23,49.3 3 0
github.com/divyo-argha/git-user/cmd/passphrase.go:51.2,51.48 1 0
github.com/divyo-argha/git-user/cmd/passphrase.go:51.48,55.3 3 0
github.com/divyo-argha/git-user/cmd/passphrase.go:57.2,58.16 2 0
github.com/divyo-argha/git-user/cmd/passphrase.go:58.16,61.3 2 0
github.com/divyo-argha/git-user/cmd/passphrase.go:63.2,70.15 7 0
github.com/divyo-argha/git-user/cmd/passphrase.go:70.15,73.17 3 0
github.com/divyo-argha/git-user/cmd/passphrase.go:73.17,75.4 1 0
github.com/divyo-argha/git-user/cmd/passphrase.go:76.8,78.3 1 0
github.com/divyo-argha/git-user/cmd/passphrase.go:80.2,81.16 2 0
github.com/divyo-argha/git-user/cmd/passphrase.go:81.16,83.3 1 0
github.com/divyo-argha/git-user/cmd/passphrase.go:85.2,85.90 1 0
github.com/divyo-argha/git-user/cmd/passphrase.go:85.90,86.16 1 0
github.com/divyo-argha/git-user/cmd/passphrase.go:86.16,90.4 3 0
github.com/divyo-argha/git-user/cmd/passphrase.go:90.9,93.4 2 0
github.com/divyo-argha/git-user/cmd/passphrase.go:94.3,94.13 1 0
github.com/divyo-argha/git-user/cmd/passphrase.go:97.2,97.15 1 0
github.com/divyo-argha/git-user/cmd/passphrase.go:97.15,99.3 1 0
github.com/divyo-argha/git-user/cmd/passphrase.go:99.8,101.3 1 0
github.com/divyo-argha/git-user/cmd/passphrase.go:102.2,104.12 2 0
github.com/divyo-argha/git-user/cmd/passphrase.go:107.77,109.16 2 1
github.com/divyo-argha/git-user/cmd/passphrase.go:109.16,111.3 1 1
github.com/divyo-argha/git-user/cmd/passphrase.go:112.2,112.22 1 0
github.com/divyo-argha/git-user/cmd/passphrase.go:112.22,115.3 2 0
github.com/divyo-argha/git-user/cmd/passphrase.go:117.2,118.16 2 0
github.com/divyo-argha/git-user/cmd/passphrase.go:118.16,120.3 1 0
github.com/divyo-argha/git-user/cmd/passphrase.go:121.2,121.27 1 0
github.com/divyo-argha/git-user/cmd/passphrase.go:121.27,124.3 2 0
github.com/divyo-argha/git-user/cmd/passphrase.go:126.2,126.24 1 0
github.com/divyo-argha/git-user/cmd/passphrase.go:129.81,131.16 2 1
github.com/divyo-argha/git-user/cmd/passphrase.go:131.16,133.3 1 0
github.com/divyo-argha/git-user/cmd/passphrase.go:135.2,145.24 9 1
github.com/divyo-argha/git-user/cmd/passphrase.go:145.24,146.39 1 1
github.com/divyo-argha/git-user/cmd/passphrase.go:146.39,148.9 2 0
github.com/divyo-argha/git-user/cmd/passphrase.go:151.2,151.17 1 1
github.com/divyo-argha/git-user/cmd/passphrase.go:151.17,153.3 1 1
github.com/divyo-argha/git-user/cmd/passphrase.go:155.2,157.16 3 1
github.com/divyo-argha/git-user/cmd/passphrase.go:157.16,159.3 1 1
github.com/divyo-argha/git-user/cmd/passphrase.go:160.2,160.12 1 1
github.com/divyo-argha/git-user/cmd/pubkey.go:13.37,15.16 2 1
github.com/divyo-argha/git-user/cmd/pubkey.go:15.16,18.3 2 0
github.com/divyo-argha/git-user/cmd/pubkey.go:20.2,21.19 2 1
github.com/divyo-argha/git-user/cmd/pubkey.go:21.19,23.3 1 1
github.com/divyo-argha/git-user/cmd/pubkey.go:25.2,25.16 1 1
github.com/divyo-argha/git-user/cmd/pubkey.go:25.16,28.3 2 1
github.com/divyo-argha/git-user/cmd/pubkey.go:31.2,31.27 1 1
github.com/divyo-argha/git-user/cmd/pubkey.go:31.27,35.3 3 1
github.com/divyo-argha/git-user/cmd/pubkey.go:37.2,38.17 2 1
github.com/divyo-argha/git-user/cmd/pubkey.go:38.17,41.3 2 0
github.com/divyo-argha/git-user/cmd/pubkey.go:43.2,43.23 1 1
github.com/divyo-argha/git-user/cmd/pubkey.go:43.23,47.3 3 1
github.com/divyo-argha/git-user/cmd/pubkey.go:49.2,51.16 3 1
github.com/divyo-argha/git-user/cmd/pubkey.go:51.16,54.3 2 1
github.com/divyo-argha/git-user/cmd/pubkey.go:57.2,58.16 2 1
github.com/divyo-argha/git-user/cmd/pubkey.go:58.16,61.3 2 0
github.com/divyo-argha/git-user/cmd/pubkey.go:63.2,80.12 17 1
github.com/divyo-argha/git-user/cmd/register.go:12.38,16.2 3 1
github.com/divyo-argha/git-user/cmd/register.go:18.39,22.33 3 0
github.com/divyo-argha/git-user/cmd/register.go:22.33,23.18 1 0
github.com/divyo-argha/git-user/cmd/register.go:24.23,25.23 1 0
github.com/divyo-argha/git-user/cmd/register.go:25.23,28.5 2 0
github.com/divyo-argha/git-user/cmd/register.go:29.24,30.23 1 0
github.com/divyo-argha/git-user/cmd/register.go:30.23,33.5 2 0
github.com/divyo-argha/git-user/cmd/register.go:34.29,35.23 1 0
github.com/divyo-argha/git-user/cmd/register.go:35.23,38.5 2 0
github.com/divyo-argha/git-user/cmd/register.go:42.2,45.16 3 0
github.com/divyo-argha/git-user/cmd/register.go:45.16,47.17 2 0
github.com/divyo-argha/git-user/cmd/register.go:47.17,49.4 1 0
github.com/divyo-argha/git-user/cmd/register.go:50.3,50.17 1 0
github.com/divyo-argha/git-user/cmd/register.go:50.17,53.4 2 0
github.com/divyo-argha/git-user/cmd/register.go:56.2,56.17 1 0
github.com/divyo-argha/git-user/cmd/register.go:56.17,58.17 2 0
github.com/divyo-argha/git-user/cmd/register.go:58.17,60.4 1 0
github.com/divyo-argha/git-user/cmd/register.go:61.3,61.18 1 0
github.com/divyo-argha/git-user/cmd/register.go:61.18,64.4 2 0
github.com/divyo-argha/git-user/cmd/register.go:67.2,67.27 1 0
github.com/divyo-argha/git-user/cmd/register.go:67.27,70.17 3 0
github.com/divyo-argha/git-user/cmd/register.go:70.17,72.4 1 0
github.com/divyo-argha/git-user/cmd/register.go:75.2,76.16 2 0
github.com/divyo-argha/git-user/cmd/register.go:76.16,79.3 2 0
github.com/divyo-argha/git-user/cmd/register.go:81.2,81.29 1 0
github.com/divyo-argha/git-user/cmd/register.go:81.29,84.3 2 0
github.com/divyo-argha/git-user/cmd/register.go:86.2,86.31 1 0
github.com/divyo-argha/git-user/cmd/register.go:86.31,89.3 2 0
github.com/divyo-argha/git-user/cmd/register.go:91.2,91.51 1 0
github.com/divyo-argha/git-user/cmd/register.go:91.51,94.3 2 0
github.com/divyo-argha/git-user/cmd/register.go:96.2,105.16 5 0
github.com/divyo-argha/git-user/cmd/register.go:105.16,107.3 1 0
github.com/divyo-argha/git-user/cmd/register.go:109.2,111.13 2 0
github.com/divyo-argha/git-user/cmd/register.go:112.9,114.17 2 0
github.com/divyo-argha/git-user/cmd/register.go:114.17,116.4 1 0
github.com/divyo-argha/git-user/cmd/register.go:118.9,120.34 2 0
github.com/divyo-argha/git-user/cmd/register.go:120.34,122.51 2 0
github.com/divyo-argha/git-user/cmd/register.go:122.51,125.5 2 0
github.com/divyo-argha/git-user/cmd/register.go:125.10,128.5 2 0
github.com/divyo-argha/git-user/cmd/register.go:131.9,133.88 2 0
github.com/divyo-argha/git-user/cmd/register.go:135.10,137.88 2 0
github.com/divyo-argha/git-user/cmd/register.go:140.2,140.22 1 0
github.com/divyo-argha/git-user/cmd/register.go:140.22,141.60 1 0
github.com/divyo-argha/git-user/cmd/register.go:141.60,143.4 1 0
github.com/divyo-argha/git-user/cmd/register.go:146.2,146.43 1 0
github.com/divyo-argha/git-user/cmd/register.go:146.43,149.3 2 0
github.com/divyo-argha/git-user/cmd/register.go:151.2,154.22 4 0
github.com/divyo-argha/git-user/cmd/register.go:154.22,156.3 1 0
github.com/divyo-argha/git-user/cmd/register.go:157.2,161.12 4 0
github.com/divyo-argha/git-user/cmd/rekey.go:13.36,14.19 1 0
github.com/divyo-argha/git-user/cmd/rekey.go:14.19,17.3 2 0
github.com/divyo-argha/git-user/cmd/rekey.go:19.2,22.16 3 0
github.com/divyo-argha/git-user/cmd/rekey.go:22.16,25.3 2 0
github.com/divyo-argha/git-user/cmd/rekey.go:27.2,28.17 2 0
github.com/divyo-argha/git-user/cmd/rekey.go:28.17,31.3 2 0
github.com/divyo-argha/git-user/cmd/rekey.go:33.2,39.50 5 0
github.com/divyo-argha/git-user/cmd/rekey.go:39.50,42.3 2 0
github.com/divyo-argha/git-user/cmd/rekey.go:44.2,46.44 3 0
github.com/divyo-argha/git-user/cmd/rekey.go:46.44,49.56 3 0
github.com/divyo-argha/git-user/cmd/rekey.go:49.56,52.4 2 0
github.com/divyo-argha/git-user/cmd/rekey.go:53.3,54.48 2 0
github.com/divyo-argha/git-user/cmd/rekey.go:54.48,56.4 1 0
github.com/divyo-argha/git-user/cmd/rekey.go:59.2,66.34 7 0
github.com/divyo-argha/git-user/cmd/rekey.go:66.34,67.16 1 0
github.com/divyo-argha/git-user/cmd/rekey.go:67.16,71.4 3 0
github.com/divyo-argha/git-user/cmd/rekey.go:72.3,73.13 2 0
github.com/divyo-argha/git-user/cmd/rekey.go:76.2,81.16 5 0
github.com/divyo-argha/git-user/cmd/rekey.go:81.16,84.3 2 0
github.com/divyo-argha/git-user/cmd/rekey.go:86.2,98.60 11 0
github.com/divyo-argha/git-user/cmd/rekey.go:98.60,101.3 2 0
github.com/divyo-argha/git-user/cmd/rekey.go:101.8,103.3 1 0
github.com/divyo-argha/git-user/cmd/rekey.go:105.2,105.56 1 0
github.com/divyo-argha/git-user/cmd/rekey.go:105.56,108.3 2 0
github.com/divyo-argha/git-user/cmd/rekey.go:110.2,110.43 1 0
github.com/divyo-argha/git-user/cmd/rekey.go:110.43,113.3 2 0
github.com/divyo-argha/git-user/cmd/rekey.go:115.2,117.12 3 0
github.com/divyo-argha/git-user/cmd/remove.go:11.37,14.25 3 1
github.com/divyo-argha/git-user/cmd/remove.go:14.25,15.34 1 1
github.com/divyo-argha/git-user/cmd/remove.go:15.34,17.4 1 1
github.com/divyo-argha/git-user/cmd/remove.go:17.9,19.4 1 1
github.com/divyo-argha/git-user/cmd/remove.go:21.2,23.19 2 1
github.com/divyo-argha/git-user/cmd/remove.go:23.19,26.3 2 1
github.com/divyo-argha/git-user/cmd/remove.go:28.2,31.16 3 1
github.com/divyo-argha/git-user/cmd/remove.go:31.16,34.3 2 0
github.com/divyo-argha/git-user/cmd/remove.go:36.2,37.17 2 1
github.com/divyo-argha/git-user/cmd/remove.go:37.17,40.3 2 1
github.com/divyo-argha/git-user/cmd/remove.go:41.2,43.54 2 1
github.com/divyo-argha/git-user/cmd/remove.go:43.54,46.3 2 1
github.com/divyo-argha/git-user/cmd/remove.go:48.2,48.43 1 1
github.com/divyo-argha/git-user/cmd/remove.go:48.43,51.3 2 0
github.com/divyo-argha/git-user/cmd/remove.go:53.2,55.18 2 1
github.com/divyo-argha/git-user/cmd/remove.go:55.18,56.72 1 1
github.com/divyo-argha/git-user/cmd/remove.go:56.72,60.4 3 1
github.com/divyo-argha/git-user/cmd/remove.go:63.2,63.25 1 1
github.com/divyo-argha/git-user/cmd/remove.go:63.25,65.3 1 1
github.com/divyo-argha/git-user/cmd/remove.go:66.2,66.12 1 1
github.com/divyo-argha/git-user/cmd/root.go:66.13,67.50 1 1
github.com/divyo-argha/git-user/cmd/root.go:67.50,69.23 2 0
github.com/divyo-argha/git-user/cmd/root.go:69.23,71.4 1 0
github.com/divyo-argha/git-user/cmd/root.go:73.3,73.77 1 0
github.com/divyo-argha/git-user/cmd/root.go:73.77,75.4 1 0
github.com/divyo-argha/git-user/cmd/root.go:75.9,75.121 1 0
github.com/divyo-argha/git-user/cmd/root.go:75.121,77.4 1 0
github.com/divyo-argha/git-user/cmd/root.go:77.9,78.58 1 0
github.com/divyo-argha/git-user/cmd/root.go:78.58,80.5 1 0
github.com/divyo-argha/git-user/cmd/root.go:80.10,80.69 1 0
github.com/divyo-argha/git-user/cmd/root.go:80.69,82.5 1 0
github.com/divyo-argha/git-user/cmd/root.go:82.10,84.5 1 0
github.com/divyo-argha/git-user/cmd/root.go:86.3,86.13 1 0
github.com/divyo-argha/git-user/cmd/root.go:90.22,96.20 3 0
github.com/divyo-argha/git-user/cmd/root.go:96.20,97.18 1 0
github.com/divyo-argha/git-user/cmd/root.go:97.18,100.4 2 0
github.com/divyo-argha/git-user/cmd/root.go:101.3,101.18 1 0
github.com/divyo-argha/git-user/cmd/root.go:104.2,104.65 1 0
github.com/divyo-argha/git-user/cmd/root.go:104.65,108.3 3 0
github.com/divyo-argha/git-user/cmd/root.go:110.2,110.50 1 0
github.com/divyo-argha/git-user/cmd/root.go:110.50,112.3 1 0
github.com/divyo-argha/git-user/cmd/root.go:114.2,117.13 3 0
github.com/divyo-argha/git-user/cmd/root.go:118.25,119.27 1 0
github.com/divyo-argha/git-user/cmd/root.go:120.20,121.23 1 0
github.com/divyo-argha/git-user/cmd/root.go:122.22,123.25 1 0
github.com/divyo-argha/git-user/cmd/root.go:124.17,125.26 1 0
github.com/divyo-argha/git-user/cmd/root.go:126.22,127.25 1 0
github.com/divyo-argha/git-user/cmd/root.go:128.14,129.23 1 0
github.com/divyo-argha/git-user/cmd/root.go:130.16,131.25 1 0
github.com/divyo-argha/git-user/cmd/root.go:132.14,133.23 1 0
github.com/divyo-argha/git-user/cmd/root.go:134.20,135.29 1 0
github.com/divyo-argha/git-user/cmd/root.go:136.15,137.24 1 0
github.com/divyo-argha/git-user/cmd/root.go:138.20,139.28 1 0
github.com/divyo-argha/git-user/cmd/root.go:140.16,141.25 1 0
github.com/divyo-argha/git-user/cmd/root.go:142.25,143.33 1 0
github.com/divyo-argha/git-user/cmd/root.go:144.16,145.25 1 0
github.com/divyo-argha/git-user/cmd/root.go:146.16,147.25 1 0
github.com/divyo-argha/git-user/cmd/root.go:148.36,149.18 1 0
github.com/divyo-argha/git-user/cmd/root.go:150.20,151.29 1 0
github.com/divyo-argha/git-user/cmd/root.go:152.14,153.23 1 0
github.com/divyo-argha/git-user/cmd/root.go:154.18,155.32 1 0
github.com/divyo-argha/git-user/cmd/root.go:156.33,157.25 1 0
github.com/divyo-argha/git-user/cmd/root.go:158.10,160.28 1 0
github.com/divyo-argha/git-user/cmd/root.go:160.28,162.4 1 0
github.com/divyo-argha/git-user/cmd/root.go:163.3,164.39 2 0
github.com/divyo-argha/git-user/cmd/root.go:169.30,171.40 2 0
github.com/divyo-argha/git-user/cmd/root.go:171.40,173.3 1 0
github.com/divyo-argha/git-user/cmd/root.go:175.2,179.31 4 0
github.com/divyo-argha/git-user/cmd/root.go:179.31,181.3 1 0
github.com/divyo-argha/git-user/cmd/root.go:183.2,184.22 2 0
github.com/divyo-argha/git-user/cmd/root.go:184.22,186.3 1 0
github.com/divyo-argha/git-user/cmd/root.go:188.2,197.24 3 0
github.com/divyo-argha/git-user/cmd/root.go:200.27,202.16 2 0
github.com/divyo-argha/git-user/cmd/root.go:202.16,205.3 2 0
github.com/divyo-argha/git-user/cmd/root.go:207.2,211.25 3 0
github.com/divyo-argha/git-user/cmd/root.go:211.25,212.41 1 0
github.com/divyo-argha/git-user/cmd/root.go:212.41,214.4 1 0
github.com/divyo-argha/git-user/cmd/root.go:214.9,216.4 1 0
github.com/divyo-argha/git-user/cmd/root.go:217.8,219.3 1 0
github.com/divyo-argha/git-user/cmd/root.go:222.2,223.16 2 0
github.com/divyo-argha/git-user/cmd/root.go:223.16,226.74 3 0
github.com/divyo-argha/git-user/cmd/root.go:226.74,228.4 1 0
github.com/divyo-argha/git-user/cmd/root.go:229.8,231.3 1 0
github.com/divyo-argha/git-user/cmd/root.go:233.2,234.70 2 0
github.com/divyo-argha/git-user/cmd/security.go:15.44,23.45 6 0
github.com/divyo-argha/git-user/cmd/security.go:23.45,25.19 2 0
github.com/divyo-argha/git-user/cmd/security.go:25.19,29.4 3 0
github.com/divyo-argha/git-user/cmd/security.go:29.9,31.4 1 0
github.com/divyo-argha/git-user/cmd/security.go:34.2,35.16 2 0
github.com/divyo-argha/git-user/cmd/security.go:35.16,36.27 1 0
github.com/divyo-argha/git-user/cmd/security.go:36.27,40.4 3 0
github.com/divyo-argha/git-user/cmd/security.go:42.3,42.36 1 0
github.com/divyo-argha/git-user/cmd/security.go:42.36,45.25 2 0
github.com/divyo-argha/git-user/cmd/security.go:45.25,49.13 4 0
github.com/divyo-argha/git-user/cmd/security.go:52.4,53.18 2 0
github.com/divyo-argha/git-user/cmd/security.go:53.18,56.13 3 0
github.com/divyo-argha/git-user/cmd/security.go:59.4,60.20 2 0
github.com/divyo-argha/git-user/cmd/security.go:60.20,64.5 3 0
github.com/divyo-argha/git-user/cmd/security.go:64.10,66.5 1 0
github.com/divyo-argha/git-user/cmd/security.go:68.4,69.18 2 0
github.com/divyo-argha/git-user/cmd/security.go:69.18,73.5 3 0
github.com/divyo-argha/git-user/cmd/security.go:73.10,73.24 1 0
github.com/divyo-argha/git-user/cmd/security.go:73.24,75.5 1 0
github.com/divyo-argha/git-user/cmd/security.go:75.10,79.5 3 0
github.com/divyo-argha/git-user/cmd/security.go:81.4,81.17 1 0
github.com/divyo-argha/git-user/cmd/security.go:85.2,88.17 3 0
github.com/divyo-argha/git-user/cmd/security.go:88.17,90.3 1 0
github.com/divyo-argha/git-user/cmd/security.go:90.8,92.3 1 0
github.com/divyo-argha/git-user/cmd/security.go:94.2,113.12 19 0
github.com/divyo-argha/git-user/cmd/security.go:116.64,118.16 2 1
github.com/divyo-argha/git-user/cmd/security.go:118.16,120.3 1 0
github.com/divyo-argha/git-user/cmd/security.go:122.2,123.16 2 1
github.com/divyo-argha/git-user/cmd/security.go:123.16,125.3 1 1
github.com/divyo-argha/git-user/cmd/security.go:127.2,128.36 2 1
github.com/divyo-argha/git-user/cmd/security.go:128.36,130.3 1 1
github.com/divyo-argha/git-user/cmd/security.go:132.2,132.19 1 1
github.com/divyo-argha/git-user/cmd/ssh_agent.go:16.29,17.38 1 0
github.com/divyo-argha/git-user/cmd/ssh_agent.go:17.38,19.3 1 0
github.com/divyo-argha/git-user/cmd/ssh_agent.go:22.2,22.31 1 0
github.com/divyo-argha/git-user/cmd/ssh_agent.go:22.31,24.3 1 0
github.com/divyo-argha/git-user/cmd/ssh_agent.go:25.2,29.44 5 0
github.com/divyo-argha/git-user/cmd/ssh_agent.go:32.54,34.18 2 1
github.com/divyo-argha/git-user/cmd/ssh_agent.go:34.18,36.3 1 0
github.com/divyo-argha/git-user/cmd/ssh_agent.go:37.2,38.16 2 1
github.com/divyo-argha/git-user/cmd/ssh_agent.go:38.16,40.3 1 0
github.com/divyo-argha/git-user/cmd/ssh_agent.go:41.2,41.41 1 1
github.com/divyo-argha/git-user/cmd/ssh_agent.go:44.42,46.16 2 1
github.com/divyo-argha/git-user/cmd/ssh_agent.go:46.16,48.3 1 1
github.com/divyo-argha/git-user/cmd/ssh_agent.go:50.2,51.16 2 1
github.com/divyo-argha/git-user/cmd/ssh_agent.go:51.16,53.3 1 0
github.com/divyo-argha/git-user/cmd/ssh_agent.go:55.2,55.37 1 1
github.com/divyo-argha/git-user/cmd/ssh_agent.go:55.37,56.28 1 1
github.com/divyo-argha/git-user/cmd/ssh_agent.go:56.28,58.4 1 0
github.com/divyo-argha/git-user/cmd/ssh_agent.go:60.2,60.14 1 1
github.com/divyo-argha/git-user/cmd/ssh_agent.go:63.56,66.16 3 1
github.com/divyo-argha/git-user/cmd/ssh_agent.go:66.16,67.56 1 1
github.com/divyo-argha/git-user/cmd/ssh_agent.go:67.56,69.4 1 1
github.com/divyo-argha/git-user/cmd/ssh_agent.go:70.3,71.20 2 0
github.com/divyo-argha/git-user/cmd/ssh_agent.go:71.20,73.4 1 0
github.com/divyo-argha/git-user/cmd/ssh_agent.go:74.3,74.48 1 0
github.com/divyo-argha/git-user/cmd/ssh_agent.go:77.2,78.16 2 1
github.com/divyo-argha/git-user/cmd/ssh_agent.go:78.16,80.20 2 0
github.com/divyo-argha/git-user/cmd/ssh_agent.go:80.20,82.4 1 0
github.com/divyo-argha/git-user/cmd/ssh_agent.go:83.3,83.48 1 0
github.com/divyo-argha/git-user/cmd/ssh_agent.go:86.2,86.43 1 1
github.com/divyo-argha/git-user/cmd/ssh_agent.go:89.51,91.16 2 1
github.com/divyo-argha/git-user/cmd/ssh_agent.go:91.16,94.21 3 1
github.com/divyo-argha/git-user/cmd/ssh_agent.go:94.21,96.29 2 1
github.com/divyo-argha/git-user/cmd/ssh_agent.go:96.29,98.5 1 1
github.com/divyo-argha/git-user/cmd/ssh_agent.go:99.4,99.28 1 1
github.com/divyo-argha/git-user/cmd/ssh_agent.go:103.2,104.19 2 0
github.com/divyo-argha/git-user/cmd/ssh_agent.go:104.19,106.3 1 0
github.com/divyo-argha/git-user/cmd/ssh_agent.go:108.2,110.29 3 0
github.com/divyo-argha/git-user/cmd/ssh_agent.go:110.29,112.22 2 0
github.com/divyo-argha/git-user/cmd/ssh_agent.go:112.22,114.4 1 0
github.com/divyo-argha/git-user/cmd/ssh_agent.go:116.2,116.26 1 0
github.com/divyo-argha/git-user/cmd/ssh_agent.go:119.58,121.21 2 0
github.com/divyo-argha/git-user/cmd/ssh_agent.go:121.21,123.3 1 0
github.com/divyo-argha/git-user/cmd/ssh_agent.go:124.2,124.23 1 0
github.com/divyo-argha/git-user/cmd/ssh_agent.go:129.64,131.16 2 0
github.com/divyo-argha/git-user/cmd/ssh_agent.go:131.16,134.23 3 0
github.com/divyo-argha/git-user/cmd/ssh_agent.go:134.23,136.4 1 0
github.com/divyo-argha/git-user/cmd/ssh_agent.go:136.9,138.4 1 0
github.com/divyo-argha/git-user/cmd/ssh_agent.go:140.3,140.22 1 0
github.com/divyo-argha/git-user/cmd/ssh_agent.go:140.22,142.22 2 0
github.com/divyo-argha/git-user/cmd/ssh_agent.go:142.22,148.22 3 0
github.com/divyo-argha/git-user/cmd/ssh_agent.go:148.22,150.6 1 0
github.com/divyo-argha/git-user/cmd/ssh_agent.go:155.2,156.16 2 0
github.com/divyo-argha/git-user/cmd/ssh_agent.go:156.16,158.3 1 0
github.com/divyo-argha/git-user/cmd/ssh_agent.go:160.2,169.24 8 0
github.com/divyo-argha/git-user/cmd/ssh_agent.go:169.24,170.39 1 0
github.com/divyo-argha/git-user/cmd/ssh_agent.go:170.39,172.9 2 0
github.com/divyo-argha/git-user/cmd/ssh_agent.go:175.2,175.17 1 0
github.com/divyo-argha/git-user/cmd/ssh_agent.go:175.17,177.3 1 0
github.com/divyo-argha/git-user/cmd/ssh_agent.go:179.2,181.16 3 0
github.com/divyo-argha/git-user/cmd/ssh_agent.go:181.16,183.3 1 0
github.com/divyo-argha/git-user/cmd/ssh_agent.go:184.2,184.12 1 0
github.com/divyo-argha/git-user/cmd/ssh_agent.go:187.41,190.16 3 0
github.com/divyo-argha/git-user/cmd/ssh_agent.go:190.16,192.22 2 0
github.com/divyo-argha/git-user/cmd/ssh_agent.go:192.22,194.22 2 0
github.com/divyo-argha/git-user/cmd/ssh_agent.go:194.22,197.25 3 0
github.com/divyo-argha/git-user/cmd/ssh_agent.go:197.25,199.6 1 0
github.com/divyo-argha/git-user/cmd/ssh_agent.go:204.2,204.47 1 0
github.com/divyo-argha/git-user/cmd/ssh_agent.go:204.47,206.3 1 0
github.com/divyo-argha/git-user/cmd/ssh_agent.go:207.2,208.18 2 0
github.com/divyo-argha/git-user/cmd/ssh_agent.go:211.56,213.16 2 0
github.com/divyo-argha/git-user/cmd/ssh_agent.go:213.16,215.3 1 0
github.com/divyo-argha/git-user/cmd/ssh_agent.go:216.2,217.22 2 0
github.com/divyo-argha/git-user/cmd/ssh_agent.go:217.22,219.3 1 0
github.com/divyo-argha/git-user/cmd/ssh_agent.go:219.8,221.3 1 0
github.com/divyo-argha/git-user/cmd/ssh_agent.go:222.2,222.24 1 0
github.com/divyo-argha/git-user/cmd/switch.go:13.37,14.19 1 1
github.com/divyo-argha/git-user/cmd/switch.go:14.19,17.3 2 1
github.com/divyo-argha/git-user/cmd/switch.go:20.2,20.29 1 1
github.com/divyo-argha/git-user/cmd/switch.go:20.29,22.3 1 1
github.com/divyo-argha/git-user/cmd/switch.go:24.2,29.21 5 1
github.com/divyo-argha/git-user/cmd/switch.go:29.21,32.34 3 1
github.com/divyo-argha/git-user/cmd/switch.go:32.34,33.19 1 1
github.com/divyo-argha/git-user/cmd/switch.go:34.30,35.24 1 0
github.com/divyo-argha/git-user/cmd/switch.go:35.24,38.6 2 0
github.com/divyo-argha/git-user/cmd/switch.go:39.12,40.43 1 1
github.com/divyo-argha/git-user/cmd/switch.go:43.3,43.25 1 1
github.com/divyo-argha/git-user/cmd/switch.go:43.25,46.4 2 0
github.com/divyo-argha/git-user/cmd/switch.go:47.3,48.25 2 1
github.com/divyo-argha/git-user/cmd/switch.go:48.25,50.4 1 1
github.com/divyo-argha/git-user/cmd/switch.go:51.8,53.3 1 1
github.com/divyo-argha/git-user/cmd/switch.go:55.2,55.24 1 1
github.com/divyo-argha/git-user/cmd/switch.go:55.24,58.3 2 0
github.com/divyo-argha/git-user/cmd/switch.go:60.2,61.16 2 1
github.com/divyo-argha/git-user/cmd/switch.go:61.16,64.3 2 0
github.com/divyo-argha/git-user/cmd/switch.go:67.2,73.16 4 1
github.com/divyo-argha/git-user/cmd/switch.go:73.16,74.34 1 1
github.com/divyo-argha/git-user/cmd/switch.go:74.34,77.4 2 0
github.com/divyo-argha/git-user/cmd/switch.go:79.3,79.71 1 1
github.com/divyo-argha/git-user/cmd/switch.go:79.71,81.4 1 0
github.com/divyo-argha/git-user/cmd/switch.go:83.3,83.27 1 1
github.com/divyo-argha/git-user/cmd/switch.go:86.2,87.17 2 1
github.com/divyo-argha/git-user/cmd/switch.go:87.17,92.3 4 1
github.com/divyo-argha/git-user/cmd/switch.go:95.2,95.50 1 1
github.com/divyo-argha/git-user/cmd/switch.go:95.50,96.68 1 1
github.com/divyo-argha/git-user/cmd/switch.go:96.68,97.35 1 0
github.com/divyo-argha/git-user/cmd/switch.go:97.35,100.5 2 0
github.com/divyo-argha/git-user/cmd/switch.go:105.2,105.23 1 1
github.com/divyo-argha/git-user/cmd/switch.go:105.23,107.62 2 1
github.com/divyo-argha/git-user/cmd/switch.go:107.62,110.18 3 0
github.com/divyo-argha/git-user/cmd/switch.go:110.18,112.5 1 0
github.com/divyo-argha/git-user/cmd/switch.go:113.4,113.50 1 0
github.com/divyo-argha/git-user/cmd/switch.go:113.50,116.5 2 0
github.com/divyo-argha/git-user/cmd/switch.go:119.4,119.31 1 0
github.com/divyo-argha/git-user/cmd/switch.go:119.31,120.76 1 0
github.com/divyo-argha/git-user/cmd/switch.go:120.76,122.6 1 0
github.com/divyo-argha/git-user/cmd/switch.go:122.11,124.6 1 0
github.com/divyo-argha/git-user/cmd/switch.go:129.2,129.57 1 1
github.com/divyo-argha/git-user/cmd/switch.go:129.57,132.3 2 0
github.com/divyo-argha/git-user/cmd/switch.go:134.2,134.23 1 1
github.com/divyo-argha/git-user/cmd/switch.go:134.23,135.55 1 1
github.com/divyo-argha/git-user/cmd/switch.go:135.55,137.4 1 0
github.com/divyo-argha/git-user/cmd/switch.go:138.8,139.47 1 1
github.com/divyo-argha/git-user/cmd/switch.go:139.47,141.4 1 0
github.com/divyo-argha/git-user/cmd/switch.go:144.2,144.47 1 1
github.com/divyo-argha/git-user/cmd/switch.go:144.47,147.3 2 0
github.com/divyo-argha/git-user/cmd/switch.go:149.2,149.43 1 1
github.com/divyo-argha/git-user/cmd/switch.go:149.43,152.3 2 0
github.com/divyo-argha/git-user/cmd/switch.go:154.2,156.54 2 1
github.com/divyo-argha/git-user/cmd/switch.go:156.54,157.65 1 0
github.com/divyo-argha/git-user/cmd/switch.go:157.65,160.4 2 0
github.com/divyo-argha/git-user/cmd/switch.go:160.9,162.4 1 0
github.com/divyo-argha/git-user/cmd/switch.go:163.8,163.30 1 1
github.com/divyo-argha/git-user/cmd/switch.go:163.30,165.3 1 1
github.com/divyo-argha/git-user/cmd/switch.go:167.2,167.20 1 1
github.com/divyo-argha/git-user/cmd/switch.go:167.20,170.34 3 1
github.com/divyo-argha/git-user/cmd/switch.go:170.34,172.56 2 1
github.com/divyo-argha/git-user/cmd/switch.go:172.56,174.10 2 0
github.com/divyo-argha/git-user/cmd/switch.go:178.3,178.15 1 1
github.com/divyo-argha/git-user/cmd/switch.go:178.15,182.65 3 0
github.com/divyo-argha/git-user/cmd/switch.go:182.65,184.5 1 0
github.com/divyo-argha/git-user/cmd/switch.go:188.2,188.12 1 1
github.com/divyo-argha/git-user/cmd/switch.go:191.79,197.17 4 1
github.com/divyo-argha/git-user/cmd/switch.go:197.17,199.17 2 0
github.com/divyo-argha/git-user/cmd/switch.go:199.17,201.4 1 0
github.com/divyo-argha/git-user/cmd/switch.go:202.3,202.18 1 0
github.com/divyo-argha/git-user/cmd/switch.go:202.18,205.4 2 0
github.com/divyo-argha/git-user/cmd/switch.go:208.2,208.51 1 1
github.com/divyo-argha/git-user/cmd/switch.go:208.51,211.3 2 0
github.com/divyo-argha/git-user/cmd/switch.go:213.2,221.16 4 1
github.com/divyo-argha/git-user/cmd/switch.go:221.16,223.3 1 0
github.com/divyo-argha/git-user/cmd/switch.go:225.2,227.13 2 1
github.com/divyo-argha/git-user/cmd/switch.go:228.9,230.17 2 1
github.com/divyo-argha/git-user/cmd/switch.go:230.17,232.9 2 0
github.com/divyo-argha/git-user/cmd/switch.go:234.3,234.20 1 1
github.com/divyo-argha/git-user/cmd/switch.go:236.9,238.34 2 1
github.com/divyo-argha/git-user/cmd/switch.go:238.34,240.47 2 1
github.com/divyo-argha/git-user/cmd/switch.go:240.47,243.5 2 1
github.com/divyo-argha/git-user/cmd/switch.go:243.10,245.5 1 0
github.com/divyo-argha/git-user/cmd/switch.go:248.9,249.32 1 1
github.com/divyo-argha/git-user/cmd/switch.go:252.2,252.22 1 1
github.com/divyo-argha/git-user/cmd/switch.go:252.22,253.60 1 1
github.com/divyo-argha/git-user/cmd/switch.go:253.60,255.4 1 0
github.com/divyo-argha/git-user/cmd/switch.go:258.2,258.43 1 1
github.com/divyo-argha/git-user/cmd/switch.go:258.43,260.3 1 0
github.com/divyo-argha/git-user/cmd/switch.go:262.2,264.22 3 1
github.com/divyo-argha/git-user/cmd/switch.go:264.22,266.3 1 1
github.com/divyo-argha/git-user/cmd/switch.go:267.2,269.12 2 1
github.com/divyo-argha/git-user/cmd/switch.go:272.32,274.16 2 1
github.com/divyo-argha/git-user/cmd/switch.go:274.16,277.3 2 0
github.com/divyo-argha/git-user/cmd/switch.go:279.2,279.27 1 1
github.com/divyo-argha/git-user/cmd/switch.go:279.27,283.3 3 0
github.com/divyo-argha/git-user/cmd/switch.go:285.2,286.35 2 1
github.com/divyo-argha/git-user/cmd/switch.go:286.35,288.3 1 1
github.com/divyo-argha/git-user/cmd/switch.go:290.2,290.51 1 1
github.com/divyo-argha/git-user/cmd/switch.go:290.51,293.3 2 0
github.com/divyo-argha/git-user/cmd/switch.go:295.2,295.24 1 1
github.com/divyo-argha/git-user/cmd/switch.go:295.24,296.57 1 0
github.com/divyo-argha/git-user/cmd/switch.go:296.57,298.4 1 0
github.com/divyo-argha/git-user/cmd/switch.go:299.8,301.3 1 1
github.com/divyo-argha/git-user/cmd/switch.go:303.2,304.43 2 1
github.com/divyo-argha/git-user/cmd/switch.go:304.43,307.3 2 0
github.com/divyo-argha/git-user/cmd/switch.go:309.2,310.35 2 1
github.com/divyo-argha/git-user/cmd/switch.go:310.35,313.3 2 0
github.com/divyo-argha/git-user/cmd/switch.go:314.2,314.24 1 1
github.com/divyo-argha/git-user/cmd/switch.go:314.24,316.3 1 0
github.com/divyo-argha/git-user/cmd/switch.go:317.2,320.12 3 1
github.com/divyo-argha/git-user/cmd/switch.go:325.54,327.32 1 1
github.com/divyo-argha/git-user/cmd/switch.go:327.32,328.29 1 1
github.com/divyo-argha/git-user/cmd/switch.go:328.29,330.4 1 0
github.com/divyo-argha/git-user/cmd/switch.go:333.2,334.49 2 1
github.com/divyo-argha/git-user/cmd/switch.go:334.49,336.3 1 1
github.com/divyo-argha/git-user/cmd/switch.go:338.2,339.22 2 0
github.com/divyo-argha/git-user/cmd/switch.go:339.22,341.3 1 0
github.com/divyo-argha/git-user/cmd/switch.go:343.2,343.39 1 0
github.com/divyo-argha/git-user/cmd/switch.go:343.39,345.3 1 0
github.com/divyo-argha/git-user/cmd/switch.go:347.2,352.4 1 0
github.com/divyo-argha/git-user/cmd/tui.go:137.58,139.32 2 0
github.com/divyo-argha/git-user/cmd/tui.go:139.32,141.30 2 0
github.com/divyo-argha/git-user/cmd/tui.go:141.30,143.4 1 0
github.com/divyo-argha/git-user/cmd/tui.go:143.9,145.4 1 0
github.com/divyo-argha/git-user/cmd/tui.go:146.3,146.29 1 0
github.com/divyo-argha/git-user/cmd/tui.go:146.29,148.4 1 0
github.com/divyo-argha/git-user/cmd/tui.go:149.3,149.80 1 0
github.com/divyo-argha/git-user/cmd/tui.go:151.2,156.14 2 0
github.com/divyo-argha/git-user/cmd/tui.go:159.36,171.2 1 0
github.com/divyo-argha/git-user/cmd/tui.go:173.76,177.15 3 0
github.com/divyo-argha/git-user/cmd/tui.go:177.15,180.3 2 0
github.com/divyo-argha/git-user/cmd/tui.go:182.2,186.14 4 0
github.com/divyo-argha/git-user/cmd/tui.go:186.14,188.3 1 0
github.com/divyo-argha/git-user/cmd/tui.go:188.8,190.3 1 0
github.com/divyo-argha/git-user/cmd/tui.go:191.2,193.23 3 0
github.com/divyo-argha/git-user/cmd/tui.go:193.23,195.3 1 0
github.com/divyo-argha/git-user/cmd/tui.go:196.2,206.14 8 0
github.com/divyo-argha/git-user/cmd/tui.go:209.52,210.27 1 0
github.com/divyo-argha/git-user/cmd/tui.go:210.27,211.16 1 0
github.com/divyo-argha/git-user/cmd/tui.go:211.16,213.4 1 0
github.com/divyo-argha/git-user/cmd/tui.go:215.2,215.10 1 0
github.com/divyo-argha/git-user/cmd/tui.go:218.69,230.23 4 0
github.com/divyo-argha/git-user/cmd/tui.go:230.23,234.18 4 0
github.com/divyo-argha/git-user/cmd/tui.go:234.18,237.4 2 0
github.com/divyo-argha/git-user/cmd/tui.go:239.2,239.10 1 0
github.com/divyo-argha/git-user/cmd/tui.go:244.34,244.48 1 0
github.com/divyo-argha/git-user/cmd/tui.go:246.60,247.27 1 0
github.com/divyo-argha/git-user/cmd/tui.go:248.18,249.23 1 0
github.com/divyo-argha/git-user/cmd/tui.go:250.22,252.22 2 0
github.com/divyo-argha/git-user/cmd/tui.go:254.14,255.32 1 0
github.com/divyo-argha/git-user/cmd/tui.go:255.32,259.5 3 0
github.com/divyo-argha/git-user/cmd/tui.go:260.4,261.22 2 0
github.com/divyo-argha/git-user/cmd/tui.go:263.14,264.30 1 0
github.com/divyo-argha/git-user/cmd/tui.go:264.30,265.39 1 0
github.com/divyo-argha/git-user/cmd/tui.go:265.39,267.6 1 0
github.com/divyo-argha/git-user/cmd/tui.go:267.11,269.6 1 0
github.com/divyo-argha/git-user/cmd/tui.go:272.20,273.30 1 0
github.com/divyo-argha/git-user/cmd/tui.go:273.30,275.5 1 0
github.com/divyo-argha/git-user/cmd/tui.go:277.21,278.30 1 0
github.com/divyo-argha/git-user/cmd/tui.go:278.30,280.5 1 0
github.com/divyo-argha/git-user/cmd/tui.go:282.18,283.30 1 0
github.com/divyo-argha/git-user/cmd/tui.go:283.30,284.39 1 0
github.com/divyo-argha/git-user/cmd/tui.go:284.39,285.32 1 0
github.com/divyo-argha/git-user/cmd/tui.go:285.32,287.7 1 0
github.com/divyo-argha/git-user/cmd/tui.go:288.11,289.29 1 0
github.com/divyo-argha/git-user/cmd/tui.go:289.29,291.7 1 0
github.com/divyo-argha/git-user/cmd/tui.go:293.10,295.5 1 0
github.com/divyo-argha/git-user/cmd/tui.go:297.20,298.30 1 0
github.com/divyo-argha/git-user/cmd/tui.go:298.30,299.39 1 0
github.com/divyo-argha/git-user/cmd/tui.go:299.39,300.54 1 0
github.com/divyo-argha/git-user/cmd/tui.go:300.54,302.7 1 0
github.com/divyo-argha/git-user/cmd/tui.go:303.11,304.48 1 0
github.com/divyo-argha/git-user/cmd/tui.go:304.48,306.7 1 0
github.com/divyo-argha/git-user/cmd/tui.go:308.10,310.5 1 0
github.com/divyo-argha/git-user/cmd/tui.go:312.16,313.30 1 0
github.com/divyo-argha/git-user/cmd/tui.go:313.30,315.5 1 0
github.com/divyo-argha/git-user/cmd/tui.go:316.4,316.32 1 0
github.com/divyo-argha/git-user/cmd/tui.go:319.2,319.15 1 0
github.com/divyo-argha/git-user/cmd/tui.go:322.58,323.36 1 0
github.com/divyo-argha/git-user/cmd/tui.go:323.36,325.18 2 0
github.com/divyo-argha/git-user/cmd/tui.go:325.18,327.19 2 0
github.com/divyo-argha/git-user/cmd/tui.go:327.19,329.5 1 0
github.com/divyo-argha/git-user/cmd/tui.go:330.4,334.17 5 0
github.com/divyo-argha/git-user/cmd/tui.go:336.3,336.20 1 0
github.com/divyo-argha/git-user/cmd/tui.go:336.20,339.4 2 0
github.com/divyo-argha/git-user/cmd/tui.go:340.8,342.20 2 0
github.com/divyo-argha/git-user/cmd/tui.go:342.20,343.32 1 0
github.com/divyo-argha/git-user/cmd/tui.go:343.32,346.5 2 0
github.com/divyo-argha/git-user/cmd/tui.go:347.4,348.22 2 0
github.com/divyo-argha/git-user/cmd/tui.go:351.2,351.15 1 0
github.com/divyo-argha/git-user/cmd/tui.go:354.60,355.42 1 0
github.com/divyo-argha/git-user/cmd/tui.go:355.42,357.3 1 0
github.com/divyo-argha/git-user/cmd/tui.go:358.2,359.16 2 0
github.com/divyo-argha/git-user/cmd/tui.go:359.16,361.3 1 0
github.com/divyo-argha/git-user/cmd/tui.go:363.2,363.18 1 0
github.com/divyo-argha/git-user/cmd/tui.go:364.14,367.16 3 0
github.com/divyo-argha/git-user/cmd/tui.go:368.37,369.16 1 0
github.com/divyo-argha/git-user/cmd/tui.go:370.10,372.21 2 0
github.com/divyo-argha/git-user/cmd/tui.go:378.60,379.40 1 0
github.com/divyo-argha/git-user/cmd/tui.go:379.40,380.22 1 0
github.com/divyo-argha/git-user/cmd/tui.go:380.22,382.4 1 0
github.com/divyo-argha/git-user/cmd/tui.go:384.2,384.12 1 0
github.com/divyo-argha/git-user/cmd/tui.go:387.60,388.32 1 0
github.com/divyo-argha/git-user/cmd/tui.go:388.32,389.22 1 0
github.com/divyo-argha/git-user/cmd/tui.go:389.22,391.4 1 0
github.com/divyo-argha/git-user/cmd/tui.go:393.2,393.12 1 0
github.com/divyo-argha/git-user/cmd/tui.go:398.33,399.28 1 0
github.com/divyo-argha/git-user/cmd/tui.go:399.28,401.3 1 0
github.com/divyo-argha/git-user/cmd/tui.go:402.2,402.23 1 0
github.com/divyo-argha/git-user/cmd/tui.go:405.37,412.40 5 0
github.com/divyo-argha/git-user/cmd/tui.go:412.40,414.64 2 0
github.com/divyo-argha/git-user/cmd/tui.go:414.64,418.4 3 0
github.com/divyo-argha/git-user/cmd/tui.go:418.9,418.71 1 0
github.com/divyo-argha/git-user/cmd/tui.go:418.71,422.4 3 0
github.com/divyo-argha/git-user/cmd/tui.go:422.9,424.4 1 0
github.com/divyo-argha/git-user/cmd/tui.go:427.2,427.26 1 0
github.com/divyo-argha/git-user/cmd/tui.go:427.26,429.3 1 0
github.com/divyo-argha/git-user/cmd/tui.go:432.2,435.37 4 0
github.com/divyo-argha/git-user/cmd/tui.go:435.37,437.58 2 0
github.com/divyo-argha/git-user/cmd/tui.go:437.58,441.4 3 0
github.com/divyo-argha/git-user/cmd/tui.go:441.9,441.65 1 0
github.com/divyo-argha/git-user/cmd/tui.go:441.65,445.4 3 0
github.com/divyo-argha/git-user/cmd/tui.go:445.9,447.4 1 0
github.com/divyo-argha/git-user/cmd/tui.go:450.2,450.27 1 0
github.com/divyo-argha/git-user/cmd/tui.go:450.27,452.3 1 0
github.com/divyo-argha/git-user/cmd/tui.go:454.2,455.36 2 0
github.com/divyo-argha/git-user/cmd/tui.go:455.36,458.3 2 0
github.com/divyo-argha/git-user/cmd/tui.go:458.8,461.3 2 0
github.com/divyo-argha/git-user/cmd/tui.go:463.2,468.20 5 0
github.com/divyo-argha/git-user/cmd/tui.go:471.39,473.17 2 0
github.com/divyo-argha/git-user/cmd/tui.go:473.17,475.3 1 0
github.com/divyo-argha/git-user/cmd/tui.go:477.2,489.14 8 0
github.com/divyo-argha/git-user/cmd/tui.go:489.14,491.3 1 0
github.com/divyo-argha/git-user/cmd/tui.go:491.8,493.3 1 0
github.com/divyo-argha/git-user/cmd/tui.go:494.2,494.31 1 0
github.com/divyo-argha/git-user/cmd/tui.go:494.31,496.3 1 0
github.com/divyo-argha/git-user/cmd/tui.go:497.2,506.23 6 0
github.com/divyo-argha/git-user/cmd/tui.go:506.23,508.3 1 0
github.com/divyo-argha/git-user/cmd/tui.go:509.2,514.23 4 0
github.com/divyo-argha/git-user/cmd/tui.go:514.23,515.77 1 0
github.com/divyo-argha/git-user/cmd/tui.go:515.77,516.17 1 0
github.com/divyo-argha/git-user/cmd/tui.go:516.17,518.5 1 0
github.com/divyo-argha/git-user/cmd/tui.go:518.10,520.5 1 0
github.com/divyo-argha/git-user/cmd/tui.go:523.2,528.54 4 0
github.com/divyo-argha/git-user/cmd/tui.go:528.54,530.3 1 0
github.com/divyo-argha/git-user/cmd/tui.go:531.2,534.29 2 0
github.com/divyo-argha/git-user/cmd/tui.go:534.29,536.3 1 0
github.com/divyo-argha/git-user/cmd/tui.go:538.2,539.14 2 0
github.com/divyo-argha/git-user/cmd/tui.go:539.14,541.3 1 0
github.com/divyo-argha/git-user/cmd/tui.go:541.8,543.3 1 0
github.com/divyo-argha/git-user/cmd/tui.go:546.2,549.37 4 0
github.com/divyo-argha/git-user/cmd/tui.go:549.37,550.17 1 0
github.com/divyo-argha/git-user/cmd/tui.go:550.17,552.12 2 0
github.com/divyo-argha/git-user/cmd/tui.go:554.3,555.26 2 0
github.com/divyo-argha/git-user/cmd/tui.go:555.26,558.21 3 0
github.com/divyo-argha/git-user/cmd/tui.go:558.21,560.5 1 0
github.com/divyo-argha/git-user/cmd/tui.go:560.10,562.5 1 0
github.com/divyo-argha/git-user/cmd/tui.go:563.9,565.4 1 0
github.com/divyo-argha/git-user/cmd/tui.go:568.2,568.28 1 0
github.com/divyo-argha/git-user/cmd/tui.go:568.28,570.3 1 0
github.com/divyo-argha/git-user/cmd/tui.go:572.2,579.20 6 0
github.com/divyo-argha/git-user/cmd/tui.go:583.33,586.22 3 0
github.com/divyo-argha/git-user/cmd/tui.go:586.22,587.18 1 0
github.com/divyo-argha/git-user/cmd/tui.go:587.18,589.12 2 0
github.com/divyo-argha/git-user/cmd/tui.go:591.3,591.12 1 0
github.com/divyo-argha/git-user/cmd/tui.go:591.12,592.16 1 0
github.com/divyo-argha/git-user/cmd/tui.go:592.16,594.5 1 0
github.com/divyo-argha/git-user/cmd/tui.go:595.4,595.12 1 0
github.com/divyo-argha/git-user/cmd/tui.go:597.3,597.22 1 0
github.com/divyo-argha/git-user/cmd/tui.go:599.2,599.24 1 0
github.com/divyo-argha/git-user/cmd/tui.go:604.21,606.2 1 0
github.com/divyo-argha/git-user/cmd/tui.go:608.43,610.2 1 0
github.com/divyo-argha/git-user/cmd/tui.go:612.42,613.6 1 0
github.com/divyo-argha/git-user/cmd/tui.go:613.6,615.17 2 0
github.com/divyo-argha/git-user/cmd/tui.go:615.17,617.4 1 0
github.com/divyo-argha/git-user/cmd/tui.go:619.3,622.17 4 0
github.com/divyo-argha/git-user/cmd/tui.go:622.17,624.4 1 0
github.com/divyo-argha/git-user/cmd/tui.go:626.3,628.40 2 0
github.com/divyo-argha/git-user/cmd/tui.go:628.40,630.4 1 0
github.com/divyo-argha/git-user/cmd/tui.go:632.3,639.25 5 0
github.com/divyo-argha/git-user/cmd/tui.go:639.25,641.4 1 0
github.com/divyo-argha/git-user/cmd/tui.go:644.3,644.27 1 0
github.com/divyo-argha/git-user/cmd/tui.go:644.27,646.4 1 0
github.com/divyo-argha/git-user/cmd/tui.go:646.9,646.28 1 0
github.com/divyo-argha/git-user/cmd/tui.go:646.28,648.4 1 0
github.com/divyo-argha/git-user/cmd/tui.go:648.9,650.4 1 0
github.com/divyo-argha/git-user/cmd/tui.go:653.3,654.15 2 0
github.com/divyo-argha/git-user/cmd/tui.go:658.61,659.18 1 0
github.com/divyo-argha/git-user/cmd/tui.go:660.18,661.19 1 0
github.com/divyo-argha/git-user/cmd/tui.go:663.16,664.32 1 0
github.com/divyo-argha/git-user/cmd/tui.go:666.16,668.34 2 0
github.com/divyo-argha/git-user/cmd/tui.go:668.34,671.4 2 0
github.com/divyo-argha/git-user/cmd/tui.go:672.3,672.37 1 0
github.com/divyo-argha/git-user/cmd/tui.go:672.37,675.4 2 0
github.com/divyo-argha/git-user/cmd/tui.go:676.3,677.15 2 0
github.com/divyo-argha/git-user/cmd/tui.go:677.15,679.4 1 0
github.com/divyo-argha/git-user/cmd/tui.go:680.3,681.32 2 0
github.com/divyo-argha/git-user/cmd/tui.go:681.32,683.4 1 0
github.com/divyo-argha/git-user/cmd/tui.go:684.3,685.66 2 0
github.com/divyo-argha/git-user/cmd/tui.go:687.15,689.35 2 0
github.com/divyo-argha/git-user/cmd/tui.go:689.35,692.4 2 0
github.com/divyo-argha/git-user/cmd/tui.go:693.3,693.40 1 0
github.com/divyo-argha/git-user/cmd/tui.go:695.16,696.17 1 0
github.com/divyo-argha/git-user/cmd/tui.go:698.14,699.30 1 0
github.com/divyo-argha/git-user/cmd/tui.go:701.16,703.15 2 0
github.com/divyo-argha/git-user/cmd/tui.go:703.15,705.4 1 0
github.com/divyo-argha/git-user/cmd/tui.go:706.3,706.102 1 0
github.com/divyo-argha/git-user/cmd/tui.go:706.102,709.4 2 0
github.com/divyo-argha/git-user/cmd/tui.go:710.3,712.32 3 0
github.com/divyo-argha/git-user/cmd/tui.go:712.32,714.4 1 0
github.com/divyo-argha/git-user/cmd/tui.go:715.3,715.46 1 0
github.com/divyo-argha/git-user/cmd/tui.go:717.15,718.31 1 0
github.com/divyo-argha/git-user/cmd/tui.go:720.20,721.36 1 0
github.com/divyo-argha/git-user/cmd/tui.go:723.16,724.17 1 0
github.com/divyo-argha/git-user/cmd/tui.go:726.16,727.32 1 0
github.com/divyo-argha/git-user/cmd/tui.go:729.20,730.31 1 0
github.com/divyo-argha/git-user/cmd/tui.go:732.16,734.31 2 0
github.com/divyo-argha/git-user/cmd/tui.go:734.31,737.4 2 0
github.com/divyo-argha/git-user/cmd/tui.go:738.3,738.28 1 0
github.com/divyo-argha/git-user/cmd/tui.go:740.25,741.25 1 0
github.com/divyo-argha/git-user/cmd/tui.go:743.16,744.94 1 0
github.com/divyo-argha/git-user/cmd/tui.go:744.94,747.4 2 0
github.com/divyo-argha/git-user/cmd/tui.go:748.3,748.32 1 0
github.com/divyo-argha/git-user/cmd/tui.go:750.20,751.20 1 0
github.com/divyo-argha/git-user/cmd/tui.go:753.18,754.24 1 0
github.com/divyo-argha/git-user/cmd/tui.go:756.16,757.17 1 0
github.com/divyo-argha/git-user/cmd/tui.go:759.16,760.37 1 0
github.com/divyo-argha/git-user/cmd/tui.go:760.37,762.4 1 0
github.com/divyo-argha/git-user/cmd/tui.go:768.41,770.16 2 0
github.com/divyo-argha/git-user/cmd/tui.go:770.16,772.3 1 0
github.com/divyo-argha/git-user/cmd/tui.go:774.2,774.33 1 0
github.com/divyo-argha/git-user/cmd/tui.go:774.33,777.3 2 0
github.com/divyo-argha/git-user/cmd/tui.go:779.2,781.32 3 0
github.com/divyo-argha/git-user/cmd/tui.go:781.32,782.55 1 0
github.com/divyo-argha/git-user/cmd/tui.go:782.55,784.4 1 0
github.com/divyo-argha/git-user/cmd/tui.go:786.2,786.22 1 0
github.com/divyo-argha/git-user/cmd/tui.go:786.22,789.3 2 0
github.com/divyo-argha/git-user/cmd/tui.go:790.2,790.14 1 0
github.com/divyo-argha/git-user/cmd/update.go:18.24,20.16 2 0
github.com/divyo-argha/git-user/cmd/update.go:20.16,22.3 1 0
github.com/divyo-argha/git-user/cmd/update.go:24.2,24.66 1 0
github.com/divyo-argha/git-user/cmd/update.go:24.66,26.3 1 0
github.com/divyo-argha/git-user/cmd/update.go:28.2,35.16 6 0
github.com/divyo-argha/git-user/cmd/update.go:35.16,37.3 1 0
github.com/divyo-argha/git-user/cmd/update.go:38.2,47.68 3 0
github.com/divyo-argha/git-user/cmd/update.go:47.68,49.3 1 0
github.com/divyo-argha/git-user/cmd/update.go:52.2,57.25 5 0
github.com/divyo-argha/git-user/cmd/update.go:57.25,59.3 1 0
github.com/divyo-argha/git-user/cmd/update.go:61.2,62.23 2 0
github.com/divyo-argha/git-user/cmd/update.go:62.23,64.3 1 0
github.com/divyo-argha/git-user/cmd/update.go:67.2,68.39 2 0
github.com/divyo-argha/git-user/cmd/update.go:68.39,70.90 2 0
github.com/divyo-argha/git-user/cmd/update.go:70.90,72.9 2 0
github.com/divyo-argha/git-user/cmd/update.go:75.2,75.23 1 0
github.com/divyo-argha/git-user/cmd/update.go:75.23,77.3 1 0
github.com/divyo-argha/git-user/cmd/update.go:80.2,81.16 2 0
github.com/divyo-argha/git-user/cmd/update.go:81.16,83.3 1 0
github.com/divyo-argha/git-user/cmd/update.go:84.2,89.59 5 0
github.com/divyo-argha/git-user/cmd/update.go:89.59,91.3 1 0
github.com/divyo-argha/git-user/cmd/update.go:94.2,95.16 2 0
github.com/divyo-argha/git-user/cmd/update.go:95.16,97.3 1 0
github.com/divyo-argha/git-user/cmd/update.go:98.2,101.50 2 0
github.com/divyo-argha/git-user/cmd/update.go:101.50,103.3 1 0
github.com/divyo-argha/git-user/cmd/update.go:106.2,107.56 2 0
github.com/divyo-argha/git-user/cmd/update.go:107.56,109.3 1 0
github.com/divyo-argha/git-user/cmd/update.go:111.2,111.55 1 0
github.com/divyo-argha/git-user/cmd/update.go:111.55,115.3 2 0
github.com/divyo-argha/git-user/cmd/update.go:118.2,121.12 3 0
github.com/divyo-argha/git-user/cmd/update.go:124.43,129.16 4 0
github.com/divyo-argha/git-user/cmd/update.go:129.16,131.3 1 0
github.com/divyo-argha/git-user/cmd/update.go:132.2,135.28 2 0
github.com/divyo-argha/git-user/cmd/update.go:135.28,137.3 1 0
github.com/divyo-argha/git-user/cmd/update.go:139.2,140.16 2 0
github.com/divyo-argha/git-user/cmd/update.go:140.16,142.3 1 0
github.com/divyo-argha/git-user/cmd/update.go:143.2,146.12 3 0
github.com/divyo-argha/git-user/cmd/update.go:151.68,153.16 2 0
github.com/divyo-argha/git-user/cmd/update.go:153.16,155.3 1 0
github.com/divyo-argha/git-user/cmd/update.go:156.2,159.16 3 0
github.com/divyo-argha/git-user/cmd/update.go:159.16,161.3 1 0
github.com/divyo-argha/git-user/cmd/update.go:162.2,165.6 3 0
github.com/divyo-argha/git-user/cmd/update.go:165.6,167.20 2 0
github.com/divyo-argha/git-user/cmd/update.go:167.20,168.9 1 0
github.com/divyo-argha/git-user/cmd/update.go:170.3,170.17 1 0
github.com/divyo-argha/git-user/cmd/update.go:170.17,172.4 1 0
github.com/divyo-argha/git-user/cmd/update.go:175.3,175.44 1 0
github.com/divyo-argha/git-user/cmd/update.go:175.44,177.18 2 0
github.com/divyo-argha/git-user/cmd/update.go:177.18,179.5 1 0
github.com/divyo-argha/git-user/cmd/update.go:180.4,180.46 1 0
github.com/divyo-argha/git-user/cmd/update.go:180.46,184.5 3 0
github.com/divyo-argha/git-user/cmd/update.go:185.4,186.26 2 0
github.com/divyo-argha/git-user/cmd/update.go:190.2,190.69 1 0
github.com/divyo-argha/git-user/cmd/utils.go:15.34,17.2 1 1
github.com/divyo-argha/git-user/cmd/utils.go:19.55,29.30 2 1
github.com/divyo-argha/git-user/cmd/utils.go:29.30,31.20 2 1
github.com/divyo-argha/git-user/cmd/utils.go:31.20,33.4 1 1
github.com/divyo-argha/git-user/cmd/utils.go:34.3,37.20 3 1
github.com/divyo-argha/git-user/cmd/utils.go:37.20,39.4 1 1
github.com/divyo-argha/git-user/cmd/utils.go:40.3,42.36 3 1
github.com/divyo-argha/git-user/cmd/utils.go:42.36,43.37 1 1
github.com/divyo-argha/git-user/cmd/utils.go:43.37,45.5 1 1
github.com/divyo-argha/git-user/cmd/utils.go:49.2,49.57 1 0
github.com/divyo-argha/git-user/cmd/utils.go:52.37,53.35 1 1
github.com/divyo-argha/git-user/cmd/utils.go:53.35,56.3 2 1
github.com/divyo-argha/git-user/cmd/utils.go:57.2,57.13 1 1
github.com/divyo-argha/git-user/cmd/utils.go:63.76,67.65 3 1
github.com/divyo-argha/git-user/cmd/utils.go:67.65,69.3 1 0
github.com/divyo-argha/git-user/cmd/utils.go:71.2,71.44 1 1
github.com/divyo-argha/git-user/cmd/utils.go:71.44,73.45 2 0
github.com/divyo-argha/git-user/cmd/utils.go:73.45,75.4 1 0
github.com/divyo-argha/git-user/cmd/utils.go:76.3,76.22 1 0
github.com/divyo-argha/git-user/cmd/utils.go:79.2,81.22 3 1
github.com/divyo-argha/git-user/cmd/utils.go:81.22,83.3 1 0
github.com/divyo-argha/git-user/cmd/utils.go:83.8,89.3 5 1
github.com/divyo-argha/git-user/cmd/utils.go:91.2,91.34 1 1
github.com/divyo-argha/git-user/cmd/utils.go:91.34,93.3 1 0
github.com/divyo-argha/git-user/cmd/utils.go:94.2,96.22 2 1
github.com/divyo-argha/git-user/cmd/utils.go:96.22,97.73 1 0
github.com/divyo-argha/git-user/cmd/utils.go:97.73,99.4 1 0
github.com/divyo-argha/git-user/cmd/utils.go:99.9,101.4 1 0
github.com/divyo-argha/git-user/cmd/utils.go:102.8,104.3 1 1
github.com/divyo-argha/git-user/cmd/utils.go:106.2,107.16 2 1
github.com/divyo-argha/git-user/cmd/utils.go:107.16,109.3 1 0
github.com/divyo-argha/git-user/cmd/utils.go:111.2,118.29 7 1
github.com/divyo-argha/git-user/cmd/utils.go:118.29,120.3 1 1
github.com/divyo-argha/git-user/cmd/utils.go:121.2,135.60 13 1
github.com/divyo-argha/git-user/cmd/utils.go:135.60,139.3 3 0
github.com/divyo-argha/git-user/cmd/utils.go:139.8,141.3 1 1
github.com/divyo-argha/git-user/cmd/utils.go:143.2,143.21 1 1
github.com/divyo-argha/git-user/cmd/utils.go:148.52,149.29 1 1
github.com/divyo-argha/git-user/cmd/utils.go:149.29,151.3 1 1
github.com/divyo-argha/git-user/cmd/utils.go:152.2,155.16 4 1
github.com/divyo-argha/git-user/cmd/utils.go:155.16,158.18 3 1
github.com/divyo-argha/git-user/cmd/utils.go:158.18,160.4 1 1
github.com/divyo-argha/git-user/cmd/utils.go:161.3,161.16 1 0
github.com/divyo-argha/git-user/cmd/utils.go:163.2,163.23 1 0
github.com/divyo-argha/git-user/cmd/utils.go:166.27,167.12 1 1
github.com/divyo-argha/git-user/cmd/utils.go:167.12,169.3 1 1
github.com/divyo-argha/git-user/cmd/utils.go:170.2,170.14 1 0
github.com/divyo-argha/git-user/cmd/utils.go:173.47,175.30 2 1
github.com/divyo-argha/git-user/cmd/utils.go:175.30,178.91 3 1
github.com/divyo-argha/git-user/cmd/utils.go:178.91,180.41 2 1
github.com/divyo-argha/git-user/cmd/utils.go:180.41,181.78 1 0
github.com/divyo-argha/git-user/cmd/utils.go:181.78,183.6 1 0
github.com/divyo-argha/git-user/cmd/utils.go:183.11,185.6 1 0
github.com/divyo-argha/git-user/main.go:15.13,16.22 1 0
github.com/divyo-argha/git-user/main.go:16.22,17.21 1 0
github.com/divyo-argha/git-user/main.go:18.37,20.14 2 0
github.com/divyo-argha/git-user/main.go:21.29,22.42 1 0
github.com/divyo-argha/git-user/main.go:22.42,24.5 1 0
github.com/divyo-argha/git-user/main.go:25.4,25.14 1 0
github.com/divyo-argha/git-user/main.go:29.2,29.38 1 0
github.com/divyo-argha/git-user/main.go:29.38,31.3 1 0
github.com/divyo-argha/git-user/main.go:34.21,36.2 1 0
github.com/divyo-argha/git-user/scratch/resize_logo.go:17.13,20.16 3 0
github.com/divyo-argha/git-user/scratch/resize_logo.go:20.16,23.3 2 0
github.com/divyo-argha/git-user/scratch/resize_logo.go:24.2,31.79 5 0
github.com/divyo-argha/git-user/scratch/resize_logo.go:31.79,34.3 2 0
github.com/divyo-argha/git-user/scratch/resize_logo.go:36.2,40.77 3 0
github.com/divyo-argha/git-user/scratch/resize_logo.go:40.77,43.3 2 0
github.com/divyo-argha/git-user/scratch/resize_logo.go:45.2,45.107 1 0
github.com/divyo-argha/git-user/scratch/resize_logo.go:48.65,50.16 2 0
github.com/divyo-argha/git-user/scratch/resize_logo.go:50.16,52.3 1 0
github.com/divyo-argha/git-user/scratch/resize_logo.go:53.2,56.16 3 0
github.com/divyo-argha/git-user/scratch/resize_logo.go:56.16,58.3 1 0
github.com/divyo-argha/git-user/scratch/resize_logo.go:60.2,66.25 6 0
github.com/divyo-argha/git-user/scratch/resize_logo.go:66.25,68.3 1 0
github.com/divyo-argha/git-user/scratch/resize_logo.go:70.2,73.42 3 0
github.com/divyo-argha/git-user/scratch/resize_logo.go:73.42,75.39 2 0
github.com/divyo-argha/git-user/scratch/resize_logo.go:75.39,79.4 3 0
github.com/divyo-argha/git-user/scratch/resize_logo.go:80.3,80.36 1 0
github.com/divyo-argha/git-user/scratch/resize_logo.go:83.2,84.12 2 0
github.com/divyo-argha/git-user/scratch/resize_logo.go:87.35,88.15 1 0
github.com/divyo-argha/git-user/scratch/resize_logo.go:88.15,90.3 1 0
github.com/divyo-argha/git-user/scratch/resize_logo.go:91.2,91.15 1 0
github.com/divyo-argha/git-user/scratch/resize_logo.go:91.15,93.3 1 0
github.com/divyo-argha/git-user/scratch/resize_logo.go:94.2,94.12 1 0
github.com/divyo-argha/git-user/scratch/resize_logo.go:97.92,137.2 31 0
github.com/divyo-argha/git-user/scratch/resize_logo.go:139.54,150.45 8 0
github.com/divyo-argha/git-user/scratch/resize_logo.go:150.45,152.3 1 0
github.com/divyo-argha/git-user/scratch/resize_logo.go:154.2,154.22 1 0
github.com/divyo-argha/git-user/scratch/resize_logo.go:154.22,156.3 1 0
github.com/divyo-argha/git-user/scratch/resize_logo.go:158.2,158.25 1 0
github.com/divyo-argha/git-user/scratch/resize_logo.go:158.25,160.3 1 0
github.com/divyo-argha/git-user/scratch/resize_logo.go:162.2,162.114 1 0
github.com/divyo-argha/git-user/test/runner/main.go:20.13,36.16 9 0
github.com/divyo-argha/git-user/test/runner/main.go:36.16,39.3 2 0
github.com/divyo-argha/git-user/test/runner/main.go:40.2,42.36 2 0
github.com/divyo-argha/git-user/test/runner/main.go:42.36,45.3 2 0
github.com/divyo-argha/git-user/test/runner/main.go:47.2,63.21 8 0
github.com/divyo-argha/git-user/test/runner/main.go:63.21,67.108 2 0
github.com/divyo-argha/git-user/test/runner/main.go:67.108,68.38 1 0
github.com/divyo-argha/git-user/test/runner/main.go:68.38,70.5 1 0
github.com/divyo-argha/git-user/test/runner/main.go:73.3,73.74 1 0
github.com/divyo-argha/git-user/test/runner/main.go:73.74,75.4 1 0
github.com/divyo-argha/git-user/test/runner/main.go:78.3,78.68 1 0
github.com/divyo-argha/git-user/test/runner/main.go:78.68,82.44 4 0
github.com/divyo-argha/git-user/test/runner/main.go:82.44,84.5 1 0
github.com/divyo-argha/git-user/test/runner/main.go:84.10,86.5 1 0
github.com/divyo-argha/git-user/test/runner/main.go:87.4,92.6 1 0
github.com/divyo-argha/git-user/test/runner/main.go:93.9,93.77 1 0
github.com/divyo-argha/git-user/test/runner/main.go:93.77,102.4 3 0
github.com/divyo-argha/git-user/test/runner/main.go:102.9,102.77 1 0
github.com/divyo-argha/git-user/test/runner/main.go:102.77,110.4 2 0
github.com/divyo-argha/git-user/test/runner/main.go:113.2,118.51 4 0
github.com/divyo-argha/git-user/test/runner/main.go:118.51,121.17 3 0
github.com/divyo-argha/git-user/test/runner/main.go:121.17,123.34 2 0
github.com/divyo-argha/git-user/test/runner/main.go:123.34,125.42 2 0
github.com/divyo-argha/git-user/test/runner/main.go:125.42,127.25 2 0
github.com/divyo-argha/git-user/test/runner/main.go:127.25,129.7 1 0
github.com/divyo-argha/git-user/test/runner/main.go:136.2,140.29 4 0
github.com/divyo-argha/git-user/test/runner/main.go:140.29,146.22 3 0
github.com/divyo-argha/git-user/test/runner/main.go:147.15,149.60 2 0
github.com/divyo-argha/git-user/test/runner/main.go:150.15,152.34 2 0
github.com/divyo-argha/git-user/test/runner/main.go:153.15,155.46 2 0
github.com/divyo-argha/git-user/test/runner/main.go:158.3,160.68 2 0
github.com/divyo-argha/git-user/test/runner/main.go:163.2,165.26 2 0
github.com/divyo-argha/git-user/test/runner/main.go:165.26,168.34 3 0
github.com/divyo-argha/git-user/test/runner/main.go:168.34,170.4 1 0
github.com/divyo-argha/git-user/test/runner/main.go:173.2,178.45 5 0
github.com/divyo-argha/git-user/test/runner/main.go:178.45,182.3 3 0
github.com/divyo-argha/git-user/test/runner/main.go:182.8,186.3 3 0
github.com/divyo-argha/git-user/test/runner/main.go:189.46,191.20 2 0
github.com/divyo-argha/git-user/test/runner/main.go:191.20,193.3 1 0
github.com/divyo-argha/git-user/test/runner/main.go:194.2,194.45 1 0
