mode: set
github.com/divyo-argha/git-user/internal/bundle/bundle.go:41.72,43.16 2 1
github.com/divyo-argha/git-user/internal/bundle/bundle.go:43.16,45.3 1 0
github.com/divyo-argha/git-user/internal/bundle/bundle.go:47.2,48.58 2 1
github.com/divyo-argha/git-user/internal/bundle/bundle.go:48.58,50.3 1 0
github.com/divyo-argha/git-user/internal/bundle/bundle.go:52.2,53.16 2 1
github.com/divyo-argha/git-user/internal/bundle/bundle.go:53.16,55.3 1 0
github.com/divyo-argha/git-user/internal/bundle/bundle.go:57.2,58.16 2 1
github.com/divyo-argha/git-user/internal/bundle/bundle.go:58.16,60.3 1 0
github.com/divyo-argha/git-user/internal/bundle/bundle.go:61.2,62.16 2 1
github.com/divyo-argha/git-user/internal/bundle/bundle.go:62.16,64.3 1 0
github.com/divyo-argha/git-user/internal/bundle/bundle.go:66.2,67.59 2 1
github.com/divyo-argha/git-user/internal/bundle/bundle.go:67.59,69.3 1 0
github.com/divyo-argha/git-user/internal/bundle/bundle.go:71.2,77.17 6 1
github.com/divyo-argha/git-user/internal/bundle/bundle.go:81.66,82.30 1 1
github.com/divyo-argha/git-user/internal/bundle/bundle.go:82.30,84.3 1 1
github.com/divyo-argha/git-user/internal/bundle/bundle.go:86.2,90.16 4 1
github.com/divyo-argha/git-user/internal/bundle/bundle.go:90.16,92.3 1 0
github.com/divyo-argha/git-user/internal/bundle/bundle.go:94.2,95.16 2 1
github.com/divyo-argha/git-user/internal/bundle/bundle.go:95.16,97.3 1 0
github.com/divyo-argha/git-user/internal/bundle/bundle.go:98.2,99.16 2 1
github.com/divyo-argha/git-user/internal/bundle/bundle.go:99.16,101.3 1 0
github.com/divyo-argha/git-user/internal/bundle/bundle.go:103.2,103.33 1 1
github.com/divyo-argha/git-user/internal/bundle/bundle.go:103.33,105.3 1 0
github.com/divyo-argha/git-user/internal/bundle/bundle.go:106.2,110.16 4 1
github.com/divyo-argha/git-user/internal/bundle/bundle.go:110.16,112.3 1 1
github.com/divyo-argha/git-user/internal/bundle/bundle.go:114.2,115.50 2 1
github.com/divyo-argha/git-user/internal/bundle/bundle.go:115.50,117.3 1 0
github.com/divyo-argha/git-user/internal/bundle/bundle.go:118.2,118.26 1 1
github.com/divyo-argha/git-user/internal/identity/identity.go:18.31,19.11 1 1
github.com/divyo-argha/git-user/internal/identity/identity.go:20.21,21.21 1 1
github.com/divyo-argha/git-user/internal/identity/identity.go:22.21,23.21 1 1
github.com/divyo-argha/git-user/internal/identity/identity.go:24.10,25.19 1 1
github.com/divyo-argha/git-user/internal/identity/identity.go:44.37,46.16 2 1
github.com/divyo-argha/git-user/internal/identity/identity.go:46.16,48.3 1 0
github.com/divyo-argha/git-user/internal/identity/identity.go:50.2,51.16 2 1
github.com/divyo-argha/git-user/internal/identity/identity.go:51.16,53.3 1 0
github.com/divyo-argha/git-user/internal/identity/identity.go:55.2,60.25 2 1
github.com/divyo-argha/git-user/internal/identity/identity.go:60.25,62.18 2 1
github.com/divyo-argha/git-user/internal/identity/identity.go:62.18,70.4 1 1
github.com/divyo-argha/git-user/internal/identity/identity.go:73.2,73.21 1 1
github.com/divyo-argha/git-user/internal/identity/identity.go:76.74,77.31 1 1
github.com/divyo-argha/git-user/internal/identity/identity.go:77.31,79.3 1 1
github.com/divyo-argha/git-user/internal/identity/identity.go:81.2,88.22 2 1
github.com/divyo-argha/git-user/internal/identity/identity.go:91.74,92.31 1 0
github.com/divyo-argha/git-user/internal/identity/identity.go:92.31,94.3 1 0
github.com/divyo-argha/git-user/internal/identity/identity.go:96.2,96.59 1 0
github.com/divyo-argha/git-user/internal/identity/identity.go:96.59,98.3 1 0
github.com/divyo-argha/git-user/internal/identity/identity.go:100.2,100.51 1 0
github.com/divyo-argha/git-user/internal/identity/identity.go:100.51,102.3 1 0
github.com/divyo-argha/git-user/internal/identity/identity.go:104.2,111.22 2 0
github.com/divyo-argha/git-user/internal/identity/identity.go:114.42,116.2 1 1
github.com/divyo-argha/git-user/internal/identity/identity.go:118.50,120.2 1 0
github.com/divyo-argha/git-user/internal/identity/identity.go:122.43,133.22 6 1
github.com/divyo-argha/git-user/internal/identity/identity.go:133.22,135.3 1 1
github.com/divyo-argha/git-user/internal/identity/identity.go:137.2,138.12 2 1
github.com/divyo-argha/git-user/internal/identity/identity.go:141.43,142.28 1 0
github.com/divyo-argha/git-user/internal/identity/identity.go:142.28,146.3 3 0
github.com/divyo-argha/git-user/internal/identity/identity.go:148.2,150.49 2 0
github.com/divyo-argha/git-user/internal/identity/identity.go:150.49,151.66 1 0
github.com/divyo-argha/git-user/internal/identity/identity.go:151.66,153.4 1 0
github.com/divyo-argha/git-user/internal/identity/identity.go:156.2,156.31 1 0
github.com/divyo-argha/git-user/internal/identity/identity.go:156.31,157.64 1 0
github.com/divyo-argha/git-user/internal/identity/identity.go:157.64,159.4 1 0
github.com/divyo-argha/git-user/internal/identity/identity.go:160.8,161.47 1 0
github.com/divyo-argha/git-user/internal/identity/identity.go:161.48,162.4 0 0
github.com/divyo-argha/git-user/internal/identity/identity.go:165.2,165.51 1 0
github.com/divyo-argha/git-user/internal/identity/identity.go:165.51,167.18 2 0
github.com/divyo-argha/git-user/internal/identity/identity.go:167.18,175.4 1 0
github.com/divyo-argha/git-user/internal/identity/identity.go:176.8,178.3 1 0
github.com/divyo-argha/git-user/internal/identity/identity.go:180.2,182.12 2 0
github.com/divyo-argha/git-user/internal/identity/identity.go:185.54,186.21 1 0
github.com/divyo-argha/git-user/internal/identity/identity.go:186.21,188.3 1 0
github.com/divyo-argha/git-user/internal/identity/identity.go:190.2,190.65 1 0
github.com/divyo-argha/git-user/internal/identity/identity.go:190.65,192.3 1 0
github.com/divyo-argha/git-user/internal/identity/identity.go:194.2,194.27 1 0
github.com/divyo-argha/git-user/internal/identity/identity.go:194.27,195.59 1 0
github.com/divyo-argha/git-user/internal/identity/identity.go:195.59,197.4 1 0
github.com/divyo-argha/git-user/internal/identity/identity.go:200.2,202.36 2 0
github.com/divyo-argha/git-user/internal/identity/identity.go:202.36,203.65 1 0
github.com/divyo-argha/git-user/internal/identity/identity.go:203.65,205.4 1 0
github.com/divyo-argha/git-user/internal/identity/identity.go:206.3,206.52 1 0
github.com/divyo-argha/git-user/internal/identity/identity.go:206.52,208.4 1 0
github.com/divyo-argha/git-user/internal/identity/identity.go:211.2,211.12 1 0
github.com/divyo-argha/git-user/internal/identity/identity.go:214.49,216.2 1 0
github.com/divyo-argha/git-user/internal/identity/identity.go:218.40,220.16 2 0
github.com/divyo-argha/git-user/internal/identity/identity.go:220.16,222.3 1 0
github.com/divyo-argha/git-user/internal/identity/identity.go:223.2,224.12 2 0
github.com/divyo-argha/git-user/internal/identity/orphan.go:24.58,28.2 1 1
github.com/divyo-argha/git-user/internal/identity/orphan.go:31.57,34.16 2 0
github.com/divyo-argha/git-user/internal/identity/orphan.go:34.16,36.3 1 0
github.com/divyo-argha/git-user/internal/identity/orphan.go:38.2,41.40 3 0
github.com/divyo-argha/git-user/internal/identity/orphan.go:41.40,43.58 1 0
github.com/divyo-argha/git-user/internal/identity/orphan.go:43.58,46.12 1 0
github.com/divyo-argha/git-user/internal/identity/orphan.go:50.3,56.39 3 0
github.com/divyo-argha/git-user/internal/identity/orphan.go:56.39,64.4 1 0
github.com/divyo-argha/git-user/internal/identity/orphan.go:67.2,67.21 1 0
github.com/divyo-argha/git-user/internal/identity/orphan.go:71.71,74.33 2 0
github.com/divyo-argha/git-user/internal/identity/orphan.go:74.33,76.61 1 0
github.com/divyo-argha/git-user/internal/identity/orphan.go:76.61,78.12 2 0
github.com/divyo-argha/git-user/internal/identity/orphan.go:82.3,82.74 1 0
github.com/divyo-argha/git-user/internal/identity/orphan.go:82.74,84.4 1 0
github.com/divyo-argha/git-user/internal/identity/orphan.go:87.2,87.21 1 0
github.com/divyo-argha/git-user/internal/identity/orphan.go:87.21,89.3 1 0
github.com/divyo-argha/git-user/internal/identity/orphan.go:91.2,91.12 1 0
github.com/divyo-argha/git-user/internal/identity/orphan.go:95.37,96.14 1 0
github.com/divyo-argha/git-user/internal/identity/orphan.go:96.14,98.3 1 0
github.com/divyo-argha/git-user/internal/identity/orphan.go:101.2,102.16 2 0
github.com/divyo-argha/git-user/internal/identity/orphan.go:102.16,104.3 1 0
github.com/divyo-argha/git-user/internal/identity/orphan.go:107.2,108.16 2 0
github.com/divyo-argha/git-user/internal/identity/orphan.go:108.16,111.3 1 0
github.com/divyo-argha/git-user/internal/identity/orphan.go:113.2,113.13 1 0
github.com/divyo-argha/git-user/internal/identity/orphan.go:117.63,119.16 2 0
github.com/divyo-argha/git-user/internal/identity/orphan.go:119.16,121.3 1 0
github.com/divyo-argha/git-user/internal/identity/orphan.go:124.2,125.40 2 0
github.com/divyo-argha/git-user/internal/identity/orphan.go:125.40,126.50 1 0
github.com/divyo-argha/git-user/internal/identity/orphan.go:126.50,129.4 1 0
github.com/divyo-argha/git-user/internal/identity/orphan.go:133.2,133.44 1 0
github.com/divyo-argha/git-user/internal/identity/orphan.go:133.44,135.60 2 0
github.com/divyo-argha/git-user/internal/identity/orphan.go:135.60,137.4 1 0
github.com/divyo-argha/git-user/internal/identity/orphan.go:140.2,140.12 1 0
github.com/divyo-argha/git-user/internal/identity/secure.go:10.38,13.16 2 1
github.com/divyo-argha/git-user/internal/identity/secure.go:13.16,14.25 1 1
github.com/divyo-argha/git-user/internal/identity/secure.go:14.25,17.4 1 1
github.com/divyo-argha/git-user/internal/identity/secure.go:18.3,18.42 1 0
github.com/divyo-argha/git-user/internal/identity/secure.go:22.2,22.18 1 1
github.com/divyo-argha/git-user/internal/identity/secure.go:22.18,24.3 1 1
github.com/divyo-argha/git-user/internal/identity/secure.go:27.2,28.16 2 1
github.com/divyo-argha/git-user/internal/identity/secure.go:28.16,30.3 1 0
github.com/divyo-argha/git-user/internal/identity/secure.go:31.2,38.34 4 1
github.com/divyo-argha/git-user/internal/identity/secure.go:38.34,40.41 1 1
github.com/divyo-argha/git-user/internal/identity/secure.go:40.41,42.4 1 0
github.com/divyo-argha/git-user/internal/identity/secure.go:45.3,46.21 2 1
github.com/divyo-argha/git-user/internal/identity/secure.go:46.21,48.27 2 1
github.com/divyo-argha/git-user/internal/identity/secure.go:48.27,50.5 1 1
github.com/divyo-argha/git-user/internal/identity/secure.go:52.4,53.18 2 1
github.com/divyo-argha/git-user/internal/identity/secure.go:53.18,55.5 1 0
github.com/divyo-argha/git-user/internal/identity/secure.go:56.4,56.25 1 1
github.com/divyo-argha/git-user/internal/identity/secure.go:60.3,60.34 1 1
github.com/divyo-argha/git-user/internal/identity/secure.go:60.34,62.4 1 0
github.com/divyo-argha/git-user/internal/identity/secure.go:66.2,66.34 1 1
github.com/divyo-argha/git-user/internal/identity/secure.go:66.34,68.3 1 0
github.com/divyo-argha/git-user/internal/identity/secure.go:71.2,71.40 1 1
github.com/divyo-argha/git-user/internal/identity/secure.go:71.40,73.3 1 0
github.com/divyo-argha/git-user/internal/identity/secure.go:75.2,75.12 1 1
github.com/divyo-argha/git-user/internal/identity/secure.go:79.55,83.53 2 1
github.com/divyo-argha/git-user/internal/identity/secure.go:83.53,85.3 1 0
github.com/divyo-argha/git-user/internal/identity/secure.go:88.2,88.52 1 1
github.com/divyo-argha/git-user/internal/identity/secure.go:88.52,90.26 1 0
github.com/divyo-argha/git-user/internal/identity/secure.go:90.26,92.4 1 0
github.com/divyo-argha/git-user/internal/identity/secure.go:95.2,95.12 1 1
github.com/divyo-argha/git-user/internal/identity/snapshot.go:15.43,17.2 1 1
github.com/divyo-argha/git-user/internal/identity/state.go:26.62,28.16 2 1
github.com/divyo-argha/git-user/internal/identity/state.go:28.16,29.25 1 1
github.com/divyo-argha/git-user/internal/identity/state.go:29.25,35.4 1 1
github.com/divyo-argha/git-user/internal/identity/state.go:36.3,36.56 1 0
github.com/divyo-argha/git-user/internal/identity/state.go:39.2,40.53 2 0
github.com/divyo-argha/git-user/internal/identity/state.go:40.53,47.3 1 0
github.com/divyo-argha/git-user/internal/identity/state.go:49.2,49.20 1 0
github.com/divyo-argha/git-user/internal/identity/state.go:53.66,59.16 3 0
github.com/divyo-argha/git-user/internal/identity/state.go:59.16,61.3 1 0
github.com/divyo-argha/git-user/internal/identity/state.go:64.2,65.58 2 0
github.com/divyo-argha/git-user/internal/identity/state.go:65.58,67.3 1 0
github.com/divyo-argha/git-user/internal/identity/state.go:70.2,70.54 1 0
github.com/divyo-argha/git-user/internal/identity/state.go:70.54,73.3 2 0
github.com/divyo-argha/git-user/internal/identity/state.go:75.2,75.12 1 0
github.com/divyo-argha/git-user/internal/identity/state.go:79.66,81.16 2 0
github.com/divyo-argha/git-user/internal/identity/state.go:81.16,83.3 1 0
github.com/divyo-argha/git-user/internal/identity/state.go:86.2,87.44 2 0
github.com/divyo-argha/git-user/internal/identity/state.go:87.44,88.39 1 0
github.com/divyo-argha/git-user/internal/identity/state.go:88.39,91.9 3 0
github.com/divyo-argha/git-user/internal/identity/state.go:96.2,96.12 1 0
github.com/divyo-argha/git-user/internal/identity/state.go:96.12,98.3 1 0
github.com/divyo-argha/git-user/internal/identity/state.go:100.2,100.40 1 0
github.com/divyo-argha/git-user/internal/identity/state.go:104.58,106.16 2 0
github.com/divyo-argha/git-user/internal/identity/state.go:106.16,108.3 1 0
github.com/divyo-argha/git-user/internal/identity/state.go:111.2,112.40 2 0
github.com/divyo-argha/git-user/internal/identity/state.go:112.40,113.30 1 0
github.com/divyo-argha/git-user/internal/identity/state.go:113.30,115.4 1 0
github.com/divyo-argha/git-user/internal/identity/state.go:118.2,119.40 2 0
github.com/divyo-argha/git-user/internal/identity/temp.go:25.45,27.16 2 1
github.com/divyo-argha/git-user/internal/identity/temp.go:27.16,29.3 1 0
github.com/divyo-argha/git-user/internal/identity/temp.go:31.2,35.55 4 1
github.com/divyo-argha/git-user/internal/identity/temp.go:35.55,37.3 1 0
github.com/divyo-argha/git-user/internal/identity/temp.go:39.2,47.44 3 1
github.com/divyo-argha/git-user/internal/identity/temp.go:47.45,48.3 0 0
github.com/divyo-argha/git-user/internal/identity/temp.go:50.2,50.21 1 1
github.com/divyo-argha/git-user/internal/identity/temp.go:53.54,55.16 2 0
github.com/divyo-argha/git-user/internal/identity/temp.go:55.16,57.3 1 0
github.com/divyo-argha/git-user/internal/identity/temp.go:59.2,59.19 1 0
github.com/divyo-argha/git-user/internal/identity/temp.go:59.19,61.3 1 0
github.com/divyo-argha/git-user/internal/identity/temp.go:63.2,64.20 2 0
github.com/divyo-argha/git-user/internal/identity/temp.go:64.20,66.3 1 0
github.com/divyo-argha/git-user/internal/identity/temp.go:68.2,68.12 1 0
github.com/divyo-argha/git-user/internal/identity/temp.go:71.44,73.2 1 0
github.com/divyo-argha/git-user/internal/identity/temp.go:75.64,77.2 1 0
github.com/divyo-argha/git-user/internal/identity/temp.go:79.60,81.2 1 0
github.com/divyo-argha/git-user/internal/identity/temp.go:83.80,86.2 2 0
github.com/divyo-argha/git-user/internal/identity/temp.go:88.61,91.2 2 0
github.com/divyo-argha/git-user/internal/identity/temp.go:93.73,96.2 2 0
github.com/divyo-argha/git-user/internal/identity/temp.go:98.42,100.16 2 1
github.com/divyo-argha/git-user/internal/identity/temp.go:100.16,102.3 1 0
github.com/divyo-argha/git-user/internal/identity/temp.go:104.2,104.40 1 1
github.com/divyo-argha/git-user/internal/identity/temp.go:104.40,113.3 2 0
github.com/divyo-argha/git-user/internal/identity/temp.go:115.2,115.12 1 1
github.com/divyo-argha/git-user/internal/identity/temp.go:118.42,124.40 2 0
github.com/divyo-argha/git-user/internal/identity/temp.go:124.40,133.3 2 0
github.com/divyo-argha/git-user/internal/identity/temp.go:135.2,135.43 1 0
github.com/divyo-argha/git-user/internal/config/config.go:50.13,52.16 2 1
github.com/divyo-argha/git-user/internal/config/config.go:52.16,53.59 1 0
github.com/divyo-argha/git-user/internal/config/config.go:55.2,55.63 1 1
github.com/divyo-argha/git-user/internal/config/config.go:58.26,58.47 1 1
github.com/divyo-argha/git-user/internal/config/config.go:60.33,60.54 1 1
github.com/divyo-argha/git-user/internal/config/config.go:62.30,64.2 1 1
github.com/divyo-argha/git-user/internal/config/config.go:66.25,68.2 1 1
github.com/divyo-argha/git-user/internal/config/config.go:70.29,73.16 3 1
github.com/divyo-argha/git-user/internal/config/config.go:73.16,74.38 1 1
github.com/divyo-argha/git-user/internal/config/config.go:74.38,76.4 1 0
github.com/divyo-argha/git-user/internal/config/config.go:77.8,78.50 1 1
github.com/divyo-argha/git-user/internal/config/config.go:78.50,80.4 1 0
github.com/divyo-argha/git-user/internal/config/config.go:83.2,84.16 2 1
github.com/divyo-argha/git-user/internal/config/config.go:84.16,86.62 2 1
github.com/divyo-argha/git-user/internal/config/config.go:86.62,87.29 1 1
github.com/divyo-argha/git-user/internal/config/config.go:87.29,89.5 1 1
github.com/divyo-argha/git-user/internal/config/config.go:90.4,90.43 1 1
github.com/divyo-argha/git-user/internal/config/config.go:94.2,94.16 1 1
github.com/divyo-argha/git-user/internal/config/config.go:97.27,100.28 3 1
github.com/divyo-argha/git-user/internal/config/config.go:100.28,101.20 1 1
github.com/divyo-argha/git-user/internal/config/config.go:101.20,103.4 1 1
github.com/divyo-argha/git-user/internal/config/config.go:103.9,105.4 1 1
github.com/divyo-argha/git-user/internal/config/config.go:108.2,109.47 2 1
github.com/divyo-argha/git-user/internal/config/config.go:109.47,111.3 1 0
github.com/divyo-argha/git-user/internal/config/config.go:113.2,113.24 1 1
github.com/divyo-argha/git-user/internal/config/config.go:113.24,116.3 2 1
github.com/divyo-argha/git-user/internal/config/config.go:116.8,118.3 1 1
github.com/divyo-argha/git-user/internal/config/config.go:120.2,124.16 4 1
github.com/divyo-argha/git-user/internal/config/config.go:124.16,126.3 1 0
github.com/divyo-argha/git-user/internal/config/config.go:128.2,129.16 2 1
github.com/divyo-argha/git-user/internal/config/config.go:129.16,131.3 1 0
github.com/divyo-argha/git-user/internal/config/config.go:132.2,134.43 2 1
github.com/divyo-argha/git-user/internal/config/config.go:134.43,138.3 3 0
github.com/divyo-argha/git-user/internal/config/config.go:139.2,139.36 1 1
github.com/divyo-argha/git-user/internal/config/config.go:139.36,142.3 2 0
github.com/divyo-argha/git-user/internal/config/config.go:143.2,143.48 1 1
github.com/divyo-argha/git-user/internal/config/config.go:143.48,146.3 2 0
github.com/divyo-argha/git-user/internal/config/config.go:147.2,147.55 1 1
github.com/divyo-argha/git-user/internal/config/config.go:147.55,150.3 2 0
github.com/divyo-argha/git-user/internal/config/config.go:151.2,151.26 1 1
github.com/divyo-argha/git-user/internal/config/config.go:154.45,155.25 1 1
github.com/divyo-argha/git-user/internal/config/config.go:155.25,156.30 1 1
github.com/divyo-argha/git-user/internal/config/config.go:156.30,158.4 1 1
github.com/divyo-argha/git-user/internal/config/config.go:160.2,160.12 1 1
github.com/divyo-argha/git-user/internal/config/config.go:164.47,166.2 1 1
github.com/divyo-argha/git-user/internal/config/config.go:169.49,170.28 1 1
github.com/divyo-argha/git-user/internal/config/config.go:170.28,171.23 1 1
github.com/divyo-argha/git-user/internal/config/config.go:171.23,173.4 1 0
github.com/divyo-argha/git-user/internal/config/config.go:175.2,175.14 1 1
github.com/divyo-argha/git-user/internal/config/config.go:178.51,179.31 1 1
github.com/divyo-argha/git-user/internal/config/config.go:179.31,181.3 1 0
github.com/divyo-argha/git-user/internal/config/config.go:182.2,182.25 1 1
github.com/divyo-argha/git-user/internal/config/config.go:182.25,184.3 1 1
github.com/divyo-argha/git-user/internal/config/config.go:185.2,185.27 1 1
github.com/divyo-argha/git-user/internal/config/config.go:185.27,187.3 1 0
github.com/divyo-argha/git-user/internal/config/config.go:188.2,189.12 2 1
github.com/divyo-argha/git-user/internal/config/config.go:192.59,193.29 1 1
github.com/divyo-argha/git-user/internal/config/config.go:193.29,195.3 1 0
github.com/divyo-argha/git-user/internal/config/config.go:196.2,196.33 1 1
github.com/divyo-argha/git-user/internal/config/config.go:196.33,198.3 1 1
github.com/divyo-argha/git-user/internal/config/config.go:199.2,200.28 2 1
github.com/divyo-argha/git-user/internal/config/config.go:200.28,201.21 1 1
github.com/divyo-argha/git-user/internal/config/config.go:201.21,203.4 1 0
github.com/divyo-argha/git-user/internal/config/config.go:205.2,206.23 2 1
github.com/divyo-argha/git-user/internal/config/config.go:206.23,208.3 1 1
github.com/divyo-argha/git-user/internal/config/config.go:209.2,209.12 1 1
github.com/divyo-argha/git-user/internal/config/config.go:212.57,214.14 2 1
github.com/divyo-argha/git-user/internal/config/config.go:214.14,216.3 1 0
github.com/divyo-argha/git-user/internal/config/config.go:217.2,217.20 1 1
github.com/divyo-argha/git-user/internal/config/config.go:217.20,219.3 1 0
github.com/divyo-argha/git-user/internal/config/config.go:220.2,221.12 2 1
github.com/divyo-argha/git-user/internal/config/config.go:224.56,226.14 2 1
github.com/divyo-argha/git-user/internal/config/config.go:226.14,228.3 1 0
github.com/divyo-argha/git-user/internal/config/config.go:229.2,230.12 2 1
github.com/divyo-argha/git-user/internal/config/config.go:233.63,235.14 2 1
github.com/divyo-argha/git-user/internal/config/config.go:235.14,237.3 1 0
github.com/divyo-argha/git-user/internal/config/config.go:238.2,241.12 4 1
github.com/divyo-argha/git-user/internal/config/config.go:244.65,246.14 2 1
github.com/divyo-argha/git-user/internal/config/config.go:246.14,248.3 1 0
github.com/divyo-argha/git-user/internal/config/config.go:249.2,250.12 2 1
github.com/divyo-argha/git-user/internal/config/config.go:253.47,254.29 1 1
github.com/divyo-argha/git-user/internal/config/config.go:254.29,256.3 1 0
github.com/divyo-argha/git-user/internal/config/config.go:257.2,258.12 2 1
github.com/divyo-argha/git-user/internal/config/config.go:261.37,262.21 1 0
github.com/divyo-argha/git-user/internal/config/config.go:262.21,264.3 1 0
github.com/divyo-argha/git-user/internal/config/config.go:265.2,265.30 1 0
github.com/divyo-argha/git-user/internal/config/config.go:270.102,271.23 1 0
github.com/divyo-argha/git-user/internal/config/config.go:271.23,273.3 1 0
github.com/divyo-argha/git-user/internal/config/config.go:274.2,281.3 1 0
github.com/divyo-argha/git-user/internal/config/config.go:284.57,286.14 2 0
github.com/divyo-argha/git-user/internal/config/config.go:286.14,288.3 1 0
github.com/divyo-argha/git-user/internal/config/config.go:289.2,289.32 1 0
github.com/divyo-argha/git-user/internal/config/config.go:289.32,290.16 1 0
github.com/divyo-argha/git-user/internal/config/config.go:290.16,292.4 1 0
github.com/divyo-argha/git-user/internal/config/config.go:294.2,294.32 1 0
github.com/divyo-argha/git-user/internal/config/config.go:294.32,295.25 1 0
github.com/divyo-argha/git-user/internal/config/config.go:295.25,296.38 1 0
github.com/divyo-argha/git-user/internal/config/config.go:296.38,297.18 1 0
github.com/divyo-argha/git-user/internal/config/config.go:297.18,299.6 1 0
github.com/divyo-argha/git-user/internal/config/config.go:303.2,304.12 2 0
github.com/divyo-argha/git-user/internal/config/config.go:307.61,309.14 2 0
github.com/divyo-argha/git-user/internal/config/config.go:309.14,311.3 1 0
github.com/divyo-argha/git-user/internal/config/config.go:312.2,314.32 3 0
github.com/divyo-argha/git-user/internal/config/config.go:314.32,315.16 1 0
github.com/divyo-argha/git-user/internal/config/config.go:315.16,317.4 1 0
github.com/divyo-argha/git-user/internal/config/config.go:317.9,319.4 1 0
github.com/divyo-argha/git-user/internal/config/config.go:321.2,321.12 1 0
github.com/divyo-argha/git-user/internal/config/config.go:321.12,323.3 1 0
github.com/divyo-argha/git-user/internal/config/config.go:324.2,325.12 2 0
github.com/divyo-argha/git-user/internal/config/config.go:328.37,330.16 2 1
github.com/divyo-argha/git-user/internal/config/config.go:330.16,332.3 1 0
github.com/divyo-argha/git-user/internal/config/config.go:334.2,338.16 3 1
github.com/divyo-argha/git-user/internal/config/config.go:338.16,339.27 1 1
github.com/divyo-argha/git-user/internal/config/config.go:339.27,340.106 1 1
github.com/divyo-argha/git-user/internal/config/config.go:340.106,343.48 3 0
github.com/divyo-argha/git-user/internal/config/config.go:343.48,345.6 1 0
github.com/divyo-argha/git-user/internal/config/config.go:351.2,351.28 1 1
github.com/divyo-argha/git-user/internal/config/config.go:351.28,352.28 1 1
github.com/divyo-argha/git-user/internal/config/config.go:352.28,353.12 1 1
github.com/divyo-argha/git-user/internal/config/config.go:355.3,361.21 7 0
github.com/divyo-argha/git-user/internal/config/config.go:361.21,364.4 2 0
github.com/divyo-argha/git-user/internal/config/config.go:365.3,365.41 1 0
github.com/divyo-argha/git-user/internal/config/config.go:365.41,366.29 1 0
github.com/divyo-argha/git-user/internal/config/config.go:366.29,369.5 2 0
github.com/divyo-argha/git-user/internal/config/config.go:370.4,373.40 4 0
github.com/divyo-argha/git-user/internal/config/config.go:376.3,377.17 2 0
github.com/divyo-argha/git-user/internal/config/config.go:377.17,379.4 1 0
github.com/divyo-argha/git-user/internal/config/config.go:381.3,381.30 1 0
github.com/divyo-argha/git-user/internal/config/config.go:381.30,382.37 1 0
github.com/divyo-argha/git-user/internal/config/config.go:382.37,384.5 1 0
github.com/divyo-argha/git-user/internal/config/config.go:389.2,392.16 4 1
github.com/divyo-argha/git-user/internal/config/config.go:392.16,394.30 2 0
github.com/divyo-argha/git-user/internal/config/config.go:394.30,395.18 1 0
github.com/divyo-argha/git-user/internal/config/config.go:395.18,396.13 1 0
github.com/divyo-argha/git-user/internal/config/config.go:398.4,399.23 2 0
github.com/divyo-argha/git-user/internal/config/config.go:399.23,402.78 3 0
github.com/divyo-argha/git-user/internal/config/config.go:402.78,404.6 1 0
github.com/divyo-argha/git-user/internal/config/config.go:410.2,411.28 2 1
github.com/divyo-argha/git-user/internal/config/config.go:411.28,412.28 1 1
github.com/divyo-argha/git-user/internal/config/config.go:412.28,413.12 1 1
github.com/divyo-argha/git-user/internal/config/config.go:415.3,417.33 2 0
github.com/divyo-argha/git-user/internal/config/config.go:417.33,421.4 3 0
github.com/divyo-argha/git-user/internal/config/config.go:425.2,425.33 1 1
github.com/divyo-argha/git-user/internal/config/config.go:425.33,427.32 2 0
github.com/divyo-argha/git-user/internal/config/config.go:427.32,429.4 1 0
github.com/divyo-argha/git-user/internal/config/config.go:433.2,433.32 1 1
github.com/divyo-argha/git-user/internal/config/config.go:433.32,435.33 2 0
github.com/divyo-argha/git-user/internal/config/config.go:435.33,437.4 1 0
github.com/divyo-argha/git-user/internal/config/config.go:440.2,440.12 1 1
github.com/divyo-argha/git-user/internal/config/config.go:443.44,444.35 1 0
github.com/divyo-argha/git-user/internal/config/config.go:444.35,447.3 2 0
github.com/divyo-argha/git-user/internal/config/config.go:448.2,448.48 1 0
github.com/divyo-argha/git-user/internal/config/config.go:448.48,450.3 1 0
github.com/divyo-argha/git-user/internal/config/config.go:451.2,451.35 1 0
github.com/divyo-argha/git-user/internal/config/config.go:451.35,453.3 1 0
github.com/divyo-argha/git-user/internal/config/config.go:454.2,454.13 1 0
github.com/divyo-argha/git-user/internal/git/git.go:9.38,11.2 1 1
github.com/divyo-argha/git-user/internal/git/git.go:13.55,14.60 1 1
github.com/divyo-argha/git-user/internal/git/git.go:14.60,16.3 1 0
github.com/divyo-argha/git-user/internal/git/git.go:17.2,17.62 1 1
github.com/divyo-argha/git-user/internal/git/git.go:17.62,19.3 1 0
github.com/divyo-argha/git-user/internal/git/git.go:20.2,20.12 1 1
github.com/divyo-argha/git-user/internal/git/git.go:24.22,26.2 1 0
github.com/divyo-argha/git-user/internal/git/git.go:28.37,30.11 2 0
github.com/divyo-argha/git-user/internal/git/git.go:30.11,32.3 1 0
github.com/divyo-argha/git-user/internal/git/git.go:33.2,36.33 4 0
github.com/divyo-argha/git-user/internal/git/git.go:39.27,42.2 2 1
github.com/divyo-argha/git-user/internal/git/git.go:44.33,47.2 2 0
github.com/divyo-argha/git-user/internal/git/git.go:49.28,52.2 2 1
github.com/divyo-argha/git-user/internal/git/git.go:54.34,57.2 2 0
github.com/divyo-argha/git-user/internal/git/git.go:59.33,62.2 2 0
github.com/divyo-argha/git-user/internal/git/git.go:64.39,67.2 2 0
github.com/divyo-argha/git-user/internal/git/git.go:69.33,72.2 2 1
github.com/divyo-argha/git-user/internal/git/git.go:74.39,77.2 2 0
github.com/divyo-argha/git-user/internal/git/git.go:79.33,82.2 2 1
github.com/divyo-argha/git-user/internal/git/git.go:84.39,87.2 2 0
github.com/divyo-argha/git-user/internal/git/git.go:89.36,92.2 2 1
github.com/divyo-argha/git-user/internal/git/git.go:94.42,97.2 2 0
github.com/divyo-argha/git-user/internal/git/git.go:99.41,101.2 1 1
github.com/divyo-argha/git-user/internal/git/git.go:103.58,106.2 2 1
github.com/divyo-argha/git-user/internal/git/git.go:108.38,110.2 1 0
github.com/divyo-argha/git-user/internal/git/git.go:112.55,114.2 1 0
github.com/divyo-argha/git-user/internal/git/git.go:116.30,118.2 1 1
github.com/divyo-argha/git-user/internal/git/git.go:120.45,122.11 2 1
github.com/divyo-argha/git-user/internal/git/git.go:122.11,124.3 1 0
github.com/divyo-argha/git-user/internal/git/git.go:125.2,127.12 3 1
github.com/divyo-argha/git-user/internal/git/git.go:130.49,132.2 1 1
github.com/divyo-argha/git-user/internal/git/git.go:134.66,136.11 2 1
github.com/divyo-argha/git-user/internal/git/git.go:136.11,138.3 1 0
github.com/divyo-argha/git-user/internal/git/git.go:139.2,139.21 1 1
github.com/divyo-argha/git-user/internal/git/git.go:139.21,140.63 1 1
github.com/divyo-argha/git-user/internal/git/git.go:140.63,142.4 1 0
github.com/divyo-argha/git-user/internal/git/git.go:143.8,143.28 1 0
github.com/divyo-argha/git-user/internal/git/git.go:143.28,145.3 1 0
github.com/divyo-argha/git-user/internal/git/git.go:147.2,147.65 1 1
github.com/divyo-argha/git-user/internal/git/git.go:147.65,149.3 1 0
github.com/divyo-argha/git-user/internal/git/git.go:150.2,150.67 1 1
github.com/divyo-argha/git-user/internal/git/git.go:150.67,152.3 1 0
github.com/divyo-argha/git-user/internal/git/git.go:153.2,153.12 1 1
github.com/divyo-argha/git-user/internal/git/git.go:156.28,158.2 1 1
github.com/divyo-argha/git-user/internal/git/git.go:160.43,162.11 2 1
github.com/divyo-argha/git-user/internal/git/git.go:162.11,164.3 1 0
github.com/divyo-argha/git-user/internal/git/git.go:165.2,167.72 3 1
github.com/divyo-argha/git-user/internal/git/git.go:170.25,173.2 2 1
github.com/divyo-argha/git-user/internal/git/git.go:175.53,177.11 2 1
github.com/divyo-argha/git-user/internal/git/git.go:177.11,179.3 1 0
github.com/divyo-argha/git-user/internal/git/git.go:180.2,182.16 3 1
github.com/divyo-argha/git-user/internal/git/git.go:182.16,184.3 1 0
github.com/divyo-argha/git-user/internal/git/git.go:185.2,185.12 1 1
github.com/divyo-argha/git-user/internal/git/git.go:188.56,190.11 2 0
github.com/divyo-argha/git-user/internal/git/git.go:190.11,192.3 1 0
github.com/divyo-argha/git-user/internal/git/git.go:193.2,195.16 3 0
github.com/divyo-argha/git-user/internal/git/git.go:195.16,197.3 1 0
github.com/divyo-argha/git-user/internal/git/git.go:198.2,198.44 1 0
github.com/divyo-argha/git-user/internal/git/git.go:201.52,204.16 3 1
github.com/divyo-argha/git-user/internal/git/git.go:204.16,206.3 1 1
github.com/divyo-argha/git-user/internal/git/git.go:207.2,207.44 1 1
github.com/divyo-argha/git-user/internal/git/git.go:210.30,213.2 2 0
github.com/divyo-argha/git-user/internal/git/git.go:215.22,218.2 2 1
github.com/divyo-argha/git-user/internal/git/git.go:220.50,223.16 3 0
github.com/divyo-argha/git-user/internal/git/git.go:223.16,225.3 1 0
github.com/divyo-argha/git-user/internal/git/git.go:226.2,226.44 1 0
github.com/divyo-argha/git-user/internal/git/git.go:229.45,232.2 2 0
github.com/divyo-argha/git-user/internal/git/git.go:234.38,237.16 3 0
github.com/divyo-argha/git-user/internal/git/git.go:237.16,239.3 1 0
github.com/divyo-argha/git-user/internal/git/git.go:240.2,242.29 3 0
github.com/divyo-argha/git-user/internal/git/git.go:242.29,243.17 1 0
github.com/divyo-argha/git-user/internal/git/git.go:243.17,245.4 1 0
github.com/divyo-argha/git-user/internal/git/git.go:247.2,247.21 1 0
github.com/divyo-argha/git-user/internal/git/git.go:250.56,251.46 1 1
github.com/divyo-argha/git-user/internal/git/git.go:251.46,253.3 1 1
github.com/divyo-argha/git-user/internal/git/git.go:255.2,259.21 4 1
github.com/divyo-argha/git-user/internal/git/git.go:259.21,261.3 1 0
github.com/divyo-argha/git-user/internal/git/git.go:263.2,266.55 3 1
github.com/divyo-argha/git-user/internal/tui/app.go:40.66,50.2 2 1
github.com/divyo-argha/git-user/internal/tui/app.go:52.42,53.29 1 1
github.com/divyo-argha/git-user/internal/tui/app.go:53.29,55.3 1 0
github.com/divyo-argha/git-user/internal/tui/app.go:56.2,56.44 1 1
github.com/divyo-argha/git-user/internal/tui/app.go:59.49,63.2 3 1
github.com/divyo-argha/git-user/internal/tui/app.go:65.27,66.28 1 1
github.com/divyo-argha/git-user/internal/tui/app.go:66.28,68.38 2 1
github.com/divyo-argha/git-user/internal/tui/app.go:68.38,70.4 1 1
github.com/divyo-argha/git-user/internal/tui/app.go:76.30,80.37 2 0
github.com/divyo-argha/git-user/internal/tui/app.go:80.37,83.3 2 0
github.com/divyo-argha/git-user/internal/tui/app.go:84.2,84.27 1 0
github.com/divyo-argha/git-user/internal/tui/app.go:87.56,88.27 1 1
github.com/divyo-argha/git-user/internal/tui/app.go:89.25,92.16 3 0
github.com/divyo-argha/git-user/internal/tui/app.go:94.27,96.16 2 0
github.com/divyo-argha/git-user/internal/tui/app.go:98.30,99.41 1 0
github.com/divyo-argha/git-user/internal/tui/app.go:99.41,102.4 2 0
github.com/divyo-argha/git-user/internal/tui/app.go:103.3,103.38 1 0
github.com/divyo-argha/git-user/internal/tui/app.go:103.38,107.4 3 0
github.com/divyo-argha/git-user/internal/tui/app.go:108.3,108.16 1 0
github.com/divyo-argha/git-user/internal/tui/app.go:110.21,112.45 2 0
github.com/divyo-argha/git-user/internal/tui/app.go:114.28,116.16 2 0
github.com/divyo-argha/git-user/internal/tui/app.go:118.26,120.16 2 1
github.com/divyo-argha/git-user/internal/tui/app.go:122.25,124.35 2 1
github.com/divyo-argha/git-user/internal/tui/app.go:126.29,128.36 2 0
github.com/divyo-argha/git-user/internal/tui/app.go:130.26,132.33 2 0
github.com/divyo-argha/git-user/internal/tui/app.go:134.28,135.29 1 1
github.com/divyo-argha/git-user/internal/tui/app.go:137.10,138.38 1 0
github.com/divyo-argha/git-user/internal/tui/app.go:138.38,142.4 3 0
github.com/divyo-argha/git-user/internal/tui/app.go:145.2,145.15 1 0
github.com/divyo-argha/git-user/internal/tui/app.go:148.29,149.35 1 0
github.com/divyo-argha/git-user/internal/tui/app.go:149.35,151.3 1 0
github.com/divyo-argha/git-user/internal/tui/app.go:153.2,162.37 7 0
github.com/divyo-argha/git-user/internal/tui/app.go:162.37,164.3 1 0
github.com/divyo-argha/git-user/internal/tui/app.go:165.2,167.25 2 0
github.com/divyo-argha/git-user/internal/tui/app.go:167.25,169.3 1 0
github.com/divyo-argha/git-user/internal/tui/app.go:171.2,176.20 4 0
github.com/divyo-argha/git-user/internal/tui/app.go:181.75,182.18 1 1
github.com/divyo-argha/git-user/internal/tui/app.go:183.14,185.21 2 0
github.com/divyo-argha/git-user/internal/tui/app.go:187.18,188.28 1 0
github.com/divyo-argha/git-user/internal/tui/app.go:188.28,199.4 1 0
github.com/divyo-argha/git-user/internal/tui/app.go:201.16,203.21 2 1
github.com/divyo-argha/git-user/internal/tui/app.go:205.16,206.28 1 0
github.com/divyo-argha/git-user/internal/tui/app.go:206.28,216.4 1 0
github.com/divyo-argha/git-user/internal/tui/app.go:218.15,221.15 3 0
github.com/divyo-argha/git-user/internal/tui/app.go:221.15,223.4 1 0
github.com/divyo-argha/git-user/internal/tui/app.go:224.3,224.28 1 0
github.com/divyo-argha/git-user/internal/tui/app.go:224.28,234.4 1 0
github.com/divyo-argha/git-user/internal/tui/app.go:236.16,238.21 2 0
github.com/divyo-argha/git-user/internal/tui/app.go:240.21,242.21 2 0
github.com/divyo-argha/git-user/internal/tui/app.go:244.14,246.21 2 0
github.com/divyo-argha/git-user/internal/tui/app.go:248.16,249.28 1 0
github.com/divyo-argha/git-user/internal/tui/app.go:249.28,255.4 1 0
github.com/divyo-argha/git-user/internal/tui/app.go:257.15,259.21 2 0
github.com/divyo-argha/git-user/internal/tui/app.go:261.20,263.21 2 0
github.com/divyo-argha/git-user/internal/tui/app.go:265.19,267.21 2 0
github.com/divyo-argha/git-user/internal/tui/app.go:269.21,271.21 2 0
github.com/divyo-argha/git-user/internal/tui/app.go:273.16,275.21 2 0
github.com/divyo-argha/git-user/internal/tui/app.go:277.20,279.21 2 0
github.com/divyo-argha/git-user/internal/tui/app.go:281.16,283.21 2 0
github.com/divyo-argha/git-user/internal/tui/app.go:285.25,287.21 2 0
github.com/divyo-argha/git-user/internal/tui/app.go:289.16,290.28 1 0
github.com/divyo-argha/git-user/internal/tui/app.go:290.28,296.4 1 0
github.com/divyo-argha/git-user/internal/tui/app.go:298.16,300.21 2 0
github.com/divyo-argha/git-user/internal/tui/app.go:302.20,304.21 2 0
github.com/divyo-argha/git-user/internal/tui/app.go:306.18,308.21 2 0
github.com/divyo-argha/git-user/internal/tui/app.go:310.16,312.21 2 0
github.com/divyo-argha/git-user/internal/tui/app.go:314.16,316.21 2 0
github.com/divyo-argha/git-user/internal/tui/app.go:319.2,319.15 1 0
github.com/divyo-argha/git-user/internal/tui/app.go:322.83,323.20 1 0
github.com/divyo-argha/git-user/internal/tui/app.go:323.20,325.3 1 0
github.com/divyo-argha/git-user/internal/tui/app.go:327.2,328.21 2 0
github.com/divyo-argha/git-user/internal/tui/app.go:328.21,330.3 1 0
github.com/divyo-argha/git-user/internal/tui/app.go:332.2,335.16 3 0
github.com/divyo-argha/git-user/internal/tui/app.go:336.16,338.21 2 0
github.com/divyo-argha/git-user/internal/tui/app.go:339.16,341.21 2 0
github.com/divyo-argha/git-user/internal/tui/app.go:344.2,344.15 1 0
github.com/divyo-argha/git-user/internal/tui/app.go:347.77,348.26 1 0
github.com/divyo-argha/git-user/internal/tui/app.go:348.26,350.3 1 0
github.com/divyo-argha/git-user/internal/tui/app.go:352.2,355.20 4 0
github.com/divyo-argha/git-user/internal/tui/app.go:355.20,357.3 1 0
github.com/divyo-argha/git-user/internal/tui/app.go:359.2,359.16 1 0
github.com/divyo-argha/git-user/internal/tui/app.go:360.18,361.49 1 0
github.com/divyo-argha/git-user/internal/tui/app.go:361.49,363.4 1 0
github.com/divyo-argha/git-user/internal/tui/app.go:364.3,365.21 2 0
github.com/divyo-argha/git-user/internal/tui/app.go:367.16,368.26 1 0
github.com/divyo-argha/git-user/internal/tui/app.go:368.26,370.4 1 0
github.com/divyo-argha/git-user/internal/tui/app.go:371.3,372.21 2 0
github.com/divyo-argha/git-user/internal/tui/app.go:374.15,375.26 1 0
github.com/divyo-argha/git-user/internal/tui/app.go:375.26,377.4 1 0
github.com/divyo-argha/git-user/internal/tui/app.go:378.3,379.21 2 0
github.com/divyo-argha/git-user/internal/tui/app.go:382.2,382.15 1 0
github.com/divyo-argha/git-user/internal/tui/app.go:387.27,387.44 1 0
github.com/divyo-argha/git-user/internal/tui/app.go:389.56,390.21 1 0
github.com/divyo-argha/git-user/internal/tui/app.go:390.21,392.3 1 0
github.com/divyo-argha/git-user/internal/tui/app.go:393.2,393.51 1 0
github.com/divyo-argha/git-user/internal/tui/run.go:14.87,18.23 3 0
github.com/divyo-argha/git-user/internal/tui/run.go:18.23,20.18 2 0
github.com/divyo-argha/git-user/internal/tui/run.go:20.18,22.4 1 0
github.com/divyo-argha/git-user/internal/tui/run.go:22.9,24.4 1 0
github.com/divyo-argha/git-user/internal/tui/run.go:25.8,27.3 1 0
github.com/divyo-argha/git-user/internal/tui/run.go:29.2,33.16 4 0
github.com/divyo-argha/git-user/internal/tui/run.go:33.16,35.3 1 0
github.com/divyo-argha/git-user/internal/tui/run.go:37.2,38.41 2 0
github.com/divyo-argha/git-user/internal/tui/run.go:38.41,40.3 1 0
github.com/divyo-argha/git-user/internal/tui/run.go:42.2,43.21 2 0
github.com/divyo-argha/git-user/internal/tui/components/action_menu.go:26.67,30.2 3 1
github.com/divyo-argha/git-user/internal/tui/components/action_menu.go:33.47,50.2 2 1
github.com/divyo-argha/git-user/internal/tui/components/action_menu.go:52.36,52.77 1 1
github.com/divyo-argha/git-user/internal/tui/components/action_menu.go:53.36,53.77 1 1
github.com/divyo-argha/git-user/internal/tui/components/action_menu.go:54.36,54.55 1 1
github.com/divyo-argha/git-user/internal/tui/components/action_menu.go:55.36,55.71 1 0
github.com/divyo-argha/git-user/internal/tui/components/action_menu.go:57.45,58.46 1 1
github.com/divyo-argha/git-user/internal/tui/components/action_menu.go:58.46,60.3 1 0
github.com/divyo-argha/git-user/internal/tui/components/action_menu.go:61.2,61.27 1 1
github.com/divyo-argha/git-user/internal/tui/components/action_menu.go:64.51,65.43 1 1
github.com/divyo-argha/git-user/internal/tui/components/action_menu.go:65.43,66.52 1 1
github.com/divyo-argha/git-user/internal/tui/components/action_menu.go:66.52,68.4 1 1
github.com/divyo-argha/git-user/internal/tui/components/action_menu.go:70.2,70.15 1 0
github.com/divyo-argha/git-user/internal/tui/components/action_menu.go:70.15,72.3 1 0
github.com/divyo-argha/git-user/internal/tui/components/action_menu.go:73.2,73.10 1 0
github.com/divyo-argha/git-user/internal/tui/components/action_menu.go:76.51,77.33 1 1
github.com/divyo-argha/git-user/internal/tui/components/action_menu.go:77.33,78.52 1 1
github.com/divyo-argha/git-user/internal/tui/components/action_menu.go:78.52,80.4 1 1
github.com/divyo-argha/git-user/internal/tui/components/action_menu.go:82.2,82.13 1 0
github.com/divyo-argha/git-user/internal/tui/components/action_menu.go:86.67,92.31 4 0
github.com/divyo-argha/git-user/internal/tui/components/action_menu.go:92.31,93.21 1 0
github.com/divyo-argha/git-user/internal/tui/components/action_menu.go:93.21,94.13 1 0
github.com/divyo-argha/git-user/internal/tui/components/action_menu.go:94.13,96.5 1 0
github.com/divyo-argha/git-user/internal/tui/components/action_menu.go:97.4,98.12 2 0
github.com/divyo-argha/git-user/internal/tui/components/action_menu.go:101.3,104.42 3 0
github.com/divyo-argha/git-user/internal/tui/components/action_menu.go:104.42,106.4 1 0
github.com/divyo-argha/git-user/internal/tui/components/action_menu.go:108.3,108.27 1 0
github.com/divyo-argha/git-user/internal/tui/components/action_menu.go:108.27,110.21 2 0
github.com/divyo-argha/git-user/internal/tui/components/action_menu.go:110.21,112.5 1 0
github.com/divyo-argha/git-user/internal/tui/components/action_menu.go:112.10,114.5 1 0
github.com/divyo-argha/git-user/internal/tui/components/action_menu.go:115.9,115.35 1 0
github.com/divyo-argha/git-user/internal/tui/components/action_menu.go:115.35,117.4 1 0
github.com/divyo-argha/git-user/internal/tui/components/action_menu.go:117.9,119.4 1 0
github.com/divyo-argha/git-user/internal/tui/components/action_menu.go:122.2,122.34 1 0
github.com/divyo-argha/git-user/internal/tui/components/help_bar.go:14.41,16.2 1 0
github.com/divyo-argha/git-user/internal/tui/components/help_bar.go:19.40,19.57 1 0
github.com/divyo-argha/git-user/internal/tui/components/help_bar.go:22.41,24.2 1 0
github.com/divyo-argha/git-user/internal/tui/components/identity_list.go:35.72,38.23 3 1
github.com/divyo-argha/git-user/internal/tui/components/identity_list.go:38.23,40.3 1 1
github.com/divyo-argha/git-user/internal/tui/components/identity_list.go:41.2,41.66 1 1
github.com/divyo-argha/git-user/internal/tui/components/identity_list.go:44.61,46.32 2 1
github.com/divyo-argha/git-user/internal/tui/components/identity_list.go:46.32,56.3 1 1
github.com/divyo-argha/git-user/internal/tui/components/identity_list.go:57.2,58.14 2 1
github.com/divyo-argha/git-user/internal/tui/components/identity_list.go:62.53,65.33 3 1
github.com/divyo-argha/git-user/internal/tui/components/identity_list.go:65.33,67.3 1 0
github.com/divyo-argha/git-user/internal/tui/components/identity_list.go:70.35,71.18 1 0
github.com/divyo-argha/git-user/internal/tui/components/identity_list.go:71.18,73.3 1 0
github.com/divyo-argha/git-user/internal/tui/components/identity_list.go:76.37,77.34 1 1
github.com/divyo-argha/git-user/internal/tui/components/identity_list.go:77.34,79.3 1 1
github.com/divyo-argha/git-user/internal/tui/components/identity_list.go:82.49,83.57 1 1
github.com/divyo-argha/git-user/internal/tui/components/identity_list.go:83.57,85.3 1 0
github.com/divyo-argha/git-user/internal/tui/components/identity_list.go:86.2,87.22 2 1
github.com/divyo-argha/git-user/internal/tui/components/identity_list.go:90.43,90.62 1 1
github.com/divyo-argha/git-user/internal/tui/components/identity_list.go:91.43,91.65 1 0
github.com/divyo-argha/git-user/internal/tui/components/identity_list.go:93.48,97.2 3 1
github.com/divyo-argha/git-user/internal/tui/components/identity_list.go:99.38,103.2 3 1
github.com/divyo-argha/git-user/internal/tui/components/identity_list.go:105.38,106.20 1 1
github.com/divyo-argha/git-user/internal/tui/components/identity_list.go:106.20,108.26 2 1
github.com/divyo-argha/git-user/internal/tui/components/identity_list.go:108.26,110.4 1 1
github.com/divyo-argha/git-user/internal/tui/components/identity_list.go:111.3,111.9 1 1
github.com/divyo-argha/git-user/internal/tui/components/identity_list.go:114.2,116.31 3 1
github.com/divyo-argha/git-user/internal/tui/components/identity_list.go:116.31,117.20 1 1
github.com/divyo-argha/git-user/internal/tui/components/identity_list.go:117.20,118.12 1 1
github.com/divyo-argha/git-user/internal/tui/components/identity_list.go:120.3,121.57 1 1
github.com/divyo-argha/git-user/internal/tui/components/identity_list.go:121.57,123.4 1 1
github.com/divyo-argha/git-user/internal/tui/components/identity_list.go:125.2,125.33 1 1
github.com/divyo-argha/git-user/internal/tui/components/identity_list.go:125.33,127.3 1 1
github.com/divyo-argha/git-user/internal/tui/components/identity_list.go:131.69,137.17 4 0
github.com/divyo-argha/git-user/internal/tui/components/identity_list.go:137.17,140.3 2 0
github.com/divyo-argha/git-user/internal/tui/components/identity_list.go:142.2,142.34 1 0
github.com/divyo-argha/git-user/internal/tui/components/identity_list.go:142.34,146.20 3 0
github.com/divyo-argha/git-user/internal/tui/components/identity_list.go:146.20,148.28 2 0
github.com/divyo-argha/git-user/internal/tui/components/identity_list.go:148.28,150.5 1 0
github.com/divyo-argha/git-user/internal/tui/components/identity_list.go:150.10,150.36 1 0
github.com/divyo-argha/git-user/internal/tui/components/identity_list.go:150.36,152.5 1 0
github.com/divyo-argha/git-user/internal/tui/components/identity_list.go:152.10,154.5 1 0
github.com/divyo-argha/git-user/internal/tui/components/identity_list.go:155.4,155.12 1 0
github.com/divyo-argha/git-user/internal/tui/components/identity_list.go:158.3,159.30 2 0
github.com/divyo-argha/git-user/internal/tui/components/identity_list.go:162.2,162.34 1 0
github.com/divyo-argha/git-user/internal/tui/components/identity_list.go:165.93,167.19 2 0
github.com/divyo-argha/git-user/internal/tui/components/identity_list.go:167.19,169.3 1 0
github.com/divyo-argha/git-user/internal/tui/components/identity_list.go:169.8,171.3 1 0
github.com/divyo-argha/git-user/internal/tui/components/identity_list.go:173.2,174.20 2 0
github.com/divyo-argha/git-user/internal/tui/components/identity_list.go:174.20,176.3 1 0
github.com/divyo-argha/git-user/internal/tui/components/identity_list.go:176.8,178.3 1 0
github.com/divyo-argha/git-user/internal/tui/components/identity_list.go:179.2,179.21 1 0
github.com/divyo-argha/git-user/internal/tui/components/identity_list.go:179.21,181.3 1 0
github.com/divyo-argha/git-user/internal/tui/components/identity_list.go:182.2,182.24 1 0
github.com/divyo-argha/git-user/internal/tui/components/identity_list.go:182.24,184.3 1 0
github.com/divyo-argha/git-user/internal/tui/components/identity_list.go:186.2,187.21 2 0
github.com/divyo-argha/git-user/internal/tui/components/identity_list.go:187.21,189.3 1 0
github.com/divyo-argha/git-user/internal/tui/components/identity_list.go:191.2,192.19 2 0
github.com/divyo-argha/git-user/internal/tui/components/identity_list.go:192.19,194.3 1 0
github.com/divyo-argha/git-user/internal/tui/components/identity_list.go:194.8,196.3 1 0
github.com/divyo-argha/git-user/internal/tui/components/identity_list.go:198.2,198.21 1 0
github.com/divyo-argha/git-user/internal/tui/components/identity_list.go:198.21,200.3 1 0
github.com/divyo-argha/git-user/internal/tui/components/identity_list.go:202.2,204.26 2 0
github.com/divyo-argha/git-user/internal/tui/components/identity_list.go:204.26,206.3 1 0
github.com/divyo-argha/git-user/internal/tui/components/identity_list.go:206.8,206.34 1 0
github.com/divyo-argha/git-user/internal/tui/components/identity_list.go:206.34,208.3 1 0
github.com/divyo-argha/git-user/internal/tui/components/identity_list.go:209.2,209.24 1 0
github.com/divyo-argha/git-user/internal/tui/components/identity_list.go:212.33,215.22 3 0
github.com/divyo-argha/git-user/internal/tui/components/identity_list.go:215.22,216.18 1 0
github.com/divyo-argha/git-user/internal/tui/components/identity_list.go:216.18,218.12 2 0
github.com/divyo-argha/git-user/internal/tui/components/identity_list.go:220.3,220.12 1 0
github.com/divyo-argha/git-user/internal/tui/components/identity_list.go:220.12,221.16 1 0
github.com/divyo-argha/git-user/internal/tui/components/identity_list.go:221.16,223.5 1 0
github.com/divyo-argha/git-user/internal/tui/components/identity_list.go:224.4,224.12 1 0
github.com/divyo-argha/git-user/internal/tui/components/identity_list.go:226.3,226.22 1 0
github.com/divyo-argha/git-user/internal/tui/components/identity_list.go:228.2,228.24 1 0
github.com/divyo-argha/git-user/internal/tui/components/spinner.go:15.41,20.2 4 1
github.com/divyo-argha/git-user/internal/tui/components/spinner.go:23.33,25.2 1 1
github.com/divyo-argha/git-user/internal/tui/components/spinner.go:28.58,32.2 3 0
github.com/divyo-argha/git-user/internal/tui/components/spinner.go:35.32,37.2 1 1
github.com/divyo-argha/git-user/internal/tui/components/status_bar.go:23.66,25.2 1 1
github.com/divyo-argha/git-user/internal/tui/components/status_bar.go:28.51,28.70 1 1
github.com/divyo-argha/git-user/internal/tui/components/status_bar.go:31.66,35.2 3 1
github.com/divyo-argha/git-user/internal/tui/components/status_bar.go:38.55,39.39 1 1
github.com/divyo-argha/git-user/internal/tui/components/status_bar.go:39.39,41.3 1 0
github.com/divyo-argha/git-user/internal/tui/components/status_bar.go:42.2,42.21 1 1
github.com/divyo-argha/git-user/internal/tui/components/status_bar.go:45.38,61.45 9 1
github.com/divyo-argha/git-user/internal/tui/components/status_bar.go:61.45,62.43 1 1
github.com/divyo-argha/git-user/internal/tui/components/status_bar.go:62.43,68.4 1 1
github.com/divyo-argha/git-user/internal/tui/components/status_bar.go:68.9,73.4 1 1
github.com/divyo-argha/git-user/internal/tui/components/status_bar.go:74.8,79.3 1 0
github.com/divyo-argha/git-user/internal/tui/components/status_bar.go:81.2,81.20 1 1
github.com/divyo-argha/git-user/internal/tui/components/status_bar.go:81.20,82.23 1 1
github.com/divyo-argha/git-user/internal/tui/components/status_bar.go:82.23,89.4 2 1
github.com/divyo-argha/git-user/internal/tui/components/status_bar.go:89.9,95.4 2 0
github.com/divyo-argha/git-user/internal/tui/components/status_bar.go:96.8,101.3 1 1
github.com/divyo-argha/git-user/internal/tui/components/status_bar.go:103.2,105.16 3 1
github.com/divyo-argha/git-user/internal/tui/components/status_bar.go:105.16,107.3 1 0
github.com/divyo-argha/git-user/internal/tui/components/status_bar.go:108.2,114.3 2 1
github.com/divyo-argha/git-user/internal/tui/components/status_bar.go:117.41,119.45 2 0
github.com/divyo-argha/git-user/internal/tui/components/status_bar.go:119.45,120.43 1 0
github.com/divyo-argha/git-user/internal/tui/components/status_bar.go:120.43,122.4 1 0
github.com/divyo-argha/git-user/internal/tui/components/status_bar.go:124.2,124.15 1 0
github.com/divyo-argha/git-user/internal/tui/components/text_input.go:11.31,13.2 1 0
github.com/divyo-argha/git-user/internal/tui/components/text_input.go:22.82,31.16 8 1
github.com/divyo-argha/git-user/internal/tui/components/text_input.go:31.16,34.3 2 0
github.com/divyo-argha/git-user/internal/tui/components/text_input.go:36.2,39.3 1 1
github.com/divyo-argha/git-user/internal/tui/components/text_input.go:43.37,45.2 1 1
github.com/divyo-argha/git-user/internal/tui/components/text_input.go:48.28,50.2 1 0
github.com/divyo-argha/git-user/internal/tui/components/text_input.go:53.36,55.2 1 1
github.com/divyo-argha/git-user/internal/tui/components/text_input.go:58.40,60.2 1 1
github.com/divyo-argha/git-user/internal/tui/components/text_input.go:63.62,67.2 3 1
github.com/divyo-argha/git-user/internal/tui/components/text_input.go:70.44,73.2 2 0
github.com/divyo-argha/git-user/internal/tui/components/toast.go:16.37,18.2 1 0
github.com/divyo-argha/git-user/internal/tui/components/toast.go:21.63,25.2 3 0
github.com/divyo-argha/git-user/internal/tui/components/toast.go:28.24,30.2 1 0
github.com/divyo-argha/git-user/internal/tui/components/toast.go:33.33,33.53 1 0
github.com/divyo-argha/git-user/internal/tui/components/toast.go:36.39,37.32 1 0
github.com/divyo-argha/git-user/internal/tui/components/toast.go:37.32,39.3 1 0
github.com/divyo-argha/git-user/internal/tui/components/toast.go:41.2,42.16 2 0
github.com/divyo-argha/git-user/internal/tui/components/toast.go:42.16,44.3 1 0
github.com/divyo-argha/git-user/internal/tui/components/toast.go:45.2,45.21 1 0
github.com/divyo-argha/git-user/internal/tui/components/toast.go:45.21,47.3 1 0
github.com/divyo-argha/git-user/internal/tui/components/toast.go:49.2,52.17 3 0
github.com/divyo-argha/git-user/internal/tui/components/toast.go:53.31,55.61 2 0
github.com/divyo-argha/git-user/internal/tui/components/toast.go:56.29,58.59 2 0
github.com/divyo-argha/git-user/internal/tui/components/toast.go:59.10,61.58 2 0
github.com/divyo-argha/git-user/internal/tui/components/toast.go:64.2,64.10 1 0
github.com/divyo-argha/git-user/cmd/git-user/main.go:17.13,18.22 1 0
github.com/divyo-argha/git-user/cmd/git-user/main.go:18.22,19.21 1 0
github.com/divyo-argha/git-user/cmd/git-user/main.go:20.37,22.14 2 0
github.com/divyo-argha/git-user/cmd/git-user/main.go:23.29,24.42 1 0
github.com/divyo-argha/git-user/cmd/git-user/main.go:24.42,26.5 1 0
github.com/divyo-argha/git-user/cmd/git-user/main.go:27.4,27.14 1 0
github.com/divyo-argha/git-user/cmd/git-user/main.go:32.2,34.38 2 0
github.com/divyo-argha/git-user/cmd/git-user/main.go:34.38,36.3 1 0
github.com/divyo-argha/git-user/cmd/git-user/main.go:39.21,41.2 1 0
github.com/divyo-argha/git-user/cmd/git-user/main.go:43.26,45.22 1 0
github.com/divyo-argha/git-user/cmd/git-user/main.go:45.22,49.37 3 0
github.com/divyo-argha/git-user/cmd/git-user/main.go:49.37,50.22 1 0
github.com/divyo-argha/git-user/cmd/git-user/main.go:50.22,52.5 1 0
github.com/divyo-argha/git-user/cmd/git-user/main.go:57.2,58.16 2 0
github.com/divyo-argha/git-user/cmd/git-user/main.go:58.16,60.3 1 0
github.com/divyo-argha/git-user/cmd/git-user/main.go:62.2,66.37 4 0
github.com/divyo-argha/git-user/cmd/git-user/main.go:66.37,68.3 1 0
github.com/divyo-argha/git-user/cmd/git-user/main.go:71.2,73.33 3 0
github.com/divyo-argha/git-user/cmd/git-user/main.go:73.33,75.3 1 0
github.com/divyo-argha/git-user/cmd/git-user/main.go:76.2,78.59 2 0
github.com/divyo-argha/git-user/cmd/git-user/main.go:78.59,79.64 1 0
github.com/divyo-argha/git-user/cmd/git-user/main.go:79.64,81.4 1 0
github.com/divyo-argha/git-user/cmd/git-user/main.go:81.9,83.4 1 0
github.com/divyo-argha/git-user/cmd/git-user/main.go:84.3,84.16 1 0
github.com/divyo-argha/git-user/cmd/git-user/main.go:85.8,88.3 2 0
github.com/divyo-argha/git-user/internal/keyring/keyring.go:15.66,17.2 1 0
github.com/divyo-argha/git-user/internal/keyring/keyring.go:19.64,21.2 1 0
github.com/divyo-argha/git-user/internal/keyring/keyring.go:23.57,25.32 2 0
github.com/divyo-argha/git-user/internal/keyring/keyring.go:25.32,27.3 1 0
github.com/divyo-argha/git-user/internal/keyring/keyring.go:28.2,28.12 1 0
github.com/divyo-argha/git-user/internal/tui/core/commands.go:18.32,19.24 1 0
github.com/divyo-argha/git-user/internal/tui/core/commands.go:19.24,22.3 2 0
github.com/divyo-argha/git-user/internal/tui/core/commands.go:28.30,29.24 1 0
github.com/divyo-argha/git-user/internal/tui/core/commands.go:29.24,31.19 2 0
github.com/divyo-argha/git-user/internal/tui/core/commands.go:31.19,33.4 1 0
github.com/divyo-argha/git-user/internal/tui/core/commands.go:35.3,36.17 2 0
github.com/divyo-argha/git-user/internal/tui/core/commands.go:36.17,38.4 1 0
github.com/divyo-argha/git-user/internal/tui/core/commands.go:39.3,43.17 4 0
github.com/divyo-argha/git-user/internal/tui/core/commands.go:43.17,45.4 1 0
github.com/divyo-argha/git-user/internal/tui/core/commands.go:47.3,47.62 1 0
github.com/divyo-argha/git-user/internal/tui/core/commands.go:54.45,55.45 1 0
github.com/divyo-argha/git-user/internal/tui/core/commands.go:55.45,57.3 1 0
github.com/divyo-argha/git-user/internal/tui/core/commands.go:61.92,62.24 1 0
github.com/divyo-argha/git-user/internal/tui/core/commands.go:62.24,64.3 1 0
github.com/divyo-argha/git-user/internal/tui/core/commands.go:70.48,71.24 1 0
github.com/divyo-argha/git-user/internal/tui/core/commands.go:71.24,74.3 2 0
github.com/divyo-argha/git-user/internal/tui/core/commands.go:84.39,87.16 3 0
github.com/divyo-argha/git-user/internal/tui/core/commands.go:87.16,89.3 1 0
github.com/divyo-argha/git-user/internal/tui/core/commands.go:91.2,92.16 2 0
github.com/divyo-argha/git-user/internal/tui/core/commands.go:92.16,94.3 1 0
github.com/divyo-argha/git-user/internal/tui/core/commands.go:96.2,99.18 3 0
github.com/divyo-argha/git-user/internal/tui/core/commands.go:99.18,101.3 1 0
github.com/divyo-argha/git-user/internal/tui/core/commands.go:103.2,104.16 2 0
github.com/divyo-argha/git-user/internal/tui/core/commands.go:104.16,106.3 1 0
github.com/divyo-argha/git-user/internal/tui/core/commands.go:107.2,111.16 4 0
github.com/divyo-argha/git-user/internal/tui/core/commands.go:111.16,113.3 1 0
github.com/divyo-argha/git-user/internal/tui/core/commands.go:115.2,115.27 1 0
github.com/divyo-argha/git-user/internal/tui/core/commands.go:115.27,116.45 1 0
github.com/divyo-argha/git-user/internal/tui/core/commands.go:116.45,118.4 1 0
github.com/divyo-argha/git-user/internal/tui/core/commands.go:120.2,120.14 1 0
github.com/divyo-argha/git-user/internal/tui/core/commands.go:124.52,125.24 1 0
github.com/divyo-argha/git-user/internal/tui/core/commands.go:125.24,127.17 2 0
github.com/divyo-argha/git-user/internal/tui/core/commands.go:127.17,129.4 1 0
github.com/divyo-argha/git-user/internal/tui/core/commands.go:131.3,132.17 2 0
github.com/divyo-argha/git-user/internal/tui/core/commands.go:132.17,134.4 1 0
github.com/divyo-argha/git-user/internal/tui/core/commands.go:136.3,136.53 1 0
github.com/divyo-argha/git-user/internal/tui/core/commands.go:136.53,138.4 1 0
github.com/divyo-argha/git-user/internal/tui/core/commands.go:140.3,140.51 1 0
github.com/divyo-argha/git-user/internal/tui/core/keymap.go:29.29,31.2 1 0
github.com/divyo-argha/git-user/internal/tui/core/keymap.go:34.26,36.2 1 0
github.com/divyo-argha/git-user/internal/tui/core/keymap.go:39.24,41.2 1 0
github.com/divyo-argha/git-user/internal/tui/core/keymap.go:44.27,46.2 1 0
github.com/divyo-argha/git-user/internal/tui/core/keymap.go:49.26,51.2 1 0
github.com/divyo-argha/git-user/test/runner/main.go:20.13,36.16 9 0
github.com/divyo-argha/git-user/test/runner/main.go:36.16,39.3 2 0
github.com/divyo-argha/git-user/test/runner/main.go:40.2,42.36 2 0
github.com/divyo-argha/git-user/test/runner/main.go:42.36,45.3 2 0
github.com/divyo-argha/git-user/test/runner/main.go:47.2,63.21 8 0
github.com/divyo-argha/git-user/test/runner/main.go:63.21,67.108 2 0
github.com/divyo-argha/git-user/test/runner/main.go:67.108,68.38 1 0
github.com/divyo-argha/git-user/test/runner/main.go:68.38,70.5 1 0
github.com/divyo-argha/git-user/test/runner/main.go:73.3,73.74 1 0
github.com/divyo-argha/git-user/test/runner/main.go:73.74,75.4 1 0
github.com/divyo-argha/git-user/test/runner/main.go:78.3,78.68 1 0
github.com/divyo-argha/git-user/test/runner/main.go:78.68,82.44 4 0
github.com/divyo-argha/git-user/test/runner/main.go:82.44,84.5 1 0
github.com/divyo-argha/git-user/test/runner/main.go:84.10,86.5 1 0
github.com/divyo-argha/git-user/test/runner/main.go:87.4,92.6 1 0
github.com/divyo-argha/git-user/test/runner/main.go:93.9,93.77 1 0
github.com/divyo-argha/git-user/test/runner/main.go:93.77,102.4 3 0
github.com/divyo-argha/git-user/test/runner/main.go:102.9,102.77 1 0
github.com/divyo-argha/git-user/test/runner/main.go:102.77,110.4 2 0
github.com/divyo-argha/git-user/test/runner/main.go:113.2,118.51 4 0
github.com/divyo-argha/git-user/test/runner/main.go:118.51,121.17 3 0
github.com/divyo-argha/git-user/test/runner/main.go:121.17,123.34 2 0
github.com/divyo-argha/git-user/test/runner/main.go:123.34,125.42 2 0
github.com/divyo-argha/git-user/test/runner/main.go:125.42,127.25 2 0
github.com/divyo-argha/git-user/test/runner/main.go:127.25,129.7 1 0
github.com/divyo-argha/git-user/test/runner/main.go:136.2,140.29 4 0
github.com/divyo-argha/git-user/test/runner/main.go:140.29,146.22 3 0
github.com/divyo-argha/git-user/test/runner/main.go:147.15,149.60 2 0
github.com/divyo-argha/git-user/test/runner/main.go:150.15,152.34 2 0
github.com/divyo-argha/git-user/test/runner/main.go:153.15,155.46 2 0
github.com/divyo-argha/git-user/test/runner/main.go:158.3,160.68 2 0
github.com/divyo-argha/git-user/test/runner/main.go:163.2,165.26 2 0
github.com/divyo-argha/git-user/test/runner/main.go:165.26,168.34 3 0
github.com/divyo-argha/git-user/test/runner/main.go:168.34,170.4 1 0
github.com/divyo-argha/git-user/test/runner/main.go:173.2,178.45 5 0
github.com/divyo-argha/git-user/test/runner/main.go:178.45,182.3 3 0
github.com/divyo-argha/git-user/test/runner/main.go:182.8,186.3 3 0
github.com/divyo-argha/git-user/test/runner/main.go:189.46,191.20 2 0
github.com/divyo-argha/git-user/test/runner/main.go:191.20,193.3 1 0
github.com/divyo-argha/git-user/test/runner/main.go:194.2,194.45 1 0
github.com/divyo-argha/git-user/internal/tui/theme/theme.go:50.27,64.2 3 0
github.com/divyo-argha/git-user/internal/tui/theme/theme.go:66.42,85.2 1 0
github.com/divyo-argha/git-user/internal/tui/theme/theme.go:89.47,89.71 1 0
github.com/divyo-argha/git-user/internal/tui/theme/theme.go:90.47,90.70 1 0
github.com/divyo-argha/git-user/internal/tui/theme/theme.go:91.47,91.73 1 0
github.com/divyo-argha/git-user/internal/tui/theme/theme.go:92.47,92.74 1 0
github.com/divyo-argha/git-user/internal/tui/theme/theme.go:93.47,93.72 1 0
github.com/divyo-argha/git-user/internal/tui/theme/theme.go:94.47,94.74 1 0
github.com/divyo-argha/git-user/internal/tui/theme/theme.go:95.47,95.71 1 0
github.com/divyo-argha/git-user/internal/tui/theme/theme.go:96.47,96.77 1 0
github.com/divyo-argha/git-user/internal/tui/theme/theme.go:97.47,97.75 1 0
github.com/divyo-argha/git-user/internal/tui/theme/theme.go:98.47,98.73 1 0
github.com/divyo-argha/git-user/internal/tui/theme/theme.go:99.47,99.76 1 0
github.com/divyo-argha/git-user/internal/tui/theme/theme.go:100.47,100.80 1 0
github.com/divyo-argha/git-user/internal/tui/theme/theme.go:101.47,101.76 1 0
github.com/divyo-argha/git-user/internal/tui/theme/theme.go:106.61,113.2 1 0
github.com/divyo-argha/git-user/internal/tui/theme/theme.go:115.63,122.2 1 0
github.com/divyo-argha/git-user/internal/tui/theme/theme.go:124.67,131.2 1 0
github.com/divyo-argha/git-user/internal/tui/theme/theme.go:133.69,140.2 1 0
github.com/divyo-argha/git-user/internal/tui/theme/theme.go:142.61,149.2 1 0
github.com/divyo-argha/git-user/internal/tui/theme/theme.go:164.55,170.2 1 0
github.com/divyo-argha/git-user/internal/tui/theme/theme.go:172.53,178.2 1 0
github.com/divyo-argha/git-user/internal/tui/theme/theme.go:180.52,186.2 1 0
github.com/divyo-argha/git-user/internal/tui/theme/theme.go:206.35,210.17 2 0
github.com/divyo-argha/git-user/internal/tui/theme/theme.go:210.17,212.3 1 0
github.com/divyo-argha/git-user/internal/tui/theme/theme.go:213.2,213.19 1 0
github.com/divyo-argha/git-user/internal/tui/theme/theme.go:217.40,219.11 2 0
github.com/divyo-argha/git-user/internal/tui/theme/theme.go:219.11,221.3 1 0
github.com/divyo-argha/git-user/internal/tui/theme/theme.go:222.2,222.10 1 0
github.com/divyo-argha/git-user/internal/tui/theme/theme.go:226.41,228.2 1 0
github.com/divyo-argha/git-user/internal/tui/theme/theme.go:231.48,232.16 1 0
github.com/divyo-argha/git-user/internal/tui/theme/theme.go:232.16,234.3 1 0
github.com/divyo-argha/git-user/internal/tui/theme/theme.go:235.2,236.29 2 0
github.com/divyo-argha/git-user/internal/tui/theme/theme.go:236.29,238.3 1 0
github.com/divyo-argha/git-user/internal/tui/theme/theme.go:239.2,239.40 1 0
github.com/divyo-argha/git-user/internal/ssh/agent.go:16.29,17.38 1 0
github.com/divyo-argha/git-user/internal/ssh/agent.go:17.38,19.3 1 0
github.com/divyo-argha/git-user/internal/ssh/agent.go:22.2,22.31 1 0
github.com/divyo-argha/git-user/internal/ssh/agent.go:22.31,24.3 1 0
github.com/divyo-argha/git-user/internal/ssh/agent.go:25.2,29.44 5 0
github.com/divyo-argha/git-user/internal/ssh/agent.go:32.54,34.18 2 0
github.com/divyo-argha/git-user/internal/ssh/agent.go:34.18,36.3 1 0
github.com/divyo-argha/git-user/internal/ssh/agent.go:37.2,38.16 2 0
github.com/divyo-argha/git-user/internal/ssh/agent.go:38.16,40.3 1 0
github.com/divyo-argha/git-user/internal/ssh/agent.go:41.2,41.41 1 0
github.com/divyo-argha/git-user/internal/ssh/agent.go:44.42,46.16 2 0
github.com/divyo-argha/git-user/internal/ssh/agent.go:46.16,48.3 1 0
github.com/divyo-argha/git-user/internal/ssh/agent.go:50.2,51.16 2 0
github.com/divyo-argha/git-user/internal/ssh/agent.go:51.16,53.3 1 0
github.com/divyo-argha/git-user/internal/ssh/agent.go:55.2,55.37 1 0
github.com/divyo-argha/git-user/internal/ssh/agent.go:55.37,56.28 1 0
github.com/divyo-argha/git-user/internal/ssh/agent.go:56.28,58.4 1 0
github.com/divyo-argha/git-user/internal/ssh/agent.go:60.2,60.14 1 0
github.com/divyo-argha/git-user/internal/ssh/agent.go:63.56,66.16 3 0
github.com/divyo-argha/git-user/internal/ssh/agent.go:66.16,67.56 1 0
github.com/divyo-argha/git-user/internal/ssh/agent.go:67.56,69.4 1 0
github.com/divyo-argha/git-user/internal/ssh/agent.go:70.3,71.20 2 0
github.com/divyo-argha/git-user/internal/ssh/agent.go:71.20,73.4 1 0
github.com/divyo-argha/git-user/internal/ssh/agent.go:74.3,74.48 1 0
github.com/divyo-argha/git-user/internal/ssh/agent.go:77.2,78.16 2 0
github.com/divyo-argha/git-user/internal/ssh/agent.go:78.16,80.20 2 0
github.com/divyo-argha/git-user/internal/ssh/agent.go:80.20,82.4 1 0
github.com/divyo-argha/git-user/internal/ssh/agent.go:83.3,83.48 1 0
github.com/divyo-argha/git-user/internal/ssh/agent.go:86.2,86.43 1 0
github.com/divyo-argha/git-user/internal/ssh/agent.go:89.51,91.16 2 0
github.com/divyo-argha/git-user/internal/ssh/agent.go:91.16,94.21 3 0
github.com/divyo-argha/git-user/internal/ssh/agent.go:94.21,96.29 2 0
github.com/divyo-argha/git-user/internal/ssh/agent.go:96.29,98.5 1 0
github.com/divyo-argha/git-user/internal/ssh/agent.go:99.4,99.28 1 0
github.com/divyo-argha/git-user/internal/ssh/agent.go:103.2,104.19 2 0
github.com/divyo-argha/git-user/internal/ssh/agent.go:104.19,106.85 2 0
github.com/divyo-argha/git-user/internal/ssh/agent.go:106.85,108.4 1 0
github.com/divyo-argha/git-user/internal/ssh/agent.go:109.3,109.21 1 0
github.com/divyo-argha/git-user/internal/ssh/agent.go:112.2,114.29 3 0
github.com/divyo-argha/git-user/internal/ssh/agent.go:114.29,116.22 2 0
github.com/divyo-argha/git-user/internal/ssh/agent.go:116.22,118.4 1 0
github.com/divyo-argha/git-user/internal/ssh/agent.go:120.2,120.26 1 0
github.com/divyo-argha/git-user/internal/ssh/agent.go:123.58,125.21 2 0
github.com/divyo-argha/git-user/internal/ssh/agent.go:125.21,127.3 1 0
github.com/divyo-argha/git-user/internal/ssh/agent.go:128.2,128.23 1 0
github.com/divyo-argha/git-user/internal/ssh/agent.go:133.64,135.16 2 0
github.com/divyo-argha/git-user/internal/ssh/agent.go:135.16,138.23 3 0
github.com/divyo-argha/git-user/internal/ssh/agent.go:138.23,140.4 1 0
github.com/divyo-argha/git-user/internal/ssh/agent.go:140.9,142.4 1 0
github.com/divyo-argha/git-user/internal/ssh/agent.go:144.3,144.22 1 0
github.com/divyo-argha/git-user/internal/ssh/agent.go:144.22,146.22 2 0
github.com/divyo-argha/git-user/internal/ssh/agent.go:146.22,152.22 3 0
github.com/divyo-argha/git-user/internal/ssh/agent.go:152.22,154.6 1 0
github.com/divyo-argha/git-user/internal/ssh/agent.go:159.2,160.16 2 0
github.com/divyo-argha/git-user/internal/ssh/agent.go:160.16,162.3 1 0
github.com/divyo-argha/git-user/internal/ssh/agent.go:164.2,173.24 8 0
github.com/divyo-argha/git-user/internal/ssh/agent.go:173.24,174.39 1 0
github.com/divyo-argha/git-user/internal/ssh/agent.go:174.39,176.9 2 0
github.com/divyo-argha/git-user/internal/ssh/agent.go:179.2,179.17 1 0
github.com/divyo-argha/git-user/internal/ssh/agent.go:179.17,181.3 1 0
github.com/divyo-argha/git-user/internal/ssh/agent.go:183.2,185.16 3 0
github.com/divyo-argha/git-user/internal/ssh/agent.go:185.16,187.3 1 0
github.com/divyo-argha/git-user/internal/ssh/agent.go:188.2,188.12 1 0
github.com/divyo-argha/git-user/internal/ssh/agent.go:191.41,194.16 3 0
github.com/divyo-argha/git-user/internal/ssh/agent.go:194.16,196.22 2 0
github.com/divyo-argha/git-user/internal/ssh/agent.go:196.22,198.22 2 0
github.com/divyo-argha/git-user/internal/ssh/agent.go:198.22,201.25 3 0
github.com/divyo-argha/git-user/internal/ssh/agent.go:201.25,203.6 1 0
github.com/divyo-argha/git-user/internal/ssh/agent.go:208.2,208.47 1 0
github.com/divyo-argha/git-user/internal/ssh/agent.go:208.47,210.3 1 0
github.com/divyo-argha/git-user/internal/ssh/agent.go:211.2,212.18 2 0
github.com/divyo-argha/git-user/internal/ssh/agent.go:215.56,217.16 2 0
github.com/divyo-argha/git-user/internal/ssh/agent.go:217.16,219.3 1 0
github.com/divyo-argha/git-user/internal/ssh/agent.go:220.2,221.22 2 0
github.com/divyo-argha/git-user/internal/ssh/agent.go:221.22,223.3 1 0
github.com/divyo-argha/git-user/internal/ssh/agent.go:223.8,225.3 1 0
github.com/divyo-argha/git-user/internal/ssh/agent.go:226.2,226.24 1 0
github.com/divyo-argha/git-user/internal/tui/screens/confirm.go:20.68,27.2 1 1
github.com/divyo-argha/git-user/internal/tui/screens/confirm.go:29.34,29.48 1 0
github.com/divyo-argha/git-user/internal/tui/screens/confirm.go:31.34,31.54 1 0
github.com/divyo-argha/git-user/internal/tui/screens/confirm.go:33.38,33.67 1 0
github.com/divyo-argha/git-user/internal/tui/screens/confirm.go:35.62,36.27 1 1
github.com/divyo-argha/git-user/internal/tui/screens/confirm.go:37.18,38.23 1 1
github.com/divyo-argha/git-user/internal/tui/screens/confirm.go:39.20,40.29 1 0
github.com/divyo-argha/git-user/internal/tui/screens/confirm.go:40.29,42.5 1 0
github.com/divyo-argha/git-user/internal/tui/screens/confirm.go:44.32,45.16 1 1
github.com/divyo-argha/git-user/internal/tui/screens/confirm.go:47.33,48.16 1 1
github.com/divyo-argha/git-user/internal/tui/screens/confirm.go:50.17,51.29 1 1
github.com/divyo-argha/git-user/internal/tui/screens/confirm.go:51.29,53.5 1 1
github.com/divyo-argha/git-user/internal/tui/screens/confirm.go:55.17,56.29 1 0
github.com/divyo-argha/git-user/internal/tui/screens/confirm.go:56.29,58.5 1 0
github.com/divyo-argha/git-user/internal/tui/screens/confirm.go:60.22,61.29 1 1
github.com/divyo-argha/git-user/internal/tui/screens/confirm.go:61.29,63.5 1 1
github.com/divyo-argha/git-user/internal/tui/screens/confirm.go:65.22,66.22 1 0
github.com/divyo-argha/git-user/internal/tui/screens/confirm.go:69.2,69.15 1 1
github.com/divyo-argha/git-user/internal/tui/screens/confirm.go:72.50,76.16 3 0
github.com/divyo-argha/git-user/internal/tui/screens/confirm.go:76.16,78.3 1 0
github.com/divyo-argha/git-user/internal/tui/screens/confirm.go:79.2,79.19 1 0
github.com/divyo-argha/git-user/internal/tui/screens/confirm.go:79.19,81.3 1 0
github.com/divyo-argha/git-user/internal/tui/screens/confirm.go:83.2,84.16 2 0
github.com/divyo-argha/git-user/internal/tui/screens/confirm.go:84.16,86.3 1 0
github.com/divyo-argha/git-user/internal/tui/screens/confirm.go:87.2,87.30 1 0
github.com/divyo-argha/git-user/internal/tui/screens/confirm.go:87.30,89.3 1 0
github.com/divyo-argha/git-user/internal/tui/screens/confirm.go:91.2,99.19 7 0
github.com/divyo-argha/git-user/internal/tui/screens/confirm.go:99.19,102.3 2 0
github.com/divyo-argha/git-user/internal/tui/screens/confirm.go:102.8,105.3 2 0
github.com/divyo-argha/git-user/internal/tui/screens/confirm.go:107.2,114.17 6 0
github.com/divyo-argha/git-user/internal/tui/screens/confirm.go:114.17,116.3 1 0
github.com/divyo-argha/git-user/internal/tui/screens/confirm.go:117.2,117.48 1 0
github.com/divyo-argha/git-user/internal/tui/screens/confirm.go:117.48,119.3 1 0
github.com/divyo-argha/git-user/internal/tui/screens/confirm.go:121.2,121.20 1 0
github.com/divyo-argha/git-user/internal/tui/screens/dashboard.go:29.67,37.2 1 1
github.com/divyo-argha/git-user/internal/tui/screens/dashboard.go:39.36,39.50 1 0
github.com/divyo-argha/git-user/internal/tui/screens/dashboard.go:40.36,40.58 1 0
github.com/divyo-argha/git-user/internal/tui/screens/dashboard.go:41.40,42.17 1 0
github.com/divyo-argha/git-user/internal/tui/screens/dashboard.go:42.17,44.3 1 0
github.com/divyo-argha/git-user/internal/tui/screens/dashboard.go:45.2,45.29 1 0
github.com/divyo-argha/git-user/internal/tui/screens/dashboard.go:48.64,49.27 1 1
github.com/divyo-argha/git-user/internal/tui/screens/dashboard.go:50.30,51.41 1 0
github.com/divyo-argha/git-user/internal/tui/screens/dashboard.go:51.41,54.4 2 0
github.com/divyo-argha/git-user/internal/tui/screens/dashboard.go:55.18,56.18 1 1
github.com/divyo-argha/git-user/internal/tui/screens/dashboard.go:56.18,58.4 1 1
github.com/divyo-argha/git-user/internal/tui/screens/dashboard.go:59.3,59.26 1 1
github.com/divyo-argha/git-user/internal/tui/screens/dashboard.go:61.2,61.15 1 0
github.com/divyo-argha/git-user/internal/tui/screens/dashboard.go:64.70,65.22 1 1
github.com/divyo-argha/git-user/internal/tui/screens/dashboard.go:66.35,67.21 1 1
github.com/divyo-argha/git-user/internal/tui/screens/dashboard.go:68.19,69.21 1 0
github.com/divyo-argha/git-user/internal/tui/screens/dashboard.go:70.19,71.37 1 1
github.com/divyo-argha/git-user/internal/tui/screens/dashboard.go:71.37,73.4 1 1
github.com/divyo-argha/git-user/internal/tui/screens/dashboard.go:73.9,75.4 1 0
github.com/divyo-argha/git-user/internal/tui/screens/dashboard.go:76.31,77.32 1 1
github.com/divyo-argha/git-user/internal/tui/screens/dashboard.go:78.32,79.29 1 0
github.com/divyo-argha/git-user/internal/tui/screens/dashboard.go:80.29,81.37 1 0
github.com/divyo-argha/git-user/internal/tui/screens/dashboard.go:81.37,83.4 1 0
github.com/divyo-argha/git-user/internal/tui/screens/dashboard.go:83.9,85.4 1 0
github.com/divyo-argha/git-user/internal/tui/screens/dashboard.go:86.31,87.37 1 0
github.com/divyo-argha/git-user/internal/tui/screens/dashboard.go:87.37,89.4 1 0
github.com/divyo-argha/git-user/internal/tui/screens/dashboard.go:89.9,91.4 1 0
github.com/divyo-argha/git-user/internal/tui/screens/dashboard.go:92.22,96.32 4 1
github.com/divyo-argha/git-user/internal/tui/screens/dashboard.go:97.21,98.25 1 1
github.com/divyo-argha/git-user/internal/tui/screens/dashboard.go:100.2,100.15 1 1
github.com/divyo-argha/git-user/internal/tui/screens/dashboard.go:103.76,104.22 1 1
github.com/divyo-argha/git-user/internal/tui/screens/dashboard.go:105.19,109.16 4 1
github.com/divyo-argha/git-user/internal/tui/screens/dashboard.go:110.21,112.25 2 0
github.com/divyo-argha/git-user/internal/tui/screens/dashboard.go:113.29,114.26 1 0
github.com/divyo-argha/git-user/internal/tui/screens/dashboard.go:115.31,116.28 1 0
github.com/divyo-argha/git-user/internal/tui/screens/dashboard.go:117.19,118.29 1 0
github.com/divyo-argha/git-user/internal/tui/screens/dashboard.go:118.29,121.4 2 0
github.com/divyo-argha/git-user/internal/tui/screens/dashboard.go:121.9,124.4 2 0
github.com/divyo-argha/git-user/internal/tui/screens/dashboard.go:125.21,126.21 1 0
github.com/divyo-argha/git-user/internal/tui/screens/dashboard.go:127.10,129.20 2 0
github.com/divyo-argha/git-user/internal/tui/screens/dashboard.go:129.20,132.4 2 0
github.com/divyo-argha/git-user/internal/tui/screens/dashboard.go:134.2,134.15 1 0
github.com/divyo-argha/git-user/internal/tui/screens/dashboard.go:137.58,138.36 1 1
github.com/divyo-argha/git-user/internal/tui/screens/dashboard.go:138.36,140.18 2 1
github.com/divyo-argha/git-user/internal/tui/screens/dashboard.go:140.18,142.4 1 0
github.com/divyo-argha/git-user/internal/tui/screens/dashboard.go:143.3,143.20 1 1
github.com/divyo-argha/git-user/internal/tui/screens/dashboard.go:143.20,144.29 1 0
github.com/divyo-argha/git-user/internal/tui/screens/dashboard.go:144.29,146.5 1 0
github.com/divyo-argha/git-user/internal/tui/screens/dashboard.go:148.3,149.18 2 1
github.com/divyo-argha/git-user/internal/tui/screens/dashboard.go:149.18,150.29 1 1
github.com/divyo-argha/git-user/internal/tui/screens/dashboard.go:150.29,154.5 1 1
github.com/divyo-argha/git-user/internal/tui/screens/dashboard.go:156.8,158.18 2 0
github.com/divyo-argha/git-user/internal/tui/screens/dashboard.go:158.18,160.4 1 0
github.com/divyo-argha/git-user/internal/tui/screens/dashboard.go:161.3,161.25 1 0
github.com/divyo-argha/git-user/internal/tui/screens/dashboard.go:161.25,163.4 1 0
github.com/divyo-argha/git-user/internal/tui/screens/dashboard.go:164.3,164.28 1 0
github.com/divyo-argha/git-user/internal/tui/screens/dashboard.go:164.28,166.4 1 0
github.com/divyo-argha/git-user/internal/tui/screens/dashboard.go:168.2,168.15 1 0
github.com/divyo-argha/git-user/internal/tui/screens/dashboard.go:171.52,175.33 3 0
github.com/divyo-argha/git-user/internal/tui/screens/dashboard.go:175.33,177.3 1 0
github.com/divyo-argha/git-user/internal/tui/screens/dashboard.go:179.2,183.36 4 0
github.com/divyo-argha/git-user/internal/tui/screens/dashboard.go:183.36,186.3 2 0
github.com/divyo-argha/git-user/internal/tui/screens/dashboard.go:186.8,189.3 2 0
github.com/divyo-argha/git-user/internal/tui/screens/dashboard.go:191.2,191.72 1 0
github.com/divyo-argha/git-user/internal/tui/screens/dashboard.go:194.64,195.36 1 0
github.com/divyo-argha/git-user/internal/tui/screens/dashboard.go:195.36,198.3 2 0
github.com/divyo-argha/git-user/internal/tui/screens/dashboard.go:199.2,200.58 2 0
github.com/divyo-argha/git-user/internal/tui/screens/dashboard.go:203.50,206.2 2 0
github.com/divyo-argha/git-user/internal/tui/screens/dashboard.go:208.51,211.2 2 0
github.com/divyo-argha/git-user/internal/tui/screens/detail.go:28.74,31.17 3 1
github.com/divyo-argha/git-user/internal/tui/screens/detail.go:31.17,33.3 1 1
github.com/divyo-argha/git-user/internal/tui/screens/detail.go:34.2,39.3 1 1
github.com/divyo-argha/git-user/internal/tui/screens/detail.go:42.103,46.15 3 1
github.com/divyo-argha/git-user/internal/tui/screens/detail.go:46.15,49.3 2 1
github.com/divyo-argha/git-user/internal/tui/screens/detail.go:49.8,51.3 1 0
github.com/divyo-argha/git-user/internal/tui/screens/detail.go:53.2,57.14 4 1
github.com/divyo-argha/git-user/internal/tui/screens/detail.go:57.14,59.24 2 0
github.com/divyo-argha/git-user/internal/tui/screens/detail.go:59.24,61.4 1 0
github.com/divyo-argha/git-user/internal/tui/screens/detail.go:62.8,64.24 2 1
github.com/divyo-argha/git-user/internal/tui/screens/detail.go:64.24,66.4 1 0
github.com/divyo-argha/git-user/internal/tui/screens/detail.go:68.2,70.23 3 1
github.com/divyo-argha/git-user/internal/tui/screens/detail.go:70.23,73.3 2 0
github.com/divyo-argha/git-user/internal/tui/screens/detail.go:73.8,75.3 1 1
github.com/divyo-argha/git-user/internal/tui/screens/detail.go:77.2,79.29 3 1
[...]
github.com/divyo-argha/git-user/internal/cli/switch.go:444.43,447.3 2 0
github.com/divyo-argha/git-user/internal/cli/switch.go:449.2,450.35 2 1
github.com/divyo-argha/git-user/internal/cli/switch.go:450.35,453.3 2 0
github.com/divyo-argha/git-user/internal/cli/switch.go:454.2,454.24 1 1
github.com/divyo-argha/git-user/internal/cli/switch.go:454.24,456.3 1 0
github.com/divyo-argha/git-user/internal/cli/switch.go:457.2,460.12 3 1
github.com/divyo-argha/git-user/internal/cli/switch.go:465.54,467.32 1 1
github.com/divyo-argha/git-user/internal/cli/switch.go:467.32,468.29 1 1
github.com/divyo-argha/git-user/internal/cli/switch.go:468.29,470.4 1 0
github.com/divyo-argha/git-user/internal/cli/switch.go:473.2,474.49 2 1
github.com/divyo-argha/git-user/internal/cli/switch.go:474.49,476.3 1 1
github.com/divyo-argha/git-user/internal/cli/switch.go:478.2,479.22 2 0
github.com/divyo-argha/git-user/internal/cli/switch.go:479.22,481.3 1 0
github.com/divyo-argha/git-user/internal/cli/switch.go:483.2,483.39 1 0
github.com/divyo-argha/git-user/internal/cli/switch.go:483.39,485.3 1 0
github.com/divyo-argha/git-user/internal/cli/switch.go:487.2,492.4 1 0
github.com/divyo-argha/git-user/internal/cli/sync.go:17.35,19.16 2 1
github.com/divyo-argha/git-user/internal/cli/sync.go:19.16,22.3 2 0
github.com/divyo-argha/git-user/internal/cli/sync.go:24.2,28.51 3 1
github.com/divyo-argha/git-user/internal/cli/sync.go:28.51,33.47 4 1
github.com/divyo-argha/git-user/internal/cli/sync.go:33.47,36.4 2 0
github.com/divyo-argha/git-user/internal/cli/sync.go:38.3,39.34 2 1
github.com/divyo-argha/git-user/internal/cli/sync.go:39.34,42.4 2 0
github.com/divyo-argha/git-user/internal/cli/sync.go:44.3,45.37 2 1
github.com/divyo-argha/git-user/internal/cli/sync.go:45.37,48.4 2 0
github.com/divyo-argha/git-user/internal/cli/sync.go:50.3,51.42 2 1
github.com/divyo-argha/git-user/internal/cli/sync.go:51.42,54.4 2 0
github.com/divyo-argha/git-user/internal/cli/sync.go:56.3,57.23 2 1
github.com/divyo-argha/git-user/internal/cli/sync.go:57.23,59.4 1 0
github.com/divyo-argha/git-user/internal/cli/sync.go:61.3,62.28 2 1
github.com/divyo-argha/git-user/internal/cli/sync.go:62.28,64.4 1 0
github.com/divyo-argha/git-user/internal/cli/sync.go:67.3,67.81 1 1
github.com/divyo-argha/git-user/internal/cli/sync.go:67.81,69.4 1 0
github.com/divyo-argha/git-user/internal/cli/sync.go:71.3,75.44 2 1
github.com/divyo-argha/git-user/internal/cli/sync.go:75.44,78.4 2 0
github.com/divyo-argha/git-user/internal/cli/sync.go:81.3,82.52 2 1
github.com/divyo-argha/git-user/internal/cli/sync.go:82.52,85.4 2 0
github.com/divyo-argha/git-user/internal/cli/sync.go:88.3,92.17 1 1
github.com/divyo-argha/git-user/internal/cli/sync.go:92.17,95.4 2 0
github.com/divyo-argha/git-user/internal/cli/sync.go:97.3,97.46 1 1
github.com/divyo-argha/git-user/internal/cli/sync.go:100.2,105.36 4 1
github.com/divyo-argha/git-user/internal/cli/sync.go:105.36,108.37 2 0
github.com/divyo-argha/git-user/internal/cli/sync.go:108.37,111.4 2 0
github.com/divyo-argha/git-user/internal/cli/sync.go:115.2,122.47 5 1
github.com/divyo-argha/git-user/internal/cli/sync.go:122.47,125.17 2 1
github.com/divyo-argha/git-user/internal/cli/sync.go:125.17,127.18 2 1
github.com/divyo-argha/git-user/internal/cli/sync.go:127.18,130.5 2 0
github.com/divyo-argha/git-user/internal/cli/sync.go:135.2,136.39 2 1
github.com/divyo-argha/git-user/internal/cli/sync.go:136.39,138.22 2 1
github.com/divyo-argha/git-user/internal/cli/sync.go:138.22,141.31 2 1
github.com/divyo-argha/git-user/internal/cli/sync.go:141.31,144.31 3 0
github.com/divyo-argha/git-user/internal/cli/sync.go:144.31,146.6 1 0
github.com/divyo-argha/git-user/internal/cli/sync.go:149.4,150.21 2 1
github.com/divyo-argha/git-user/internal/cli/sync.go:150.21,152.5 1 0
github.com/divyo-argha/git-user/internal/cli/sync.go:153.4,154.70 2 1
github.com/divyo-argha/git-user/internal/cli/sync.go:155.9,157.56 1 0
github.com/divyo-argha/git-user/internal/cli/sync.go:157.56,160.31 3 0
github.com/divyo-argha/git-user/internal/cli/sync.go:160.31,162.6 1 0
github.com/divyo-argha/git-user/internal/cli/sync.go:163.5,165.72 3 0
github.com/divyo-argha/git-user/internal/cli/sync.go:170.2,170.21 1 1
github.com/divyo-argha/git-user/internal/cli/sync.go:170.21,171.44 1 1
github.com/divyo-argha/git-user/internal/cli/sync.go:171.44,174.4 2 0
github.com/divyo-argha/git-user/internal/cli/sync.go:178.2,179.32 2 1
github.com/divyo-argha/git-user/internal/cli/sync.go:179.32,180.21 1 1
github.com/divyo-argha/git-user/internal/cli/sync.go:180.21,182.22 2 1
github.com/divyo-argha/git-user/internal/cli/sync.go:182.22,184.19 2 0
github.com/divyo-argha/git-user/internal/cli/sync.go:184.19,187.6 2 0
github.com/divyo-argha/git-user/internal/cli/sync.go:189.4,189.49 1 1
github.com/divyo-argha/git-user/internal/cli/sync.go:193.2,194.16 2 1
github.com/divyo-argha/git-user/internal/cli/sync.go:194.16,197.3 2 0
github.com/divyo-argha/git-user/internal/cli/sync.go:199.2,199.70 1 1
github.com/divyo-argha/git-user/internal/cli/sync.go:199.70,202.3 2 0
github.com/divyo-argha/git-user/internal/cli/sync.go:205.2,210.71 5 1
github.com/divyo-argha/git-user/internal/cli/sync.go:210.71,212.3 1 0
github.com/divyo-argha/git-user/internal/cli/sync.go:212.8,214.3 1 1
github.com/divyo-argha/git-user/internal/cli/sync.go:216.2,216.12 1 1
github.com/divyo-argha/git-user/internal/cli/sync.go:219.55,220.25 1 1
github.com/divyo-argha/git-user/internal/cli/sync.go:220.25,223.35 3 1
github.com/divyo-argha/git-user/internal/cli/sync.go:223.35,225.4 1 0
github.com/divyo-argha/git-user/internal/cli/sync.go:227.2,227.12 1 1
github.com/divyo-argha/git-user/internal/cli/sync.go:230.52,234.2 3 1
github.com/divyo-argha/git-user/internal/cli/tui.go:14.21,16.2 1 0
github.com/divyo-argha/git-user/internal/cli/tui.go:19.43,21.2 1 0
github.com/divyo-argha/git-user/internal/cli/tui.go:23.42,24.6 1 0
github.com/divyo-argha/git-user/internal/cli/tui.go:24.6,26.17 2 0
github.com/divyo-argha/git-user/internal/cli/tui.go:26.17,28.4 1 0
github.com/divyo-argha/git-user/internal/cli/tui.go:30.3,31.17 2 0
github.com/divyo-argha/git-user/internal/cli/tui.go:31.17,33.4 1 0
github.com/divyo-argha/git-user/internal/cli/tui.go:35.3,35.35 1 0
github.com/divyo-argha/git-user/internal/cli/tui.go:35.35,37.4 1 0
github.com/divyo-argha/git-user/internal/cli/tui.go:40.3,45.23 4 0
github.com/divyo-argha/git-user/internal/cli/tui.go:45.23,47.4 1 0
github.com/divyo-argha/git-user/internal/cli/tui.go:47.9,47.24 1 0
github.com/divyo-argha/git-user/internal/cli/tui.go:47.24,49.4 1 0
github.com/divyo-argha/git-user/internal/cli/tui.go:49.9,51.4 1 0
github.com/divyo-argha/git-user/internal/cli/tui.go:54.3,55.15 2 0
github.com/divyo-argha/git-user/internal/cli/tui.go:59.79,60.14 1 0
github.com/divyo-argha/git-user/internal/cli/tui.go:61.18,62.30 1 0
github.com/divyo-argha/git-user/internal/cli/tui.go:62.30,64.4 1 0
github.com/divyo-argha/git-user/internal/cli/tui.go:64.9,66.4 1 0
github.com/divyo-argha/git-user/internal/cli/tui.go:68.16,69.28 1 0
github.com/divyo-argha/git-user/internal/cli/tui.go:71.16,72.16 1 0
github.com/divyo-argha/git-user/internal/cli/tui.go:72.16,74.38 2 0
github.com/divyo-argha/git-user/internal/cli/tui.go:74.38,77.5 2 0
github.com/divyo-argha/git-user/internal/cli/tui.go:78.4,79.16 2 0
github.com/divyo-argha/git-user/internal/cli/tui.go:79.16,81.5 1 0
github.com/divyo-argha/git-user/internal/cli/tui.go:82.4,83.29 2 0
github.com/divyo-argha/git-user/internal/cli/tui.go:83.29,85.5 1 0
github.com/divyo-argha/git-user/internal/cli/tui.go:86.4,87.63 2 0
github.com/divyo-argha/git-user/internal/cli/tui.go:90.15,91.16 1 0
github.com/divyo-argha/git-user/internal/cli/tui.go:91.16,93.4 1 0
github.com/divyo-argha/git-user/internal/cli/tui.go:95.16,96.17 1 0
github.com/divyo-argha/git-user/internal/cli/tui.go:98.21,99.21 1 0
github.com/divyo-argha/git-user/internal/cli/tui.go:101.14,102.26 1 0
github.com/divyo-argha/git-user/internal/cli/tui.go:104.16,106.15 2 0
github.com/divyo-argha/git-user/internal/cli/tui.go:106.15,108.4 1 0
github.com/divyo-argha/git-user/internal/cli/tui.go:109.3,109.98 1 0
github.com/divyo-argha/git-user/internal/cli/tui.go:109.98,112.4 2 0
github.com/divyo-argha/git-user/internal/cli/tui.go:113.3,115.28 3 0
github.com/divyo-argha/git-user/internal/cli/tui.go:115.28,117.4 1 0
github.com/divyo-argha/git-user/internal/cli/tui.go:118.3,118.46 1 0
github.com/divyo-argha/git-user/internal/cli/tui.go:120.15,121.27 1 0
github.com/divyo-argha/git-user/internal/cli/tui.go:123.20,124.32 1 0
github.com/divyo-argha/git-user/internal/cli/tui.go:126.27,127.44 1 0
github.com/divyo-argha/git-user/internal/cli/tui.go:129.19,131.31 2 0
github.com/divyo-argha/git-user/internal/cli/tui.go:131.31,134.4 2 0
github.com/divyo-argha/git-user/internal/cli/tui.go:135.3,135.36 1 0
github.com/divyo-argha/git-user/internal/cli/tui.go:137.21,139.15 2 0
github.com/divyo-argha/git-user/internal/cli/tui.go:139.15,141.4 1 0
github.com/divyo-argha/git-user/internal/cli/tui.go:142.3,142.28 1 0
github.com/divyo-argha/git-user/internal/cli/tui.go:142.28,145.4 2 0
github.com/divyo-argha/git-user/internal/cli/tui.go:146.3,147.28 2 0
github.com/divyo-argha/git-user/internal/cli/tui.go:147.28,149.69 2 0
github.com/divyo-argha/git-user/internal/cli/tui.go:149.69,152.5 2 0
github.com/divyo-argha/git-user/internal/cli/tui.go:153.9,155.18 2 0
github.com/divyo-argha/git-user/internal/cli/tui.go:155.18,158.5 2 0
github.com/divyo-argha/git-user/internal/cli/tui.go:159.4,159.27 1 0
github.com/divyo-argha/git-user/internal/cli/tui.go:161.3,161.38 1 0
github.com/divyo-argha/git-user/internal/cli/tui.go:163.16,164.17 1 0
github.com/divyo-argha/git-user/internal/cli/tui.go:166.16,167.28 1 0
github.com/divyo-argha/git-user/internal/cli/tui.go:169.20,170.31 1 0
github.com/divyo-argha/git-user/internal/cli/tui.go:172.16,174.31 2 0
github.com/divyo-argha/git-user/internal/cli/tui.go:174.31,177.4 2 0
github.com/divyo-argha/git-user/internal/cli/tui.go:178.3,178.28 1 0
github.com/divyo-argha/git-user/internal/cli/tui.go:180.25,181.25 1 0
github.com/divyo-argha/git-user/internal/cli/tui.go:183.16,184.90 1 0
github.com/divyo-argha/git-user/internal/cli/tui.go:184.90,187.4 2 0
github.com/divyo-argha/git-user/internal/cli/tui.go:188.3,188.28 1 0
github.com/divyo-argha/git-user/internal/cli/tui.go:190.20,191.20 1 0
github.com/divyo-argha/git-user/internal/cli/tui.go:193.18,194.24 1 0
github.com/divyo-argha/git-user/internal/cli/tui.go:196.16,197.17 1 0
github.com/divyo-argha/git-user/internal/cli/tui.go:199.16,200.37 1 0
github.com/divyo-argha/git-user/internal/cli/tui.go:200.37,202.4 1 0
github.com/divyo-argha/git-user/internal/cli/tui.go:208.41,210.16 2 0
github.com/divyo-argha/git-user/internal/cli/tui.go:210.16,212.3 1 0
github.com/divyo-argha/git-user/internal/cli/tui.go:214.2,214.33 1 0
github.com/divyo-argha/git-user/internal/cli/tui.go:214.33,215.49 1 0
github.com/divyo-argha/git-user/internal/cli/tui.go:215.49,217.4 1 0
github.com/divyo-argha/git-user/internal/cli/tui.go:218.3,218.14 1 0
github.com/divyo-argha/git-user/internal/cli/tui.go:221.2,223.32 3 0
github.com/divyo-argha/git-user/internal/cli/tui.go:223.32,224.55 1 0
github.com/divyo-argha/git-user/internal/cli/tui.go:224.55,226.4 1 0
github.com/divyo-argha/git-user/internal/cli/tui.go:228.2,228.22 1 0
github.com/divyo-argha/git-user/internal/cli/tui.go:228.22,231.3 2 0
github.com/divyo-argha/git-user/internal/cli/tui.go:232.2,232.14 1 0
github.com/divyo-argha/git-user/internal/cli/update.go:18.24,20.16 2 0
github.com/divyo-argha/git-user/internal/cli/update.go:20.16,22.3 1 0
github.com/divyo-argha/git-user/internal/cli/update.go:24.2,24.66 1 0
github.com/divyo-argha/git-user/internal/cli/update.go:24.66,26.3 1 0
github.com/divyo-argha/git-user/internal/cli/update.go:28.2,35.16 6 0
github.com/divyo-argha/git-user/internal/cli/update.go:35.16,37.3 1 0
github.com/divyo-argha/git-user/internal/cli/update.go:38.2,47.68 3 0
github.com/divyo-argha/git-user/internal/cli/update.go:47.68,49.3 1 0
github.com/divyo-argha/git-user/internal/cli/update.go:52.2,57.25 5 0
github.com/divyo-argha/git-user/internal/cli/update.go:57.25,59.3 1 0
github.com/divyo-argha/git-user/internal/cli/update.go:61.2,62.23 2 0
github.com/divyo-argha/git-user/internal/cli/update.go:62.23,64.3 1 0
github.com/divyo-argha/git-user/internal/cli/update.go:67.2,68.39 2 0
github.com/divyo-argha/git-user/internal/cli/update.go:68.39,70.90 2 0
github.com/divyo-argha/git-user/internal/cli/update.go:70.90,72.9 2 0
github.com/divyo-argha/git-user/internal/cli/update.go:75.2,75.23 1 0
github.com/divyo-argha/git-user/internal/cli/update.go:75.23,77.3 1 0
github.com/divyo-argha/git-user/internal/cli/update.go:80.2,81.16 2 0
github.com/divyo-argha/git-user/internal/cli/update.go:81.16,83.3 1 0
github.com/divyo-argha/git-user/internal/cli/update.go:84.2,89.59 5 0
github.com/divyo-argha/git-user/internal/cli/update.go:89.59,91.3 1 0
github.com/divyo-argha/git-user/internal/cli/update.go:94.2,95.16 2 0
github.com/divyo-argha/git-user/internal/cli/update.go:95.16,97.3 1 0
github.com/divyo-argha/git-user/internal/cli/update.go:98.2,101.50 2 0
github.com/divyo-argha/git-user/internal/cli/update.go:101.50,103.3 1 0
github.com/divyo-argha/git-user/internal/cli/update.go:106.2,107.56 2 0
github.com/divyo-argha/git-user/internal/cli/update.go:107.56,109.3 1 0
github.com/divyo-argha/git-user/internal/cli/update.go:111.2,111.55 1 0
github.com/divyo-argha/git-user/internal/cli/update.go:111.55,115.3 2 0
github.com/divyo-argha/git-user/internal/cli/update.go:118.2,121.12 3 0
github.com/divyo-argha/git-user/internal/cli/update.go:124.43,129.16 4 0
github.com/divyo-argha/git-user/internal/cli/update.go:129.16,131.3 1 0
github.com/divyo-argha/git-user/internal/cli/update.go:132.2,135.28 2 0
github.com/divyo-argha/git-user/internal/cli/update.go:135.28,137.3 1 0
github.com/divyo-argha/git-user/internal/cli/update.go:139.2,140.16 2 0
github.com/divyo-argha/git-user/internal/cli/update.go:140.16,142.3 1 0
github.com/divyo-argha/git-user/internal/cli/update.go:143.2,146.12 3 0
github.com/divyo-argha/git-user/internal/cli/update.go:151.68,153.16 2 0
github.com/divyo-argha/git-user/internal/cli/update.go:153.16,155.3 1 0
github.com/divyo-argha/git-user/internal/cli/update.go:156.2,159.16 3 0
github.com/divyo-argha/git-user/internal/cli/update.go:159.16,161.3 1 0
github.com/divyo-argha/git-user/internal/cli/update.go:162.2,165.6 3 0
github.com/divyo-argha/git-user/internal/cli/update.go:165.6,167.20 2 0
github.com/divyo-argha/git-user/internal/cli/update.go:167.20,168.9 1 0
github.com/divyo-argha/git-user/internal/cli/update.go:170.3,170.17 1 0
github.com/divyo-argha/git-user/internal/cli/update.go:170.17,172.4 1 0
github.com/divyo-argha/git-user/internal/cli/update.go:175.3,175.44 1 0
github.com/divyo-argha/git-user/internal/cli/update.go:175.44,177.18 2 0
github.com/divyo-argha/git-user/internal/cli/update.go:177.18,179.5 1 0
github.com/divyo-argha/git-user/internal/cli/update.go:180.4,180.46 1 0
github.com/divyo-argha/git-user/internal/cli/update.go:180.46,184.5 3 0
github.com/divyo-argha/git-user/internal/cli/update.go:185.4,186.26 2 0
github.com/divyo-argha/git-user/internal/cli/update.go:190.2,190.69 1 0
github.com/divyo-argha/git-user/internal/cli/utils.go:16.34,18.2 1 1
github.com/divyo-argha/git-user/internal/cli/utils.go:20.55,30.30 2 1
github.com/divyo-argha/git-user/internal/cli/utils.go:30.30,32.20 2 1
github.com/divyo-argha/git-user/internal/cli/utils.go:32.20,34.4 1 1
github.com/divyo-argha/git-user/internal/cli/utils.go:35.3,38.20 3 1
github.com/divyo-argha/git-user/internal/cli/utils.go:38.20,40.4 1 1
github.com/divyo-argha/git-user/internal/cli/utils.go:41.3,43.36 3 1
github.com/divyo-argha/git-user/internal/cli/utils.go:43.36,44.37 1 1
github.com/divyo-argha/git-user/internal/cli/utils.go:44.37,46.5 1 1
github.com/divyo-argha/git-user/internal/cli/utils.go:50.2,50.57 1 0
github.com/divyo-argha/git-user/internal/cli/utils.go:53.37,54.35 1 1
github.com/divyo-argha/git-user/internal/cli/utils.go:54.35,57.3 2 1
github.com/divyo-argha/git-user/internal/cli/utils.go:58.2,58.13 1 1
github.com/divyo-argha/git-user/internal/cli/utils.go:64.76,68.65 3 1
github.com/divyo-argha/git-user/internal/cli/utils.go:68.65,70.3 1 0
github.com/divyo-argha/git-user/internal/cli/utils.go:72.2,72.44 1 1
github.com/divyo-argha/git-user/internal/cli/utils.go:72.44,74.45 2 0
github.com/divyo-argha/git-user/internal/cli/utils.go:74.45,76.4 1 0
github.com/divyo-argha/git-user/internal/cli/utils.go:77.3,77.22 1 0
github.com/divyo-argha/git-user/internal/cli/utils.go:80.2,82.22 3 1
github.com/divyo-argha/git-user/internal/cli/utils.go:82.22,84.3 1 0
github.com/divyo-argha/git-user/internal/cli/utils.go:84.8,90.3 5 1
github.com/divyo-argha/git-user/internal/cli/utils.go:92.2,92.34 1 1
github.com/divyo-argha/git-user/internal/cli/utils.go:92.34,94.3 1 0
github.com/divyo-argha/git-user/internal/cli/utils.go:95.2,97.22 2 1
github.com/divyo-argha/git-user/internal/cli/utils.go:97.22,98.73 1 0
github.com/divyo-argha/git-user/internal/cli/utils.go:98.73,100.4 1 0
github.com/divyo-argha/git-user/internal/cli/utils.go:100.9,103.4 2 0
github.com/divyo-argha/git-user/internal/cli/utils.go:104.8,106.3 1 1
github.com/divyo-argha/git-user/internal/cli/utils.go:108.2,109.16 2 1
github.com/divyo-argha/git-user/internal/cli/utils.go:109.16,111.3 1 0
github.com/divyo-argha/git-user/internal/cli/utils.go:113.2,120.29 7 1
github.com/divyo-argha/git-user/internal/cli/utils.go:120.29,122.3 1 1
github.com/divyo-argha/git-user/internal/cli/utils.go:123.2,137.60 13 1
github.com/divyo-argha/git-user/internal/cli/utils.go:137.60,141.3 3 0
github.com/divyo-argha/git-user/internal/cli/utils.go:141.8,143.3 1 1
github.com/divyo-argha/git-user/internal/cli/utils.go:145.2,145.21 1 1
github.com/divyo-argha/git-user/internal/cli/utils.go:150.52,151.29 1 1
github.com/divyo-argha/git-user/internal/cli/utils.go:151.29,153.3 1 1
github.com/divyo-argha/git-user/internal/cli/utils.go:154.2,157.16 4 1
github.com/divyo-argha/git-user/internal/cli/utils.go:157.16,160.18 3 1
github.com/divyo-argha/git-user/internal/cli/utils.go:160.18,162.4 1 1
github.com/divyo-argha/git-user/internal/cli/utils.go:163.3,163.16 1 0
github.com/divyo-argha/git-user/internal/cli/utils.go:165.2,165.23 1 0
github.com/divyo-argha/git-user/internal/cli/utils.go:168.27,169.12 1 1
github.com/divyo-argha/git-user/internal/cli/utils.go:169.12,171.3 1 1
github.com/divyo-argha/git-user/internal/cli/utils.go:172.2,172.14 1 0
github.com/divyo-argha/git-user/internal/cli/utils.go:175.60,177.16 2 1
github.com/divyo-argha/git-user/internal/cli/utils.go:177.16,179.3 1 1
github.com/divyo-argha/git-user/internal/cli/utils.go:180.2,180.16 1 1
github.com/divyo-argha/git-user/internal/cli/utils.go:180.16,183.91 3 1
github.com/divyo-argha/git-user/internal/cli/utils.go:183.91,185.41 2 1
github.com/divyo-argha/git-user/internal/cli/utils.go:185.41,186.78 1 0
github.com/divyo-argha/git-user/internal/cli/utils.go:186.78,188.6 1 0
github.com/divyo-argha/git-user/internal/cli/utils.go:188.11,191.6 2 0
github.com/divyo-argha/git-user/internal/cli/utils.go:194.8,196.3 1 1
github.com/divyo-argha/git-user/internal/cli/utils.go:199.63,201.30 2 1
github.com/divyo-argha/git-user/internal/cli/utils.go:201.30,203.3 1 0
github.com/divyo-argha/git-user/internal/cli/utils.go:205.2,205.99 1 1
github.com/divyo-argha/git-user/internal/cli/utils.go:205.99,207.3 1 0
github.com/divyo-argha/git-user/internal/cli/utils.go:209.2,209.22 1 1
github.com/divyo-argha/git-user/internal/cli/utils.go:209.22,212.17 3 1
github.com/divyo-argha/git-user/internal/cli/utils.go:212.17,215.4 2 0
github.com/divyo-argha/git-user/internal/cli/utils.go:216.3,216.49 1 1
github.com/divyo-argha/git-user/internal/cli/utils.go:216.49,219.4 2 0
github.com/divyo-argha/git-user/internal/cli/utils.go:222.2,222.72 1 1
github.com/divyo-argha/git-user/internal/cli/utils.go:222.72,224.3 1 0
github.com/divyo-argha/git-user/internal/cli/utils.go:224.8,226.3 1 1
