mode: set
github.com/divyo-argha/git-user/internal/git/git.go:9.38,10.53 1 1
github.com/divyo-argha/git-user/internal/git/git.go:10.53,12.3 1 0
github.com/divyo-argha/git-user/internal/git/git.go:13.2,13.55 1 1
github.com/divyo-argha/git-user/internal/git/git.go:13.55,15.3 1 0
github.com/divyo-argha/git-user/internal/git/git.go:16.2,16.12 1 1
github.com/divyo-argha/git-user/internal/git/git.go:20.22,25.2 4 0
github.com/divyo-argha/git-user/internal/git/git.go:27.27,30.2 2 1
github.com/divyo-argha/git-user/internal/git/git.go:32.28,35.2 2 1
github.com/divyo-argha/git-user/internal/git/git.go:37.33,40.2 2 0
github.com/divyo-argha/git-user/internal/git/git.go:42.33,45.2 2 1
github.com/divyo-argha/git-user/internal/git/git.go:47.33,50.2 2 1
github.com/divyo-argha/git-user/internal/git/git.go:52.36,55.2 2 1
github.com/divyo-argha/git-user/internal/git/git.go:57.41,60.2 2 1
github.com/divyo-argha/git-user/internal/git/git.go:62.38,64.2 1 0
github.com/divyo-argha/git-user/internal/git/git.go:66.30,70.2 3 1
github.com/divyo-argha/git-user/internal/git/git.go:72.49,73.21 1 1
github.com/divyo-argha/git-user/internal/git/git.go:73.21,74.56 1 1
github.com/divyo-argha/git-user/internal/git/git.go:74.56,76.4 1 0
github.com/divyo-argha/git-user/internal/git/git.go:77.8,77.28 1 0
github.com/divyo-argha/git-user/internal/git/git.go:77.28,80.3 1 0
github.com/divyo-argha/git-user/internal/git/git.go:82.2,82.58 1 1
github.com/divyo-argha/git-user/internal/git/git.go:82.58,84.3 1 0
github.com/divyo-argha/git-user/internal/git/git.go:85.2,85.60 1 1
github.com/divyo-argha/git-user/internal/git/git.go:85.60,87.3 1 0
github.com/divyo-argha/git-user/internal/git/git.go:88.2,88.12 1 1
github.com/divyo-argha/git-user/internal/git/git.go:91.28,95.2 3 1
github.com/divyo-argha/git-user/internal/git/git.go:97.25,100.2 2 1
github.com/divyo-argha/git-user/internal/git/git.go:102.41,105.16 3 1
github.com/divyo-argha/git-user/internal/git/git.go:105.16,107.3 1 0
github.com/divyo-argha/git-user/internal/git/git.go:108.2,108.12 1 1
github.com/divyo-argha/git-user/internal/git/git.go:111.44,114.16 3 1
github.com/divyo-argha/git-user/internal/git/git.go:114.16,116.3 1 1
github.com/divyo-argha/git-user/internal/git/git.go:117.2,117.44 1 1
github.com/divyo-argha/git-user/internal/git/git.go:120.22,123.2 2 1
github.com/divyo-argha/git-user/internal/git/git.go:125.50,128.16 3 0
github.com/divyo-argha/git-user/internal/git/git.go:128.16,130.3 1 0
github.com/divyo-argha/git-user/internal/git/git.go:131.2,131.44 1 0
github.com/divyo-argha/git-user/internal/git/git.go:134.45,137.2 2 0
github.com/divyo-argha/git-user/internal/git/git.go:139.38,142.16 3 0
github.com/divyo-argha/git-user/internal/git/git.go:142.16,144.3 1 0
github.com/divyo-argha/git-user/internal/git/git.go:145.2,147.29 3 0
github.com/divyo-argha/git-user/internal/git/git.go:147.29,148.17 1 0
github.com/divyo-argha/git-user/internal/git/git.go:148.17,150.4 1 0
github.com/divyo-argha/git-user/internal/git/git.go:152.2,152.21 1 0
github.com/divyo-argha/git-user/internal/git/git.go:155.56,156.46 1 1
github.com/divyo-argha/git-user/internal/git/git.go:156.46,158.3 1 1
github.com/divyo-argha/git-user/internal/git/git.go:160.2,164.21 4 1
github.com/divyo-argha/git-user/internal/git/git.go:164.21,166.3 1 0
github.com/divyo-argha/git-user/internal/git/git.go:168.2,171.55 3 1
github.com/divyo-argha/git-user/internal/ui/ui.go:83.19,85.16 2 1
github.com/divyo-argha/git-user/internal/ui/ui.go:85.16,87.3 1 0
github.com/divyo-argha/git-user/internal/ui/ui.go:88.2,88.45 1 1
github.com/divyo-argha/git-user/internal/ui/ui.go:92.18,106.2 3 0
github.com/divyo-argha/git-user/internal/ui/ui.go:109.26,111.2 1 1
github.com/divyo-argha/git-user/internal/ui/ui.go:114.43,116.2 1 1
github.com/divyo-argha/git-user/internal/ui/ui.go:119.23,121.2 1 1
github.com/divyo-argha/git-user/internal/ui/ui.go:124.23,126.2 1 1
github.com/divyo-argha/git-user/internal/ui/ui.go:129.24,131.2 1 1
github.com/divyo-argha/git-user/internal/ui/ui.go:134.41,136.2 1 1
github.com/divyo-argha/git-user/internal/ui/ui.go:139.32,141.2 1 1
github.com/divyo-argha/git-user/internal/ui/ui.go:144.36,146.2 1 1
github.com/divyo-argha/git-user/internal/ui/ui.go:149.72,154.12 4 1
github.com/divyo-argha/git-user/internal/ui/ui.go:154.12,158.3 3 1
github.com/divyo-argha/git-user/internal/ui/ui.go:160.2,161.16 2 1
github.com/divyo-argha/git-user/internal/ui/ui.go:161.16,165.3 1 1
github.com/divyo-argha/git-user/internal/ui/ui.go:167.2,174.18 2 1
github.com/divyo-argha/git-user/internal/ui/ui.go:174.18,176.3 1 1
github.com/divyo-argha/git-user/internal/ui/ui.go:178.2,178.40 1 1
github.com/divyo-argha/git-user/internal/ui/ui.go:182.46,185.18 3 1
github.com/divyo-argha/git-user/internal/ui/ui.go:185.18,187.3 1 1
github.com/divyo-argha/git-user/internal/ui/ui.go:191.25,193.2 1 1
github.com/divyo-argha/git-user/internal/ui/ui.go:196.25,198.2 1 1
github.com/divyo-argha/git-user/internal/ui/ui.go:201.16,203.2 1 1
github.com/divyo-argha/git-user/internal/ui/ui.go:206.29,208.2 1 1
github.com/divyo-argha/git-user/internal/ui/ui.go:211.43,212.21 1 0
github.com/divyo-argha/git-user/internal/ui/ui.go:212.21,214.3 1 0
github.com/divyo-argha/git-user/internal/ui/ui.go:215.2,218.16 4 0
github.com/divyo-argha/git-user/internal/ui/ui.go:218.16,220.3 1 0
github.com/divyo-argha/git-user/internal/ui/ui.go:221.2,221.37 1 0
github.com/divyo-argha/git-user/internal/ui/ui.go:233.37,235.2 1 1
github.com/divyo-argha/git-user/internal/ui/ui.go:237.63,238.27 1 0
github.com/divyo-argha/git-user/internal/ui/ui.go:239.18,240.23 1 0
github.com/divyo-argha/git-user/internal/ui/ui.go:241.29,243.22 2 0
github.com/divyo-argha/git-user/internal/ui/ui.go:244.18,245.20 1 0
github.com/divyo-argha/git-user/internal/ui/ui.go:245.20,247.5 1 0
github.com/divyo-argha/git-user/internal/ui/ui.go:248.20,249.35 1 0
github.com/divyo-argha/git-user/internal/ui/ui.go:249.35,251.5 1 0
github.com/divyo-argha/git-user/internal/ui/ui.go:252.16,254.22 2 0
github.com/divyo-argha/git-user/internal/ui/ui.go:257.2,257.15 1 0
github.com/divyo-argha/git-user/internal/ui/ui.go:260.36,268.32 7 1
github.com/divyo-argha/git-user/internal/ui/ui.go:268.32,269.20 1 1
github.com/divyo-argha/git-user/internal/ui/ui.go:269.20,271.4 1 1
github.com/divyo-argha/git-user/internal/ui/ui.go:271.9,273.4 1 1
github.com/divyo-argha/git-user/internal/ui/ui.go:275.2,276.19 2 1
github.com/divyo-argha/git-user/internal/ui/ui.go:280.58,281.21 1 0
github.com/divyo-argha/git-user/internal/ui/ui.go:281.21,283.3 1 0
github.com/divyo-argha/git-user/internal/ui/ui.go:284.2,292.16 4 0
github.com/divyo-argha/git-user/internal/ui/ui.go:292.16,294.3 1 0
github.com/divyo-argha/git-user/internal/ui/ui.go:296.2,297.16 2 0
github.com/divyo-argha/git-user/internal/ui/ui.go:297.16,299.3 1 0
github.com/divyo-argha/git-user/internal/ui/ui.go:301.2,301.22 1 0
github.com/divyo-argha/git-user/internal/ui/ui.go:305.53,306.22 1 0
github.com/divyo-argha/git-user/internal/ui/ui.go:306.22,308.3 1 0
github.com/divyo-argha/git-user/internal/ui/ui.go:309.2,311.17 3 0
github.com/divyo-argha/git-user/internal/ui/ui.go:311.17,313.3 1 0
github.com/divyo-argha/git-user/internal/ui/ui.go:315.2,324.16 4 0
github.com/divyo-argha/git-user/internal/ui/ui.go:324.16,326.3 1 0
github.com/divyo-argha/git-user/internal/ui/ui.go:328.2,329.16 2 0
github.com/divyo-argha/git-user/internal/ui/ui.go:329.16,331.3 1 0
github.com/divyo-argha/git-user/internal/ui/ui.go:332.2,332.22 1 0
github.com/divyo-argha/git-user/internal/config/config.go:40.13,42.16 2 1
github.com/divyo-argha/git-user/internal/config/config.go:42.16,43.59 1 0
github.com/divyo-argha/git-user/internal/config/config.go:45.2,45.63 1 1
github.com/divyo-argha/git-user/internal/config/config.go:48.26,48.47 1 1
github.com/divyo-argha/git-user/internal/config/config.go:50.33,50.54 1 1
github.com/divyo-argha/git-user/internal/config/config.go:52.30,54.2 1 1
github.com/divyo-argha/git-user/internal/config/config.go:56.25,58.2 1 1
github.com/divyo-argha/git-user/internal/config/config.go:60.29,63.16 3 1
github.com/divyo-argha/git-user/internal/config/config.go:63.16,64.38 1 1
github.com/divyo-argha/git-user/internal/config/config.go:64.38,66.4 1 0
github.com/divyo-argha/git-user/internal/config/config.go:67.8,68.50 1 1
github.com/divyo-argha/git-user/internal/config/config.go:68.50,70.4 1 0
github.com/divyo-argha/git-user/internal/config/config.go:73.2,74.16 2 1
github.com/divyo-argha/git-user/internal/config/config.go:74.16,76.62 2 1
github.com/divyo-argha/git-user/internal/config/config.go:76.62,77.29 1 1
github.com/divyo-argha/git-user/internal/config/config.go:77.29,79.5 1 1
github.com/divyo-argha/git-user/internal/config/config.go:80.4,80.43 1 1
github.com/divyo-argha/git-user/internal/config/config.go:84.2,84.16 1 1
github.com/divyo-argha/git-user/internal/config/config.go:87.27,90.28 3 1
github.com/divyo-argha/git-user/internal/config/config.go:90.28,91.20 1 1
github.com/divyo-argha/git-user/internal/config/config.go:91.20,93.4 1 1
github.com/divyo-argha/git-user/internal/config/config.go:93.9,95.4 1 1
github.com/divyo-argha/git-user/internal/config/config.go:98.2,99.47 2 1
github.com/divyo-argha/git-user/internal/config/config.go:99.47,101.3 1 0
github.com/divyo-argha/git-user/internal/config/config.go:103.2,103.24 1 1
github.com/divyo-argha/git-user/internal/config/config.go:103.24,106.3 2 1
github.com/divyo-argha/git-user/internal/config/config.go:106.8,108.3 1 1
github.com/divyo-argha/git-user/internal/config/config.go:110.2,114.16 4 1
github.com/divyo-argha/git-user/internal/config/config.go:114.16,116.3 1 0
github.com/divyo-argha/git-user/internal/config/config.go:118.2,119.16 2 1
github.com/divyo-argha/git-user/internal/config/config.go:119.16,121.3 1 0
github.com/divyo-argha/git-user/internal/config/config.go:122.2,124.43 2 1
github.com/divyo-argha/git-user/internal/config/config.go:124.43,128.3 3 0
github.com/divyo-argha/git-user/internal/config/config.go:129.2,129.36 1 1
github.com/divyo-argha/git-user/internal/config/config.go:129.36,132.3 2 0
github.com/divyo-argha/git-user/internal/config/config.go:133.2,133.48 1 1
github.com/divyo-argha/git-user/internal/config/config.go:133.48,136.3 2 0
github.com/divyo-argha/git-user/internal/config/config.go:137.2,137.55 1 1
github.com/divyo-argha/git-user/internal/config/config.go:137.55,140.3 2 0
github.com/divyo-argha/git-user/internal/config/config.go:141.2,141.12 1 1
github.com/divyo-argha/git-user/internal/config/config.go:144.45,145.25 1 1
github.com/divyo-argha/git-user/internal/config/config.go:145.25,146.30 1 1
github.com/divyo-argha/git-user/internal/config/config.go:146.30,148.4 1 1
github.com/divyo-argha/git-user/internal/config/config.go:150.2,150.12 1 1
github.com/divyo-argha/git-user/internal/config/config.go:154.47,156.2 1 1
github.com/divyo-argha/git-user/internal/config/config.go:159.49,160.28 1 1
github.com/divyo-argha/git-user/internal/config/config.go:160.28,161.23 1 1
github.com/divyo-argha/git-user/internal/config/config.go:161.23,163.4 1 0
github.com/divyo-argha/git-user/internal/config/config.go:165.2,165.14 1 1
github.com/divyo-argha/git-user/internal/config/config.go:168.51,169.31 1 1
github.com/divyo-argha/git-user/internal/config/config.go:169.31,171.3 1 0
github.com/divyo-argha/git-user/internal/config/config.go:172.2,172.25 1 1
github.com/divyo-argha/git-user/internal/config/config.go:172.25,174.3 1 1
github.com/divyo-argha/git-user/internal/config/config.go:175.2,175.27 1 1
github.com/divyo-argha/git-user/internal/config/config.go:175.27,177.3 1 0
github.com/divyo-argha/git-user/internal/config/config.go:178.2,179.12 2 1
github.com/divyo-argha/git-user/internal/config/config.go:182.59,183.29 1 1
github.com/divyo-argha/git-user/internal/config/config.go:183.29,185.3 1 0
github.com/divyo-argha/git-user/internal/config/config.go:186.2,186.33 1 1
github.com/divyo-argha/git-user/internal/config/config.go:186.33,188.3 1 1
github.com/divyo-argha/git-user/internal/config/config.go:189.2,190.28 2 1
github.com/divyo-argha/git-user/internal/config/config.go:190.28,191.21 1 1
github.com/divyo-argha/git-user/internal/config/config.go:191.21,193.4 1 0
github.com/divyo-argha/git-user/internal/config/config.go:195.2,196.23 2 1
github.com/divyo-argha/git-user/internal/config/config.go:196.23,198.3 1 1
github.com/divyo-argha/git-user/internal/config/config.go:199.2,199.12 1 1
github.com/divyo-argha/git-user/internal/config/config.go:202.57,204.14 2 1
github.com/divyo-argha/git-user/internal/config/config.go:204.14,206.3 1 0
github.com/divyo-argha/git-user/internal/config/config.go:207.2,207.20 1 1
github.com/divyo-argha/git-user/internal/config/config.go:207.20,209.3 1 0
github.com/divyo-argha/git-user/internal/config/config.go:210.2,211.12 2 1
github.com/divyo-argha/git-user/internal/config/config.go:214.56,216.14 2 1
github.com/divyo-argha/git-user/internal/config/config.go:216.14,218.3 1 0
github.com/divyo-argha/git-user/internal/config/config.go:219.2,220.12 2 1
github.com/divyo-argha/git-user/internal/config/config.go:223.63,225.14 2 1
github.com/divyo-argha/git-user/internal/config/config.go:225.14,227.3 1 0
github.com/divyo-argha/git-user/internal/config/config.go:228.2,231.12 4 1
github.com/divyo-argha/git-user/internal/config/config.go:234.65,236.14 2 1
github.com/divyo-argha/git-user/internal/config/config.go:236.14,238.3 1 0
github.com/divyo-argha/git-user/internal/config/config.go:239.2,240.12 2 1
github.com/divyo-argha/git-user/internal/config/config.go:243.47,244.29 1 1
github.com/divyo-argha/git-user/internal/config/config.go:244.29,246.3 1 0
github.com/divyo-argha/git-user/internal/config/config.go:247.2,248.12 2 1
github.com/divyo-argha/git-user/internal/config/config.go:251.37,252.21 1 0
github.com/divyo-argha/git-user/internal/config/config.go:252.21,254.3 1 0
github.com/divyo-argha/git-user/internal/config/config.go:255.2,255.30 1 0
github.com/divyo-argha/git-user/internal/config/config.go:260.102,261.23 1 0
github.com/divyo-argha/git-user/internal/config/config.go:261.23,263.3 1 0
github.com/divyo-argha/git-user/internal/config/config.go:264.2,271.3 1 0
github.com/divyo-argha/git-user/test/runner/main.go:20.13,36.16 9 0
github.com/divyo-argha/git-user/test/runner/main.go:36.16,39.3 2 0
github.com/divyo-argha/git-user/test/runner/main.go:40.2,42.36 2 0
github.com/divyo-argha/git-user/test/runner/main.go:42.36,45.3 2 0
github.com/divyo-argha/git-user/test/runner/main.go:47.2,63.21 8 0
github.com/divyo-argha/git-user/test/runner/main.go:63.21,67.108 2 0
github.com/divyo-argha/git-user/test/runner/main.go:67.108,68.38 1 0
github.com/divyo-argha/git-user/test/runner/main.go:68.38,70.5 1 0
github.com/divyo-argha/git-user/test/runner/main.go:73.3,73.74 1 0
github.com/divyo-argha/git-user/test/runner/main.go:73.74,75.4 1 0
github.com/divyo-argha/git-user/test/runner/main.go:78.3,78.68 1 0
github.com/divyo-argha/git-user/test/runner/main.go:78.68,82.44 4 0
github.com/divyo-argha/git-user/test/runner/main.go:82.44,84.5 1 0
github.com/divyo-argha/git-user/test/runner/main.go:84.10,86.5 1 0
github.com/divyo-argha/git-user/test/runner/main.go:87.4,92.6 1 0
github.com/divyo-argha/git-user/test/runner/main.go:93.9,93.77 1 0
github.com/divyo-argha/git-user/test/runner/main.go:93.77,102.4 3 0
github.com/divyo-argha/git-user/test/runner/main.go:102.9,102.77 1 0
github.com/divyo-argha/git-user/test/runner/main.go:102.77,110.4 2 0
github.com/divyo-argha/git-user/test/runner/main.go:113.2,118.51 4 0
github.com/divyo-argha/git-user/test/runner/main.go:118.51,121.17 3 0
github.com/divyo-argha/git-user/test/runner/main.go:121.17,123.34 2 0
github.com/divyo-argha/git-user/test/runner/main.go:123.34,125.42 2 0
github.com/divyo-argha/git-user/test/runner/main.go:125.42,127.25 2 0
github.com/divyo-argha/git-user/test/runner/main.go:127.25,129.7 1 0
github.com/divyo-argha/git-user/test/runner/main.go:136.2,140.29 4 0
github.com/divyo-argha/git-user/test/runner/main.go:140.29,146.22 3 0
github.com/divyo-argha/git-user/test/runner/main.go:147.15,149.60 2 0
github.com/divyo-argha/git-user/test/runner/main.go:150.15,152.34 2 0
github.com/divyo-argha/git-user/test/runner/main.go:153.15,155.46 2 0
github.com/divyo-argha/git-user/test/runner/main.go:158.3,160.68 2 0
github.com/divyo-argha/git-user/test/runner/main.go:163.2,165.26 2 0
github.com/divyo-argha/git-user/test/runner/main.go:165.26,168.34 3 0
github.com/divyo-argha/git-user/test/runner/main.go:168.34,170.4 1 0
github.com/divyo-argha/git-user/test/runner/main.go:173.2,178.45 5 0
github.com/divyo-argha/git-user/test/runner/main.go:178.45,182.3 3 0
github.com/divyo-argha/git-user/test/runner/main.go:182.8,186.3 3 0
github.com/divyo-argha/git-user/test/runner/main.go:189.46,191.20 2 0
github.com/divyo-argha/git-user/test/runner/main.go:191.20,193.3 1 0
github.com/divyo-argha/git-user/test/runner/main.go:194.2,194.45 1 0
github.com/divyo-argha/git-user/main.go:15.13,16.22 1 0
github.com/divyo-argha/git-user/main.go:16.22,17.21 1 0
github.com/divyo-argha/git-user/main.go:18.37,20.14 2 0
github.com/divyo-argha/git-user/main.go:21.29,22.42 1 0
github.com/divyo-argha/git-user/main.go:22.42,24.5 1 0
github.com/divyo-argha/git-user/main.go:25.4,25.14 1 0
github.com/divyo-argha/git-user/main.go:29.2,29.38 1 0
github.com/divyo-argha/git-user/main.go:29.38,31.3 1 0
github.com/divyo-argha/git-user/main.go:34.21,36.2 1 0
github.com/divyo-argha/git-user/scratch/resize_logo.go:17.13,20.16 3 0
github.com/divyo-argha/git-user/scratch/resize_logo.go:20.16,23.3 2 0
github.com/divyo-argha/git-user/scratch/resize_logo.go:24.2,31.49 5 0
github.com/divyo-argha/git-user/scratch/resize_logo.go:31.49,32.80 1 0
github.com/divyo-argha/git-user/scratch/resize_logo.go:32.80,34.4 1 0
github.com/divyo-argha/git-user/scratch/resize_logo.go:35.8,37.3 1 0
github.com/divyo-argha/git-user/scratch/resize_logo.go:39.2,43.77 3 0
github.com/divyo-argha/git-user/scratch/resize_logo.go:43.77,46.3 2 0
github.com/divyo-argha/git-user/scratch/resize_logo.go:48.2,48.107 1 0
github.com/divyo-argha/git-user/scratch/resize_logo.go:51.65,53.16 2 0
github.com/divyo-argha/git-user/scratch/resize_logo.go:53.16,55.3 1 0
github.com/divyo-argha/git-user/scratch/resize_logo.go:56.2,59.16 3 0
github.com/divyo-argha/git-user/scratch/resize_logo.go:59.16,61.3 1 0
github.com/divyo-argha/git-user/scratch/resize_logo.go:63.2,69.25 6 0
github.com/divyo-argha/git-user/scratch/resize_logo.go:69.25,71.3 1 0
github.com/divyo-argha/git-user/scratch/resize_logo.go:73.2,76.42 3 0
github.com/divyo-argha/git-user/scratch/resize_logo.go:76.42,78.39 2 0
github.com/divyo-argha/git-user/scratch/resize_logo.go:78.39,82.4 3 0
github.com/divyo-argha/git-user/scratch/resize_logo.go:83.3,83.36 1 0
github.com/divyo-argha/git-user/scratch/resize_logo.go:86.2,87.12 2 0
github.com/divyo-argha/git-user/scratch/resize_logo.go:90.35,91.15 1 0
github.com/divyo-argha/git-user/scratch/resize_logo.go:91.15,93.3 1 0
github.com/divyo-argha/git-user/scratch/resize_logo.go:94.2,94.15 1 0
github.com/divyo-argha/git-user/scratch/resize_logo.go:94.15,96.3 1 0
github.com/divyo-argha/git-user/scratch/resize_logo.go:97.2,97.12 1 0
github.com/divyo-argha/git-user/scratch/resize_logo.go:100.92,140.2 31 0
github.com/divyo-argha/git-user/scratch/resize_logo.go:142.54,153.45 8 0
github.com/divyo-argha/git-user/scratch/resize_logo.go:153.45,155.3 1 0
github.com/divyo-argha/git-user/scratch/resize_logo.go:157.2,157.22 1 0
github.com/divyo-argha/git-user/scratch/resize_logo.go:157.22,159.3 1 0
github.com/divyo-argha/git-user/scratch/resize_logo.go:161.2,161.25 1 0
github.com/divyo-argha/git-user/scratch/resize_logo.go:161.25,163.3 1 0
github.com/divyo-argha/git-user/scratch/resize_logo.go:165.2,165.114 1 0
github.com/divyo-argha/git-user/internal/bundle/bundle.go:41.72,43.16 2 1
github.com/divyo-argha/git-user/internal/bundle/bundle.go:43.16,45.3 1 0
github.com/divyo-argha/git-user/internal/bundle/bundle.go:47.2,48.58 2 1
github.com/divyo-argha/git-user/internal/bundle/bundle.go:48.58,50.3 1 0
github.com/divyo-argha/git-user/internal/bundle/bundle.go:52.2,53.16 2 1
github.com/divyo-argha/git-user/internal/bundle/bundle.go:53.16,55.3 1 0
github.com/divyo-argha/git-user/internal/bundle/bundle.go:57.2,58.16 2 1
github.com/divyo-argha/git-user/internal/bundle/bundle.go:58.16,60.3 1 0
github.com/divyo-argha/git-user/internal/bundle/bundle.go:61.2,62.16 2 1
github.com/divyo-argha/git-user/internal/bundle/bundle.go:62.16,64.3 1 0
github.com/divyo-argha/git-user/internal/bundle/bundle.go:66.2,67.59 2 1
github.com/divyo-argha/git-user/internal/bundle/bundle.go:67.59,69.3 1 0
github.com/divyo-argha/git-user/internal/bundle/bundle.go:71.2,77.17 6 1
github.com/divyo-argha/git-user/internal/bundle/bundle.go:81.66,82.30 1 1
github.com/divyo-argha/git-user/internal/bundle/bundle.go:82.30,84.3 1 1
github.com/divyo-argha/git-user/internal/bundle/bundle.go:86.2,90.16 4 1
github.com/divyo-argha/git-user/internal/bundle/bundle.go:90.16,92.3 1 0
github.com/divyo-argha/git-user/internal/bundle/bundle.go:94.2,95.16 2 1
github.com/divyo-argha/git-user/internal/bundle/bundle.go:95.16,97.3 1 0
github.com/divyo-argha/git-user/internal/bundle/bundle.go:98.2,99.16 2 1
github.com/divyo-argha/git-user/internal/bundle/bundle.go:99.16,101.3 1 0
github.com/divyo-argha/git-user/internal/bundle/bundle.go:103.2,103.33 1 1
github.com/divyo-argha/git-user/internal/bundle/bundle.go:103.33,105.3 1 0
github.com/divyo-argha/git-user/internal/bundle/bundle.go:106.2,110.16 4 1
github.com/divyo-argha/git-user/internal/bundle/bundle.go:110.16,112.3 1 1
github.com/divyo-argha/git-user/internal/bundle/bundle.go:114.2,115.50 2 1
github.com/divyo-argha/git-user/internal/bundle/bundle.go:115.50,117.3 1 0
github.com/divyo-argha/git-user/internal/bundle/bundle.go:118.2,118.26 1 1
github.com/divyo-argha/git-user/cmd/bind.go:14.35,18.33 3 1
github.com/divyo-argha/git-user/cmd/bind.go:18.33,19.18 1 1
github.com/divyo-argha/git-user/cmd/bind.go:20.20,21.23 1 1
github.com/divyo-argha/git-user/cmd/bind.go:21.23,24.5 2 1
github.com/divyo-argha/git-user/cmd/bind.go:25.20,26.17 1 1
github.com/divyo-argha/git-user/cmd/bind.go:27.11,28.18 1 1
github.com/divyo-argha/git-user/cmd/bind.go:32.2,32.16 1 1
github.com/divyo-argha/git-user/cmd/bind.go:32.16,35.3 2 1
github.com/divyo-argha/git-user/cmd/bind.go:37.2,38.16 2 1
github.com/divyo-argha/git-user/cmd/bind.go:38.16,41.3 2 0
github.com/divyo-argha/git-user/cmd/bind.go:43.2,44.17 2 1
github.com/divyo-argha/git-user/cmd/bind.go:44.17,47.3 2 1
github.com/divyo-argha/git-user/cmd/bind.go:49.2,49.22 1 1
github.com/divyo-argha/git-user/cmd/bind.go:49.22,51.3 1 1
github.com/divyo-argha/git-user/cmd/bind.go:53.2,54.53 2 1
github.com/divyo-argha/git-user/cmd/bind.go:54.53,57.3 2 1
github.com/divyo-argha/git-user/cmd/bind.go:59.2,61.57 2 1
github.com/divyo-argha/git-user/cmd/bind.go:61.57,64.3 2 0
github.com/divyo-argha/git-user/cmd/bind.go:66.2,66.13 1 1
github.com/divyo-argha/git-user/cmd/bind.go:66.13,67.68 1 1
github.com/divyo-argha/git-user/cmd/bind.go:67.68,69.4 1 0
github.com/divyo-argha/git-user/cmd/bind.go:70.8,72.3 1 1
github.com/divyo-argha/git-user/cmd/bind.go:74.2,74.43 1 1
github.com/divyo-argha/git-user/cmd/bind.go:74.43,77.3 2 0
github.com/divyo-argha/git-user/cmd/bind.go:79.2,81.27 2 1
github.com/divyo-argha/git-user/cmd/bind.go:81.27,83.52 2 1
github.com/divyo-argha/git-user/cmd/bind.go:83.52,85.4 1 0
github.com/divyo-argha/git-user/cmd/bind.go:85.9,87.4 1 1
github.com/divyo-argha/git-user/cmd/bind.go:88.3,88.14 1 1
github.com/divyo-argha/git-user/cmd/bind.go:88.14,89.64 1 1
github.com/divyo-argha/git-user/cmd/bind.go:89.64,91.5 1 0
github.com/divyo-argha/git-user/cmd/bind.go:91.10,93.5 1 1
github.com/divyo-argha/git-user/cmd/bind.go:94.9,96.4 1 0
github.com/divyo-argha/git-user/cmd/bind.go:99.2,99.12 1 1
github.com/divyo-argha/git-user/cmd/bind.go:102.86,111.28 4 1
github.com/divyo-argha/git-user/cmd/bind.go:111.28,114.3 2 1
github.com/divyo-argha/git-user/cmd/bind.go:116.2,118.13 2 1
github.com/divyo-argha/git-user/cmd/bind.go:119.9,124.51 4 0
github.com/divyo-argha/git-user/cmd/bind.go:124.51,127.4 2 0
github.com/divyo-argha/git-user/cmd/bind.go:129.3,129.45 1 0
github.com/divyo-argha/git-user/cmd/bind.go:129.45,132.4 2 0
github.com/divyo-argha/git-user/cmd/bind.go:132.9,139.36 7 0
github.com/divyo-argha/git-user/cmd/bind.go:139.36,142.5 2 0
github.com/divyo-argha/git-user/cmd/bind.go:144.4,148.18 4 0
github.com/divyo-argha/git-user/cmd/bind.go:148.18,159.5 10 0
github.com/divyo-argha/git-user/cmd/bind.go:162.9,164.17 2 1
github.com/divyo-argha/git-user/cmd/bind.go:164.17,166.4 1 0
github.com/divyo-argha/git-user/cmd/bind.go:167.3,167.20 1 1
github.com/divyo-argha/git-user/cmd/bind.go:167.20,170.4 2 0
github.com/divyo-argha/git-user/cmd/bind.go:171.3,172.46 2 1
github.com/divyo-argha/git-user/cmd/bind.go:172.46,175.4 2 0
github.com/divyo-argha/git-user/cmd/bind.go:176.3,177.35 2 1
github.com/divyo-argha/git-user/cmd/bind.go:180.2,180.22 1 1
github.com/divyo-argha/git-user/cmd/bind.go:180.22,183.3 2 0
github.com/divyo-argha/git-user/cmd/bind.go:185.2,187.59 2 1
github.com/divyo-argha/git-user/cmd/bind.go:187.59,190.3 2 0
github.com/divyo-argha/git-user/cmd/bind.go:192.2,192.13 1 1
github.com/divyo-argha/git-user/cmd/bind.go:192.13,193.70 1 1
github.com/divyo-argha/git-user/cmd/bind.go:193.70,195.4 1 0
github.com/divyo-argha/git-user/cmd/bind.go:196.8,198.3 1 0
github.com/divyo-argha/git-user/cmd/bind.go:200.2,200.43 1 1
github.com/divyo-argha/git-user/cmd/bind.go:200.43,203.3 2 0
github.com/divyo-argha/git-user/cmd/bind.go:205.2,208.13 4 1
github.com/divyo-argha/git-user/cmd/bind.go:208.13,210.3 1 1
github.com/divyo-argha/git-user/cmd/bind.go:210.8,212.3 1 0
github.com/divyo-argha/git-user/cmd/bind.go:213.2,216.63 3 1
github.com/divyo-argha/git-user/cmd/bind.go:216.63,220.3 3 0
github.com/divyo-argha/git-user/cmd/bind.go:220.8,222.3 1 1
github.com/divyo-argha/git-user/cmd/bind.go:224.2,224.12 1 1
github.com/divyo-argha/git-user/cmd/completion.go:9.41,10.19 1 1
github.com/divyo-argha/git-user/cmd/completion.go:10.19,28.3 17 1
github.com/divyo-argha/git-user/cmd/completion.go:30.2,32.15 2 1
github.com/divyo-argha/git-user/cmd/completion.go:33.14,34.28 1 1
github.com/divyo-argha/git-user/cmd/completion.go:35.13,36.27 1 1
github.com/divyo-argha/git-user/cmd/completion.go:37.14,38.28 1 1
github.com/divyo-argha/git-user/cmd/completion.go:39.10,42.41 3 1
github.com/divyo-argha/git-user/cmd/completion.go:45.2,45.12 1 1
github.com/divyo-argha/git-user/cmd/current.go:12.35,14.16 2 1
github.com/divyo-argha/git-user/cmd/current.go:14.16,17.3 2 0
github.com/divyo-argha/git-user/cmd/current.go:19.2,20.14 2 1
github.com/divyo-argha/git-user/cmd/current.go:20.14,24.3 3 1
github.com/divyo-argha/git-user/cmd/current.go:26.2,28.28 3 1
github.com/divyo-argha/git-user/cmd/current.go:28.28,30.3 1 0
github.com/divyo-argha/git-user/cmd/current.go:30.8,32.3 1 1
github.com/divyo-argha/git-user/cmd/current.go:33.2,35.20 2 1
github.com/divyo-argha/git-user/cmd/current.go:35.20,37.3 1 0
github.com/divyo-argha/git-user/cmd/current.go:39.2,42.46 3 1
github.com/divyo-argha/git-user/cmd/current.go:42.46,46.3 3 1
github.com/divyo-argha/git-user/cmd/current.go:48.2,48.12 1 1
github.com/divyo-argha/git-user/cmd/doctor.go:16.37,24.16 6 1
github.com/divyo-argha/git-user/cmd/doctor.go:24.16,27.3 2 0
github.com/divyo-argha/git-user/cmd/doctor.go:27.8,27.32 1 1
github.com/divyo-argha/git-user/cmd/doctor.go:27.32,31.3 3 1
github.com/divyo-argha/git-user/cmd/doctor.go:31.8,33.18 2 1
github.com/divyo-argha/git-user/cmd/doctor.go:33.18,36.4 2 0
github.com/divyo-argha/git-user/cmd/doctor.go:36.9,43.55 5 1
github.com/divyo-argha/git-user/cmd/doctor.go:43.55,47.5 3 1
github.com/divyo-argha/git-user/cmd/doctor.go:47.10,47.64 1 1
github.com/divyo-argha/git-user/cmd/doctor.go:47.64,51.5 3 0
github.com/divyo-argha/git-user/cmd/doctor.go:51.10,53.5 1 1
github.com/divyo-argha/git-user/cmd/doctor.go:55.4,55.25 1 1
github.com/divyo-argha/git-user/cmd/doctor.go:55.25,58.27 3 1
github.com/divyo-argha/git-user/cmd/doctor.go:58.27,62.6 3 1
github.com/divyo-argha/git-user/cmd/doctor.go:62.11,62.26 1 1
github.com/divyo-argha/git-user/cmd/doctor.go:62.26,65.6 2 0
github.com/divyo-argha/git-user/cmd/doctor.go:65.11,66.35 1 1
github.com/divyo-argha/git-user/cmd/doctor.go:66.35,68.23 2 1
github.com/divyo-argha/git-user/cmd/doctor.go:68.23,72.8 3 0
github.com/divyo-argha/git-user/cmd/doctor.go:72.13,74.8 1 1
github.com/divyo-argha/git-user/cmd/doctor.go:75.12,77.7 1 0
github.com/divyo-argha/git-user/cmd/doctor.go:79.6,80.68 2 1
github.com/divyo-argha/git-user/cmd/doctor.go:80.68,88.7 7 0
github.com/divyo-argha/git-user/cmd/doctor.go:88.12,90.7 1 1
github.com/divyo-argha/git-user/cmd/doctor.go:92.10,96.5 3 1
github.com/divyo-argha/git-user/cmd/doctor.go:100.2,101.24 2 1
github.com/divyo-argha/git-user/cmd/doctor.go:101.24,104.3 2 0
github.com/divyo-argha/git-user/cmd/doctor.go:104.8,107.3 2 1
github.com/divyo-argha/git-user/cmd/doctor.go:109.2,110.55 2 1
github.com/divyo-argha/git-user/cmd/doctor.go:110.55,114.3 3 0
github.com/divyo-argha/git-user/cmd/doctor.go:114.8,116.3 1 1
github.com/divyo-argha/git-user/cmd/doctor.go:118.2,121.52 4 1
github.com/divyo-argha/git-user/cmd/doctor.go:121.52,122.29 1 1
github.com/divyo-argha/git-user/cmd/doctor.go:122.29,123.46 1 1
github.com/divyo-argha/git-user/cmd/doctor.go:123.46,126.5 2 1
github.com/divyo-argha/git-user/cmd/doctor.go:130.2,130.20 1 1
github.com/divyo-argha/git-user/cmd/doctor.go:130.20,133.37 3 1
github.com/divyo-argha/git-user/cmd/doctor.go:133.37,135.35 2 1
github.com/divyo-argha/git-user/cmd/doctor.go:135.35,137.57 2 1
github.com/divyo-argha/git-user/cmd/doctor.go:137.57,138.19 1 0
github.com/divyo-argha/git-user/cmd/doctor.go:138.19,141.7 2 0
github.com/divyo-argha/git-user/cmd/doctor.go:142.6,142.51 1 0
github.com/divyo-argha/git-user/cmd/doctor.go:145.4,145.16 1 1
github.com/divyo-argha/git-user/cmd/doctor.go:145.16,148.5 2 0
github.com/divyo-argha/git-user/cmd/doctor.go:148.10,150.5 1 1
github.com/divyo-argha/git-user/cmd/doctor.go:154.2,156.17 3 1
github.com/divyo-argha/git-user/cmd/doctor.go:156.17,158.3 1 1
github.com/divyo-argha/git-user/cmd/doctor.go:158.8,160.3 1 1
github.com/divyo-argha/git-user/cmd/doctor.go:162.2,162.12 1 1
github.com/divyo-argha/git-user/cmd/edit.go:11.35,12.19 1 1
github.com/divyo-argha/git-user/cmd/edit.go:12.19,15.3 2 1
github.com/divyo-argha/git-user/cmd/edit.go:17.2,20.29 3 1
github.com/divyo-argha/git-user/cmd/edit.go:20.29,23.3 2 1
github.com/divyo-argha/git-user/cmd/edit.go:25.2,26.16 2 1
github.com/divyo-argha/git-user/cmd/edit.go:26.16,29.3 2 0
github.com/divyo-argha/git-user/cmd/edit.go:31.2,31.34 1 1
github.com/divyo-argha/git-user/cmd/edit.go:31.34,34.3 2 1
github.com/divyo-argha/git-user/cmd/edit.go:36.2,36.57 1 1
github.com/divyo-argha/git-user/cmd/edit.go:36.57,39.3 2 1
github.com/divyo-argha/git-user/cmd/edit.go:42.2,42.27 1 1
github.com/divyo-argha/git-user/cmd/edit.go:42.27,44.52 2 1
github.com/divyo-argha/git-user/cmd/edit.go:44.52,47.4 2 0
github.com/divyo-argha/git-user/cmd/edit.go:48.3,48.78 1 1
github.com/divyo-argha/git-user/cmd/edit.go:51.2,51.43 1 1
github.com/divyo-argha/git-user/cmd/edit.go:51.43,54.3 2 0
github.com/divyo-argha/git-user/cmd/edit.go:56.2,57.12 2 1
github.com/divyo-argha/git-user/cmd/export.go:14.37,15.20 1 1
github.com/divyo-argha/git-user/cmd/export.go:15.20,18.3 2 1
github.com/divyo-argha/git-user/cmd/export.go:20.2,21.16 2 1
github.com/divyo-argha/git-user/cmd/export.go:21.16,24.3 2 0
github.com/divyo-argha/git-user/cmd/export.go:25.2,25.27 1 1
github.com/divyo-argha/git-user/cmd/export.go:25.27,28.3 2 1
github.com/divyo-argha/git-user/cmd/export.go:31.2,32.24 2 1
github.com/divyo-argha/git-user/cmd/export.go:32.24,33.33 1 1
github.com/divyo-argha/git-user/cmd/export.go:33.33,34.22 1 1
github.com/divyo-argha/git-user/cmd/export.go:34.22,36.5 1 1
github.com/divyo-argha/git-user/cmd/export.go:38.8,39.29 1 1
github.com/divyo-argha/git-user/cmd/export.go:39.29,41.16 2 1
github.com/divyo-argha/git-user/cmd/export.go:41.16,44.5 2 1
github.com/divyo-argha/git-user/cmd/export.go:45.4,45.21 1 0
github.com/divyo-argha/git-user/cmd/export.go:45.21,47.13 2 0
github.com/divyo-argha/git-user/cmd/export.go:49.4,49.35 1 0
github.com/divyo-argha/git-user/cmd/export.go:53.2,53.24 1 1
github.com/divyo-argha/git-user/cmd/export.go:53.24,56.3 2 0
github.com/divyo-argha/git-user/cmd/export.go:58.2,64.16 6 1
github.com/divyo-argha/git-user/cmd/export.go:64.16,66.3 1 0
github.com/divyo-argha/git-user/cmd/export.go:67.2,68.16 2 1
github.com/divyo-argha/git-user/cmd/export.go:68.16,70.3 1 0
github.com/divyo-argha/git-user/cmd/export.go:71.2,71.27 1 1
github.com/divyo-argha/git-user/cmd/export.go:71.27,74.3 2 1
github.com/divyo-argha/git-user/cmd/export.go:75.2,75.22 1 1
github.com/divyo-argha/git-user/cmd/export.go:75.22,78.3 2 1
github.com/divyo-argha/git-user/cmd/export.go:80.2,81.29 2 1
github.com/divyo-argha/git-user/cmd/export.go:81.29,83.21 2 1
github.com/divyo-argha/git-user/cmd/export.go:83.21,85.18 2 1
github.com/divyo-argha/git-user/cmd/export.go:85.18,87.5 1 0
github.com/divyo-argha/git-user/cmd/export.go:87.10,91.5 2 1
github.com/divyo-argha/git-user/cmd/export.go:93.3,93.38 1 1
github.com/divyo-argha/git-user/cmd/export.go:96.2,98.16 3 1
github.com/divyo-argha/git-user/cmd/export.go:98.16,101.3 2 0
github.com/divyo-argha/git-user/cmd/export.go:103.2,108.6 5 1
github.com/divyo-argha/git-user/cmd/export.go:108.6,109.53 1 1
github.com/divyo-argha/git-user/cmd/export.go:109.53,110.9 1 1
github.com/divyo-argha/git-user/cmd/export.go:112.3,113.12 2 0
github.com/divyo-argha/git-user/cmd/export.go:116.2,116.63 1 1
github.com/divyo-argha/git-user/cmd/export.go:116.63,119.3 2 0
github.com/divyo-argha/git-user/cmd/export.go:121.2,124.32 4 1
github.com/divyo-argha/git-user/cmd/export.go:124.32,126.3 1 1
github.com/divyo-argha/git-user/cmd/export.go:127.2,130.12 4 1
github.com/divyo-argha/git-user/cmd/fixremote.go:11.40,12.24 1 1
github.com/divyo-argha/git-user/cmd/fixremote.go:12.24,15.3 2 0
github.com/divyo-argha/git-user/cmd/fixremote.go:17.2,17.21 1 1
github.com/divyo-argha/git-user/cmd/fixremote.go:17.21,20.3 2 1
github.com/divyo-argha/git-user/cmd/fixremote.go:22.2,23.37 2 1
github.com/divyo-argha/git-user/cmd/fixremote.go:23.37,26.3 2 0
github.com/divyo-argha/git-user/cmd/fixremote.go:28.2,29.33 2 1
github.com/divyo-argha/git-user/cmd/fixremote.go:29.33,31.17 2 1
github.com/divyo-argha/git-user/cmd/fixremote.go:31.17,32.12 1 0
github.com/divyo-argha/git-user/cmd/fixremote.go:35.3,35.42 1 1
github.com/divyo-argha/git-user/cmd/fixremote.go:35.42,36.12 1 0
github.com/divyo-argha/git-user/cmd/fixremote.go:39.3,40.10 2 1
github.com/divyo-argha/git-user/cmd/fixremote.go:40.10,42.12 2 0
github.com/divyo-argha/git-user/cmd/fixremote.go:45.3,45.58 1 1
github.com/divyo-argha/git-user/cmd/fixremote.go:45.58,47.12 2 0
github.com/divyo-argha/git-user/cmd/fixremote.go:50.3,51.14 2 1
github.com/divyo-argha/git-user/cmd/fixremote.go:54.2,54.20 1 1
github.com/divyo-argha/git-user/cmd/fixremote.go:54.20,56.3 1 0
github.com/divyo-argha/git-user/cmd/fixremote.go:56.8,60.3 3 1
github.com/divyo-argha/git-user/cmd/fixremote.go:62.2,62.12 1 1
github.com/divyo-argha/git-user/cmd/header.go:26.63,30.39 2 0
github.com/divyo-argha/git-user/cmd/header.go:30.39,32.3 1 0
github.com/divyo-argha/git-user/cmd/header.go:34.2,34.15 1 0
github.com/divyo-argha/git-user/cmd/header.go:35.14,36.33 1 0
github.com/divyo-argha/git-user/cmd/header.go:37.10,38.33 1 0
github.com/divyo-argha/git-user/cmd/header.go:44.51,46.16 2 0
github.com/divyo-argha/git-user/cmd/header.go:46.16,48.3 1 0
github.com/divyo-argha/git-user/cmd/header.go:48.8,50.3 1 0
github.com/divyo-argha/git-user/cmd/header.go:51.2,67.25 9 0
github.com/divyo-argha/git-user/cmd/header.go:67.25,68.41 1 0
github.com/divyo-argha/git-user/cmd/header.go:68.41,74.4 1 0
github.com/divyo-argha/git-user/cmd/header.go:74.9,79.4 1 0
github.com/divyo-argha/git-user/cmd/header.go:80.8,85.3 1 0
github.com/divyo-argha/git-user/cmd/header.go:88.2,89.16 2 0
github.com/divyo-argha/git-user/cmd/header.go:89.16,94.74 5 0
github.com/divyo-argha/git-user/cmd/header.go:94.74,96.4 1 0
github.com/divyo-argha/git-user/cmd/header.go:97.3,101.5 1 0
github.com/divyo-argha/git-user/cmd/header.go:102.8,108.3 2 0
github.com/divyo-argha/git-user/cmd/header.go:111.2,112.16 2 0
github.com/divyo-argha/git-user/cmd/header.go:112.16,114.3 1 0
github.com/divyo-argha/git-user/cmd/header.go:115.2,121.3 2 0
github.com/divyo-argha/git-user/cmd/header.go:126.51,128.25 2 0
github.com/divyo-argha/git-user/cmd/header.go:128.25,129.41 1 0
github.com/divyo-argha/git-user/cmd/header.go:129.41,131.4 1 0
github.com/divyo-argha/git-user/cmd/header.go:133.2,133.15 1 0
github.com/divyo-argha/git-user/cmd/hook.go:14.35,15.19 1 0
github.com/divyo-argha/git-user/cmd/hook.go:15.19,24.3 8 0
github.com/divyo-argha/git-user/cmd/hook.go:26.2,28.20 2 0
github.com/divyo-argha/git-user/cmd/hook.go:29.17,30.23 1 0
github.com/divyo-argha/git-user/cmd/hook.go:31.19,32.25 1 0
github.com/divyo-argha/git-user/cmd/hook.go:33.15,34.25 1 0
github.com/divyo-argha/git-user/cmd/hook.go:35.10,37.42 2 0
github.com/divyo-argha/git-user/cmd/hook.go:41.26,42.21 1 1
github.com/divyo-argha/git-user/cmd/hook.go:42.21,45.3 2 0
github.com/divyo-argha/git-user/cmd/hook.go:48.2,50.16 3 1
github.com/divyo-argha/git-user/cmd/hook.go:50.16,53.3 2 0
github.com/divyo-argha/git-user/cmd/hook.go:54.2,60.45 4 1
github.com/divyo-argha/git-user/cmd/hook.go:60.45,62.23 2 0
github.com/divyo-argha/git-user/cmd/hook.go:62.23,68.40 5 0
github.com/divyo-argha/git-user/cmd/hook.go:68.40,71.5 2 0
github.com/divyo-argha/git-user/cmd/hook.go:76.2,76.52 1 1
github.com/divyo-argha/git-user/cmd/hook.go:76.52,79.3 2 0
github.com/divyo-argha/git-user/cmd/hook.go:82.2,90.74 2 1
github.com/divyo-argha/git-user/cmd/hook.go:90.74,93.3 2 0
github.com/divyo-argha/git-user/cmd/hook.go:95.2,99.12 4 1
github.com/divyo-argha/git-user/cmd/hook.go:102.28,103.21 1 1
github.com/divyo-argha/git-user/cmd/hook.go:103.21,106.3 2 0
github.com/divyo-argha/git-user/cmd/hook.go:108.2,110.16 3 1
github.com/divyo-argha/git-user/cmd/hook.go:110.16,113.3 2 0
github.com/divyo-argha/git-user/cmd/hook.go:114.2,120.16 4 1
github.com/divyo-argha/git-user/cmd/hook.go:120.16,121.25 1 0
github.com/divyo-argha/git-user/cmd/hook.go:121.25,124.4 2 0
github.com/divyo-argha/git-user/cmd/hook.go:125.3,126.13 2 0
github.com/divyo-argha/git-user/cmd/hook.go:130.2,131.147 1 1
github.com/divyo-argha/git-user/cmd/hook.go:131.147,132.45 1 1
github.com/divyo-argha/git-user/cmd/hook.go:132.45,135.4 2 0
github.com/divyo-argha/git-user/cmd/hook.go:136.3,136.40 1 1
github.com/divyo-argha/git-user/cmd/hook.go:137.8,140.3 2 0
github.com/divyo-argha/git-user/cmd/hook.go:142.2,142.12 1 1
github.com/divyo-argha/git-user/cmd/hook.go:145.28,147.16 2 1
github.com/divyo-argha/git-user/cmd/hook.go:147.16,150.3 2 0
github.com/divyo-argha/git-user/cmd/hook.go:152.2,152.25 1 1
github.com/divyo-argha/git-user/cmd/hook.go:152.25,156.3 3 1
github.com/divyo-argha/git-user/cmd/hook.go:158.2,159.17 2 0
github.com/divyo-argha/git-user/cmd/hook.go:159.17,162.3 2 0
github.com/divyo-argha/git-user/cmd/hook.go:165.2,166.28 2 0
github.com/divyo-argha/git-user/cmd/hook.go:166.28,172.3 5 0
github.com/divyo-argha/git-user/cmd/hook.go:175.2,175.12 1 0
github.com/divyo-argha/git-user/cmd/import.go:13.37,14.19 1 1
github.com/divyo-argha/git-user/cmd/import.go:14.19,17.3 2 1
github.com/divyo-argha/git-user/cmd/import.go:19.2,21.25 3 1
github.com/divyo-argha/git-user/cmd/import.go:21.25,22.34 1 1
github.com/divyo-argha/git-user/cmd/import.go:22.34,24.4 1 0
github.com/divyo-argha/git-user/cmd/import.go:24.9,26.4 1 1
github.com/divyo-argha/git-user/cmd/import.go:29.2,29.22 1 1
github.com/divyo-argha/git-user/cmd/import.go:29.22,32.3 2 0
github.com/divyo-argha/git-user/cmd/import.go:33.2,36.16 3 1
github.com/divyo-argha/git-user/cmd/import.go:36.16,39.3 2 1
github.com/divyo-argha/git-user/cmd/import.go:41.2,42.16 2 1
github.com/divyo-argha/git-user/cmd/import.go:42.16,44.3 1 0
github.com/divyo-argha/git-user/cmd/import.go:46.2,48.16 3 1
github.com/divyo-argha/git-user/cmd/import.go:48.16,51.3 2 1
github.com/divyo-argha/git-user/cmd/import.go:53.2,54.16 2 1
github.com/divyo-argha/git-user/cmd/import.go:54.16,57.3 2 0
github.com/divyo-argha/git-user/cmd/import.go:59.2,61.50 3 1
github.com/divyo-argha/git-user/cmd/import.go:61.50,64.3 2 0
github.com/divyo-argha/git-user/cmd/import.go:66.2,68.32 3 1
github.com/divyo-argha/git-user/cmd/import.go:68.32,70.33 2 1
github.com/divyo-argha/git-user/cmd/import.go:70.33,72.4 1 1
github.com/divyo-argha/git-user/cmd/import.go:72.9,72.42 1 1
github.com/divyo-argha/git-user/cmd/import.go:72.42,74.4 1 0
github.com/divyo-argha/git-user/cmd/import.go:76.3,76.24 1 1
github.com/divyo-argha/git-user/cmd/import.go:76.24,77.13 1 1
github.com/divyo-argha/git-user/cmd/import.go:77.13,78.35 1 0
github.com/divyo-argha/git-user/cmd/import.go:78.35,80.6 1 0
github.com/divyo-argha/git-user/cmd/import.go:81.5,81.37 1 0
github.com/divyo-argha/git-user/cmd/import.go:81.37,82.36 1 0
github.com/divyo-argha/git-user/cmd/import.go:82.36,83.30 1 0
github.com/divyo-argha/git-user/cmd/import.go:83.30,85.13 2 0
github.com/divyo-argha/git-user/cmd/import.go:89.10,89.26 1 1
github.com/divyo-argha/git-user/cmd/import.go:89.26,92.13 3 1
github.com/divyo-argha/git-user/cmd/import.go:93.10,96.34 3 0
github.com/divyo-argha/git-user/cmd/import.go:96.34,99.14 3 0
github.com/divyo-argha/git-user/cmd/import.go:100.11,100.27 1 0
github.com/divyo-argha/git-user/cmd/import.go:100.27,101.36 1 0
github.com/divyo-argha/git-user/cmd/import.go:101.36,103.7 1 0
github.com/divyo-argha/git-user/cmd/import.go:104.6,104.38 1 0
github.com/divyo-argha/git-user/cmd/import.go:104.38,105.37 1 0
github.com/divyo-argha/git-user/cmd/import.go:105.37,106.31 1 0
github.com/divyo-argha/git-user/cmd/import.go:106.31,108.14 2 0
github.com/divyo-argha/git-user/cmd/import.go:112.11,112.27 1 0
github.com/divyo-argha/git-user/cmd/import.go:112.27,114.37 2 0
github.com/divyo-argha/git-user/cmd/import.go:114.37,117.15 3 0
github.com/divyo-argha/git-user/cmd/import.go:119.6,120.68 2 0
github.com/divyo-argha/git-user/cmd/import.go:120.68,123.15 3 0
github.com/divyo-argha/git-user/cmd/import.go:129.3,129.58 1 1
github.com/divyo-argha/git-user/cmd/import.go:129.58,131.12 2 0
github.com/divyo-argha/git-user/cmd/import.go:134.3,134.29 1 1
github.com/divyo-argha/git-user/cmd/import.go:134.29,136.69 2 1
github.com/divyo-argha/git-user/cmd/import.go:136.69,138.13 2 0
github.com/divyo-argha/git-user/cmd/import.go:140.4,140.29 1 1
github.com/divyo-argha/git-user/cmd/import.go:140.29,142.5 1 1
github.com/divyo-argha/git-user/cmd/import.go:143.4,144.83 2 1
github.com/divyo-argha/git-user/cmd/import.go:145.9,147.4 1 1
github.com/divyo-argha/git-user/cmd/import.go:148.3,148.13 1 1
github.com/divyo-argha/git-user/cmd/import.go:151.2,151.43 1 1
github.com/divyo-argha/git-user/cmd/import.go:151.43,154.3 2 0
github.com/divyo-argha/git-user/cmd/import.go:156.2,157.18 2 1
github.com/divyo-argha/git-user/cmd/import.go:157.18,159.3 1 1
github.com/divyo-argha/git-user/cmd/import.go:160.2,160.17 1 1
github.com/divyo-argha/git-user/cmd/import.go:160.17,162.3 1 1
github.com/divyo-argha/git-user/cmd/import.go:163.2,163.12 1 1
github.com/divyo-argha/git-user/cmd/import_original.go:12.45,14.16 2 0
github.com/divyo-argha/git-user/cmd/import_original.go:14.16,17.3 2 0
github.com/divyo-argha/git-user/cmd/import_original.go:20.2,20.32 1 0
github.com/divyo-argha/git-user/cmd/import_original.go:20.32,21.29 1 0
github.com/divyo-argha/git-user/cmd/import_original.go:21.29,25.4 3 0
github.com/divyo-argha/git-user/cmd/import_original.go:30.2,31.27 2 0
github.com/divyo-argha/git-user/cmd/import_original.go:31.27,35.3 3 0
github.com/divyo-argha/git-user/cmd/import_original.go:35.8,39.3 3 0
github.com/divyo-argha/git-user/cmd/import_original.go:41.2,41.31 1 0
github.com/divyo-argha/git-user/cmd/import_original.go:41.31,44.3 2 0
github.com/divyo-argha/git-user/cmd/import_original.go:47.2,48.19 2 0
github.com/divyo-argha/git-user/cmd/import_original.go:48.19,50.3 1 0
github.com/divyo-argha/git-user/cmd/import_original.go:50.8,50.29 1 0
github.com/divyo-argha/git-user/cmd/import_original.go:50.29,53.43 3 0
github.com/divyo-argha/git-user/cmd/import_original.go:53.43,56.4 2 0
github.com/divyo-argha/git-user/cmd/import_original.go:59.2,59.39 1 0
github.com/divyo-argha/git-user/cmd/import_original.go:59.39,62.3 2 0
github.com/divyo-argha/git-user/cmd/import_original.go:64.2,64.17 1 0
github.com/divyo-argha/git-user/cmd/import_original.go:64.17,66.44 2 0
github.com/divyo-argha/git-user/cmd/import_original.go:66.44,69.4 2 0
github.com/divyo-argha/git-user/cmd/import_original.go:70.3,70.22 1 0
github.com/divyo-argha/git-user/cmd/import_original.go:74.2,86.43 4 0
github.com/divyo-argha/git-user/cmd/import_original.go:86.43,89.3 2 0
github.com/divyo-argha/git-user/cmd/import_original.go:91.2,94.18 4 0
github.com/divyo-argha/git-user/cmd/import_original.go:94.18,96.3 1 0
github.com/divyo-argha/git-user/cmd/import_original.go:97.2,101.12 4 0
github.com/divyo-argha/git-user/cmd/import_original.go:105.50,107.26 2 0
github.com/divyo-argha/git-user/cmd/import_original.go:107.26,108.36 1 0
github.com/divyo-argha/git-user/cmd/import_original.go:108.36,110.4 1 0
github.com/divyo-argha/git-user/cmd/import_original.go:112.2,112.11 1 0
github.com/divyo-argha/git-user/cmd/list.go:8.32,10.16 2 1
github.com/divyo-argha/git-user/cmd/list.go:10.16,13.3 2 0
github.com/divyo-argha/git-user/cmd/list.go:15.2,15.27 1 1
github.com/divyo-argha/git-user/cmd/list.go:15.27,19.3 3 1
github.com/divyo-argha/git-user/cmd/list.go:21.2,22.32 2 1
github.com/divyo-argha/git-user/cmd/list.go:22.32,24.3 1 1
github.com/divyo-argha/git-user/cmd/list.go:26.2,26.25 1 1
github.com/divyo-argha/git-user/cmd/list.go:26.25,28.3 1 0
github.com/divyo-argha/git-user/cmd/list.go:29.2,29.12 1 1
github.com/divyo-argha/git-user/cmd/logout.go:11.37,13.16 2 1
github.com/divyo-argha/git-user/cmd/logout.go:13.16,16.3 2 0
github.com/divyo-argha/git-user/cmd/logout.go:18.2,19.17 2 1
github.com/divyo-argha/git-user/cmd/logout.go:19.17,22.3 2 1
github.com/divyo-argha/git-user/cmd/logout.go:25.2,25.54 1 1
github.com/divyo-argha/git-user/cmd/logout.go:25.54,27.3 1 0
github.com/divyo-argha/git-user/cmd/logout.go:30.2,32.22 2 1
github.com/divyo-argha/git-user/cmd/logout.go:32.22,35.3 2 1
github.com/divyo-argha/git-user/cmd/logout.go:38.2,39.43 2 1
github.com/divyo-argha/git-user/cmd/logout.go:39.43,42.3 2 0
github.com/divyo-argha/git-user/cmd/logout.go:44.2,46.12 3 1
github.com/divyo-argha/git-user/cmd/passphrase.go:13.41,16.27 3 0
github.com/divyo-argha/git-user/cmd/passphrase.go:16.27,17.39 1 0
github.com/divyo-argha/git-user/cmd/passphrase.go:17.39,19.4 1 0
github.com/divyo-argha/git-user/cmd/passphrase.go:19.9,19.42 1 0
github.com/divyo-argha/git-user/cmd/passphrase.go:19.42,21.4 1 0
github.com/divyo-argha/git-user/cmd/passphrase.go:24.2,25.16 2 0
github.com/divyo-argha/git-user/cmd/passphrase.go:25.16,28.3 2 0
github.com/divyo-argha/git-user/cmd/passphrase.go:30.2,31.16 2 0
github.com/divyo-argha/git-user/cmd/passphrase.go:31.16,33.18 2 0
github.com/divyo-argha/git-user/cmd/passphrase.go:33.18,36.4 2 0
github.com/divyo-argha/git-user/cmd/passphrase.go:37.8,39.18 2 0
github.com/divyo-argha/git-user/cmd/passphrase.go:39.18,44.4 4 0
github.com/divyo-argha/git-user/cmd/passphrase.go:47.2,47.23 1 0
github.com/divyo-argha/git-user/cmd/passphrase.go:47.23,51.3 3 0
github.com/divyo-argha/git-user/cmd/passphrase.go:53.2,53.48 1 0
github.com/divyo-argha/git-user/cmd/passphrase.go:53.48,57.3 3 0
github.com/divyo-argha/git-user/cmd/passphrase.go:59.2,60.16 2 0
github.com/divyo-argha/git-user/cmd/passphrase.go:60.16,63.3 2 0
github.com/divyo-argha/git-user/cmd/passphrase.go:65.2,71.12 6 0
github.com/divyo-argha/git-user/cmd/passphrase.go:71.12,72.17 1 0
github.com/divyo-argha/git-user/cmd/passphrase.go:72.17,75.4 2 0
github.com/divyo-argha/git-user/cmd/passphrase.go:76.3,78.17 3 0
github.com/divyo-argha/git-user/cmd/passphrase.go:78.17,80.4 1 0
github.com/divyo-argha/git-user/cmd/passphrase.go:81.3,81.52 1 0
github.com/divyo-argha/git-user/cmd/passphrase.go:81.52,84.4 2 0
github.com/divyo-argha/git-user/cmd/passphrase.go:86.3,86.80 1 0
github.com/divyo-argha/git-user/cmd/passphrase.go:86.80,89.4 2 0
github.com/divyo-argha/git-user/cmd/passphrase.go:90.3,91.13 2 0
github.com/divyo-argha/git-user/cmd/passphrase.go:94.2,95.15 2 0
github.com/divyo-argha/git-user/cmd/passphrase.go:95.15,99.17 4 0
github.com/divyo-argha/git-user/cmd/passphrase.go:99.17,101.4 1 0
github.com/divyo-argha/git-user/cmd/passphrase.go:102.3,102.52 1 0
github.com/divyo-argha/git-user/cmd/passphrase.go:102.52,105.4 2 0
github.com/divyo-argha/git-user/cmd/passphrase.go:106.8,108.3 1 0
github.com/divyo-argha/git-user/cmd/passphrase.go:110.2,111.16 2 0
github.com/divyo-argha/git-user/cmd/passphrase.go:111.16,113.3 1 0
github.com/divyo-argha/git-user/cmd/passphrase.go:115.2,115.90 1 0
github.com/divyo-argha/git-user/cmd/passphrase.go:115.90,116.16 1 0
github.com/divyo-argha/git-user/cmd/passphrase.go:116.16,120.4 3 0
github.com/divyo-argha/git-user/cmd/passphrase.go:120.9,123.4 2 0
github.com/divyo-argha/git-user/cmd/passphrase.go:124.3,124.13 1 0
github.com/divyo-argha/git-user/cmd/passphrase.go:127.2,127.15 1 0
github.com/divyo-argha/git-user/cmd/passphrase.go:127.15,129.3 1 0
github.com/divyo-argha/git-user/cmd/passphrase.go:129.8,131.3 1 0
github.com/divyo-argha/git-user/cmd/passphrase.go:132.2,134.12 2 0
github.com/divyo-argha/git-user/cmd/passphrase.go:137.77,139.16 2 1
github.com/divyo-argha/git-user/cmd/passphrase.go:139.16,141.3 1 1
github.com/divyo-argha/git-user/cmd/passphrase.go:142.2,142.22 1 0
github.com/divyo-argha/git-user/cmd/passphrase.go:142.22,145.3 2 0
github.com/divyo-argha/git-user/cmd/passphrase.go:147.2,148.16 2 0
github.com/divyo-argha/git-user/cmd/passphrase.go:148.16,150.3 1 0
github.com/divyo-argha/git-user/cmd/passphrase.go:151.2,151.27 1 0
github.com/divyo-argha/git-user/cmd/passphrase.go:151.27,154.3 2 0
github.com/divyo-argha/git-user/cmd/passphrase.go:156.2,156.24 1 0
github.com/divyo-argha/git-user/cmd/passphrase.go:159.81,161.16 2 1
github.com/divyo-argha/git-user/cmd/passphrase.go:161.16,163.3 1 0
github.com/divyo-argha/git-user/cmd/passphrase.go:165.2,175.24 9 1
github.com/divyo-argha/git-user/cmd/passphrase.go:175.24,176.39 1 1
github.com/divyo-argha/git-user/cmd/passphrase.go:176.39,178.9 2 0
github.com/divyo-argha/git-user/cmd/passphrase.go:181.2,181.17 1 1
github.com/divyo-argha/git-user/cmd/passphrase.go:181.17,183.3 1 1
github.com/divyo-argha/git-user/cmd/passphrase.go:185.2,187.16 3 1
github.com/divyo-argha/git-user/cmd/passphrase.go:187.16,189.3 1 1
github.com/divyo-argha/git-user/cmd/passphrase.go:190.2,190.12 1 1
github.com/divyo-argha/git-user/cmd/prompt.go:11.34,14.34 2 0
github.com/divyo-argha/git-user/cmd/prompt.go:14.34,17.3 1 0
github.com/divyo-argha/git-user/cmd/prompt.go:20.2,21.16 2 0
github.com/divyo-argha/git-user/cmd/prompt.go:21.16,24.3 1 0
github.com/divyo-argha/git-user/cmd/prompt.go:27.2,27.25 1 0
github.com/divyo-argha/git-user/cmd/prompt.go:27.25,29.32 2 0
github.com/divyo-argha/git-user/cmd/prompt.go:29.32,31.4 1 0
github.com/divyo-argha/git-user/cmd/prompt.go:31.9,33.4 1 0
github.com/divyo-argha/git-user/cmd/prompt.go:36.2,36.12 1 0
github.com/divyo-argha/git-user/cmd/pubkey.go:13.37,15.16 2 1
github.com/divyo-argha/git-user/cmd/pubkey.go:15.16,18.3 2 0
github.com/divyo-argha/git-user/cmd/pubkey.go:20.2,21.19 2 1
github.com/divyo-argha/git-user/cmd/pubkey.go:21.19,23.3 1 1
github.com/divyo-argha/git-user/cmd/pubkey.go:25.2,25.16 1 1
github.com/divyo-argha/git-user/cmd/pubkey.go:25.16,28.3 2 1
github.com/divyo-argha/git-user/cmd/pubkey.go:31.2,31.27 1 1
github.com/divyo-argha/git-user/cmd/pubkey.go:31.27,35.3 3 1
github.com/divyo-argha/git-user/cmd/pubkey.go:37.2,38.17 2 1
github.com/divyo-argha/git-user/cmd/pubkey.go:38.17,41.3 2 0
github.com/divyo-argha/git-user/cmd/pubkey.go:43.2,43.23 1 1
github.com/divyo-argha/git-user/cmd/pubkey.go:43.23,47.3 3 1
github.com/divyo-argha/git-user/cmd/pubkey.go:49.2,51.16 3 1
github.com/divyo-argha/git-user/cmd/pubkey.go:51.16,54.3 2 1
github.com/divyo-argha/git-user/cmd/pubkey.go:57.2,58.16 2 1
github.com/divyo-argha/git-user/cmd/pubkey.go:58.16,61.3 2 0
github.com/divyo-argha/git-user/cmd/pubkey.go:63.2,80.12 17 1
github.com/divyo-argha/git-user/cmd/register.go:12.38,16.2 3 1
github.com/divyo-argha/git-user/cmd/register.go:18.39,23.33 4 0
github.com/divyo-argha/git-user/cmd/register.go:23.33,24.18 1 0
github.com/divyo-argha/git-user/cmd/register.go:25.23,26.23 1 0
github.com/divyo-argha/git-user/cmd/register.go:26.23,29.5 2 0
github.com/divyo-argha/git-user/cmd/register.go:30.24,31.23 1 0
github.com/divyo-argha/git-user/cmd/register.go:31.23,34.5 2 0
github.com/divyo-argha/git-user/cmd/register.go:35.29,36.23 1 0
github.com/divyo-argha/git-user/cmd/register.go:36.23,39.5 2 0
github.com/divyo-argha/git-user/cmd/register.go:40.23,41.17 1 0
github.com/divyo-argha/git-user/cmd/register.go:45.2,48.16 3 0
github.com/divyo-argha/git-user/cmd/register.go:48.16,50.17 2 0
github.com/divyo-argha/git-user/cmd/register.go:50.17,52.4 1 0
github.com/divyo-argha/git-user/cmd/register.go:53.3,53.17 1 0
github.com/divyo-argha/git-user/cmd/register.go:53.17,56.4 2 0
github.com/divyo-argha/git-user/cmd/register.go:59.2,59.17 1 0
github.com/divyo-argha/git-user/cmd/register.go:59.17,61.17 2 0
github.com/divyo-argha/git-user/cmd/register.go:61.17,63.4 1 0
github.com/divyo-argha/git-user/cmd/register.go:64.3,64.18 1 0
github.com/divyo-argha/git-user/cmd/register.go:64.18,67.4 2 0
github.com/divyo-argha/git-user/cmd/register.go:70.2,70.27 1 0
github.com/divyo-argha/git-user/cmd/register.go:70.27,73.17 3 0
github.com/divyo-argha/git-user/cmd/register.go:73.17,75.4 1 0
github.com/divyo-argha/git-user/cmd/register.go:78.2,79.16 2 0
github.com/divyo-argha/git-user/cmd/register.go:79.16,82.3 2 0
github.com/divyo-argha/git-user/cmd/register.go:84.2,84.29 1 0
github.com/divyo-argha/git-user/cmd/register.go:84.29,87.3 2 0
github.com/divyo-argha/git-user/cmd/register.go:89.2,89.31 1 0
github.com/divyo-argha/git-user/cmd/register.go:89.31,92.3 2 0
github.com/divyo-argha/git-user/cmd/register.go:94.2,94.51 1 0
github.com/divyo-argha/git-user/cmd/register.go:94.51,97.3 2 0
github.com/divyo-argha/git-user/cmd/register.go:99.2,99.12 1 0
github.com/divyo-argha/git-user/cmd/register.go:99.12,101.15 2 0
github.com/divyo-argha/git-user/cmd/register.go:101.15,103.4 1 0
github.com/divyo-argha/git-user/cmd/register.go:106.2,115.16 5 0
github.com/divyo-argha/git-user/cmd/register.go:115.16,117.3 1 0
github.com/divyo-argha/git-user/cmd/register.go:119.2,121.13 2 0
github.com/divyo-argha/git-user/cmd/register.go:122.9,124.17 2 0
github.com/divyo-argha/git-user/cmd/register.go:124.17,126.4 1 0
github.com/divyo-argha/git-user/cmd/register.go:128.9,130.34 2 0
github.com/divyo-argha/git-user/cmd/register.go:130.34,132.51 2 0
github.com/divyo-argha/git-user/cmd/register.go:132.51,135.5 2 0
github.com/divyo-argha/git-user/cmd/register.go:135.10,138.5 2 0
github.com/divyo-argha/git-user/cmd/register.go:141.9,143.88 2 0
github.com/divyo-argha/git-user/cmd/register.go:145.10,147.88 2 0
github.com/divyo-argha/git-user/cmd/register.go:150.2,150.22 1 0
github.com/divyo-argha/git-user/cmd/register.go:150.22,151.60 1 0
github.com/divyo-argha/git-user/cmd/register.go:151.60,153.4 1 0
github.com/divyo-argha/git-user/cmd/register.go:156.2,156.43 1 0
github.com/divyo-argha/git-user/cmd/register.go:156.43,159.3 2 0
github.com/divyo-argha/git-user/cmd/register.go:161.2,164.22 4 0
github.com/divyo-argha/git-user/cmd/register.go:164.22,166.3 1 0
github.com/divyo-argha/git-user/cmd/register.go:167.2,171.12 4 0
github.com/divyo-argha/git-user/cmd/rekey.go:13.36,14.19 1 0
github.com/divyo-argha/git-user/cmd/rekey.go:14.19,17.3 2 0
github.com/divyo-argha/git-user/cmd/rekey.go:19.2,22.16 3 0
github.com/divyo-argha/git-user/cmd/rekey.go:22.16,25.3 2 0
github.com/divyo-argha/git-user/cmd/rekey.go:27.2,28.17 2 0
github.com/divyo-argha/git-user/cmd/rekey.go:28.17,31.3 2 0
github.com/divyo-argha/git-user/cmd/rekey.go:33.2,39.50 5 0
github.com/divyo-argha/git-user/cmd/rekey.go:39.50,42.3 2 0
github.com/divyo-argha/git-user/cmd/rekey.go:44.2,46.44 3 0
github.com/divyo-argha/git-user/cmd/rekey.go:46.44,49.56 3 0
github.com/divyo-argha/git-user/cmd/rekey.go:49.56,52.4 2 0
github.com/divyo-argha/git-user/cmd/rekey.go:53.3,54.48 2 0
github.com/divyo-argha/git-user/cmd/rekey.go:54.48,56.4 1 0
github.com/divyo-argha/git-user/cmd/rekey.go:59.2,66.34 7 0
github.com/divyo-argha/git-user/cmd/rekey.go:66.34,67.16 1 0
github.com/divyo-argha/git-user/cmd/rekey.go:67.16,71.4 3 0
github.com/divyo-argha/git-user/cmd/rekey.go:72.3,73.13 2 0
github.com/divyo-argha/git-user/cmd/rekey.go:76.2,81.16 5 0
github.com/divyo-argha/git-user/cmd/rekey.go:81.16,84.3 2 0
github.com/divyo-argha/git-user/cmd/rekey.go:86.2,98.60 11 0
github.com/divyo-argha/git-user/cmd/rekey.go:98.60,101.3 2 0
github.com/divyo-argha/git-user/cmd/rekey.go:101.8,103.3 1 0
github.com/divyo-argha/git-user/cmd/rekey.go:105.2,105.56 1 0
github.com/divyo-argha/git-user/cmd/rekey.go:105.56,108.3 2 0
github.com/divyo-argha/git-user/cmd/rekey.go:110.2,110.43 1 0
github.com/divyo-argha/git-user/cmd/rekey.go:110.43,113.3 2 0
github.com/divyo-argha/git-user/cmd/rekey.go:115.2,117.12 3 0
github.com/divyo-argha/git-user/cmd/remove.go:11.37,14.25 3 1
github.com/divyo-argha/git-user/cmd/remove.go:14.25,15.34 1 1
github.com/divyo-argha/git-user/cmd/remove.go:15.34,17.4 1 1
github.com/divyo-argha/git-user/cmd/remove.go:17.9,19.4 1 1
github.com/divyo-argha/git-user/cmd/remove.go:21.2,23.19 2 1
github.com/divyo-argha/git-user/cmd/remove.go:23.19,26.3 2 1
github.com/divyo-argha/git-user/cmd/remove.go:28.2,31.16 3 1
github.com/divyo-argha/git-user/cmd/remove.go:31.16,34.3 2 0
github.com/divyo-argha/git-user/cmd/remove.go:36.2,37.17 2 1
github.com/divyo-argha/git-user/cmd/remove.go:37.17,40.3 2 1
github.com/divyo-argha/git-user/cmd/remove.go:41.2,43.54 2 1
github.com/divyo-argha/git-user/cmd/remove.go:43.54,46.3 2 1
github.com/divyo-argha/git-user/cmd/remove.go:48.2,48.43 1 1
github.com/divyo-argha/git-user/cmd/remove.go:48.43,51.3 2 0
github.com/divyo-argha/git-user/cmd/remove.go:53.2,55.18 2 1
github.com/divyo-argha/git-user/cmd/remove.go:55.18,56.72 1 1
github.com/divyo-argha/git-user/cmd/remove.go:56.72,60.4 3 1
github.com/divyo-argha/git-user/cmd/remove.go:63.2,63.25 1 1
github.com/divyo-argha/git-user/cmd/remove.go:63.25,65.3 1 1
github.com/divyo-argha/git-user/cmd/remove.go:66.2,66.12 1 1
github.com/divyo-argha/git-user/cmd/root.go:68.13,69.50 1 1
github.com/divyo-argha/git-user/cmd/root.go:69.50,71.23 2 0
github.com/divyo-argha/git-user/cmd/root.go:71.23,73.4 1 0
github.com/divyo-argha/git-user/cmd/root.go:75.3,75.77 1 0
github.com/divyo-argha/git-user/cmd/root.go:75.77,77.4 1 0
github.com/divyo-argha/git-user/cmd/root.go:77.9,77.121 1 0
github.com/divyo-argha/git-user/cmd/root.go:77.121,79.4 1 0
github.com/divyo-argha/git-user/cmd/root.go:79.9,80.58 1 0
github.com/divyo-argha/git-user/cmd/root.go:80.58,82.5 1 0
github.com/divyo-argha/git-user/cmd/root.go:82.10,82.69 1 0
github.com/divyo-argha/git-user/cmd/root.go:82.69,84.5 1 0
github.com/divyo-argha/git-user/cmd/root.go:84.10,86.5 1 0
github.com/divyo-argha/git-user/cmd/root.go:88.3,88.13 1 0
github.com/divyo-argha/git-user/cmd/root.go:92.22,98.20 3 0
github.com/divyo-argha/git-user/cmd/root.go:98.20,99.18 1 0
github.com/divyo-argha/git-user/cmd/root.go:99.18,102.4 2 0
github.com/divyo-argha/git-user/cmd/root.go:103.3,103.18 1 0
github.com/divyo-argha/git-user/cmd/root.go:106.2,106.65 1 0
github.com/divyo-argha/git-user/cmd/root.go:106.65,110.3 3 0
github.com/divyo-argha/git-user/cmd/root.go:112.2,112.50 1 0
github.com/divyo-argha/git-user/cmd/root.go:112.50,114.3 1 0
github.com/divyo-argha/git-user/cmd/root.go:116.2,119.13 3 0
github.com/divyo-argha/git-user/cmd/root.go:120.25,121.27 1 0
github.com/divyo-argha/git-user/cmd/root.go:122.20,123.23 1 0
github.com/divyo-argha/git-user/cmd/root.go:124.22,125.25 1 0
github.com/divyo-argha/git-user/cmd/root.go:126.17,127.26 1 0
github.com/divyo-argha/git-user/cmd/root.go:128.16,129.25 1 0
github.com/divyo-argha/git-user/cmd/root.go:130.22,131.25 1 0
github.com/divyo-argha/git-user/cmd/root.go:132.14,133.23 1 0
github.com/divyo-argha/git-user/cmd/root.go:134.16,135.25 1 0
github.com/divyo-argha/git-user/cmd/root.go:136.14,137.23 1 0
github.com/divyo-argha/git-user/cmd/root.go:138.20,139.29 1 0
github.com/divyo-argha/git-user/cmd/root.go:140.15,141.24 1 0
github.com/divyo-argha/git-user/cmd/root.go:142.14,143.23 1 0
github.com/divyo-argha/git-user/cmd/root.go:144.20,145.28 1 0
github.com/divyo-argha/git-user/cmd/root.go:146.16,147.25 1 0
github.com/divyo-argha/git-user/cmd/root.go:148.25,149.33 1 0
github.com/divyo-argha/git-user/cmd/root.go:150.16,151.25 1 0
github.com/divyo-argha/git-user/cmd/root.go:152.16,153.25 1 0
github.com/divyo-argha/git-user/cmd/root.go:154.36,155.18 1 0
github.com/divyo-argha/git-user/cmd/root.go:156.20,157.29 1 0
github.com/divyo-argha/git-user/cmd/root.go:158.14,159.23 1 0
github.com/divyo-argha/git-user/cmd/root.go:160.18,161.32 1 0
github.com/divyo-argha/git-user/cmd/root.go:162.33,163.25 1 0
github.com/divyo-argha/git-user/cmd/root.go:164.10,166.28 1 0
github.com/divyo-argha/git-user/cmd/root.go:166.28,168.4 1 0
github.com/divyo-argha/git-user/cmd/root.go:169.3,170.39 2 0
github.com/divyo-argha/git-user/cmd/root.go:175.30,177.40 2 0
github.com/divyo-argha/git-user/cmd/root.go:177.40,179.3 1 0
github.com/divyo-argha/git-user/cmd/root.go:181.2,185.31 4 0
github.com/divyo-argha/git-user/cmd/root.go:185.31,187.3 1 0
github.com/divyo-argha/git-user/cmd/root.go:189.2,190.22 2 0
github.com/divyo-argha/git-user/cmd/root.go:190.22,192.3 1 0
github.com/divyo-argha/git-user/cmd/root.go:194.2,203.24 3 0
github.com/divyo-argha/git-user/cmd/root.go:206.27,208.16 2 0
github.com/divyo-argha/git-user/cmd/root.go:208.16,211.3 2 0
github.com/divyo-argha/git-user/cmd/root.go:213.2,217.25 3 0
github.com/divyo-argha/git-user/cmd/root.go:217.25,218.41 1 0
github.com/divyo-argha/git-user/cmd/root.go:218.41,220.4 1 0
github.com/divyo-argha/git-user/cmd/root.go:220.9,222.4 1 0
github.com/divyo-argha/git-user/cmd/root.go:223.8,225.3 1 0
github.com/divyo-argha/git-user/cmd/root.go:228.2,229.16 2 0
github.com/divyo-argha/git-user/cmd/root.go:229.16,233.74 4 0
github.com/divyo-argha/git-user/cmd/root.go:233.74,235.4 1 0
github.com/divyo-argha/git-user/cmd/root.go:236.3,236.49 1 0
github.com/divyo-argha/git-user/cmd/root.go:237.8,239.3 1 0
github.com/divyo-argha/git-user/cmd/root.go:241.2,242.70 2 0
github.com/divyo-argha/git-user/cmd/security.go:15.44,23.45 6 0
github.com/divyo-argha/git-user/cmd/security.go:23.45,25.19 2 0
github.com/divyo-argha/git-user/cmd/security.go:25.19,29.4 3 0
github.com/divyo-argha/git-user/cmd/security.go:29.9,31.4 1 0
github.com/divyo-argha/git-user/cmd/security.go:34.2,35.16 2 0
github.com/divyo-argha/git-user/cmd/security.go:35.16,36.27 1 0
github.com/divyo-argha/git-user/cmd/security.go:36.27,40.4 3 0
github.com/divyo-argha/git-user/cmd/security.go:42.3,42.36 1 0
github.com/divyo-argha/git-user/cmd/security.go:42.36,45.25 2 0
github.com/divyo-argha/git-user/cmd/security.go:45.25,49.13 4 0
github.com/divyo-argha/git-user/cmd/security.go:52.4,53.18 2 0
github.com/divyo-argha/git-user/cmd/security.go:53.18,56.13 3 0
github.com/divyo-argha/git-user/cmd/security.go:59.4,60.20 2 0
github.com/divyo-argha/git-user/cmd/security.go:60.20,64.5 3 0
github.com/divyo-argha/git-user/cmd/security.go:64.10,66.5 1 0
github.com/divyo-argha/git-user/cmd/security.go:68.4,69.18 2 0
github.com/divyo-argha/git-user/cmd/security.go:69.18,73.5 3 0
github.com/divyo-argha/git-user/cmd/security.go:73.10,73.24 1 0
github.com/divyo-argha/git-user/cmd/security.go:73.24,75.5 1 0
github.com/divyo-argha/git-user/cmd/security.go:75.10,79.5 3 0
github.com/divyo-argha/git-user/cmd/security.go:81.4,81.17 1 0
github.com/divyo-argha/git-user/cmd/security.go:85.2,88.17 3 0
github.com/divyo-argha/git-user/cmd/security.go:88.17,90.3 1 0
github.com/divyo-argha/git-user/cmd/security.go:90.8,92.3 1 0
github.com/divyo-argha/git-user/cmd/security.go:94.2,113.12 19 0
github.com/divyo-argha/git-user/cmd/security.go:116.64,118.16 2 1
github.com/divyo-argha/git-user/cmd/security.go:118.16,120.3 1 0
github.com/divyo-argha/git-user/cmd/security.go:122.2,123.16 2 1
github.com/divyo-argha/git-user/cmd/security.go:123.16,125.3 1 1
github.com/divyo-argha/git-user/cmd/security.go:127.2,128.36 2 1
github.com/divyo-argha/git-user/cmd/security.go:128.36,130.3 1 1
github.com/divyo-argha/git-user/cmd/security.go:132.2,132.19 1 1
github.com/divyo-argha/git-user/cmd/sign.go:12.35,16.33 3 1
github.com/divyo-argha/git-user/cmd/sign.go:16.33,17.18 1 1
github.com/divyo-argha/git-user/cmd/sign.go:18.16,19.23 1 1
github.com/divyo-argha/git-user/cmd/sign.go:19.23,22.5 2 1
github.com/divyo-argha/git-user/cmd/sign.go:23.19,24.23 1 1
github.com/divyo-argha/git-user/cmd/sign.go:24.23,27.5 2 1
github.com/divyo-argha/git-user/cmd/sign.go:28.15,29.13 1 1
github.com/divyo-argha/git-user/cmd/sign.go:30.16,31.14 1 1
github.com/divyo-argha/git-user/cmd/sign.go:32.11,33.40 1 1
github.com/divyo-argha/git-user/cmd/sign.go:33.40,35.5 1 1
github.com/divyo-argha/git-user/cmd/sign.go:39.2,39.16 1 1
github.com/divyo-argha/git-user/cmd/sign.go:39.16,42.3 2 0
github.com/divyo-argha/git-user/cmd/sign.go:44.2,45.16 2 1
github.com/divyo-argha/git-user/cmd/sign.go:45.16,48.3 2 0
github.com/divyo-argha/git-user/cmd/sign.go:50.2,51.17 2 1
github.com/divyo-argha/git-user/cmd/sign.go:51.17,54.3 2 0
github.com/divyo-argha/git-user/cmd/sign.go:56.2,56.9 1 1
github.com/divyo-argha/git-user/cmd/sign.go:56.9,58.44 2 1
github.com/divyo-argha/git-user/cmd/sign.go:58.44,61.4 2 0
github.com/divyo-argha/git-user/cmd/sign.go:62.3,63.28 2 1
github.com/divyo-argha/git-user/cmd/sign.go:63.28,66.4 2 0
github.com/divyo-argha/git-user/cmd/sign.go:67.3,67.13 1 1
github.com/divyo-argha/git-user/cmd/sign.go:70.2,70.21 1 1
github.com/divyo-argha/git-user/cmd/sign.go:70.21,71.16 1 1
github.com/divyo-argha/git-user/cmd/sign.go:71.16,73.25 1 1
github.com/divyo-argha/git-user/cmd/sign.go:73.25,75.21 2 1
github.com/divyo-argha/git-user/cmd/sign.go:75.21,77.6 1 1
github.com/divyo-argha/git-user/cmd/sign.go:78.5,78.69 1 1
github.com/divyo-argha/git-user/cmd/sign.go:79.10,82.5 2 0
github.com/divyo-argha/git-user/cmd/sign.go:85.3,85.19 1 1
github.com/divyo-argha/git-user/cmd/sign.go:85.19,86.104 1 0
github.com/divyo-argha/git-user/cmd/sign.go:86.104,88.5 1 0
github.com/divyo-argha/git-user/cmd/sign.go:88.10,90.5 1 0
github.com/divyo-argha/git-user/cmd/sign.go:93.3,93.22 1 1
github.com/divyo-argha/git-user/cmd/sign.go:93.22,95.4 1 1
github.com/divyo-argha/git-user/cmd/sign.go:97.3,98.44 2 1
github.com/divyo-argha/git-user/cmd/sign.go:98.44,101.4 2 0
github.com/divyo-argha/git-user/cmd/sign.go:103.3,106.28 3 1
github.com/divyo-argha/git-user/cmd/sign.go:106.28,107.60 1 0
github.com/divyo-argha/git-user/cmd/sign.go:107.60,109.5 1 0
github.com/divyo-argha/git-user/cmd/sign.go:109.10,111.5 1 0
github.com/divyo-argha/git-user/cmd/sign.go:113.3,113.13 1 1
github.com/divyo-argha/git-user/cmd/sign.go:117.2,117.45 1 0
github.com/divyo-argha/git-user/cmd/sign.go:117.45,119.3 1 0
github.com/divyo-argha/git-user/cmd/sign.go:119.8,123.3 3 0
github.com/divyo-argha/git-user/cmd/sign.go:125.2,125.12 1 0
github.com/divyo-argha/git-user/cmd/ssh_agent.go:16.29,17.38 1 0
github.com/divyo-argha/git-user/cmd/ssh_agent.go:17.38,19.3 1 0
github.com/divyo-argha/git-user/cmd/ssh_agent.go:22.2,22.31 1 0
github.com/divyo-argha/git-user/cmd/ssh_agent.go:22.31,24.3 1 0
github.com/divyo-argha/git-user/cmd/ssh_agent.go:25.2,29.44 5 0
github.com/divyo-argha/git-user/cmd/ssh_agent.go:32.54,34.18 2 1
github.com/divyo-argha/git-user/cmd/ssh_agent.go:34.18,36.3 1 0
github.com/divyo-argha/git-user/cmd/ssh_agent.go:37.2,38.16 2 1
github.com/divyo-argha/git-user/cmd/ssh_agent.go:38.16,40.3 1 0
github.com/divyo-argha/git-user/cmd/ssh_agent.go:41.2,41.41 1 1
github.com/divyo-argha/git-user/cmd/ssh_agent.go:44.42,46.16 2 1
github.com/divyo-argha/git-user/cmd/ssh_agent.go:46.16,48.3 1 1
github.com/divyo-argha/git-user/cmd/ssh_agent.go:50.2,51.16 2 1
github.com/divyo-argha/git-user/cmd/ssh_agent.go:51.16,53.3 1 0
github.com/divyo-argha/git-user/cmd/ssh_agent.go:55.2,55.37 1 1
github.com/divyo-argha/git-user/cmd/ssh_agent.go:55.37,56.28 1 1
github.com/divyo-argha/git-user/cmd/ssh_agent.go:56.28,58.4 1 0
github.com/divyo-argha/git-user/cmd/ssh_agent.go:60.2,60.14 1 1
github.com/divyo-argha/git-user/cmd/ssh_agent.go:63.56,66.16 3 1
github.com/divyo-argha/git-user/cmd/ssh_agent.go:66.16,67.56 1 1
github.com/divyo-argha/git-user/cmd/ssh_agent.go:67.56,69.4 1 1
github.com/divyo-argha/git-user/cmd/ssh_agent.go:70.3,71.20 2 0
github.com/divyo-argha/git-user/cmd/ssh_agent.go:71.20,73.4 1 0
github.com/divyo-argha/git-user/cmd/ssh_agent.go:74.3,74.48 1 0
github.com/divyo-argha/git-user/cmd/ssh_agent.go:77.2,78.16 2 1
github.com/divyo-argha/git-user/cmd/ssh_agent.go:78.16,80.20 2 0
github.com/divyo-argha/git-user/cmd/ssh_agent.go:80.20,82.4 1 0
github.com/divyo-argha/git-user/cmd/ssh_agent.go:83.3,83.48 1 0
github.com/divyo-argha/git-user/cmd/ssh_agent.go:86.2,86.43 1 1
github.com/divyo-argha/git-user/cmd/ssh_agent.go:89.51,91.16 2 1
github.com/divyo-argha/git-user/cmd/ssh_agent.go:91.16,94.21 3 1
github.com/divyo-argha/git-user/cmd/ssh_agent.go:94.21,96.29 2 1
github.com/divyo-argha/git-user/cmd/ssh_agent.go:96.29,98.5 1 1
github.com/divyo-argha/git-user/cmd/ssh_agent.go:99.4,99.28 1 1
github.com/divyo-argha/git-user/cmd/ssh_agent.go:103.2,104.19 2 0
github.com/divyo-argha/git-user/cmd/ssh_agent.go:104.19,106.85 2 0
github.com/divyo-argha/git-user/cmd/ssh_agent.go:106.85,108.4 1 0
github.com/divyo-argha/git-user/cmd/ssh_agent.go:109.3,109.21 1 0
github.com/divyo-argha/git-user/cmd/ssh_agent.go:112.2,114.29 3 0
github.com/divyo-argha/git-user/cmd/ssh_agent.go:114.29,116.22 2 0
github.com/divyo-argha/git-user/cmd/ssh_agent.go:116.22,118.4 1 0
github.com/divyo-argha/git-user/cmd/ssh_agent.go:120.2,120.26 1 0
github.com/divyo-argha/git-user/cmd/ssh_agent.go:123.58,125.21 2 0
github.com/divyo-argha/git-user/cmd/ssh_agent.go:125.21,127.3 1 0
github.com/divyo-argha/git-user/cmd/ssh_agent.go:128.2,128.23 1 0
github.com/divyo-argha/git-user/cmd/ssh_agent.go:133.64,135.16 2 0
github.com/divyo-argha/git-user/cmd/ssh_agent.go:135.16,138.23 3 0
github.com/divyo-argha/git-user/cmd/ssh_agent.go:138.23,140.4 1 0
github.com/divyo-argha/git-user/cmd/ssh_agent.go:140.9,142.4 1 0
github.com/divyo-argha/git-user/cmd/ssh_agent.go:144.3,144.22 1 0
github.com/divyo-argha/git-user/cmd/ssh_agent.go:144.22,146.22 2 0
github.com/divyo-argha/git-user/cmd/ssh_agent.go:146.22,152.22 3 0
github.com/divyo-argha/git-user/cmd/ssh_agent.go:152.22,154.6 1 0
github.com/divyo-argha/git-user/cmd/ssh_agent.go:159.2,160.16 2 0
github.com/divyo-argha/git-user/cmd/ssh_agent.go:160.16,162.3 1 0
github.com/divyo-argha/git-user/cmd/ssh_agent.go:164.2,173.24 8 0
github.com/divyo-argha/git-user/cmd/ssh_agent.go:173.24,174.39 1 0
github.com/divyo-argha/git-user/cmd/ssh_agent.go:174.39,176.9 2 0
github.com/divyo-argha/git-user/cmd/ssh_agent.go:179.2,179.17 1 0
github.com/divyo-argha/git-user/cmd/ssh_agent.go:179.17,181.3 1 0
github.com/divyo-argha/git-user/cmd/ssh_agent.go:183.2,185.16 3 0
github.com/divyo-argha/git-user/cmd/ssh_agent.go:185.16,187.3 1 0
github.com/divyo-argha/git-user/cmd/ssh_agent.go:188.2,188.12 1 0
github.com/divyo-argha/git-user/cmd/ssh_agent.go:191.41,194.16 3 0
github.com/divyo-argha/git-user/cmd/ssh_agent.go:194.16,196.22 2 0
github.com/divyo-argha/git-user/cmd/ssh_agent.go:196.22,198.22 2 0
github.com/divyo-argha/git-user/cmd/ssh_agent.go:198.22,201.25 3 0
github.com/divyo-argha/git-user/cmd/ssh_agent.go:201.25,203.6 1 0
github.com/divyo-argha/git-user/cmd/ssh_agent.go:208.2,208.47 1 0
github.com/divyo-argha/git-user/cmd/ssh_agent.go:208.47,210.3 1 0
github.com/divyo-argha/git-user/cmd/ssh_agent.go:211.2,212.18 2 0
github.com/divyo-argha/git-user/cmd/ssh_agent.go:215.56,217.16 2 0
github.com/divyo-argha/git-user/cmd/ssh_agent.go:217.16,219.3 1 0
github.com/divyo-argha/git-user/cmd/ssh_agent.go:220.2,221.22 2 0
github.com/divyo-argha/git-user/cmd/ssh_agent.go:221.22,223.3 1 0
github.com/divyo-argha/git-user/cmd/ssh_agent.go:223.8,225.3 1 0
github.com/divyo-argha/git-user/cmd/ssh_agent.go:226.2,226.24 1 0
github.com/divyo-argha/git-user/cmd/switch.go:13.37,14.19 1 1
github.com/divyo-argha/git-user/cmd/switch.go:14.19,17.3 2 1
github.com/divyo-argha/git-user/cmd/switch.go:20.2,20.29 1 1
github.com/divyo-argha/git-user/cmd/switch.go:20.29,22.3 1 1
github.com/divyo-argha/git-user/cmd/switch.go:24.2,30.21 6 1
github.com/divyo-argha/git-user/cmd/switch.go:30.21,33.34 3 1
github.com/divyo-argha/git-user/cmd/switch.go:33.34,34.19 1 1
github.com/divyo-argha/git-user/cmd/switch.go:35.30,36.24 1 0
github.com/divyo-argha/git-user/cmd/switch.go:36.24,39.6 2 0
github.com/divyo-argha/git-user/cmd/switch.go:40.24,41.18 1 1
github.com/divyo-argha/git-user/cmd/switch.go:42.12,43.43 1 1
github.com/divyo-argha/git-user/cmd/switch.go:46.3,46.25 1 1
github.com/divyo-argha/git-user/cmd/switch.go:46.25,49.4 2 0
github.com/divyo-argha/git-user/cmd/switch.go:50.3,51.25 2 1
github.com/divyo-argha/git-user/cmd/switch.go:51.25,53.4 1 1
github.com/divyo-argha/git-user/cmd/switch.go:54.8,56.3 1 1
github.com/divyo-argha/git-user/cmd/switch.go:58.2,58.24 1 1
github.com/divyo-argha/git-user/cmd/switch.go:58.24,61.3 2 0
github.com/divyo-argha/git-user/cmd/switch.go:63.2,64.16 2 1
github.com/divyo-argha/git-user/cmd/switch.go:64.16,67.3 2 0
github.com/divyo-argha/git-user/cmd/switch.go:70.2,76.16 4 1
github.com/divyo-argha/git-user/cmd/switch.go:76.16,77.34 1 1
github.com/divyo-argha/git-user/cmd/switch.go:77.34,80.4 2 0
github.com/divyo-argha/git-user/cmd/switch.go:82.3,82.79 1 1
github.com/divyo-argha/git-user/cmd/switch.go:82.79,84.4 1 0
github.com/divyo-argha/git-user/cmd/switch.go:86.3,86.27 1 1
github.com/divyo-argha/git-user/cmd/switch.go:89.2,90.17 2 1
github.com/divyo-argha/git-user/cmd/switch.go:90.17,95.3 4 1
github.com/divyo-argha/git-user/cmd/switch.go:98.2,98.50 1 1
github.com/divyo-argha/git-user/cmd/switch.go:98.50,99.47 1 1
github.com/divyo-argha/git-user/cmd/switch.go:99.47,100.56 1 1
github.com/divyo-argha/git-user/cmd/switch.go:100.56,103.5 2 0
github.com/divyo-argha/git-user/cmd/switch.go:104.4,104.24 1 1
github.com/divyo-argha/git-user/cmd/switch.go:104.24,107.5 2 1
github.com/divyo-argha/git-user/cmd/switch.go:112.2,112.23 1 1
github.com/divyo-argha/git-user/cmd/switch.go:112.23,114.62 2 1
github.com/divyo-argha/git-user/cmd/switch.go:114.62,117.18 3 0
github.com/divyo-argha/git-user/cmd/switch.go:117.18,119.5 1 0
github.com/divyo-argha/git-user/cmd/switch.go:120.4,120.50 1 0
github.com/divyo-argha/git-user/cmd/switch.go:120.50,123.5 2 0
github.com/divyo-argha/git-user/cmd/switch.go:126.4,126.31 1 0
github.com/divyo-argha/git-user/cmd/switch.go:126.31,127.76 1 0
github.com/divyo-argha/git-user/cmd/switch.go:127.76,129.6 1 0
github.com/divyo-argha/git-user/cmd/switch.go:129.11,131.6 1 0
github.com/divyo-argha/git-user/cmd/switch.go:136.2,136.57 1 1
github.com/divyo-argha/git-user/cmd/switch.go:136.57,139.3 2 0
github.com/divyo-argha/git-user/cmd/switch.go:141.2,141.23 1 1
github.com/divyo-argha/git-user/cmd/switch.go:141.23,142.55 1 1
github.com/divyo-argha/git-user/cmd/switch.go:142.55,144.4 1 0
github.com/divyo-argha/git-user/cmd/switch.go:145.8,146.47 1 1
github.com/divyo-argha/git-user/cmd/switch.go:146.47,148.4 1 0
github.com/divyo-argha/git-user/cmd/switch.go:151.2,151.46 1 1
github.com/divyo-argha/git-user/cmd/switch.go:151.46,152.77 1 0
github.com/divyo-argha/git-user/cmd/switch.go:152.77,154.4 1 0
github.com/divyo-argha/git-user/cmd/switch.go:155.8,157.3 1 1
github.com/divyo-argha/git-user/cmd/switch.go:159.2,159.47 1 1
github.com/divyo-argha/git-user/cmd/switch.go:159.47,162.3 2 0
github.com/divyo-argha/git-user/cmd/switch.go:164.2,164.43 1 1
github.com/divyo-argha/git-user/cmd/switch.go:164.43,167.3 2 0
github.com/divyo-argha/git-user/cmd/switch.go:169.2,170.46 2 1
github.com/divyo-argha/git-user/cmd/switch.go:170.46,172.3 1 0
github.com/divyo-argha/git-user/cmd/switch.go:174.2,174.54 1 1
github.com/divyo-argha/git-user/cmd/switch.go:174.54,175.65 1 0
github.com/divyo-argha/git-user/cmd/switch.go:175.65,178.4 2 0
github.com/divyo-argha/git-user/cmd/switch.go:178.9,180.4 1 0
github.com/divyo-argha/git-user/cmd/switch.go:181.8,181.30 1 1
github.com/divyo-argha/git-user/cmd/switch.go:181.30,183.3 1 1
github.com/divyo-argha/git-user/cmd/switch.go:185.2,185.20 1 1
github.com/divyo-argha/git-user/cmd/switch.go:185.20,188.34 3 1
github.com/divyo-argha/git-user/cmd/switch.go:188.34,190.56 2 1
github.com/divyo-argha/git-user/cmd/switch.go:190.56,192.10 2 0
github.com/divyo-argha/git-user/cmd/switch.go:196.3,196.15 1 1
github.com/divyo-argha/git-user/cmd/switch.go:196.15,200.65 3 0
github.com/divyo-argha/git-user/cmd/switch.go:200.65,202.5 1 0
github.com/divyo-argha/git-user/cmd/switch.go:206.2,206.12 1 1
github.com/divyo-argha/git-user/cmd/switch.go:209.92,215.17 4 1
github.com/divyo-argha/git-user/cmd/switch.go:215.17,217.17 2 0
github.com/divyo-argha/git-user/cmd/switch.go:217.17,219.4 1 0
github.com/divyo-argha/git-user/cmd/switch.go:220.3,220.18 1 0
github.com/divyo-argha/git-user/cmd/switch.go:220.18,223.4 2 0
github.com/divyo-argha/git-user/cmd/switch.go:226.2,226.51 1 1
github.com/divyo-argha/git-user/cmd/switch.go:226.51,229.3 2 0
github.com/divyo-argha/git-user/cmd/switch.go:231.2,231.12 1 1
github.com/divyo-argha/git-user/cmd/switch.go:231.12,233.15 2 1
github.com/divyo-argha/git-user/cmd/switch.go:233.15,235.4 1 1
github.com/divyo-argha/git-user/cmd/switch.go:238.2,246.16 4 1
github.com/divyo-argha/git-user/cmd/switch.go:246.16,248.3 1 0
github.com/divyo-argha/git-user/cmd/switch.go:250.2,252.13 2 1
github.com/divyo-argha/git-user/cmd/switch.go:253.9,255.17 2 1
github.com/divyo-argha/git-user/cmd/switch.go:255.17,257.9 2 0
github.com/divyo-argha/git-user/cmd/switch.go:259.3,259.20 1 1
github.com/divyo-argha/git-user/cmd/switch.go:261.9,263.34 2 1
github.com/divyo-argha/git-user/cmd/switch.go:263.34,265.47 2 1
github.com/divyo-argha/git-user/cmd/switch.go:265.47,268.5 2 1
github.com/divyo-argha/git-user/cmd/switch.go:268.10,270.5 1 0
github.com/divyo-argha/git-user/cmd/switch.go:273.9,274.32 1 1
github.com/divyo-argha/git-user/cmd/switch.go:277.2,277.22 1 1
github.com/divyo-argha/git-user/cmd/switch.go:277.22,278.60 1 1
github.com/divyo-argha/git-user/cmd/switch.go:278.60,280.4 1 0
github.com/divyo-argha/git-user/cmd/switch.go:283.2,283.43 1 1
github.com/divyo-argha/git-user/cmd/switch.go:283.43,285.3 1 0
github.com/divyo-argha/git-user/cmd/switch.go:287.2,289.22 3 1
github.com/divyo-argha/git-user/cmd/switch.go:289.22,291.3 1 1
github.com/divyo-argha/git-user/cmd/switch.go:292.2,294.12 2 1
github.com/divyo-argha/git-user/cmd/switch.go:297.32,299.16 2 1
github.com/divyo-argha/git-user/cmd/switch.go:299.16,302.3 2 0
github.com/divyo-argha/git-user/cmd/switch.go:304.2,304.27 1 1
github.com/divyo-argha/git-user/cmd/switch.go:304.27,308.3 3 0
github.com/divyo-argha/git-user/cmd/switch.go:310.2,311.35 2 1
github.com/divyo-argha/git-user/cmd/switch.go:311.35,313.3 1 1
github.com/divyo-argha/git-user/cmd/switch.go:315.2,315.51 1 1
github.com/divyo-argha/git-user/cmd/switch.go:315.51,318.3 2 0
github.com/divyo-argha/git-user/cmd/switch.go:320.2,320.24 1 1
github.com/divyo-argha/git-user/cmd/switch.go:320.24,321.57 1 0
github.com/divyo-argha/git-user/cmd/switch.go:321.57,323.4 1 0
github.com/divyo-argha/git-user/cmd/switch.go:324.8,326.3 1 1
github.com/divyo-argha/git-user/cmd/switch.go:328.2,328.46 1 1
github.com/divyo-argha/git-user/cmd/switch.go:328.46,329.28 1 0
[...]
github.com/divyo-argha/git-user/cmd/tui.go:156.36,168.2 1 0
github.com/divyo-argha/git-user/cmd/tui.go:170.76,174.15 3 0
github.com/divyo-argha/git-user/cmd/tui.go:174.15,177.3 2 0
github.com/divyo-argha/git-user/cmd/tui.go:179.2,183.14 4 0
github.com/divyo-argha/git-user/cmd/tui.go:183.14,185.3 1 0
github.com/divyo-argha/git-user/cmd/tui.go:185.8,187.3 1 0
github.com/divyo-argha/git-user/cmd/tui.go:188.2,190.23 3 0
github.com/divyo-argha/git-user/cmd/tui.go:190.23,192.3 1 0
github.com/divyo-argha/git-user/cmd/tui.go:193.2,195.23 2 0
github.com/divyo-argha/git-user/cmd/tui.go:195.23,197.30 2 0
github.com/divyo-argha/git-user/cmd/tui.go:197.30,200.4 2 0
github.com/divyo-argha/git-user/cmd/tui.go:200.9,202.4 1 0
github.com/divyo-argha/git-user/cmd/tui.go:203.8,205.3 1 0
github.com/divyo-argha/git-user/cmd/tui.go:206.2,213.14 6 0
github.com/divyo-argha/git-user/cmd/tui.go:216.52,217.27 1 0
github.com/divyo-argha/git-user/cmd/tui.go:217.27,218.16 1 0
github.com/divyo-argha/git-user/cmd/tui.go:218.16,220.4 1 0
github.com/divyo-argha/git-user/cmd/tui.go:222.2,222.10 1 0
github.com/divyo-argha/git-user/cmd/tui.go:225.69,237.23 4 0
github.com/divyo-argha/git-user/cmd/tui.go:237.23,241.18 4 0
github.com/divyo-argha/git-user/cmd/tui.go:241.18,244.4 2 0
github.com/divyo-argha/git-user/cmd/tui.go:246.2,246.10 1 0
github.com/divyo-argha/git-user/cmd/tui.go:251.34,251.48 1 0
github.com/divyo-argha/git-user/cmd/tui.go:253.60,254.27 1 0
github.com/divyo-argha/git-user/cmd/tui.go:255.25,258.16 3 0
github.com/divyo-argha/git-user/cmd/tui.go:259.18,260.23 1 0
github.com/divyo-argha/git-user/cmd/tui.go:261.22,263.22 2 0
github.com/divyo-argha/git-user/cmd/tui.go:265.14,266.32 1 0
github.com/divyo-argha/git-user/cmd/tui.go:266.32,270.5 3 0
github.com/divyo-argha/git-user/cmd/tui.go:271.4,272.22 2 0
github.com/divyo-argha/git-user/cmd/tui.go:274.14,275.30 1 0
github.com/divyo-argha/git-user/cmd/tui.go:275.30,276.39 1 0
github.com/divyo-argha/git-user/cmd/tui.go:276.39,278.6 1 0
github.com/divyo-argha/git-user/cmd/tui.go:278.11,280.6 1 0
github.com/divyo-argha/git-user/cmd/tui.go:283.20,284.30 1 0
github.com/divyo-argha/git-user/cmd/tui.go:284.30,286.5 1 0
github.com/divyo-argha/git-user/cmd/tui.go:288.21,289.30 1 0
github.com/divyo-argha/git-user/cmd/tui.go:289.30,291.5 1 0
github.com/divyo-argha/git-user/cmd/tui.go:293.18,294.30 1 0
github.com/divyo-argha/git-user/cmd/tui.go:294.30,295.39 1 0
github.com/divyo-argha/git-user/cmd/tui.go:295.39,296.32 1 0
github.com/divyo-argha/git-user/cmd/tui.go:296.32,298.7 1 0
github.com/divyo-argha/git-user/cmd/tui.go:299.11,300.29 1 0
github.com/divyo-argha/git-user/cmd/tui.go:300.29,302.7 1 0
github.com/divyo-argha/git-user/cmd/tui.go:304.10,306.5 1 0
github.com/divyo-argha/git-user/cmd/tui.go:308.20,309.30 1 0
github.com/divyo-argha/git-user/cmd/tui.go:309.30,310.39 1 0
github.com/divyo-argha/git-user/cmd/tui.go:310.39,311.54 1 0
github.com/divyo-argha/git-user/cmd/tui.go:311.54,313.7 1 0
github.com/divyo-argha/git-user/cmd/tui.go:314.11,315.48 1 0
github.com/divyo-argha/git-user/cmd/tui.go:315.48,317.7 1 0
github.com/divyo-argha/git-user/cmd/tui.go:319.10,321.5 1 0
github.com/divyo-argha/git-user/cmd/tui.go:323.16,324.30 1 0
github.com/divyo-argha/git-user/cmd/tui.go:324.30,326.5 1 0
github.com/divyo-argha/git-user/cmd/tui.go:327.4,327.32 1 0
github.com/divyo-argha/git-user/cmd/tui.go:330.2,330.15 1 0
github.com/divyo-argha/git-user/cmd/tui.go:333.58,334.36 1 0
github.com/divyo-argha/git-user/cmd/tui.go:334.36,336.18 2 0
github.com/divyo-argha/git-user/cmd/tui.go:336.18,338.19 2 0
github.com/divyo-argha/git-user/cmd/tui.go:338.19,340.5 1 0
github.com/divyo-argha/git-user/cmd/tui.go:341.4,345.17 5 0
github.com/divyo-argha/git-user/cmd/tui.go:347.3,347.20 1 0
github.com/divyo-argha/git-user/cmd/tui.go:347.20,350.4 2 0
github.com/divyo-argha/git-user/cmd/tui.go:351.8,353.20 2 0
github.com/divyo-argha/git-user/cmd/tui.go:353.20,354.32 1 0
github.com/divyo-argha/git-user/cmd/tui.go:354.32,357.5 2 0
github.com/divyo-argha/git-user/cmd/tui.go:358.4,359.22 2 0
github.com/divyo-argha/git-user/cmd/tui.go:362.2,362.15 1 0
github.com/divyo-argha/git-user/cmd/tui.go:365.60,366.42 1 0
github.com/divyo-argha/git-user/cmd/tui.go:366.42,368.3 1 0
github.com/divyo-argha/git-user/cmd/tui.go:369.2,370.16 2 0
github.com/divyo-argha/git-user/cmd/tui.go:370.16,372.3 1 0
github.com/divyo-argha/git-user/cmd/tui.go:374.2,374.18 1 0
github.com/divyo-argha/git-user/cmd/tui.go:375.14,378.16 3 0
github.com/divyo-argha/git-user/cmd/tui.go:379.58,380.16 1 0
github.com/divyo-argha/git-user/cmd/tui.go:381.10,383.21 2 0
github.com/divyo-argha/git-user/cmd/tui.go:389.60,390.40 1 0
github.com/divyo-argha/git-user/cmd/tui.go:390.40,391.22 1 0
github.com/divyo-argha/git-user/cmd/tui.go:391.22,393.4 1 0
github.com/divyo-argha/git-user/cmd/tui.go:395.2,395.12 1 0
github.com/divyo-argha/git-user/cmd/tui.go:398.60,399.32 1 0
github.com/divyo-argha/git-user/cmd/tui.go:399.32,400.22 1 0
github.com/divyo-argha/git-user/cmd/tui.go:400.22,402.4 1 0
github.com/divyo-argha/git-user/cmd/tui.go:404.2,404.12 1 0
github.com/divyo-argha/git-user/cmd/tui.go:409.33,410.28 1 0
github.com/divyo-argha/git-user/cmd/tui.go:410.28,412.3 1 0
github.com/divyo-argha/git-user/cmd/tui.go:413.2,413.23 1 0
github.com/divyo-argha/git-user/cmd/tui.go:416.37,423.40 5 0
github.com/divyo-argha/git-user/cmd/tui.go:423.40,425.64 2 0
github.com/divyo-argha/git-user/cmd/tui.go:425.64,429.4 3 0
github.com/divyo-argha/git-user/cmd/tui.go:429.9,429.71 1 0
github.com/divyo-argha/git-user/cmd/tui.go:429.71,433.4 3 0
github.com/divyo-argha/git-user/cmd/tui.go:433.9,435.4 1 0
github.com/divyo-argha/git-user/cmd/tui.go:440.2,443.37 4 0
github.com/divyo-argha/git-user/cmd/tui.go:443.37,445.58 2 0
github.com/divyo-argha/git-user/cmd/tui.go:445.58,449.4 3 0
github.com/divyo-argha/git-user/cmd/tui.go:449.9,449.65 1 0
github.com/divyo-argha/git-user/cmd/tui.go:449.65,453.4 3 0
github.com/divyo-argha/git-user/cmd/tui.go:453.9,455.4 1 0
github.com/divyo-argha/git-user/cmd/tui.go:459.2,463.36 4 0
github.com/divyo-argha/git-user/cmd/tui.go:463.36,466.3 2 0
github.com/divyo-argha/git-user/cmd/tui.go:466.8,469.3 2 0
github.com/divyo-argha/git-user/cmd/tui.go:471.2,472.38 2 0
github.com/divyo-argha/git-user/cmd/tui.go:472.38,474.3 1 0
github.com/divyo-argha/git-user/cmd/tui.go:475.2,476.18 2 0
github.com/divyo-argha/git-user/cmd/tui.go:476.18,478.3 1 0
github.com/divyo-argha/git-user/cmd/tui.go:480.2,481.36 2 0
github.com/divyo-argha/git-user/cmd/tui.go:481.36,484.3 2 0
github.com/divyo-argha/git-user/cmd/tui.go:484.8,487.3 2 0
github.com/divyo-argha/git-user/cmd/tui.go:489.2,494.20 5 0
github.com/divyo-argha/git-user/cmd/tui.go:497.39,499.17 2 0
github.com/divyo-argha/git-user/cmd/tui.go:499.17,501.3 1 0
github.com/divyo-argha/git-user/cmd/tui.go:503.2,515.14 8 0
github.com/divyo-argha/git-user/cmd/tui.go:515.14,517.3 1 0
github.com/divyo-argha/git-user/cmd/tui.go:517.8,519.3 1 0
github.com/divyo-argha/git-user/cmd/tui.go:520.2,520.31 1 0
github.com/divyo-argha/git-user/cmd/tui.go:520.31,522.3 1 0
github.com/divyo-argha/git-user/cmd/tui.go:523.2,532.23 6 0
github.com/divyo-argha/git-user/cmd/tui.go:532.23,534.3 1 0
github.com/divyo-argha/git-user/cmd/tui.go:535.2,540.23 4 0
github.com/divyo-argha/git-user/cmd/tui.go:540.23,541.77 1 0
github.com/divyo-argha/git-user/cmd/tui.go:541.77,542.17 1 0
github.com/divyo-argha/git-user/cmd/tui.go:542.17,544.5 1 0
github.com/divyo-argha/git-user/cmd/tui.go:544.10,546.5 1 0
github.com/divyo-argha/git-user/cmd/tui.go:549.2,554.54 4 0
github.com/divyo-argha/git-user/cmd/tui.go:554.54,556.3 1 0
github.com/divyo-argha/git-user/cmd/tui.go:557.2,567.37 5 0
github.com/divyo-argha/git-user/cmd/tui.go:567.37,568.17 1 0
github.com/divyo-argha/git-user/cmd/tui.go:568.17,570.12 2 0
github.com/divyo-argha/git-user/cmd/tui.go:572.3,573.26 2 0
github.com/divyo-argha/git-user/cmd/tui.go:573.26,576.21 3 0
github.com/divyo-argha/git-user/cmd/tui.go:576.21,578.5 1 0
github.com/divyo-argha/git-user/cmd/tui.go:578.10,580.5 1 0
github.com/divyo-argha/git-user/cmd/tui.go:581.9,583.4 1 0
github.com/divyo-argha/git-user/cmd/tui.go:587.2,591.14 4 0
github.com/divyo-argha/git-user/cmd/tui.go:591.14,593.3 1 0
github.com/divyo-argha/git-user/cmd/tui.go:593.8,595.3 1 0
github.com/divyo-argha/git-user/cmd/tui.go:596.2,599.38 3 0
github.com/divyo-argha/git-user/cmd/tui.go:599.38,601.3 1 0
github.com/divyo-argha/git-user/cmd/tui.go:602.2,603.18 2 0
github.com/divyo-argha/git-user/cmd/tui.go:603.18,605.3 1 0
github.com/divyo-argha/git-user/cmd/tui.go:607.2,608.14 2 0
github.com/divyo-argha/git-user/cmd/tui.go:608.14,610.3 1 0
github.com/divyo-argha/git-user/cmd/tui.go:610.8,612.3 1 0
github.com/divyo-argha/git-user/cmd/tui.go:614.2,621.20 6 0
github.com/divyo-argha/git-user/cmd/tui.go:625.33,628.22 3 0
github.com/divyo-argha/git-user/cmd/tui.go:628.22,629.18 1 0
github.com/divyo-argha/git-user/cmd/tui.go:629.18,631.12 2 0
github.com/divyo-argha/git-user/cmd/tui.go:633.3,633.12 1 0
github.com/divyo-argha/git-user/cmd/tui.go:633.12,634.16 1 0
github.com/divyo-argha/git-user/cmd/tui.go:634.16,636.5 1 0
github.com/divyo-argha/git-user/cmd/tui.go:637.4,637.12 1 0
github.com/divyo-argha/git-user/cmd/tui.go:639.3,639.22 1 0
github.com/divyo-argha/git-user/cmd/tui.go:641.2,641.24 1 0
github.com/divyo-argha/git-user/cmd/tui.go:646.21,648.2 1 0
github.com/divyo-argha/git-user/cmd/tui.go:650.43,652.2 1 0
github.com/divyo-argha/git-user/cmd/tui.go:654.42,655.6 1 0
github.com/divyo-argha/git-user/cmd/tui.go:655.6,657.17 2 0
github.com/divyo-argha/git-user/cmd/tui.go:657.17,659.4 1 0
github.com/divyo-argha/git-user/cmd/tui.go:661.3,664.17 4 0
github.com/divyo-argha/git-user/cmd/tui.go:664.17,666.4 1 0
github.com/divyo-argha/git-user/cmd/tui.go:668.3,670.40 2 0
github.com/divyo-argha/git-user/cmd/tui.go:670.40,672.4 1 0
github.com/divyo-argha/git-user/cmd/tui.go:674.3,681.25 5 0
github.com/divyo-argha/git-user/cmd/tui.go:681.25,683.4 1 0
github.com/divyo-argha/git-user/cmd/tui.go:686.3,686.27 1 0
github.com/divyo-argha/git-user/cmd/tui.go:686.27,688.4 1 0
github.com/divyo-argha/git-user/cmd/tui.go:688.9,688.28 1 0
github.com/divyo-argha/git-user/cmd/tui.go:688.28,690.4 1 0
github.com/divyo-argha/git-user/cmd/tui.go:690.9,692.4 1 0
github.com/divyo-argha/git-user/cmd/tui.go:695.3,696.15 2 0
github.com/divyo-argha/git-user/cmd/tui.go:700.61,701.18 1 0
github.com/divyo-argha/git-user/cmd/tui.go:702.18,703.19 1 0
github.com/divyo-argha/git-user/cmd/tui.go:705.16,706.32 1 0
github.com/divyo-argha/git-user/cmd/tui.go:708.16,710.34 2 0
github.com/divyo-argha/git-user/cmd/tui.go:710.34,713.4 2 0
github.com/divyo-argha/git-user/cmd/tui.go:714.3,714.37 1 0
github.com/divyo-argha/git-user/cmd/tui.go:714.37,717.4 2 0
github.com/divyo-argha/git-user/cmd/tui.go:718.3,719.15 2 0
github.com/divyo-argha/git-user/cmd/tui.go:719.15,721.4 1 0
github.com/divyo-argha/git-user/cmd/tui.go:722.3,723.32 2 0
github.com/divyo-argha/git-user/cmd/tui.go:723.32,725.4 1 0
github.com/divyo-argha/git-user/cmd/tui.go:726.3,727.66 2 0
github.com/divyo-argha/git-user/cmd/tui.go:729.15,731.35 2 0
github.com/divyo-argha/git-user/cmd/tui.go:731.35,734.4 2 0
github.com/divyo-argha/git-user/cmd/tui.go:735.3,735.40 1 0
github.com/divyo-argha/git-user/cmd/tui.go:737.16,738.17 1 0
github.com/divyo-argha/git-user/cmd/tui.go:740.14,741.30 1 0
github.com/divyo-argha/git-user/cmd/tui.go:743.16,745.15 2 0
github.com/divyo-argha/git-user/cmd/tui.go:745.15,747.4 1 0
github.com/divyo-argha/git-user/cmd/tui.go:748.3,748.102 1 0
github.com/divyo-argha/git-user/cmd/tui.go:748.102,751.4 2 0
github.com/divyo-argha/git-user/cmd/tui.go:752.3,754.32 3 0
github.com/divyo-argha/git-user/cmd/tui.go:754.32,756.4 1 0
github.com/divyo-argha/git-user/cmd/tui.go:757.3,757.46 1 0
github.com/divyo-argha/git-user/cmd/tui.go:759.15,760.31 1 0
github.com/divyo-argha/git-user/cmd/tui.go:762.20,763.36 1 0
github.com/divyo-argha/git-user/cmd/tui.go:765.27,766.48 1 0
github.com/divyo-argha/git-user/cmd/tui.go:768.16,769.17 1 0
github.com/divyo-argha/git-user/cmd/tui.go:771.16,772.32 1 0
github.com/divyo-argha/git-user/cmd/tui.go:774.20,775.31 1 0
github.com/divyo-argha/git-user/cmd/tui.go:777.16,779.31 2 0
github.com/divyo-argha/git-user/cmd/tui.go:779.31,782.4 2 0
github.com/divyo-argha/git-user/cmd/tui.go:783.3,783.28 1 0
github.com/divyo-argha/git-user/cmd/tui.go:785.25,786.25 1 0
github.com/divyo-argha/git-user/cmd/tui.go:788.16,789.94 1 0
github.com/divyo-argha/git-user/cmd/tui.go:789.94,792.4 2 0
github.com/divyo-argha/git-user/cmd/tui.go:793.3,793.32 1 0
github.com/divyo-argha/git-user/cmd/tui.go:795.20,796.20 1 0
github.com/divyo-argha/git-user/cmd/tui.go:798.18,799.24 1 0
github.com/divyo-argha/git-user/cmd/tui.go:801.16,802.17 1 0
github.com/divyo-argha/git-user/cmd/tui.go:804.16,805.37 1 0
github.com/divyo-argha/git-user/cmd/tui.go:805.37,807.4 1 0
github.com/divyo-argha/git-user/cmd/tui.go:813.41,815.16 2 0
github.com/divyo-argha/git-user/cmd/tui.go:815.16,817.3 1 0
github.com/divyo-argha/git-user/cmd/tui.go:819.2,819.33 1 0
github.com/divyo-argha/git-user/cmd/tui.go:819.33,822.3 2 0
github.com/divyo-argha/git-user/cmd/tui.go:824.2,826.32 3 0
github.com/divyo-argha/git-user/cmd/tui.go:826.32,827.55 1 0
github.com/divyo-argha/git-user/cmd/tui.go:827.55,829.4 1 0
github.com/divyo-argha/git-user/cmd/tui.go:831.2,831.22 1 0
github.com/divyo-argha/git-user/cmd/tui.go:831.22,834.3 2 0
github.com/divyo-argha/git-user/cmd/tui.go:835.2,835.14 1 0
github.com/divyo-argha/git-user/cmd/update.go:18.24,20.16 2 0
github.com/divyo-argha/git-user/cmd/update.go:20.16,22.3 1 0
github.com/divyo-argha/git-user/cmd/update.go:24.2,24.66 1 0
github.com/divyo-argha/git-user/cmd/update.go:24.66,26.3 1 0
github.com/divyo-argha/git-user/cmd/update.go:28.2,35.16 6 0
github.com/divyo-argha/git-user/cmd/update.go:35.16,37.3 1 0
github.com/divyo-argha/git-user/cmd/update.go:38.2,47.68 3 0
github.com/divyo-argha/git-user/cmd/update.go:47.68,49.3 1 0
github.com/divyo-argha/git-user/cmd/update.go:52.2,57.25 5 0
github.com/divyo-argha/git-user/cmd/update.go:57.25,59.3 1 0
github.com/divyo-argha/git-user/cmd/update.go:61.2,62.23 2 0
github.com/divyo-argha/git-user/cmd/update.go:62.23,64.3 1 0
github.com/divyo-argha/git-user/cmd/update.go:67.2,68.39 2 0
github.com/divyo-argha/git-user/cmd/update.go:68.39,70.90 2 0
github.com/divyo-argha/git-user/cmd/update.go:70.90,72.9 2 0
github.com/divyo-argha/git-user/cmd/update.go:75.2,75.23 1 0
github.com/divyo-argha/git-user/cmd/update.go:75.23,77.3 1 0
github.com/divyo-argha/git-user/cmd/update.go:80.2,81.16 2 0
github.com/divyo-argha/git-user/cmd/update.go:81.16,83.3 1 0
github.com/divyo-argha/git-user/cmd/update.go:84.2,89.59 5 0
github.com/divyo-argha/git-user/cmd/update.go:89.59,91.3 1 0
github.com/divyo-argha/git-user/cmd/update.go:94.2,95.16 2 0
github.com/divyo-argha/git-user/cmd/update.go:95.16,97.3 1 0
github.com/divyo-argha/git-user/cmd/update.go:98.2,101.50 2 0
github.com/divyo-argha/git-user/cmd/update.go:101.50,103.3 1 0
github.com/divyo-argha/git-user/cmd/update.go:106.2,107.56 2 0
github.com/divyo-argha/git-user/cmd/update.go:107.56,109.3 1 0
github.com/divyo-argha/git-user/cmd/update.go:111.2,111.55 1 0
github.com/divyo-argha/git-user/cmd/update.go:111.55,115.3 2 0
github.com/divyo-argha/git-user/cmd/update.go:118.2,121.12 3 0
github.com/divyo-argha/git-user/cmd/update.go:124.43,129.16 4 0
github.com/divyo-argha/git-user/cmd/update.go:129.16,131.3 1 0
github.com/divyo-argha/git-user/cmd/update.go:132.2,135.28 2 0
github.com/divyo-argha/git-user/cmd/update.go:135.28,137.3 1 0
github.com/divyo-argha/git-user/cmd/update.go:139.2,140.16 2 0
github.com/divyo-argha/git-user/cmd/update.go:140.16,142.3 1 0
github.com/divyo-argha/git-user/cmd/update.go:143.2,146.12 3 0
github.com/divyo-argha/git-user/cmd/update.go:151.68,153.16 2 0
github.com/divyo-argha/git-user/cmd/update.go:153.16,155.3 1 0
github.com/divyo-argha/git-user/cmd/update.go:156.2,159.16 3 0
github.com/divyo-argha/git-user/cmd/update.go:159.16,161.3 1 0
github.com/divyo-argha/git-user/cmd/update.go:162.2,165.6 3 0
github.com/divyo-argha/git-user/cmd/update.go:165.6,167.20 2 0
github.com/divyo-argha/git-user/cmd/update.go:167.20,168.9 1 0
github.com/divyo-argha/git-user/cmd/update.go:170.3,170.17 1 0
github.com/divyo-argha/git-user/cmd/update.go:170.17,172.4 1 0
github.com/divyo-argha/git-user/cmd/update.go:175.3,175.44 1 0
github.com/divyo-argha/git-user/cmd/update.go:175.44,177.18 2 0
github.com/divyo-argha/git-user/cmd/update.go:177.18,179.5 1 0
github.com/divyo-argha/git-user/cmd/update.go:180.4,180.46 1 0
github.com/divyo-argha/git-user/cmd/update.go:180.46,184.5 3 0
github.com/divyo-argha/git-user/cmd/update.go:185.4,186.26 2 0
github.com/divyo-argha/git-user/cmd/update.go:190.2,190.69 1 0
github.com/divyo-argha/git-user/cmd/utils.go:15.34,17.2 1 1
github.com/divyo-argha/git-user/cmd/utils.go:19.55,29.30 2 1
github.com/divyo-argha/git-user/cmd/utils.go:29.30,31.20 2 1
github.com/divyo-argha/git-user/cmd/utils.go:31.20,33.4 1 1
github.com/divyo-argha/git-user/cmd/utils.go:34.3,37.20 3 1
github.com/divyo-argha/git-user/cmd/utils.go:37.20,39.4 1 1
github.com/divyo-argha/git-user/cmd/utils.go:40.3,42.36 3 1
github.com/divyo-argha/git-user/cmd/utils.go:42.36,43.37 1 1
github.com/divyo-argha/git-user/cmd/utils.go:43.37,45.5 1 1
github.com/divyo-argha/git-user/cmd/utils.go:49.2,49.57 1 0
github.com/divyo-argha/git-user/cmd/utils.go:52.37,53.35 1 1
github.com/divyo-argha/git-user/cmd/utils.go:53.35,56.3 2 1
github.com/divyo-argha/git-user/cmd/utils.go:57.2,57.13 1 1
github.com/divyo-argha/git-user/cmd/utils.go:63.76,67.65 3 1
github.com/divyo-argha/git-user/cmd/utils.go:67.65,69.3 1 0
github.com/divyo-argha/git-user/cmd/utils.go:71.2,71.44 1 1
github.com/divyo-argha/git-user/cmd/utils.go:71.44,73.45 2 0
github.com/divyo-argha/git-user/cmd/utils.go:73.45,75.4 1 0
github.com/divyo-argha/git-user/cmd/utils.go:76.3,76.22 1 0
github.com/divyo-argha/git-user/cmd/utils.go:79.2,81.22 3 1
github.com/divyo-argha/git-user/cmd/utils.go:81.22,83.3 1 0
github.com/divyo-argha/git-user/cmd/utils.go:83.8,89.3 5 1
github.com/divyo-argha/git-user/cmd/utils.go:91.2,91.34 1 1
github.com/divyo-argha/git-user/cmd/utils.go:91.34,93.3 1 0
github.com/divyo-argha/git-user/cmd/utils.go:94.2,96.22 2 1
github.com/divyo-argha/git-user/cmd/utils.go:96.22,97.73 1 0
github.com/divyo-argha/git-user/cmd/utils.go:97.73,99.4 1 0
github.com/divyo-argha/git-user/cmd/utils.go:99.9,101.4 1 0
github.com/divyo-argha/git-user/cmd/utils.go:102.8,104.3 1 1
github.com/divyo-argha/git-user/cmd/utils.go:106.2,107.16 2 1
github.com/divyo-argha/git-user/cmd/utils.go:107.16,109.3 1 0
github.com/divyo-argha/git-user/cmd/utils.go:111.2,118.29 7 1
github.com/divyo-argha/git-user/cmd/utils.go:118.29,120.3 1 1
github.com/divyo-argha/git-user/cmd/utils.go:121.2,135.60 13 1
github.com/divyo-argha/git-user/cmd/utils.go:135.60,139.3 3 0
github.com/divyo-argha/git-user/cmd/utils.go:139.8,141.3 1 1
github.com/divyo-argha/git-user/cmd/utils.go:143.2,143.21 1 1
github.com/divyo-argha/git-user/cmd/utils.go:148.52,149.29 1 1
github.com/divyo-argha/git-user/cmd/utils.go:149.29,151.3 1 1
github.com/divyo-argha/git-user/cmd/utils.go:152.2,155.16 4 1
github.com/divyo-argha/git-user/cmd/utils.go:155.16,158.18 3 1
github.com/divyo-argha/git-user/cmd/utils.go:158.18,160.4 1 1
github.com/divyo-argha/git-user/cmd/utils.go:161.3,161.16 1 0
github.com/divyo-argha/git-user/cmd/utils.go:163.2,163.23 1 0
github.com/divyo-argha/git-user/cmd/utils.go:166.27,167.12 1 1
github.com/divyo-argha/git-user/cmd/utils.go:167.12,169.3 1 1
github.com/divyo-argha/git-user/cmd/utils.go:170.2,170.14 1 0
github.com/divyo-argha/git-user/cmd/utils.go:173.47,175.30 2 1
github.com/divyo-argha/git-user/cmd/utils.go:175.30,178.91 3 1
github.com/divyo-argha/git-user/cmd/utils.go:178.91,180.41 2 1
github.com/divyo-argha/git-user/cmd/utils.go:180.41,181.78 1 0
github.com/divyo-argha/git-user/cmd/utils.go:181.78,183.6 1 0
github.com/divyo-argha/git-user/cmd/utils.go:183.11,185.6 1 0
